

================================================================
== Vivado HLS Report for 'dut_svd_alt'
================================================================
* Date:           Tue Nov 29 10:24:26 2022

* Version:        2016.2 (Build 1577090 on Thu Jun 02 16:59:10 MDT 2016)
* Project:        pca.prj
* Solution:       solution1
* Product family: zynq
* Target device:  xc7z020clg484-1


================================================================
== Performance Estimates
================================================================
+ Timing (ns): 
    * Summary: 
    +--------+-------+----------+------------+
    |  Clock | Target| Estimated| Uncertainty|
    +--------+-------+----------+------------+
    |ap_clk  |  10.00|      8.44|        1.25|
    +--------+-------+----------+------------+

+ Latency (clock cycles): 
    * Summary: 
    +-------+-------+-------+-------+---------+
    |    Latency    |    Interval   | Pipeline|
    |  min  |  max  |  min  |  max  |   Type  |
    +-------+-------+-------+-------+---------+
    |  93031|  93031|  93031|  93031|   none  |
    +-------+-------+-------+-------+---------+

    + Detail: 
        * Instance: 
        +------------------------------------------+------------------------------+-----+-----+-----+-----+----------+
        |                                          |                              |  Latency  |  Interval | Pipeline |
        |                 Instance                 |            Module            | min | max | min | max |   Type   |
        +------------------------------------------+------------------------------+-----+-----+-----+-----+----------+
        |grp_dut_calc_angle_float_float_s_fu_2223  |dut_calc_angle_float_float_s  |   84|   84|    1|    1| function |
        |grp_dut_calc_angle_float_float_s_fu_2229  |dut_calc_angle_float_float_s  |   84|   84|    1|    1| function |
        +------------------------------------------+------------------------------+-----+-----+-----+-----+----------+

        * Loop: 
        +-----------------------+-------+-------+----------+-----------+-----------+------+----------+
        |                       |    Latency    | Iteration|  Initiation Interval  | Trip |          |
        |       Loop Name       |  min  |  max  |  Latency |  achieved |   target  | Count| Pipelined|
        +-----------------------+-------+-------+----------+-----------+-----------+------+----------+
        |- L_rd_buffer          |    262|    262|         8|          1|          1|   256|    yes   |
        |- sweep_loop           |  92766|  92766|     15461|          -|          -|     6|    no    |
        | + sweep_loop.1        |      8|      8|         1|          -|          -|     8|    no    |
        | + sweep_loop.2        |  15450|  15450|      1030|          -|          -|    15|    no    |
        |  ++ sweep_loop.2.1    |     12|     12|         2|          -|          -|     6|    no    |
        |  ++ sweep_loop.2.2    |     14|     14|         2|          -|          -|     7|    no    |
        |  ++ svd_rd_diag       |     18|     18|         5|          2|          1|     8|    yes   |
        |  ++ svd_calc_diag     |    137|    137|       131|          1|          1|     8|    yes   |
        |  ++ svd_wb_diag       |     34|     34|         7|          4|          1|     8|    yes   |
        |  ++ L_svd_rd_off_r    |    130|    130|         4|          1|          1|   128|    yes   |
        |  ++ L_svd_calc_off_r  |    139|    139|        13|          1|          1|   128|    yes   |
        |  ++ L_svd_wb_off_r    |    131|    131|         5|          1|          1|   128|    yes   |
        |  ++ L_svd_rd_off_c    |    130|    130|         4|          1|          1|   128|    yes   |
        |  ++ L_svd_calc_off_c  |    139|    139|        13|          1|          1|   128|    yes   |
        |  ++ L_svd_wb_off_c    |    131|    131|         5|          1|          1|   128|    yes   |
        +-----------------------+-------+-------+----------+-----------+-----------+------+----------+



================================================================
== Utilization Estimates
================================================================
* Summary: 
+-----------------+---------+-------+--------+-------+
|       Name      | BRAM_18K| DSP48E|   FF   |  LUT  |
+-----------------+---------+-------+--------+-------+
|DSP              |        -|      -|       -|      -|
|Expression       |        -|      -|       0|   2363|
|FIFO             |        -|      -|       -|      -|
|Instance         |        -|    224|   17304|  32356|
|Memory           |       40|      -|     640|     40|
|Multiplexer      |        -|      -|       -|   3139|
|Register         |        -|      -|    4688|    827|
+-----------------+---------+-------+--------+-------+
|Total            |       40|    224|   22632|  38725|
+-----------------+---------+-------+--------+-------+
|Available        |      280|    220|  106400|  53200|
+-----------------+---------+-------+--------+-------+
|Utilization (%)  |       14|    101|      21|     72|
+-----------------+---------+-------+--------+-------+

+ Detail: 
    * Instance: 
    +------------------------------------------+--------------------------------------+---------+-------+------+------+
    |                 Instance                 |                Module                | BRAM_18K| DSP48E|  FF  |  LUT |
    +------------------------------------------+--------------------------------------+---------+-------+------+------+
    |grp_dut_calc_angle_float_float_s_fu_2223  |dut_calc_angle_float_float_s          |        0|     39|  3796|  6154|
    |grp_dut_calc_angle_float_float_s_fu_2229  |dut_calc_angle_float_float_s          |        0|     39|  3796|  6154|
    |dut_fadd_32ns_32ns_32_5_full_dsp_U16      |dut_fadd_32ns_32ns_32_5_full_dsp      |        0|      2|   205|   390|
    |dut_fadd_32ns_32ns_32_5_full_dsp_U17      |dut_fadd_32ns_32ns_32_5_full_dsp      |        0|      2|   205|   390|
    |dut_fadd_32ns_32ns_32_5_full_dsp_U19      |dut_fadd_32ns_32ns_32_5_full_dsp      |        0|      2|   205|   390|
    |dut_fadd_32ns_32ns_32_5_full_dsp_U20      |dut_fadd_32ns_32ns_32_5_full_dsp      |        0|      2|   205|   390|
    |dut_fadd_32ns_32ns_32_5_full_dsp_U21      |dut_fadd_32ns_32ns_32_5_full_dsp      |        0|      2|   205|   390|
    |dut_fadd_32ns_32ns_32_5_full_dsp_U22      |dut_fadd_32ns_32ns_32_5_full_dsp      |        0|      2|   205|   390|
    |dut_fadd_32ns_32ns_32_5_full_dsp_U23      |dut_fadd_32ns_32ns_32_5_full_dsp      |        0|      2|   205|   390|
    |dut_fadd_32ns_32ns_32_5_full_dsp_U24      |dut_fadd_32ns_32ns_32_5_full_dsp      |        0|      2|   205|   390|
    |dut_fadd_32ns_32ns_32_5_full_dsp_U25      |dut_fadd_32ns_32ns_32_5_full_dsp      |        0|      2|   205|   390|
    |dut_fadd_32ns_32ns_32_5_full_dsp_U26      |dut_fadd_32ns_32ns_32_5_full_dsp      |        0|      2|   205|   390|
    |dut_fadd_32ns_32ns_32_5_full_dsp_U27      |dut_fadd_32ns_32ns_32_5_full_dsp      |        0|      2|   205|   390|
    |dut_fadd_32ns_32ns_32_5_full_dsp_U28      |dut_fadd_32ns_32ns_32_5_full_dsp      |        0|      2|   205|   390|
    |dut_fadd_32ns_32ns_32_5_full_dsp_U29      |dut_fadd_32ns_32ns_32_5_full_dsp      |        0|      2|   205|   390|
    |dut_fadd_32ns_32ns_32_5_full_dsp_U30      |dut_fadd_32ns_32ns_32_5_full_dsp      |        0|      2|   205|   390|
    |dut_fadd_32ns_32ns_32_5_full_dsp_U31      |dut_fadd_32ns_32ns_32_5_full_dsp      |        0|      2|   205|   390|
    |dut_fadd_32ns_32ns_32_5_full_dsp_U32      |dut_fadd_32ns_32ns_32_5_full_dsp      |        0|      2|   205|   390|
    |dut_fadd_32ns_32ns_32_5_full_dsp_U33      |dut_fadd_32ns_32ns_32_5_full_dsp      |        0|      2|   205|   390|
    |dut_fadd_32ns_32ns_32_5_full_dsp_U34      |dut_fadd_32ns_32ns_32_5_full_dsp      |        0|      2|   205|   390|
    |dut_fadd_32ns_32ns_32_5_full_dsp_U35      |dut_fadd_32ns_32ns_32_5_full_dsp      |        0|      2|   205|   390|
    |dut_fadd_32ns_32ns_32_5_full_dsp_U36      |dut_fadd_32ns_32ns_32_5_full_dsp      |        0|      2|   205|   390|
    |dut_faddfsub_32ns_32ns_32_5_full_dsp_U15  |dut_faddfsub_32ns_32ns_32_5_full_dsp  |        0|      2|   205|   390|
    |dut_faddfsub_32ns_32ns_32_5_full_dsp_U18  |dut_faddfsub_32ns_32ns_32_5_full_dsp  |        0|      2|   205|   390|
    |dut_fmul_32ns_32ns_32_4_max_dsp_U37       |dut_fmul_32ns_32ns_32_4_max_dsp       |        0|      3|   143|   321|
    |dut_fmul_32ns_32ns_32_4_max_dsp_U38       |dut_fmul_32ns_32ns_32_4_max_dsp       |        0|      3|   143|   321|
    |dut_fmul_32ns_32ns_32_4_max_dsp_U39       |dut_fmul_32ns_32ns_32_4_max_dsp       |        0|      3|   143|   321|
    |dut_fmul_32ns_32ns_32_4_max_dsp_U40       |dut_fmul_32ns_32ns_32_4_max_dsp       |        0|      3|   143|   321|
    |dut_fmul_32ns_32ns_32_4_max_dsp_U41       |dut_fmul_32ns_32ns_32_4_max_dsp       |        0|      3|   143|   321|
    |dut_fmul_32ns_32ns_32_4_max_dsp_U42       |dut_fmul_32ns_32ns_32_4_max_dsp       |        0|      3|   143|   321|
    |dut_fmul_32ns_32ns_32_4_max_dsp_U43       |dut_fmul_32ns_32ns_32_4_max_dsp       |        0|      3|   143|   321|
    |dut_fmul_32ns_32ns_32_4_max_dsp_U44       |dut_fmul_32ns_32ns_32_4_max_dsp       |        0|      3|   143|   321|
    |dut_fmul_32ns_32ns_32_4_max_dsp_U45       |dut_fmul_32ns_32ns_32_4_max_dsp       |        0|      3|   143|   321|
    |dut_fmul_32ns_32ns_32_4_max_dsp_U46       |dut_fmul_32ns_32ns_32_4_max_dsp       |        0|      3|   143|   321|
    |dut_fmul_32ns_32ns_32_4_max_dsp_U47       |dut_fmul_32ns_32ns_32_4_max_dsp       |        0|      3|   143|   321|
    |dut_fmul_32ns_32ns_32_4_max_dsp_U48       |dut_fmul_32ns_32ns_32_4_max_dsp       |        0|      3|   143|   321|
    |dut_fmul_32ns_32ns_32_4_max_dsp_U49       |dut_fmul_32ns_32ns_32_4_max_dsp       |        0|      3|   143|   321|
    |dut_fmul_32ns_32ns_32_4_max_dsp_U50       |dut_fmul_32ns_32ns_32_4_max_dsp       |        0|      3|   143|   321|
    |dut_fmul_32ns_32ns_32_4_max_dsp_U51       |dut_fmul_32ns_32ns_32_4_max_dsp       |        0|      3|   143|   321|
    |dut_fmul_32ns_32ns_32_4_max_dsp_U52       |dut_fmul_32ns_32ns_32_4_max_dsp       |        0|      3|   143|   321|
    |dut_fmul_32ns_32ns_32_4_max_dsp_U53       |dut_fmul_32ns_32ns_32_4_max_dsp       |        0|      3|   143|   321|
    |dut_fmul_32ns_32ns_32_4_max_dsp_U54       |dut_fmul_32ns_32ns_32_4_max_dsp       |        0|      3|   143|   321|
    |dut_fmul_32ns_32ns_32_4_max_dsp_U55       |dut_fmul_32ns_32ns_32_4_max_dsp       |        0|      3|   143|   321|
    |dut_fmul_32ns_32ns_32_4_max_dsp_U56       |dut_fmul_32ns_32ns_32_4_max_dsp       |        0|      3|   143|   321|
    |dut_fmul_32ns_32ns_32_4_max_dsp_U57       |dut_fmul_32ns_32ns_32_4_max_dsp       |        0|      3|   143|   321|
    |dut_fmul_32ns_32ns_32_4_max_dsp_U58       |dut_fmul_32ns_32ns_32_4_max_dsp       |        0|      3|   143|   321|
    |dut_fmul_32ns_32ns_32_4_max_dsp_U59       |dut_fmul_32ns_32ns_32_4_max_dsp       |        0|      3|   143|   321|
    |dut_fmul_32ns_32ns_32_4_max_dsp_U60       |dut_fmul_32ns_32ns_32_4_max_dsp       |        0|      3|   143|   321|
    |dut_fmul_32ns_32ns_32_4_max_dsp_U61       |dut_fmul_32ns_32ns_32_4_max_dsp       |        0|      3|   143|   321|
    |dut_fmul_32ns_32ns_32_4_max_dsp_U62       |dut_fmul_32ns_32ns_32_4_max_dsp       |        0|      3|   143|   321|
    |dut_fmul_32ns_32ns_32_4_max_dsp_U63       |dut_fmul_32ns_32ns_32_4_max_dsp       |        0|      3|   143|   321|
    |dut_fmul_32ns_32ns_32_4_max_dsp_U64       |dut_fmul_32ns_32ns_32_4_max_dsp       |        0|      3|   143|   321|
    |dut_fmul_32ns_32ns_32_4_max_dsp_U65       |dut_fmul_32ns_32ns_32_4_max_dsp       |        0|      3|   143|   321|
    |dut_fmul_32ns_32ns_32_4_max_dsp_U66       |dut_fmul_32ns_32ns_32_4_max_dsp       |        0|      3|   143|   321|
    |dut_fmul_32ns_32ns_32_4_max_dsp_U67       |dut_fmul_32ns_32ns_32_4_max_dsp       |        0|      3|   143|   321|
    |dut_fmul_32ns_32ns_32_4_max_dsp_U68       |dut_fmul_32ns_32ns_32_4_max_dsp       |        0|      3|   143|   321|
    |dut_fmul_32ns_32ns_32_4_max_dsp_U69       |dut_fmul_32ns_32ns_32_4_max_dsp       |        0|      3|   143|   321|
    |dut_fmul_32ns_32ns_32_4_max_dsp_U70       |dut_fmul_32ns_32ns_32_4_max_dsp       |        0|      3|   143|   321|
    |dut_sitofp_32ns_32_6_U71                  |dut_sitofp_32ns_32_6                  |        0|      0|   340|   554|
    +------------------------------------------+--------------------------------------+---------+-------+------+------+
    |Total                                     |                                      |        0|    224| 17304| 32356|
    +------------------------------------------+--------------------------------------+---------+-------+------+------+

    * DSP48: 
    N/A

    * Memory: 
    +----------------------+--------------------------------+---------+----+----+------+-----+------+-------------+
    |        Memory        |             Module             | BRAM_18K| FF | LUT| Words| Bits| Banks| W*Bits*Banks|
    +----------------------+--------------------------------+---------+----+----+------+-----+------+-------------+
    |J2x2_0_0_U            |dut_svd_alt_J2x2_0_0            |        0|  64|   4|     8|   32|     1|          256|
    |J2x2_0_1_U            |dut_svd_alt_J2x2_0_0            |        0|  64|   4|     8|   32|     1|          256|
    |J2x2_1_0_U            |dut_svd_alt_J2x2_0_0            |        0|  64|   4|     8|   32|     1|          256|
    |J2x2_1_1_U            |dut_svd_alt_J2x2_0_0            |        0|  64|   4|     8|   32|     1|          256|
    |K2x2_0_0_U            |dut_svd_alt_J2x2_0_0            |        0|  64|   4|     8|   32|     1|          256|
    |K2x2_0_1_U            |dut_svd_alt_J2x2_0_0            |        0|  64|   4|     8|   32|     1|          256|
    |K2x2_1_0_U            |dut_svd_alt_J2x2_0_0            |        0|  64|   4|     8|   32|     1|          256|
    |K2x2_1_1_U            |dut_svd_alt_J2x2_0_0            |        0|  64|   4|     8|   32|     1|          256|
    |S_block_buffer_0_0_U  |dut_svd_alt_S_block_buffer_0_0  |        2|   0|   0|     8|   32|     1|          256|
    |S_block_buffer_0_1_U  |dut_svd_alt_S_block_buffer_0_0  |        2|   0|   0|     8|   32|     1|          256|
    |S_block_buffer_1_0_U  |dut_svd_alt_S_block_buffer_0_0  |        2|   0|   0|     8|   32|     1|          256|
    |S_block_buffer_1_1_U  |dut_svd_alt_S_block_buffer_0_0  |        2|   0|   0|     8|   32|     1|          256|
    |U_block_buffer_0_0_U  |dut_svd_alt_S_block_buffer_0_0  |        2|   0|   0|     8|   32|     1|          256|
    |U_block_buffer_0_1_U  |dut_svd_alt_S_block_buffer_0_0  |        2|   0|   0|     8|   32|     1|          256|
    |U_block_buffer_1_0_U  |dut_svd_alt_S_block_buffer_0_0  |        2|   0|   0|     8|   32|     1|          256|
    |U_block_buffer_1_1_U  |dut_svd_alt_S_block_buffer_0_0  |        2|   0|   0|     8|   32|     1|          256|
    |V_block_buffer_0_0_U  |dut_svd_alt_S_block_buffer_0_0  |        2|   0|   0|     8|   32|     1|          256|
    |V_block_buffer_0_1_U  |dut_svd_alt_S_block_buffer_0_0  |        2|   0|   0|     8|   32|     1|          256|
    |V_block_buffer_1_0_U  |dut_svd_alt_S_block_buffer_0_0  |        2|   0|   0|     8|   32|     1|          256|
    |V_block_buffer_1_1_U  |dut_svd_alt_S_block_buffer_0_0  |        2|   0|   0|     8|   32|     1|          256|
    |S_r_buffer_0_U        |dut_svd_alt_S_r_buffer_0        |        2|   0|   0|   128|   32|     1|         4096|
    |S_r_buffer_1_U        |dut_svd_alt_S_r_buffer_0        |        2|   0|   0|   128|   32|     1|         4096|
    |S_c_buffer_0_U        |dut_svd_alt_S_r_buffer_0        |        2|   0|   0|   128|   32|     1|         4096|
    |S_c_buffer_1_U        |dut_svd_alt_S_r_buffer_0        |        2|   0|   0|   128|   32|     1|         4096|
    |U_c_buffer_0_U        |dut_svd_alt_S_r_buffer_0        |        2|   0|   0|   128|   32|     1|         4096|
    |U_c_buffer_1_U        |dut_svd_alt_S_r_buffer_0        |        2|   0|   0|   128|   32|     1|         4096|
    |V_c_buffer_0_U        |dut_svd_alt_S_r_buffer_0        |        2|   0|   0|   128|   32|     1|         4096|
    |V_c_buffer_1_U        |dut_svd_alt_S_r_buffer_0        |        2|   0|   0|   128|   32|     1|         4096|
    |diag_1_U              |dut_svd_alt_diag_1              |        0|  64|   4|     8|   32|     1|          256|
    |diag_2_U              |dut_svd_alt_diag_1              |        0|  64|   4|     8|   32|     1|          256|
    +----------------------+--------------------------------+---------+----+----+------+-----+------+-------------+
    |Total                 |                                |       40| 640|  40|  1200|  960|    30|        38400|
    +----------------------+--------------------------------+---------+----+----+------+-----+------+-------------+

    * FIFO: 
    N/A

    * Expression: 
    +-----------------------------------------+----------+-------+---+----+------------+------------+
    |              Variable Name              | Operation| DSP48E| FF| LUT| Bitwidth P0| Bitwidth P1|
    +-----------------------------------------+----------+-------+---+----+------------+------------+
    |i_1_fu_2725_p2                           |     +    |      0|  0|   5|           5|           1|
    |i_2_fu_3421_p2                           |     +    |      0|  0|   5|           5|           1|
    |i_3_fu_3796_p2                           |     +    |      0|  0|   5|           5|           1|
    |i_4_fu_3996_p2                           |     +    |      0|  0|   5|           5|           1|
    |i_5_fu_4363_p2                           |     +    |      0|  0|   5|           5|           1|
    |indvar_flatten_next1_fu_3585_p2          |     +    |      0|  0|   8|           8|           1|
    |indvar_flatten_next2_fu_3756_p2          |     +    |      0|  0|   8|           8|           1|
    |indvar_flatten_next3_fu_3956_p2          |     +    |      0|  0|   8|           8|           1|
    |indvar_flatten_next4_fu_4160_p2          |     +    |      0|  0|   8|           8|           1|
    |indvar_flatten_next5_fu_4323_p2          |     +    |      0|  0|   8|           8|           1|
    |indvar_flatten_next9_fu_3381_p2          |     +    |      0|  0|   8|           8|           1|
    |indvar_flatten_next_fu_2719_p2           |     +    |      0|  0|   9|           9|           1|
    |j_1_fu_2753_p2                           |     +    |      0|  0|   5|           5|           1|
    |off_col_1_fu_4200_p2                     |     +    |      0|  0|   5|           5|           1|
    |off_row_1_fu_3625_p2                     |     +    |      0|  0|   5|           5|           1|
    |proc_12_fu_3962_p2                       |     +    |      0|  0|   4|           4|           1|
    |proc_14_fu_4166_p2                       |     +    |      0|  0|   4|           4|           1|
    |proc_15_fu_4329_p2                       |     +    |      0|  0|   4|           4|           1|
    |proc_1_fu_2811_p2                        |     +    |      0|  0|   4|           4|           1|
    |proc_2_fu_2869_p2                        |     +    |      0|  0|   3|           3|           1|
    |proc_3_fu_2891_p2                        |     +    |      0|  0|   3|           3|           2|
    |proc_4_fu_2913_p2                        |     +    |      0|  0|   4|           4|           1|
    |proc_5_fu_3245_p2                        |     +    |      0|  0|   4|           4|           1|
    |proc_6_fu_3387_p2                        |     +    |      0|  0|   4|           4|           1|
    |proc_7_fu_3025_p2                        |     +    |      0|  0|   4|           4|           1|
    |proc_8_fu_3591_p2                        |     +    |      0|  0|   4|           4|           1|
    |proc_9_fu_3762_p2                        |     +    |      0|  0|   4|           4|           1|
    |step_1_fu_2857_p2                        |     +    |      0|  0|   4|           4|           1|
    |sweepnum_1_fu_2799_p2                    |     +    |      0|  0|   3|           3|           1|
    |tmp_101_fu_3926_p2                       |     +    |      0|  0|  10|          10|          10|
    |tmp_103_fu_4091_p2                       |     +    |      0|  0|   9|           9|           9|
    |tmp_105_fu_4109_p2                       |     +    |      0|  0|  10|          10|          10|
    |tmp_107_fu_4132_p2                       |     +    |      0|  0|  10|          10|          10|
    |tmp_108_fu_4299_p2                       |     +    |      0|  0|   9|           9|           9|
    |tmp_109_fu_4455_p2                       |     +    |      0|  0|   9|           9|           9|
    |tmp_111_fu_4485_p2                       |     +    |      0|  0|  10|          10|          10|
    |tmp_113_fu_4503_p2                       |     +    |      0|  0|  10|          10|          10|
    |tmp_28_fu_2955_p2                        |     +    |      0|  0|  10|          10|          10|
    |tmp_44_fu_2971_p2                        |     +    |      0|  0|  10|          10|          10|
    |tmp_46_fu_2995_p2                        |     +    |      0|  0|  10|          10|          10|
    |tmp_53_fu_3001_p2                        |     +    |      0|  0|  10|          10|          10|
    |tmp_60_fu_3317_p2                        |     +    |      0|  0|  10|          10|          10|
    |tmp_61_fu_3329_p2                        |     +    |      0|  0|  10|          10|          10|
    |tmp_6_fu_2782_p2                         |     +    |      0|  0|  10|          10|          10|
    |tmp_82_fu_3341_p2                        |     +    |      0|  0|  10|          10|          10|
    |tmp_83_fu_3346_p2                        |     +    |      0|  0|  10|          10|          10|
    |tmp_89_fu_3528_p2                        |     +    |      0|  0|  10|          10|          10|
    |tmp_90_fu_3541_p2                        |     +    |      0|  0|   9|           9|           9|
    |tmp_92_fu_3551_p2                        |     +    |      0|  0|  10|          10|          10|
    |tmp_94_fu_3728_p2                        |     +    |      0|  0|   9|           9|           9|
    |tmp_97_fu_3899_p2                        |     +    |      0|  0|   9|           9|           9|
    |tmp_99_fu_3916_p2                        |     +    |      0|  0|  10|          10|          10|
    |exitcond10_fu_3768_p2                    |   icmp   |      0|  0|   3|           5|           6|
    |exitcond11_fu_3968_p2                    |   icmp   |      0|  0|   3|           5|           6|
    |exitcond12_fu_4172_p2                    |   icmp   |      0|  0|   3|           5|           6|
    |exitcond13_fu_4335_p2                    |   icmp   |      0|  0|   3|           5|           6|
    |exitcond1_fu_2907_p2                     |   icmp   |      0|  0|   2|           4|           5|
    |exitcond2_fu_3019_p2                     |   icmp   |      0|  0|   2|           4|           5|
    |exitcond3_fu_2793_p2                     |   icmp   |      0|  0|   2|           3|           3|
    |exitcond4_fu_3239_p2                     |   icmp   |      0|  0|   2|           4|           5|
    |exitcond5_fu_2805_p2                     |   icmp   |      0|  0|   2|           4|           5|
    |exitcond6_fu_3393_p2                     |   icmp   |      0|  0|   3|           5|           6|
    |exitcond7_fu_2851_p2                     |   icmp   |      0|  0|   2|           4|           2|
    |exitcond8_fu_3597_p2                     |   icmp   |      0|  0|   3|           5|           6|
    |exitcond9_fu_2863_p2                     |   icmp   |      0|  0|   2|           3|           2|
    |exitcond_flatten1_fu_3375_p2             |   icmp   |      0|  0|   3|           8|           9|
    |exitcond_flatten2_fu_3579_p2             |   icmp   |      0|  0|   3|           8|           9|
    |exitcond_flatten3_fu_3750_p2             |   icmp   |      0|  0|   3|           8|           9|
    |exitcond_flatten4_fu_3950_p2             |   icmp   |      0|  0|   3|           8|           9|
    |exitcond_flatten5_fu_4154_p2             |   icmp   |      0|  0|   3|           8|           9|
    |exitcond_flatten6_fu_4317_p2             |   icmp   |      0|  0|   3|           8|           9|
    |exitcond_flatten_fu_2713_p2              |   icmp   |      0|  0|   4|           9|          10|
    |exitcond_fu_2731_p2                      |   icmp   |      0|  0|   3|           5|           6|
    |grp_fu_2510_p2                           |   icmp   |      0|  0|  11|          32|          32|
    |grp_fu_2532_p2                           |   icmp   |      0|  0|  11|          32|          32|
    |tmp_13_fu_2925_p2                        |   icmp   |      0|  0|  11|          32|           5|
    |tmp_14_fu_2930_p2                        |   icmp   |      0|  0|  11|          32|           5|
    |tmp_16_fu_3037_p2                        |   icmp   |      0|  0|  11|          32|           5|
    |tmp_19_fu_3042_p2                        |   icmp   |      0|  0|  11|          32|           5|
    |tmp_21_fu_3276_p2                        |   icmp   |      0|  0|  11|          32|           5|
    |tmp_26_fu_3282_p2                        |   icmp   |      0|  0|  11|          32|           5|
    |tmp_33_fu_3455_p2                        |   icmp   |      0|  0|   2|           5|           1|
    |tmp_34_fu_3474_p2                        |   icmp   |      0|  0|  11|          32|           5|
    |tmp_36_fu_3670_p2                        |   icmp   |      0|  0|   2|           5|           1|
    |tmp_37_fu_3480_p2                        |   icmp   |      0|  0|  11|          32|           5|
    |tmp_38_fu_3689_p2                        |   icmp   |      0|  0|  11|          32|           5|
    |tmp_39_fu_3492_p2                        |   icmp   |      0|  0|  11|          32|          32|
    |tmp_40_fu_3498_p2                        |   icmp   |      0|  0|  11|          32|          32|
    |tmp_42_fu_3830_p2                        |   icmp   |      0|  0|   2|           5|           1|
    |tmp_43_fu_3695_p2                        |   icmp   |      0|  0|  11|          32|           5|
    |tmp_47_fu_3849_p2                        |   icmp   |      0|  0|  11|          32|           5|
    |tmp_48_fu_3707_p2                        |   icmp   |      0|  0|  11|          32|          32|
    |tmp_49_fu_3713_p2                        |   icmp   |      0|  0|  11|          32|          32|
    |tmp_51_fu_4030_p2                        |   icmp   |      0|  0|   2|           5|           1|
    |tmp_52_fu_3855_p2                        |   icmp   |      0|  0|  11|          32|           5|
    |tmp_54_fu_4049_p2                        |   icmp   |      0|  0|  11|          32|           5|
    |tmp_55_fu_3867_p2                        |   icmp   |      0|  0|  11|          32|          32|
    |tmp_56_fu_3873_p2                        |   icmp   |      0|  0|  11|          32|          32|
    |tmp_58_fu_4241_p2                        |   icmp   |      0|  0|   2|           5|           1|
    |tmp_59_fu_4055_p2                        |   icmp   |      0|  0|  11|          32|           5|
    |tmp_5_fu_2885_p2                         |   icmp   |      0|  0|   2|           3|           1|
    |tmp_63_fu_4260_p2                        |   icmp   |      0|  0|  11|          32|           5|
    |tmp_64_fu_4067_p2                        |   icmp   |      0|  0|  11|          32|          32|
    |tmp_65_fu_4073_p2                        |   icmp   |      0|  0|  11|          32|          32|
    |tmp_66_fu_4397_p2                        |   icmp   |      0|  0|   2|           5|           1|
    |tmp_67_fu_4266_p2                        |   icmp   |      0|  0|  11|          32|           5|
    |tmp_71_fu_4416_p2                        |   icmp   |      0|  0|  11|          32|           5|
    |tmp_72_fu_4278_p2                        |   icmp   |      0|  0|  11|          32|          32|
    |tmp_73_fu_4284_p2                        |   icmp   |      0|  0|  11|          32|          32|
    |tmp_74_fu_4422_p2                        |   icmp   |      0|  0|  11|          32|           5|
    |tmp_7_fu_2759_p2                         |   icmp   |      0|  0|   2|           5|           5|
    |tmp_80_fu_4434_p2                        |   icmp   |      0|  0|  11|          32|          32|
    |tmp_81_fu_4440_p2                        |   icmp   |      0|  0|  11|          32|          32|
    |tmp_i10_fu_3257_p2                       |   icmp   |      0|  0|  11|          32|          32|
    |or_cond10_fu_3701_p2                     |    or    |      0|  0|   1|           1|           1|
    |or_cond11_fu_3861_p2                     |    or    |      0|  0|   1|           1|           1|
    |or_cond12_fu_4061_p2                     |    or    |      0|  0|   1|           1|           1|
    |or_cond13_fu_4272_p2                     |    or    |      0|  0|   1|           1|           1|
    |or_cond14_fu_4428_p2                     |    or    |      0|  0|   1|           1|           1|
    |or_cond1_fu_3719_p2                      |    or    |      0|  0|   1|           1|           1|
    |or_cond2_fu_3879_p2                      |    or    |      0|  0|   1|           1|           1|
    |or_cond3_fu_4079_p2                      |    or    |      0|  0|   1|           1|           1|
    |or_cond4_fu_4290_p2                      |    or    |      0|  0|   1|           1|           1|
    |or_cond5_fu_4446_p2                      |    or    |      0|  0|   1|           1|           1|
    |or_cond6_fu_2935_p2                      |    or    |      0|  0|   1|           1|           1|
    |or_cond7_fu_3047_p2                      |    or    |      0|  0|   1|           1|           1|
    |or_cond8_fu_3288_p2                      |    or    |      0|  0|   1|           1|           1|
    |or_cond9_fu_3486_p2                      |    or    |      0|  0|   1|           1|           1|
    |or_cond_fu_3504_p2                       |    or    |      0|  0|   1|           1|           1|
    |tmp_2_fu_2834_p2                         |    or    |      0|  0|   7|           4|           1|
    |S_block_buffer_0_0_d1                    |  select  |      0|  0|  32|           1|          32|
    |S_block_buffer_1_1_d1                    |  select  |      0|  0|  32|           1|          32|
    |bottom_right_25_mid2_fu_3434_p3          |  select  |      0|  0|  32|           1|          32|
    |bottom_right_26_mid2_fu_3638_p3          |  select  |      0|  0|  32|           1|          32|
    |bottom_right_27_mid2_fu_3809_p3          |  select  |      0|  0|  32|           1|          32|
    |bottom_right_28_mid2_fu_4009_p3          |  select  |      0|  0|  32|           1|          32|
    |bottom_right_29_mid2_fu_4213_p3          |  select  |      0|  0|  32|           1|          32|
    |bottom_right_30_mid2_fu_4376_p3          |  select  |      0|  0|  32|           1|          32|
    |bottom_right_8_fu_3269_p3                |  select  |      0|  0|  32|           1|          32|
    |bottom_right_write_assign_i1_fu_3682_p3  |  select  |      0|  0|  32|           1|          32|
    |bottom_right_write_assign_i2_fu_3842_p3  |  select  |      0|  0|  32|           1|          32|
    |bottom_right_write_assign_i3_fu_4042_p3  |  select  |      0|  0|  32|           1|          32|
    |bottom_right_write_assign_i4_fu_4253_p3  |  select  |      0|  0|  32|           1|          32|
    |bottom_right_write_assign_i5_fu_4409_p3  |  select  |      0|  0|  32|           1|          32|
    |bottom_right_write_assign_i_fu_3467_p3   |  select  |      0|  0|  32|           1|          32|
    |grp_fu_2516_p3                           |  select  |      0|  0|  32|           1|          32|
    |grp_fu_2524_p3                           |  select  |      0|  0|  32|           1|          32|
    |grp_fu_2538_p3                           |  select  |      0|  0|  32|           1|          32|
    |grp_fu_2546_p3                           |  select  |      0|  0|  32|           1|          32|
    |i2_mid2_fu_3774_p3                       |  select  |      0|  0|   5|           1|           1|
    |i3_mid2_fu_3974_p3                       |  select  |      0|  0|   5|           1|           1|
    |i4_mid2_fu_4341_p3                       |  select  |      0|  0|   5|           1|           1|
    |i7_mid2_fu_3399_p3                       |  select  |      0|  0|   5|           1|           1|
    |idx2_idx1_i461_top_left_6_fu_3460_p3     |  select  |      0|  0|  32|           1|          32|
    |idx2_idx1_i466_top_left_9_fu_3675_p3     |  select  |      0|  0|  32|           1|          32|
    |idx2_idx1_i489_top_left_s_fu_3835_p3     |  select  |      0|  0|  32|           1|          32|
    |idx2_idx1_i494_top_left_s_fu_4035_p3     |  select  |      0|  0|  32|           1|          32|
    |idx2_idx1_i499_top_left_s_fu_4246_p3     |  select  |      0|  0|  32|           1|          32|
    |idx2_idx1_i510_top_left_s_fu_4402_p3     |  select  |      0|  0|  32|           1|          32|
    |j_mid2_fu_2737_p3                        |  select  |      0|  0|   5|           1|           1|
    |off_col_mid2_fu_4178_p3                  |  select  |      0|  0|   5|           1|           1|
    |off_row_mid2_fu_3603_p3                  |  select  |      0|  0|   5|           1|           1|
    |p_v1_fu_3617_p3                          |  select  |      0|  0|   4|           1|           4|
    |p_v2_fu_3788_p3                          |  select  |      0|  0|   4|           1|           4|
    |p_v3_fu_3988_p3                          |  select  |      0|  0|   4|           1|           4|
    |p_v4_fu_4192_p3                          |  select  |      0|  0|   4|           1|           4|
    |p_v5_fu_4355_p3                          |  select  |      0|  0|   4|           1|           4|
    |p_v_fu_3413_p3                           |  select  |      0|  0|   4|           1|           4|
    |tmp_mid2_v_fu_2745_p3                    |  select  |      0|  0|   5|           1|           5|
    |top_left_16_mid2_fu_3427_p3              |  select  |      0|  0|  32|           1|          32|
    |top_left_19_mid2_fu_3631_p3              |  select  |      0|  0|  32|           1|          32|
    |top_left_21_mid2_fu_3802_p3              |  select  |      0|  0|  32|           1|          32|
    |top_left_22_mid2_fu_4002_p3              |  select  |      0|  0|  32|           1|          32|
    |top_left_23_mid2_fu_4206_p3              |  select  |      0|  0|  32|           1|          32|
    |top_left_24_mid2_fu_4369_p3              |  select  |      0|  0|  32|           1|          32|
    |top_left_8_fu_3262_p3                    |  select  |      0|  0|  32|           1|          32|
    |vw_int_3_fu_3172_p3                      |  select  |      0|  0|  32|           1|          32|
    |vx_int_fu_3182_p3                        |  select  |      0|  0|  32|           1|          32|
    |vy_int_2_fu_3220_p3                      |  select  |      0|  0|  32|           1|          32|
    |vz_int_fu_3229_p3                        |  select  |      0|  0|  32|           1|          32|
    |tmp_22_neg_fu_3072_p2                    |    xor   |      0|  0|  45|          32|          33|
    |tmp_23_neg_fu_3086_p2                    |    xor   |      0|  0|  45|          32|          33|
    |uy_int_neg_fu_3116_p2                    |    xor   |      0|  0|  45|          32|          33|
    |vw_int_neg_fu_3154_p2                    |    xor   |      0|  0|  45|          32|          33|
    |vy_int_neg_fu_3100_p2                    |    xor   |      0|  0|  45|          32|          33|
    |w_out_1_neg_fu_3141_p2                   |    xor   |      0|  0|  45|          32|          33|
    |z_out_1_neg_fu_3202_p2                   |    xor   |      0|  0|  45|          32|          33|
    +-----------------------------------------+----------+-------+---+----+------------+------------+
    |Total                                    |          |      0|  0|2363|        1879|        2404|
    +-----------------------------------------+----------+-------+---+----+------------+------------+

    * Multiplexer: 
    +--------------------------------+----+-----------+-----+-----------+
    |              Name              | LUT| Input Size| Bits| Total Bits|
    +--------------------------------+----+-----------+-----+-----------+
    |J2x2_0_0_address0               |   3|          4|    3|         12|
    |J2x2_0_1_address0               |   3|          4|    3|         12|
    |J2x2_1_0_address0               |   3|          4|    3|         12|
    |J2x2_1_1_address0               |   3|          4|    3|         12|
    |K2x2_0_0_address0               |   3|          3|    3|          9|
    |K2x2_0_1_address0               |   3|          3|    3|          9|
    |K2x2_1_0_address0               |   3|          3|    3|          9|
    |K2x2_1_1_address0               |   3|          3|    3|          9|
    |S_address0                      |  16|         10|    8|         80|
    |S_address1                      |  16|          9|    8|         72|
    |S_block_buffer_0_0_address0     |   3|          3|    3|          9|
    |S_block_buffer_0_0_address1     |   3|          3|    3|          9|
    |S_block_buffer_0_1_address0     |   3|          3|    3|          9|
    |S_block_buffer_0_1_address1     |   3|          3|    3|          9|
    |S_block_buffer_1_0_address0     |   3|          3|    3|          9|
    |S_block_buffer_1_0_address1     |   3|          3|    3|          9|
    |S_block_buffer_1_1_address0     |   3|          3|    3|          9|
    |S_block_buffer_1_1_address1     |   3|          3|    3|          9|
    |S_c_buffer_0_address0           |   7|          3|    7|         21|
    |S_c_buffer_0_address1           |   7|          3|    7|         21|
    |S_c_buffer_1_address0           |   7|          3|    7|         21|
    |S_c_buffer_1_address1           |   7|          3|    7|         21|
    |S_d0                            |  32|          6|   32|        192|
    |S_d1                            |  32|          5|   32|        160|
    |S_r_buffer_0_address0           |   7|          3|    7|         21|
    |S_r_buffer_0_address1           |   7|          3|    7|         21|
    |S_r_buffer_1_address0           |   7|          3|    7|         21|
    |S_r_buffer_1_address1           |   7|          3|    7|         21|
    |U_address0                      |  16|          8|    8|         64|
    |U_address1                      |   8|          7|    8|         56|
    |U_block_buffer_0_0_address0     |   3|          3|    3|          9|
    |U_block_buffer_0_0_address1     |   3|          3|    3|          9|
    |U_block_buffer_0_1_address0     |   3|          3|    3|          9|
    |U_block_buffer_0_1_address1     |   3|          3|    3|          9|
    |U_block_buffer_1_0_address0     |   3|          3|    3|          9|
    |U_block_buffer_1_0_address1     |   3|          3|    3|          9|
    |U_block_buffer_1_1_address0     |   3|          3|    3|          9|
    |U_block_buffer_1_1_address1     |   3|          3|    3|          9|
    |U_c_buffer_0_address0           |   7|          3|    7|         21|
    |U_c_buffer_0_address1           |   7|          3|    7|         21|
    |U_c_buffer_1_address0           |   7|          3|    7|         21|
    |U_c_buffer_1_address1           |   7|          3|    7|         21|
    |U_d0                            |  32|          5|   32|        160|
    |U_d1                            |  32|          4|   32|        128|
    |V_address0                      |  16|          8|    8|         64|
    |V_address1                      |   8|          7|    8|         56|
    |V_block_buffer_0_0_address0     |   3|          3|    3|          9|
    |V_block_buffer_0_0_address1     |   3|          3|    3|          9|
    |V_block_buffer_0_1_address0     |   3|          3|    3|          9|
    |V_block_buffer_0_1_address1     |   3|          3|    3|          9|
    |V_block_buffer_1_0_address0     |   3|          3|    3|          9|
    |V_block_buffer_1_0_address1     |   3|          3|    3|          9|
    |V_block_buffer_1_1_address0     |   3|          3|    3|          9|
    |V_block_buffer_1_1_address1     |   3|          3|    3|          9|
    |V_c_buffer_0_address0           |   7|          3|    7|         21|
    |V_c_buffer_0_address1           |   7|          3|    7|         21|
    |V_c_buffer_1_address0           |   7|          3|    7|         21|
    |V_c_buffer_1_address1           |   7|          3|    7|         21|
    |V_d0                            |  32|          5|   32|        160|
    |V_d1                            |  32|          4|   32|        128|
    |ap_NS_fsm                       |  21|         27|    1|         27|
    |ap_reg_ppiten_pp0_it7           |   1|          2|    1|          2|
    |ap_reg_ppiten_pp1_it2           |   1|          2|    1|          2|
    |ap_reg_ppiten_pp2_it1           |   1|          2|    1|          2|
    |ap_reg_ppiten_pp2_it130         |   1|          2|    1|          2|
    |ap_reg_ppiten_pp2_it2           |   1|          2|    1|          2|
    |ap_reg_ppiten_pp4_it1           |   1|          2|    1|          2|
    |ap_reg_ppiten_pp4_it2           |   1|          2|    1|          2|
    |ap_reg_ppiten_pp4_it3           |   1|          2|    1|          2|
    |ap_reg_ppiten_pp5_it1           |   1|          2|    1|          2|
    |ap_reg_ppiten_pp5_it12          |   1|          2|    1|          2|
    |ap_reg_ppiten_pp5_it3           |   1|          2|    1|          2|
    |ap_reg_ppiten_pp6_it1           |   1|          2|    1|          2|
    |ap_reg_ppiten_pp6_it3           |   1|          2|    1|          2|
    |ap_reg_ppiten_pp6_it4           |   1|          2|    1|          2|
    |ap_reg_ppiten_pp7_it1           |   1|          2|    1|          2|
    |ap_reg_ppiten_pp7_it2           |   1|          2|    1|          2|
    |ap_reg_ppiten_pp7_it3           |   1|          2|    1|          2|
    |ap_reg_ppiten_pp8_it1           |   1|          2|    1|          2|
    |ap_reg_ppiten_pp8_it12          |   1|          2|    1|          2|
    |ap_reg_ppiten_pp8_it3           |   1|          2|    1|          2|
    |ap_reg_ppiten_pp9_it1           |   1|          2|    1|          2|
    |ap_reg_ppiten_pp9_it2           |   1|          2|    1|          2|
    |ap_reg_ppiten_pp9_it4           |   1|          2|    1|          2|
    |bottom_right_12_phi_fu_2105_p4  |  32|          2|   32|         64|
    |bottom_right_12_reg_2102        |  32|          2|   32|         64|
    |bottom_right_14_phi_fu_2160_p4  |  32|          2|   32|         64|
    |bottom_right_14_reg_2157        |  32|          2|   32|         64|
    |bottom_right_16_phi_fu_2215_p4  |  32|          2|   32|         64|
    |bottom_right_16_reg_2212        |  32|          2|   32|         64|
    |bottom_right_2_phi_fu_1809_p4   |  32|          2|   32|         64|
    |bottom_right_2_reg_1806         |  32|          2|   32|         64|
    |bottom_right_3_phi_fu_1852_p4   |  32|          2|   32|         64|
    |bottom_right_3_reg_1849         |  32|          2|   32|         64|
    |bottom_right_4_phi_fu_1874_p4   |  32|          2|   32|         64|
    |bottom_right_4_reg_1871         |  32|          2|   32|         64|
    |bottom_right_6_phi_fu_1940_p4   |  32|          2|   32|         64|
    |bottom_right_6_reg_1937         |  32|          2|   32|         64|
    |bottom_right_9_phi_fu_1995_p4   |  32|          2|   32|         64|
    |bottom_right_9_reg_1992         |  32|          2|   32|         64|
    |bottom_right_s_phi_fu_2050_p4   |  32|          2|   32|         64|
    |bottom_right_s_reg_2047         |  32|          2|   32|         64|
    |diag_1_address0                 |   9|         15|    3|         45|
    |diag_1_address1                 |   3|          7|    3|         21|
    |diag_1_d0                       |  32|          4|   32|        128|
    |diag_2_address0                 |   9|         15|    3|         45|
    |diag_2_address1                 |   3|          7|    3|         21|
    |diag_2_d0                       |  32|          4|   32|        128|
    |grp_fu_2235_opcode              |   2|          3|    2|          6|
    |grp_fu_2235_p0                  |  32|          3|   32|         96|
    |grp_fu_2235_p1                  |  32|          3|   32|         96|
    |grp_fu_2239_p0                  |  32|          3|   32|         96|
    |grp_fu_2239_p1                  |  32|          3|   32|         96|
    |grp_fu_2243_p0                  |  32|          3|   32|         96|
    |grp_fu_2243_p1                  |  32|          3|   32|         96|
    |grp_fu_2247_opcode              |   2|          3|    2|          6|
    |grp_fu_2247_p0                  |  32|          3|   32|         96|
    |grp_fu_2247_p1                  |  32|          3|   32|         96|
    |grp_fu_2251_p0                  |  32|          3|   32|         96|
    |grp_fu_2251_p1                  |  32|          3|   32|         96|
    |grp_fu_2255_p0                  |  32|          3|   32|         96|
    |grp_fu_2255_p1                  |  32|          3|   32|         96|
    |grp_fu_2323_p0                  |  32|          4|   32|        128|
    |grp_fu_2323_p1                  |  32|          4|   32|        128|
    |grp_fu_2327_p0                  |  32|          4|   32|        128|
    |grp_fu_2327_p1                  |  32|          4|   32|        128|
    |grp_fu_2331_p0                  |  32|          4|   32|        128|
    |grp_fu_2331_p1                  |  32|          4|   32|        128|
    |grp_fu_2335_p0                  |  32|          4|   32|        128|
    |grp_fu_2335_p1                  |  32|          4|   32|        128|
    |grp_fu_2339_p0                  |  32|          3|   32|         96|
    |grp_fu_2339_p1                  |  32|          3|   32|         96|
    |grp_fu_2343_p0                  |  32|          3|   32|         96|
    |grp_fu_2343_p1                  |  32|          3|   32|         96|
    |grp_fu_2347_p0                  |  32|          3|   32|         96|
    |grp_fu_2347_p1                  |  32|          3|   32|         96|
    |grp_fu_2351_p0                  |  32|          3|   32|         96|
    |grp_fu_2351_p1                  |  32|          3|   32|         96|
    |grp_fu_2355_p0                  |  32|          3|   32|         96|
    |grp_fu_2355_p1                  |  32|          3|   32|         96|
    |grp_fu_2359_p0                  |  32|          3|   32|         96|
    |grp_fu_2359_p1                  |  32|          3|   32|         96|
    |grp_fu_2363_p0                  |  32|          3|   32|         96|
    |grp_fu_2363_p1                  |  32|          3|   32|         96|
    |grp_fu_2367_p0                  |  32|          3|   32|         96|
    |grp_fu_2367_p1                  |  32|          3|   32|         96|
    |i2_reg_2025                     |   5|          2|    5|         10|
    |i3_reg_2080                     |   5|          2|    5|         10|
    |i4_reg_2190                     |   5|          2|    5|         10|
    |i7_reg_1915                     |   5|          2|    5|         10|
    |i_phi_fu_1721_p4                |   5|          2|    5|         10|
    |i_reg_1717                      |   5|          2|    5|         10|
    |indvar_flatten1_reg_1948        |   8|          2|    8|         16|
    |indvar_flatten2_reg_2003        |   8|          2|    8|         16|
    |indvar_flatten3_reg_2058        |   8|          2|    8|         16|
    |indvar_flatten4_reg_2113        |   8|          2|    8|         16|
    |indvar_flatten5_reg_2168        |   8|          2|    8|         16|
    |indvar_flatten8_reg_1893        |   8|          2|    8|         16|
    |indvar_flatten_reg_1706         |   9|          2|    9|         18|
    |j_reg_1728                      |   5|          2|    5|         10|
    |off_col_reg_2135                |   5|          2|    5|         10|
    |off_row_reg_1970                |   5|          2|    5|         10|
    |proc10_phi_fu_2128_p4           |   4|          2|    4|          8|
    |proc10_reg_2124                 |   4|          2|    4|          8|
    |proc11_phi_fu_2183_p4           |   4|          2|    4|          8|
    |proc11_reg_2179                 |   4|          2|    4|          8|
    |proc1_reg_1772                  |   3|          2|    3|          6|
    |proc2_reg_1784                  |   3|          2|    3|          6|
    |proc3_phi_fu_1820_p4            |   4|          2|    4|          8|
    |proc3_reg_1816                  |   4|          2|    4|          8|
    |proc4_reg_1827                  |   4|          2|    4|          8|
    |proc5_phi_fu_1886_p4            |   4|          2|    4|          8|
    |proc5_reg_1882                  |   4|          2|    4|          8|
    |proc6_phi_fu_1908_p4            |   4|          2|    4|          8|
    |proc6_reg_1904                  |   4|          2|    4|          8|
    |proc7_phi_fu_2073_p4            |   4|          2|    4|          8|
    |proc7_reg_2069                  |   4|          2|    4|          8|
    |proc8_phi_fu_1963_p4            |   4|          2|    4|          8|
    |proc8_reg_1959                  |   4|          2|    4|          8|
    |proc9_phi_fu_2018_p4            |   4|          2|    4|          8|
    |proc9_reg_2014                  |   4|          2|    4|          8|
    |proc_reg_1750                   |   4|          2|    4|          8|
    |reg_2705                        |  32|          2|   32|         64|
    |step_reg_1761                   |   4|          2|    4|          8|
    |sweepnum_reg_1739               |   3|          2|    3|          6|
    |top_left_12_phi_fu_2094_p4      |  32|          2|   32|         64|
    |top_left_12_reg_2091            |  32|          2|   32|         64|
    |top_left_14_phi_fu_2149_p4      |  32|          2|   32|         64|
    |top_left_14_reg_2146            |  32|          2|   32|         64|
    |top_left_16_phi_fu_2204_p4      |  32|          2|   32|         64|
    |top_left_16_reg_2201            |  32|          2|   32|         64|
    |top_left_2_phi_fu_1799_p4       |  32|          2|   32|         64|
    |top_left_2_reg_1796             |  32|          2|   32|         64|
    |top_left_3_phi_fu_1841_p4       |  32|          2|   32|         64|
    |top_left_3_reg_1838             |  32|          2|   32|         64|
    |top_left_4_phi_fu_1863_p4       |  32|          2|   32|         64|
    |top_left_4_reg_1860             |  32|          2|   32|         64|
    |top_left_6_phi_fu_1929_p4       |  32|          2|   32|         64|
    |top_left_6_reg_1926             |  32|          2|   32|         64|
    |top_left_9_phi_fu_1984_p4       |  32|          2|   32|         64|
    |top_left_9_reg_1981             |  32|          2|   32|         64|
    |top_left_s_phi_fu_2039_p4       |  32|          2|   32|         64|
    |top_left_s_reg_2036             |  32|          2|   32|         64|
    +--------------------------------+----+-----------+-----+-----------+
    |Total                           |3139|        623| 3075|       8883|
    +--------------------------------+----+-----------+-----+-----------+

    * Register: 
    +----------------------------------------------+----+-----+-----+-----------+
    |                     Name                     | FF | LUT | Bits| Const Bits|
    +----------------------------------------------+----+-----+-----+-----------+
    |S_block_buffer_0_0_addr_1_reg_4850            |   3|    0|    3|          0|
    |S_block_buffer_0_1_addr_1_reg_4856            |   3|    0|    3|          0|
    |S_block_buffer_1_0_addr_1_reg_4862            |   3|    0|    3|          0|
    |S_block_buffer_1_1_addr_1_reg_4868            |   3|    0|    3|          0|
    |S_c_buffer_0_addr_1_reg_5691                  |   7|    0|    7|          0|
    |S_c_buffer_1_addr_1_reg_5697                  |   7|    0|    7|          0|
    |S_r_buffer_0_addr_1_reg_6097                  |   7|    0|    7|          0|
    |S_r_buffer_1_addr_1_reg_6103                  |   7|    0|    7|          0|
    |U_block_buffer_0_0_addr_2_reg_5002            |   3|    0|    3|          0|
    |U_block_buffer_0_1_addr_2_reg_5008            |   3|    0|    3|          0|
    |U_block_buffer_1_0_addr_2_reg_5014            |   3|    0|    3|          0|
    |U_block_buffer_1_1_addr_2_reg_5020            |   3|    0|    3|          0|
    |U_c_buffer_0_addr_1_reg_5703                  |   7|    0|    7|          0|
    |U_c_buffer_1_addr_1_reg_5685                  |   7|    0|    7|          0|
    |V_block_buffer_0_0_addr_2_reg_5129            |   3|    0|    3|          0|
    |V_block_buffer_0_1_addr_2_reg_5135            |   3|    0|    3|          0|
    |V_block_buffer_1_0_addr_2_reg_5141            |   3|    0|    3|          0|
    |V_block_buffer_1_1_addr_2_reg_5147            |   3|    0|    3|          0|
    |V_c_buffer_0_addr_1_reg_5679                  |   7|    0|    7|          0|
    |V_c_buffer_1_addr_1_reg_5673                  |   7|    0|    7|          0|
    |ap_CS_fsm                                     |  26|    0|   26|          0|
    |ap_reg_ppiten_pp0_it0                         |   1|    0|    1|          0|
    |ap_reg_ppiten_pp0_it1                         |   1|    0|    1|          0|
    |ap_reg_ppiten_pp0_it2                         |   1|    0|    1|          0|
    |ap_reg_ppiten_pp0_it3                         |   1|    0|    1|          0|
    |ap_reg_ppiten_pp0_it4                         |   1|    0|    1|          0|
    |ap_reg_ppiten_pp0_it5                         |   1|    0|    1|          0|
    |ap_reg_ppiten_pp0_it6                         |   1|    0|    1|          0|
    |ap_reg_ppiten_pp0_it7                         |   1|    0|    1|          0|
    |ap_reg_ppiten_pp1_it0                         |   1|    0|    1|          0|
    |ap_reg_ppiten_pp1_it1                         |   1|    0|    1|          0|
    |ap_reg_ppiten_pp1_it2                         |   1|    0|    1|          0|
    |ap_reg_ppiten_pp2_it0                         |   1|    0|    1|          0|
    |ap_reg_ppiten_pp2_it1                         |   1|    0|    1|          0|
    |ap_reg_ppiten_pp2_it10                        |   1|    0|    1|          0|
    |ap_reg_ppiten_pp2_it100                       |   1|    0|    1|          0|
    |ap_reg_ppiten_pp2_it101                       |   1|    0|    1|          0|
    |ap_reg_ppiten_pp2_it102                       |   1|    0|    1|          0|
    |ap_reg_ppiten_pp2_it103                       |   1|    0|    1|          0|
    |ap_reg_ppiten_pp2_it104                       |   1|    0|    1|          0|
    |ap_reg_ppiten_pp2_it105                       |   1|    0|    1|          0|
    |ap_reg_ppiten_pp2_it106                       |   1|    0|    1|          0|
    |ap_reg_ppiten_pp2_it107                       |   1|    0|    1|          0|
    |ap_reg_ppiten_pp2_it108                       |   1|    0|    1|          0|
    |ap_reg_ppiten_pp2_it109                       |   1|    0|    1|          0|
    |ap_reg_ppiten_pp2_it11                        |   1|    0|    1|          0|
    |ap_reg_ppiten_pp2_it110                       |   1|    0|    1|          0|
    |ap_reg_ppiten_pp2_it111                       |   1|    0|    1|          0|
    |ap_reg_ppiten_pp2_it112                       |   1|    0|    1|          0|
    |ap_reg_ppiten_pp2_it113                       |   1|    0|    1|          0|
    |ap_reg_ppiten_pp2_it114                       |   1|    0|    1|          0|
    |ap_reg_ppiten_pp2_it115                       |   1|    0|    1|          0|
    |ap_reg_ppiten_pp2_it116                       |   1|    0|    1|          0|
    |ap_reg_ppiten_pp2_it117                       |   1|    0|    1|          0|
    |ap_reg_ppiten_pp2_it118                       |   1|    0|    1|          0|
    |ap_reg_ppiten_pp2_it119                       |   1|    0|    1|          0|
    |ap_reg_ppiten_pp2_it12                        |   1|    0|    1|          0|
    |ap_reg_ppiten_pp2_it120                       |   1|    0|    1|          0|
    |ap_reg_ppiten_pp2_it121                       |   1|    0|    1|          0|
    |ap_reg_ppiten_pp2_it122                       |   1|    0|    1|          0|
    |ap_reg_ppiten_pp2_it123                       |   1|    0|    1|          0|
    |ap_reg_ppiten_pp2_it124                       |   1|    0|    1|          0|
    |ap_reg_ppiten_pp2_it125                       |   1|    0|    1|          0|
    |ap_reg_ppiten_pp2_it126                       |   1|    0|    1|          0|
    |ap_reg_ppiten_pp2_it127                       |   1|    0|    1|          0|
    |ap_reg_ppiten_pp2_it128                       |   1|    0|    1|          0|
    |ap_reg_ppiten_pp2_it129                       |   1|    0|    1|          0|
    |ap_reg_ppiten_pp2_it13                        |   1|    0|    1|          0|
    |ap_reg_ppiten_pp2_it130                       |   1|    0|    1|          0|
    |ap_reg_ppiten_pp2_it14                        |   1|    0|    1|          0|
    |ap_reg_ppiten_pp2_it15                        |   1|    0|    1|          0|
    |ap_reg_ppiten_pp2_it16                        |   1|    0|    1|          0|
    |ap_reg_ppiten_pp2_it17                        |   1|    0|    1|          0|
    |ap_reg_ppiten_pp2_it18                        |   1|    0|    1|          0|
    |ap_reg_ppiten_pp2_it19                        |   1|    0|    1|          0|
    |ap_reg_ppiten_pp2_it2                         |   1|    0|    1|          0|
    |ap_reg_ppiten_pp2_it20                        |   1|    0|    1|          0|
    |ap_reg_ppiten_pp2_it21                        |   1|    0|    1|          0|
    |ap_reg_ppiten_pp2_it22                        |   1|    0|    1|          0|
    |ap_reg_ppiten_pp2_it23                        |   1|    0|    1|          0|
    |ap_reg_ppiten_pp2_it24                        |   1|    0|    1|          0|
    |ap_reg_ppiten_pp2_it25                        |   1|    0|    1|          0|
    |ap_reg_ppiten_pp2_it26                        |   1|    0|    1|          0|
    |ap_reg_ppiten_pp2_it27                        |   1|    0|    1|          0|
    |ap_reg_ppiten_pp2_it28                        |   1|    0|    1|          0|
    |ap_reg_ppiten_pp2_it29                        |   1|    0|    1|          0|
    |ap_reg_ppiten_pp2_it3                         |   1|    0|    1|          0|
    |ap_reg_ppiten_pp2_it30                        |   1|    0|    1|          0|
    |ap_reg_ppiten_pp2_it31                        |   1|    0|    1|          0|
    |ap_reg_ppiten_pp2_it32                        |   1|    0|    1|          0|
    |ap_reg_ppiten_pp2_it33                        |   1|    0|    1|          0|
    |ap_reg_ppiten_pp2_it34                        |   1|    0|    1|          0|
    |ap_reg_ppiten_pp2_it35                        |   1|    0|    1|          0|
    |ap_reg_ppiten_pp2_it36                        |   1|    0|    1|          0|
    |ap_reg_ppiten_pp2_it37                        |   1|    0|    1|          0|
    |ap_reg_ppiten_pp2_it38                        |   1|    0|    1|          0|
    |ap_reg_ppiten_pp2_it39                        |   1|    0|    1|          0|
    |ap_reg_ppiten_pp2_it4                         |   1|    0|    1|          0|
    |ap_reg_ppiten_pp2_it40                        |   1|    0|    1|          0|
    |ap_reg_ppiten_pp2_it41                        |   1|    0|    1|          0|
    |ap_reg_ppiten_pp2_it42                        |   1|    0|    1|          0|
    |ap_reg_ppiten_pp2_it43                        |   1|    0|    1|          0|
    |ap_reg_ppiten_pp2_it44                        |   1|    0|    1|          0|
    |ap_reg_ppiten_pp2_it45                        |   1|    0|    1|          0|
    |ap_reg_ppiten_pp2_it46                        |   1|    0|    1|          0|
    |ap_reg_ppiten_pp2_it47                        |   1|    0|    1|          0|
    |ap_reg_ppiten_pp2_it48                        |   1|    0|    1|          0|
    |ap_reg_ppiten_pp2_it49                        |   1|    0|    1|          0|
    |ap_reg_ppiten_pp2_it5                         |   1|    0|    1|          0|
    |ap_reg_ppiten_pp2_it50                        |   1|    0|    1|          0|
    |ap_reg_ppiten_pp2_it51                        |   1|    0|    1|          0|
    |ap_reg_ppiten_pp2_it52                        |   1|    0|    1|          0|
    |ap_reg_ppiten_pp2_it53                        |   1|    0|    1|          0|
    |ap_reg_ppiten_pp2_it54                        |   1|    0|    1|          0|
    |ap_reg_ppiten_pp2_it55                        |   1|    0|    1|          0|
    |ap_reg_ppiten_pp2_it56                        |   1|    0|    1|          0|
    |ap_reg_ppiten_pp2_it57                        |   1|    0|    1|          0|
    |ap_reg_ppiten_pp2_it58                        |   1|    0|    1|          0|
    |ap_reg_ppiten_pp2_it59                        |   1|    0|    1|          0|
    |ap_reg_ppiten_pp2_it6                         |   1|    0|    1|          0|
    |ap_reg_ppiten_pp2_it60                        |   1|    0|    1|          0|
    |ap_reg_ppiten_pp2_it61                        |   1|    0|    1|          0|
    |ap_reg_ppiten_pp2_it62                        |   1|    0|    1|          0|
    |ap_reg_ppiten_pp2_it63                        |   1|    0|    1|          0|
    |ap_reg_ppiten_pp2_it64                        |   1|    0|    1|          0|
    |ap_reg_ppiten_pp2_it65                        |   1|    0|    1|          0|
    |ap_reg_ppiten_pp2_it66                        |   1|    0|    1|          0|
    |ap_reg_ppiten_pp2_it67                        |   1|    0|    1|          0|
    |ap_reg_ppiten_pp2_it68                        |   1|    0|    1|          0|
    |ap_reg_ppiten_pp2_it69                        |   1|    0|    1|          0|
    |ap_reg_ppiten_pp2_it7                         |   1|    0|    1|          0|
    |ap_reg_ppiten_pp2_it70                        |   1|    0|    1|          0|
    |ap_reg_ppiten_pp2_it71                        |   1|    0|    1|          0|
    |ap_reg_ppiten_pp2_it72                        |   1|    0|    1|          0|
    |ap_reg_ppiten_pp2_it73                        |   1|    0|    1|          0|
    |ap_reg_ppiten_pp2_it74                        |   1|    0|    1|          0|
    |ap_reg_ppiten_pp2_it75                        |   1|    0|    1|          0|
    |ap_reg_ppiten_pp2_it76                        |   1|    0|    1|          0|
    |ap_reg_ppiten_pp2_it77                        |   1|    0|    1|          0|
    |ap_reg_ppiten_pp2_it78                        |   1|    0|    1|          0|
    |ap_reg_ppiten_pp2_it79                        |   1|    0|    1|          0|
    |ap_reg_ppiten_pp2_it8                         |   1|    0|    1|          0|
    |ap_reg_ppiten_pp2_it80                        |   1|    0|    1|          0|
    |ap_reg_ppiten_pp2_it81                        |   1|    0|    1|          0|
    |ap_reg_ppiten_pp2_it82                        |   1|    0|    1|          0|
    |ap_reg_ppiten_pp2_it83                        |   1|    0|    1|          0|
    |ap_reg_ppiten_pp2_it84                        |   1|    0|    1|          0|
    |ap_reg_ppiten_pp2_it85                        |   1|    0|    1|          0|
    |ap_reg_ppiten_pp2_it86                        |   1|    0|    1|          0|
    |ap_reg_ppiten_pp2_it87                        |   1|    0|    1|          0|
    |ap_reg_ppiten_pp2_it88                        |   1|    0|    1|          0|
    |ap_reg_ppiten_pp2_it89                        |   1|    0|    1|          0|
    |ap_reg_ppiten_pp2_it9                         |   1|    0|    1|          0|
    |ap_reg_ppiten_pp2_it90                        |   1|    0|    1|          0|
    |ap_reg_ppiten_pp2_it91                        |   1|    0|    1|          0|
    |ap_reg_ppiten_pp2_it92                        |   1|    0|    1|          0|
    |ap_reg_ppiten_pp2_it93                        |   1|    0|    1|          0|
    |ap_reg_ppiten_pp2_it94                        |   1|    0|    1|          0|
    |ap_reg_ppiten_pp2_it95                        |   1|    0|    1|          0|
    |ap_reg_ppiten_pp2_it96                        |   1|    0|    1|          0|
    |ap_reg_ppiten_pp2_it97                        |   1|    0|    1|          0|
    |ap_reg_ppiten_pp2_it98                        |   1|    0|    1|          0|
    |ap_reg_ppiten_pp2_it99                        |   1|    0|    1|          0|
    |ap_reg_ppiten_pp3_it0                         |   1|    0|    1|          0|
    |ap_reg_ppiten_pp3_it1                         |   1|    0|    1|          0|
    |ap_reg_ppiten_pp4_it0                         |   1|    0|    1|          0|
    |ap_reg_ppiten_pp4_it1                         |   1|    0|    1|          0|
    |ap_reg_ppiten_pp4_it2                         |   1|    0|    1|          0|
    |ap_reg_ppiten_pp4_it3                         |   1|    0|    1|          0|
    |ap_reg_ppiten_pp5_it0                         |   1|    0|    1|          0|
    |ap_reg_ppiten_pp5_it1                         |   1|    0|    1|          0|
    |ap_reg_ppiten_pp5_it10                        |   1|    0|    1|          0|
    |ap_reg_ppiten_pp5_it11                        |   1|    0|    1|          0|
    |ap_reg_ppiten_pp5_it12                        |   1|    0|    1|          0|
    |ap_reg_ppiten_pp5_it2                         |   1|    0|    1|          0|
    |ap_reg_ppiten_pp5_it3                         |   1|    0|    1|          0|
    |ap_reg_ppiten_pp5_it4                         |   1|    0|    1|          0|
    |ap_reg_ppiten_pp5_it5                         |   1|    0|    1|          0|
    |ap_reg_ppiten_pp5_it6                         |   1|    0|    1|          0|
    |ap_reg_ppiten_pp5_it7                         |   1|    0|    1|          0|
    |ap_reg_ppiten_pp5_it8                         |   1|    0|    1|          0|
    |ap_reg_ppiten_pp5_it9                         |   1|    0|    1|          0|
    |ap_reg_ppiten_pp6_it0                         |   1|    0|    1|          0|
    |ap_reg_ppiten_pp6_it1                         |   1|    0|    1|          0|
    |ap_reg_ppiten_pp6_it2                         |   1|    0|    1|          0|
    |ap_reg_ppiten_pp6_it3                         |   1|    0|    1|          0|
    |ap_reg_ppiten_pp6_it4                         |   1|    0|    1|          0|
    |ap_reg_ppiten_pp7_it0                         |   1|    0|    1|          0|
    |ap_reg_ppiten_pp7_it1                         |   1|    0|    1|          0|
    |ap_reg_ppiten_pp7_it2                         |   1|    0|    1|          0|
    |ap_reg_ppiten_pp7_it3                         |   1|    0|    1|          0|
    |ap_reg_ppiten_pp8_it0                         |   1|    0|    1|          0|
    |ap_reg_ppiten_pp8_it1                         |   1|    0|    1|          0|
    |ap_reg_ppiten_pp8_it10                        |   1|    0|    1|          0|
    |ap_reg_ppiten_pp8_it11                        |   1|    0|    1|          0|
    |ap_reg_ppiten_pp8_it12                        |   1|    0|    1|          0|
    |ap_reg_ppiten_pp8_it2                         |   1|    0|    1|          0|
    |ap_reg_ppiten_pp8_it3                         |   1|    0|    1|          0|
    |ap_reg_ppiten_pp8_it4                         |   1|    0|    1|          0|
    |ap_reg_ppiten_pp8_it5                         |   1|    0|    1|          0|
    |ap_reg_ppiten_pp8_it6                         |   1|    0|    1|          0|
    |ap_reg_ppiten_pp8_it7                         |   1|    0|    1|          0|
    |ap_reg_ppiten_pp8_it8                         |   1|    0|    1|          0|
    |ap_reg_ppiten_pp8_it9                         |   1|    0|    1|          0|
    |ap_reg_ppiten_pp9_it0                         |   1|    0|    1|          0|
    |ap_reg_ppiten_pp9_it1                         |   1|    0|    1|          0|
    |ap_reg_ppiten_pp9_it2                         |   1|    0|    1|          0|
    |ap_reg_ppiten_pp9_it3                         |   1|    0|    1|          0|
    |ap_reg_ppiten_pp9_it4                         |   1|    0|    1|          0|
    |ap_reg_ppstg_i2_mid2_reg_5794_pp6_iter1       |   5|    0|    5|          0|
    |ap_reg_ppstg_i3_mid2_reg_5923_pp7_iter1       |   5|    0|    5|          0|
    |ap_reg_ppstg_i7_mid2_reg_5459_pp4_iter1       |   5|    0|    5|          0|
    |ap_reg_ppstg_off_col_mid2_reg_6020_pp8_iter1  |   5|    0|    5|          0|
    |ap_reg_ppstg_off_row_mid2_reg_5576_pp5_iter1  |   5|    0|    5|          0|
    |ap_reg_ppstg_or_cond11_reg_5843_pp6_iter3     |   1|    0|    1|          0|
    |ap_reg_ppstg_or_cond14_reg_6189_pp9_iter3     |   1|    0|    1|          0|
    |ap_reg_ppstg_or_cond2_reg_5847_pp6_iter3      |   1|    0|    1|          0|
    |ap_reg_ppstg_or_cond5_reg_6193_pp9_iter3      |   1|    0|    1|          0|
    |ap_reg_ppstg_p_v1_reg_5583_pp5_iter1          |   4|    0|    4|          0|
    |ap_reg_ppstg_p_v2_reg_5802_pp6_iter1          |   4|    0|    4|          0|
    |ap_reg_ppstg_p_v3_reg_5931_pp7_iter1          |   4|    0|    4|          0|
    |ap_reg_ppstg_p_v4_reg_6027_pp8_iter1          |   4|    0|    4|          0|
    |ap_reg_ppstg_p_v5_reg_6148_pp9_iter1          |   4|    0|    4|          0|
    |ap_reg_ppstg_p_v_reg_5467_pp4_iter1           |   4|    0|    4|          0|
    |ap_reg_ppstg_tmp_101_reg_5878_pp6_iter3       |  10|    0|   10|          0|
    |ap_reg_ppstg_tmp_12_reg_4675_pp1_iter1        |   4|    0|   64|         60|
    |ap_reg_ppstg_tmp_20_reg_5290_pp3_iter1        |   4|    0|   64|         60|
    |bottom_right_12_reg_2102                      |  32|    0|   32|          0|
    |bottom_right_14_reg_2157                      |  32|    0|   32|          0|
    |bottom_right_16_reg_2212                      |  32|    0|   32|          0|
    |bottom_right_1_reg_4709                       |  32|    0|   32|          0|
    |bottom_right_25_mid2_reg_5493                 |  32|    0|   32|          0|
    |bottom_right_26_mid2_reg_5610                 |  32|    0|   32|          0|
    |bottom_right_27_mid2_reg_5828                 |  32|    0|   32|          0|
    |bottom_right_28_mid2_reg_5957                 |  32|    0|   32|          0|
    |bottom_right_29_mid2_reg_6054                 |  32|    0|   32|          0|
    |bottom_right_2_reg_1806                       |  32|    0|   32|          0|
    |bottom_right_30_mid2_reg_6174                 |  32|    0|   32|          0|
    |bottom_right_3_reg_1849                       |  32|    0|   32|          0|
    |bottom_right_4_reg_1871                       |  32|    0|   32|          0|
    |bottom_right_5_reg_4840                       |  32|    0|   32|          0|
    |bottom_right_6_reg_1937                       |  32|    0|   32|          0|
    |bottom_right_8_reg_5328                       |  32|    0|   32|          0|
    |bottom_right_9_reg_1992                       |  32|    0|   32|          0|
    |bottom_right_fu_250                           |  32|    0|   32|          0|
    |bottom_right_load_reg_4621                    |  32|    0|   32|          0|
    |bottom_right_s_reg_2047                       |  32|    0|   32|          0|
    |bottom_right_write_assign_i1_reg_5660         |  32|    0|   32|          0|
    |bottom_right_write_assign_i2_reg_5838         |  32|    0|   32|          0|
    |bottom_right_write_assign_i3_reg_5967         |  32|    0|   32|          0|
    |bottom_right_write_assign_i4_reg_6084         |  32|    0|   32|          0|
    |bottom_right_write_assign_i5_reg_6184         |  32|    0|   32|          0|
    |bottom_right_write_assign_i_reg_5503          |  32|    0|   32|          0|
    |cosA_half_reg_4906                            |  32|    0|   32|          0|
    |cosB_half_reg_4920                            |  32|    0|   32|          0|
    |diag_2_load_4_reg_5316                        |  32|    0|   32|          0|
    |exitcond10_reg_5788                           |   1|    0|    1|          0|
    |exitcond11_reg_5917                           |   1|    0|    1|          0|
    |exitcond12_reg_6014                           |   1|    0|    1|          0|
    |exitcond13_reg_6134                           |   1|    0|    1|          0|
    |exitcond1_reg_4666                            |   1|    0|    1|          0|
    |exitcond2_reg_4791                            |   1|    0|    1|          0|
    |exitcond4_reg_5281                            |   1|    0|    1|          0|
    |exitcond6_reg_5453                            |   1|    0|    1|          0|
    |exitcond8_reg_5570                            |   1|    0|    1|          0|
    |exitcond_flatten1_reg_5444                    |   1|    0|    1|          0|
    |exitcond_flatten2_reg_5561                    |   1|    0|    1|          0|
    |exitcond_flatten3_reg_5779                    |   1|    0|    1|          0|
    |exitcond_flatten4_reg_5908                    |   1|    0|    1|          0|
    |exitcond_flatten5_reg_6005                    |   1|    0|    1|          0|
    |exitcond_flatten6_reg_6125                    |   1|    0|    1|          0|
    |exitcond_flatten_reg_4523                     |   1|    0|    1|          0|
    |i2_mid2_reg_5794                              |   5|    0|    5|          0|
    |i2_reg_2025                                   |   5|    0|    5|          0|
    |i3_mid2_reg_5923                              |   5|    0|    5|          0|
    |i3_reg_2080                                   |   5|    0|    5|          0|
    |i4_mid2_reg_6140                              |   5|    0|    5|          0|
    |i4_reg_2190                                   |   5|    0|    5|          0|
    |i7_mid2_reg_5459                              |   5|    0|    5|          0|
    |i7_reg_1915                                   |   5|    0|    5|          0|
    |i_reg_1717                                    |   5|    0|    5|          0|
    |idx2_idx1_i461_top_left_6_reg_5498            |  32|    0|   32|          0|
    |idx2_idx1_i466_top_left_9_reg_5655            |  32|    0|   32|          0|
    |idx2_idx1_i489_top_left_s_reg_5833            |  32|    0|   32|          0|
    |idx2_idx1_i494_top_left_s_reg_5962            |  32|    0|   32|          0|
    |idx2_idx1_i499_top_left_s_reg_6079            |  32|    0|   32|          0|
    |idx2_idx1_i510_top_left_s_reg_6179            |  32|    0|   32|          0|
    |indvar_flatten1_reg_1948                      |   8|    0|    8|          0|
    |indvar_flatten2_reg_2003                      |   8|    0|    8|          0|
    |indvar_flatten3_reg_2058                      |   8|    0|    8|          0|
    |indvar_flatten4_reg_2113                      |   8|    0|    8|          0|
    |indvar_flatten5_reg_2168                      |   8|    0|    8|          0|
    |indvar_flatten8_reg_1893                      |   8|    0|    8|          0|
    |indvar_flatten_reg_1706                       |   9|    0|    9|          0|
    |j_mid2_reg_4532                               |   5|    0|    5|          0|
    |j_reg_1728                                    |   5|    0|    5|          0|
    |off_col_mid2_reg_6020                         |   5|    0|    5|          0|
    |off_col_reg_2135                              |   5|    0|    5|          0|
    |off_row_mid2_reg_5576                         |   5|    0|    5|          0|
    |off_row_reg_1970                              |   5|    0|    5|          0|
    |or_cond10_reg_5665                            |   1|    0|    1|          0|
    |or_cond11_reg_5843                            |   1|    0|    1|          0|
    |or_cond12_reg_5972                            |   1|    0|    1|          0|
    |or_cond13_reg_6089                            |   1|    0|    1|          0|
    |or_cond14_reg_6189                            |   1|    0|    1|          0|
    |or_cond1_reg_5669                             |   1|    0|    1|          0|
    |or_cond2_reg_5847                             |   1|    0|    1|          0|
    |or_cond3_reg_5976                             |   1|    0|    1|          0|
    |or_cond4_reg_6093                             |   1|    0|    1|          0|
    |or_cond5_reg_6193                             |   1|    0|    1|          0|
    |or_cond6_reg_4717                             |   1|    0|    1|          0|
    |or_cond7_reg_4846                             |   1|    0|    1|          0|
    |or_cond8_reg_5333                             |   1|    0|    1|          0|
    |or_cond9_reg_5508                             |   1|    0|    1|          0|
    |or_cond_reg_5512                              |   1|    0|    1|          0|
    |p_v1_reg_5583                                 |   4|    0|    4|          0|
    |p_v2_reg_5802                                 |   4|    0|    4|          0|
    |p_v3_reg_5931                                 |   4|    0|    4|          0|
    |p_v4_reg_6027                                 |   4|    0|    4|          0|
    |p_v5_reg_6148                                 |   4|    0|    4|          0|
    |p_v_reg_5467                                  |   4|    0|    4|          0|
    |proc10_reg_2124                               |   4|    0|    4|          0|
    |proc11_reg_2179                               |   4|    0|    4|          0|
    |proc1_reg_1772                                |   3|    0|    3|          0|
    |proc2_reg_1784                                |   3|    0|    3|          0|
    |proc3_reg_1816                                |   4|    0|    4|          0|
    |proc4_reg_1827                                |   4|    0|    4|          0|
    |proc5_reg_1882                                |   4|    0|    4|          0|
    |proc6_reg_1904                                |   4|    0|    4|          0|
    |proc7_reg_2069                                |   4|    0|    4|          0|
    |proc8_reg_1959                                |   4|    0|    4|          0|
    |proc9_reg_2014                                |   4|    0|    4|          0|
    |proc_2_reg_4642                               |   3|    0|    3|          0|
    |proc_3_reg_4656                               |   3|    0|    3|          0|
    |proc_4_reg_4670                               |   4|    0|    4|          0|
    |proc_5_reg_5285                               |   4|    0|    4|          0|
    |proc_reg_1750                                 |   4|    0|    4|          0|
    |reg_2554                                      |  32|    0|   32|          0|
    |reg_2559                                      |  32|    0|   32|          0|
    |reg_2566                                      |  32|    0|   32|          0|
    |reg_2573                                      |  32|    0|   32|          0|
    |reg_2579                                      |  32|    0|   32|          0|
    |reg_2585                                      |  32|    0|   32|          0|
    |reg_2592                                      |  32|    0|   32|          0|
    |reg_2598                                      |  32|    0|   32|          0|
    |reg_2605                                      |  32|    0|   32|          0|
    |reg_2611                                      |  32|    0|   32|          0|
    |reg_2617                                      |  32|    0|   32|          0|
    |reg_2623                                      |  32|    0|   32|          0|
    |reg_2636                                      |  32|    0|   32|          0|
    |reg_2645                                      |  32|    0|   32|          0|
    |reg_2651                                      |  32|    0|   32|          0|
    |reg_2657                                      |  32|    0|   32|          0|
    |reg_2663                                      |  32|    0|   32|          0|
    |reg_2669                                      |  32|    0|   32|          0|
    |reg_2675                                      |  32|    0|   32|          0|
    |reg_2705                                      |  32|    0|   32|          0|
    |sinA_half_reg_4913                            |  32|    0|   32|          0|
    |sinB_half_reg_4926                            |  32|    0|   32|          0|
    |step_1_reg_4634                               |   4|    0|    4|          0|
    |step_reg_1761                                 |   4|    0|    4|          0|
    |sweepnum_1_reg_4608                           |   3|    0|    3|          0|
    |sweepnum_reg_1739                             |   3|    0|    3|          0|
    |tmp_101_reg_5878                              |  10|    0|   10|          0|
    |tmp_103_reg_5980                              |   9|    0|    9|          0|
    |tmp_110_reg_6207                              |   6|    0|    6|          0|
    |tmp_112_reg_6212                              |   6|    0|    6|          0|
    |tmp_113_reg_6217                              |  10|    0|   10|          0|
    |tmp_117_cast_reg_5851                         |   9|    0|   64|         55|
    |tmp_12_reg_4675                               |   4|    0|   64|         60|
    |tmp_15_reg_4800                               |   4|    0|   64|         60|
    |tmp_20_reg_5290                               |   4|    0|   64|         60|
    |tmp_3_i2_i1_reg_5236                          |  32|    0|   32|          0|
    |tmp_3_i2_i_reg_5092                           |  32|    0|   32|          0|
    |tmp_3_i5_i1_reg_5246                          |  32|    0|   32|          0|
    |tmp_3_i5_i_reg_5102                           |  32|    0|   32|          0|
    |tmp_3_i6_reg_5062                             |  32|    0|   32|          0|
    |tmp_3_i8_i1_reg_5256                          |  32|    0|   32|          0|
    |tmp_3_i8_i_reg_5112                           |  32|    0|   32|          0|
    |tmp_3_i8_reg_4977                             |  32|    0|   32|          0|
    |tmp_3_i9_reg_5072                             |  32|    0|   32|          0|
    |tmp_3_i_i1_reg_5226                           |  32|    0|   32|          0|
    |tmp_3_i_i_reg_5082                            |  32|    0|   32|          0|
    |tmp_46_reg_4741                               |  10|    0|   10|          0|
    |tmp_53_reg_4746                               |  10|    0|   10|          0|
    |tmp_61_reg_5379                               |  10|    0|   10|          0|
    |tmp_68_reg_5342                               |  10|    0|   10|          0|
    |tmp_69_reg_5348                               |   6|    0|    6|          0|
    |tmp_70_cast_reg_4555                          |  10|    0|   64|         54|
    |tmp_70_reg_5363                               |  10|    0|   10|          0|
    |tmp_75_reg_5369                               |   6|    0|    6|          0|
    |tmp_82_reg_5384                               |  10|    0|   10|          0|
    |tmp_83_reg_5389                               |  10|    0|   10|          0|
    |tmp_90_reg_5531                               |   9|    0|    9|          0|
    |tmp_99_reg_5873                               |  10|    0|   10|          0|
    |tmp_9_reg_4567                                |  32|    0|   32|          0|
    |tmp_i1_i1_reg_5231                            |  32|    0|   32|          0|
    |tmp_i1_i_reg_5087                             |  32|    0|   32|          0|
    |tmp_i4_i1_reg_5241                            |  32|    0|   32|          0|
    |tmp_i4_i_reg_5097                             |  32|    0|   32|          0|
    |tmp_i6_reg_5057                               |  32|    0|   32|          0|
    |tmp_i7_i1_reg_5251                            |  32|    0|   32|          0|
    |tmp_i7_i_reg_5107                             |  32|    0|   32|          0|
    |tmp_i8_reg_4972                               |  32|    0|   32|          0|
    |tmp_i9_reg_5067                               |  32|    0|   32|          0|
    |tmp_i_i1_reg_5221                             |  32|    0|   32|          0|
    |tmp_i_i_reg_5077                              |  32|    0|   32|          0|
    |tmp_mid2_v_reg_4538                           |   5|    0|    5|          0|
    |top_left_12_reg_2091                          |  32|    0|   32|          0|
    |top_left_14_reg_2146                          |  32|    0|   32|          0|
    |top_left_16_mid2_reg_5488                     |  32|    0|   32|          0|
    |top_left_16_reg_2201                          |  32|    0|   32|          0|
    |top_left_19_mid2_reg_5605                     |  32|    0|   32|          0|
    |top_left_1_reg_4701                           |  32|    0|   32|          0|
    |top_left_21_mid2_reg_5823                     |  32|    0|   32|          0|
    |top_left_22_mid2_reg_5952                     |  32|    0|   32|          0|
    |top_left_23_mid2_reg_6049                     |  32|    0|   32|          0|
    |top_left_24_mid2_reg_6169                     |  32|    0|   32|          0|
    |top_left_2_reg_1796                           |  32|    0|   32|          0|
    |top_left_3_reg_1838                           |  32|    0|   32|          0|
    |top_left_4_reg_1860                           |  32|    0|   32|          0|
    |top_left_5_reg_4834                           |  32|    0|   32|          0|
    |top_left_6_reg_1926                           |  32|    0|   32|          0|
    |top_left_8_reg_5323                           |  32|    0|   32|          0|
    |top_left_9_reg_1981                           |  32|    0|   32|          0|
    |top_left_fu_254                               |  32|    0|   32|          0|
    |top_left_load_reg_4626                        |  32|    0|   32|          0|
    |top_left_s_reg_2036                           |  32|    0|   32|          0|
    |uw_out_reg_5153                               |  32|    0|   32|          0|
    |ux_out_reg_5158                               |  32|    0|   32|          0|
    |uy_out_reg_5163                               |  32|    0|   32|          0|
    |uz_out_reg_5168                               |  32|    0|   32|          0|
    |vw_out_reg_5261                               |  32|    0|   32|          0|
    |vx_out_reg_5266                               |  32|    0|   32|          0|
    |vy_int_1_reg_4955                             |  32|    0|   32|          0|
    |vy_int_reg_4964                               |  32|    0|   32|          0|
    |vy_out_reg_5271                               |  32|    0|   32|          0|
    |vz_int_1_reg_4944                             |  32|    0|   32|          0|
    |vz_out_reg_5276                               |  32|    0|   32|          0|
    |w_in_reg_4874                                 |  32|    0|   32|          0|
    |w_out1_reg_4982                               |  32|    0|   32|          0|
    |w_out2_reg_4987                               |  32|    0|   32|          0|
    |w_out_int_reg_5117                            |  32|    0|   32|          0|
    |x_in_reg_4882                                 |  32|    0|   32|          0|
    |y_in_reg_4890                                 |  32|    0|   32|          0|
    |z_in_reg_4898                                 |  32|    0|   32|          0|
    |z_out1_reg_4992                               |  32|    0|   32|          0|
    |z_out2_reg_4997                               |  32|    0|   32|          0|
    |z_out_int_reg_5123                            |  32|    0|   32|          0|
    |S_block_buffer_0_0_addr_1_reg_4850            |   0|   12|    3|          0|
    |S_block_buffer_1_1_addr_1_reg_4868            |   0|   12|    3|          0|
    |S_c_buffer_0_addr_1_reg_5691                  |   0|    7|    7|          0|
    |S_c_buffer_1_addr_1_reg_5697                  |   0|    7|    7|          0|
    |S_r_buffer_0_addr_1_reg_6097                  |   0|    7|    7|          0|
    |S_r_buffer_1_addr_1_reg_6103                  |   0|    7|    7|          0|
    |U_block_buffer_0_0_addr_2_reg_5002            |   0|    3|    3|          0|
    |U_block_buffer_0_1_addr_2_reg_5008            |   0|    3|    3|          0|
    |U_block_buffer_1_0_addr_2_reg_5014            |   0|    3|    3|          0|
    |U_block_buffer_1_1_addr_2_reg_5020            |   0|    3|    3|          0|
    |U_c_buffer_0_addr_1_reg_5703                  |   0|    7|    7|          0|
    |U_c_buffer_1_addr_1_reg_5685                  |   0|    7|    7|          0|
    |V_block_buffer_0_0_addr_2_reg_5129            |   0|    3|    3|          0|
    |V_block_buffer_0_1_addr_2_reg_5135            |   0|    3|    3|          0|
    |V_block_buffer_1_0_addr_2_reg_5141            |   0|    3|    3|          0|
    |V_block_buffer_1_1_addr_2_reg_5147            |   0|    3|    3|          0|
    |V_c_buffer_0_addr_1_reg_5679                  |   0|    7|    7|          0|
    |V_c_buffer_1_addr_1_reg_5673                  |   0|    7|    7|          0|
    |exitcond2_reg_4791                            |   0|    5|    1|          0|
    |exitcond_flatten1_reg_5444                    |   0|    1|    1|          0|
    |exitcond_flatten2_reg_5561                    |   0|    1|    1|          0|
    |exitcond_flatten3_reg_5779                    |   0|    1|    1|          0|
    |exitcond_flatten4_reg_5908                    |   0|    1|    1|          0|
    |exitcond_flatten5_reg_6005                    |   0|    1|    1|          0|
    |exitcond_flatten6_reg_6125                    |   0|    1|    1|          0|
    |exitcond_flatten_reg_4523                     |   0|    1|    1|          0|
    |i4_mid2_reg_6140                              |   0|    5|    5|          0|
    |j_mid2_reg_4532                               |   0|    5|    5|          0|
    |or_cond10_reg_5665                            |   0|    1|    1|          0|
    |or_cond13_reg_6089                            |   0|    1|    1|          0|
    |or_cond1_reg_5669                             |   0|    1|    1|          0|
    |or_cond4_reg_6093                             |   0|    1|    1|          0|
    |or_cond7_reg_4846                             |   0|    4|    1|          0|
    |reg_2623                                      |   0|   32|   32|          0|
    |reg_2636                                      |   0|   32|   32|          0|
    |tmp_15_reg_4800                               |   0|   16|   64|         60|
    |tmp_mid2_v_reg_4538                           |   0|    5|    5|          0|
    |vy_int_1_reg_4955                             |   0|   32|   32|          0|
    |vy_int_reg_4964                               |   0|   32|   32|          0|
    |vz_int_1_reg_4944                             |   0|   32|   32|          0|
    |w_in_reg_4874                                 |   0|  128|   32|          0|
    |x_in_reg_4882                                 |   0|  128|   32|          0|
    |y_in_reg_4890                                 |   0|  128|   32|          0|
    |z_in_reg_4898                                 |   0|  128|   32|          0|
    +----------------------------------------------+----+-----+-----+-----------+
    |Total                                         |4688|  827| 5563|        469|
    +----------------------------------------------+----+-----+-----+-----------+



================================================================
== Interface
================================================================
* Summary: 
+------------+-----+-----+------------+--------------+--------------+
|  RTL Ports | Dir | Bits|  Protocol  | Source Object|    C Type    |
+------------+-----+-----+------------+--------------+--------------+
|ap_clk      |  in |    1| ap_ctrl_hs |  dut_svd_alt | return value |
|ap_rst      |  in |    1| ap_ctrl_hs |  dut_svd_alt | return value |
|ap_start    |  in |    1| ap_ctrl_hs |  dut_svd_alt | return value |
|ap_done     | out |    1| ap_ctrl_hs |  dut_svd_alt | return value |
|ap_idle     | out |    1| ap_ctrl_hs |  dut_svd_alt | return value |
|ap_ready    | out |    1| ap_ctrl_hs |  dut_svd_alt | return value |
|A_address0  | out |    8|  ap_memory |       A      |     array    |
|A_ce0       | out |    1|  ap_memory |       A      |     array    |
|A_q0        |  in |   32|  ap_memory |       A      |     array    |
|S_address0  | out |    8|  ap_memory |       S      |     array    |
|S_ce0       | out |    1|  ap_memory |       S      |     array    |
|S_we0       | out |    1|  ap_memory |       S      |     array    |
|S_d0        | out |   32|  ap_memory |       S      |     array    |
|S_q0        |  in |   32|  ap_memory |       S      |     array    |
|S_address1  | out |    8|  ap_memory |       S      |     array    |
|S_ce1       | out |    1|  ap_memory |       S      |     array    |
|S_we1       | out |    1|  ap_memory |       S      |     array    |
|S_d1        | out |   32|  ap_memory |       S      |     array    |
|S_q1        |  in |   32|  ap_memory |       S      |     array    |
|U_address0  | out |    8|  ap_memory |       U      |     array    |
|U_ce0       | out |    1|  ap_memory |       U      |     array    |
|U_we0       | out |    1|  ap_memory |       U      |     array    |
|U_d0        | out |   32|  ap_memory |       U      |     array    |
|U_q0        |  in |   32|  ap_memory |       U      |     array    |
|U_address1  | out |    8|  ap_memory |       U      |     array    |
|U_ce1       | out |    1|  ap_memory |       U      |     array    |
|U_we1       | out |    1|  ap_memory |       U      |     array    |
|U_d1        | out |   32|  ap_memory |       U      |     array    |
|U_q1        |  in |   32|  ap_memory |       U      |     array    |
|V_address0  | out |    8|  ap_memory |       V      |     array    |
|V_ce0       | out |    1|  ap_memory |       V      |     array    |
|V_we0       | out |    1|  ap_memory |       V      |     array    |
|V_d0        | out |   32|  ap_memory |       V      |     array    |
|V_q0        |  in |   32|  ap_memory |       V      |     array    |
|V_address1  | out |    8|  ap_memory |       V      |     array    |
|V_ce1       | out |    1|  ap_memory |       V      |     array    |
|V_we1       | out |    1|  ap_memory |       V      |     array    |
|V_d1        | out |   32|  ap_memory |       V      |     array    |
|V_q1        |  in |   32|  ap_memory |       V      |     array    |
+------------+-----+-----+------------+--------------+--------------+

