

================================================================
== Vivado HLS Report for 'dut_svd_basic'
================================================================
* Date:           Fri Nov 11 23:14:30 2022

* Version:        2016.2 (Build 1577090 on Thu Jun 02 16:59:10 MDT 2016)
* Project:        pca.prj
* Solution:       solution1
* Product family: zynq
* Target device:  xc7z020clg484-1


================================================================
== Performance Estimates
================================================================
+ Timing (ns): 
    * Summary: 
    +--------+-------+----------+------------+
    |  Clock | Target| Estimated| Uncertainty|
    +--------+-------+----------+------------+
    |ap_clk  |  10.00|      8.46|        1.25|
    +--------+-------+----------+------------+

+ Latency (clock cycles): 
    * Summary: 
    +-------+--------------+-------+--------------+---------+
    |        Latency       |       Interval       | Pipeline|
    |  min  |      max     |  min  |      max     |   Type  |
    +-------+--------------+-------+--------------+---------+
    |  14113|  260456081761|  14113|  260456081761|   none  |
    +-------+--------------+-------+--------------+---------+

    + Detail: 
        * Instance: 
        +-----------------------------------------+------------------------------+-----+-----+-----+-----+----------+
        |                                         |                              |  Latency  |  Interval | Pipeline |
        |                 Instance                |            Module            | min | max | min | max |   Type   |
        +-----------------------------------------+------------------------------+-----+-----+-----+-----+----------+
        |grp_dut_calc_angle_float_float_s_fu_576  |dut_calc_angle_float_float_s  |    1|   87|    1|   87|   none   |
        |grp_dut_calc_angle_float_float_s_fu_582  |dut_calc_angle_float_float_s  |    1|   87|    1|   87|   none   |
        |grp_dut_vm2x1_base_fu_588                |dut_vm2x1_base                |    9|    9|   10|   10| function |
        |grp_dut_vm2x1_base_fu_596                |dut_vm2x1_base                |    9|    9|   10|   10| function |
        |grp_dut_vm2x1_base_fu_604                |dut_vm2x1_base                |    9|    9|   10|   10| function |
        |grp_dut_vm2x1_base_fu_612                |dut_vm2x1_base                |    9|    9|   10|   10| function |
        |grp_dut_vm2x1_base_fu_620                |dut_vm2x1_base                |    9|    9|   10|   10| function |
        |grp_dut_vm2x1_base_fu_628                |dut_vm2x1_base                |    9|    9|   10|   10| function |
        |grp_dut_vm2x1_base_fu_636                |dut_vm2x1_base                |    9|    9|   10|   10| function |
        |grp_dut_vm2x1_base_fu_644                |dut_vm2x1_base                |    9|    9|   10|   10| function |
        +-----------------------------------------+------------------------------+-----+-----+-----+-----+----------+

        * Loop: 
        +-----------------------+-------+--------------+---------------+-----------+-----------+---------+----------+
        |                       |        Latency       |   Iteration   |  Initiation Interval  |   Trip  |          |
        |       Loop Name       |  min  |      max     |    Latency    |  achieved |   target  |  Count  | Pipelined|
        +-----------------------+-------+--------------+---------------+-----------+-----------+---------+----------+
        |- sweep_loop_row_loop  |  14112|  260456081760|  3 ~ 55369065 |          -|          -|     4704|    no    |
        | + col_loop            |      0|      55369062| 70626 ~ 70714 |          -|          -| 0 ~ 783 |    no    |
        |  ++ off_col           |  19600|         19600|             25|         25|        100|      784|    yes   |
        |  ++ off_row           |  50960|         50960|             65|         65|        100|      784|    yes   |
        +-----------------------+-------+--------------+---------------+-----------+-----------+---------+----------+



================================================================
== Utilization Estimates
================================================================
* Summary: 
+-----------------+---------+-------+--------+-------+
|       Name      | BRAM_18K| DSP48E|   FF   |  LUT  |
+-----------------+---------+-------+--------+-------+
|DSP              |        -|      1|       -|      -|
|Expression       |        -|      1|       0|   1555|
|FIFO             |        -|      -|       -|      -|
|Instance         |        -|     76|    8278|  13530|
|Memory           |     6144|      -|     192|      0|
|Multiplexer      |        -|      -|       -|   1843|
|Register         |        -|      -|    2740|      -|
+-----------------+---------+-------+--------+-------+
|Total            |     6144|     78|   11210|  16928|
+-----------------+---------+-------+--------+-------+
|Available        |      280|    220|  106400|  53200|
+-----------------+---------+-------+--------+-------+
|Utilization (%)  |     2194|     35|      10|     31|
+-----------------+---------+-------+--------+-------+

+ Detail: 
    * Instance: 
    +-----------------------------------------+----------------------------------+---------+-------+------+------+
    |                 Instance                |              Module              | BRAM_18K| DSP48E|  FF  |  LUT |
    +-----------------------------------------+----------------------------------+---------+-------+------+------+
    |grp_dut_calc_angle_float_float_s_fu_576  |dut_calc_angle_float_float_s      |        0|     14|  1785|  2869|
    |grp_dut_calc_angle_float_float_s_fu_582  |dut_calc_angle_float_float_s      |        0|     14|  1785|  2869|
    |dut_fadd_32ns_32ns_32_5_full_dsp_U31     |dut_fadd_32ns_32ns_32_5_full_dsp  |        0|      2|   205|   390|
    |dut_fadd_32ns_32ns_32_5_full_dsp_U32     |dut_fadd_32ns_32ns_32_5_full_dsp  |        0|      2|   205|   390|
    |dut_fsub_32ns_32ns_32_5_full_dsp_U30     |dut_fsub_32ns_32ns_32_5_full_dsp  |        0|      2|   205|   390|
    |dut_fsub_32ns_32ns_32_5_full_dsp_U33     |dut_fsub_32ns_32ns_32_5_full_dsp  |        0|      2|   205|   390|
    |grp_dut_vm2x1_base_fu_588                |dut_vm2x1_base                    |        0|      5|   486|   779|
    |grp_dut_vm2x1_base_fu_596                |dut_vm2x1_base                    |        0|      5|   486|   779|
    |grp_dut_vm2x1_base_fu_604                |dut_vm2x1_base                    |        0|      5|   486|   779|
    |grp_dut_vm2x1_base_fu_612                |dut_vm2x1_base                    |        0|      5|   486|   779|
    |grp_dut_vm2x1_base_fu_620                |dut_vm2x1_base                    |        0|      5|   486|   779|
    |grp_dut_vm2x1_base_fu_628                |dut_vm2x1_base                    |        0|      5|   486|   779|
    |grp_dut_vm2x1_base_fu_636                |dut_vm2x1_base                    |        0|      5|   486|   779|
    |grp_dut_vm2x1_base_fu_644                |dut_vm2x1_base                    |        0|      5|   486|   779|
    +-----------------------------------------+----------------------------------+---------+-------+------+------+
    |Total                                    |                                  |        0|     76|  8278| 13530|
    +-----------------------------------------+----------------------------------+---------+-------+------+------+

    * DSP48: 
    +-------------------------------+---------------------------+-----------+
    |            Instance           |           Module          | Expression|
    +-------------------------------+---------------------------+-----------+
    |dut_mul_mul_11ns_21s_21_1_U34  |dut_mul_mul_11ns_21s_21_1  |  i0 * i1  |
    +-------------------------------+---------------------------+-----------+

    * Memory: 
    +--------+--------------------+---------+----+----+--------+-----+------+-------------+
    | Memory |       Module       | BRAM_18K| FF | LUT|  Words | Bits| Banks| W*Bits*Banks|
    +--------+--------------------+---------+----+----+--------+-----+------+-------------+
    |s_in_U  |dut_svd_basic_s_in  |     2048|  64|   0|  614656|   32|     1|     19668992|
    |u_in_U  |dut_svd_basic_s_in  |     2048|  64|   0|  614656|   32|     1|     19668992|
    |v_in_U  |dut_svd_basic_s_in  |     2048|  64|   0|  614656|   32|     1|     19668992|
    +--------+--------------------+---------+----+----+--------+-----+------+-------------+
    |Total   |                    |     6144| 192|   0| 1843968|   96|     3|     59006976|
    +--------+--------------------+---------+----+----+--------+-----+------+-------------+

    * FIFO: 
    N/A

    * Expression: 
    +-------------------------------+----------+-------+---+----+------------+------------+
    |         Variable Name         | Operation| DSP48E| FF| LUT| Bitwidth P0| Bitwidth P1|
    +-------------------------------+----------+-------+---+----+------------+------------+
    |tmp_s_fu_840_p2                |     *    |      1|  0|   0|          10|          10|
    |bottom_right_fu_873_p2         |     +    |      0|  0|  32|           1|          32|
    |indvar_flatten_next_fu_745_p2  |     +    |      0|  0|  13|          13|           1|
    |next_mul_fu_1352_p2            |     +    |      0|  0|  20|          20|          10|
    |off_col_1_fu_1240_p2           |     +    |      0|  0|  10|          10|           1|
    |off_row_1_fu_1326_p2           |     +    |      0|  0|  10|          10|           1|
    |sweepnum_1_fu_751_p2           |     +    |      0|  0|   3|           1|           3|
    |tmp_12_fu_898_p2               |     +    |      0|  0|  21|          21|          21|
    |tmp_23_fu_888_p2               |     +    |      0|  0|  21|          21|          21|
    |tmp_24_fu_908_p2               |     +    |      0|  0|  21|          21|          21|
    |tmp_27_fu_1274_p2              |     +    |      0|  0|  20|          20|          20|
    |tmp_29_fu_1286_p2              |     +    |      0|  0|  21|          21|          21|
    |tmp_31_fu_1358_p2              |     +    |      0|  0|  20|          20|          20|
    |tmp_32_fu_1374_p2              |     +    |      0|  0|  21|          21|          21|
    |tmp_3_fu_850_p2                |     +    |      0|  0|  20|          20|          20|
    |top_left_1_fu_883_p2           |     +    |      0|  0|  10|          10|           1|
    |or_cond1_fu_1303_p2            |    and   |      0|  0|   1|           1|           1|
    |or_cond2_fu_1409_p2            |    and   |      0|  0|   1|           1|           1|
    |exitcond1_fu_1234_p2           |   icmp   |      0|  0|   4|          10|           9|
    |exitcond2_fu_867_p2            |   icmp   |      0|  0|  11|          32|          10|
    |exitcond3_fu_757_p2            |   icmp   |      0|  0|   4|          10|           9|
    |exitcond_flatten_fu_739_p2     |   icmp   |      0|  0|   5|          13|          13|
    |exitcond_fu_1320_p2            |   icmp   |      0|  0|   4|          10|           9|
    |tmp1_fu_777_p2                 |   icmp   |      0|  0|   2|           3|           3|
    |tmp_16_fu_1150_p2              |   icmp   |      0|  0|  11|          32|           1|
    |tmp_19_fu_1250_p2              |   icmp   |      0|  0|  11|          32|          32|
    |tmp_1_fu_918_p2                |   icmp   |      0|  0|  11|          32|           1|
    |tmp_20_fu_1255_p2              |   icmp   |      0|  0|   4|          10|          10|
    |tmp_21_fu_1336_p2              |   icmp   |      0|  0|  11|          32|          32|
    |tmp_22_fu_1341_p2              |   icmp   |      0|  0|   4|          10|          10|
    |tmp_25_fu_1298_p2              |   icmp   |      0|  0|  11|          32|          32|
    |tmp_30_fu_1390_p2              |   icmp   |      0|  0|  11|          32|          32|
    |tmp_9_fu_828_p2                |   icmp   |      0|  0|   4|          10|           1|
    |tmp_mid1_fu_771_p2             |   icmp   |      0|  0|   2|           3|           3|
    |or_cond6_fu_1260_p2            |    or    |      0|  0|   1|           1|           1|
    |or_cond_fu_1346_p2             |    or    |      0|  0|   1|           1|           1|
    |tmp_13_fu_1127_p2              |    or    |      0|  0|  11|          10|          10|
    |tmp_17_fu_1156_p2              |    or    |      0|  0|   1|           1|           1|
    |tmp_7_fu_803_p2                |    or    |      0|  0|   5|           3|           3|
    |a1_assign_3_fu_1402_p3         |  select  |      0|  0|  32|           1|           1|
    |a1_assign_s_fu_1395_p3         |  select  |      0|  0|  32|           1|           1|
    |a2_assign_2_fu_1429_p3         |  select  |      0|  0|  32|           1|           1|
    |a2_assign_7_fu_1179_p3         |  select  |      0|  0|  32|           1|           1|
    |a2_assign_9_fu_1160_p3         |  select  |      0|  0|  32|           1|           1|
    |a2_assign_s_fu_1422_p3         |  select  |      0|  0|  32|           1|           1|
    |a3_assign_1_fu_1207_p3         |  select  |      0|  0|  32|           1|           1|
    |a3_assign_fu_1225_p3           |  select  |      0|  0|  32|           1|           1|
    |a4_assign_1_fu_1198_p3         |  select  |      0|  0|  32|           1|          30|
    |a4_assign_fu_1216_p3           |  select  |      0|  0|  32|           1|          30|
    |grp_fu_668_p3                  |  select  |      0|  0|  32|           1|          32|
    |grp_fu_675_p3                  |  select  |      0|  0|  32|           1|          32|
    |grp_fu_682_p3                  |  select  |      0|  0|  32|           1|          32|
    |sweepnum_mid2_fu_791_p3        |  select  |      0|  0|   3|           1|           3|
    |tmp_mid2_fu_783_p3             |  select  |      0|  0|   1|           1|           1|
    |top_left_mid2_fu_763_p3        |  select  |      0|  0|  10|           1|           1|
    |uw_in_1_fu_1189_p3             |  select  |      0|  0|  32|           1|          30|
    |vw_in_1_fu_1170_p3             |  select  |      0|  0|  32|           1|          30|
    |vw_int_3_fu_1097_p3            |  select  |      0|  0|  32|           1|          32|
    |vx_int_fu_1104_p3              |  select  |      0|  0|  32|           1|          32|
    |vy_int_2_fu_1110_p3            |  select  |      0|  0|  32|           1|          32|
    |vz_int_fu_1116_p3              |  select  |      0|  0|  32|           1|          32|
    |w_out_2_fu_1043_p3             |  select  |      0|  0|  32|           1|          32|
    |x_in_2_fu_925_p3               |  select  |      0|  0|  32|           1|          32|
    |x_in_3_fu_933_p3               |  select  |      0|  0|  32|           1|          32|
    |x_in_6_fu_1413_p3              |  select  |      0|  0|  32|           1|          32|
    |y_in_6_fu_1307_p3              |  select  |      0|  0|  32|           1|          32|
    |z_in_2_fu_940_p3               |  select  |      0|  0|  32|           1|          32|
    |z_out_2_fu_1074_p3             |  select  |      0|  0|  32|           1|          32|
    |tmp_6_neg_fu_966_p2            |    xor   |      0|  0|  45|          32|          33|
    |tmp_7_neg_fu_980_p2            |    xor   |      0|  0|  45|          32|          33|
    |uy_new_1_0_neg_fu_1010_p2      |    xor   |      0|  0|  45|          32|          33|
    |vw_int_neg_fu_1087_p2          |    xor   |      0|  0|  45|          32|          33|
    |vy_int_neg_fu_995_p2           |    xor   |      0|  0|  45|          32|          33|
    |w_out_1_neg_fu_1033_p2         |    xor   |      0|  0|  45|          32|          33|
    |z_out_1_neg_fu_1064_p2         |    xor   |      0|  0|  45|          32|          33|
    +-------------------------------+----------+-------+---+----+------------+------------+
    |Total                          |          |      1|  0|1555|         814|        1261|
    +-------------------------------+----------+-------+---+----+------------+------------+

    * Multiplexer: 
    +------------------------------+-----+-----------+-----+-----------+
    |             Name             | LUT | Input Size| Bits| Total Bits|
    +------------------------------+-----+-----------+-----+-----------+
    |A_address0                    |   20|          5|   20|        100|
    |A_address1                    |   20|          5|   20|        100|
    |S_address0                    |   20|          5|   20|        100|
    |S_address1                    |   20|          5|   20|        100|
    |S_d0                          |   32|          4|   32|        128|
    |S_d1                          |   32|          4|   32|        128|
    |U_address0                    |   20|          4|   20|         80|
    |U_address1                    |   20|          4|   20|         80|
    |U_d0                          |   32|          3|   32|         96|
    |U_d1                          |   32|          4|   32|        128|
    |V_address0                    |   20|          4|   20|         80|
    |V_address1                    |   20|          4|   20|         80|
    |V_d0                          |   32|          4|   32|        128|
    |V_d1                          |   32|          4|   32|        128|
    |ap_NS_fsm                     |  400|        159|    1|        159|
    |bottom_right_0_in_reg_533     |   32|          2|   32|         64|
    |grp_dut_vm2x1_base_fu_588_a1  |   64|         10|   32|        320|
    |grp_dut_vm2x1_base_fu_588_a2  |   64|         11|   32|        352|
    |grp_dut_vm2x1_base_fu_588_b1  |   64|         10|   32|        320|
    |grp_dut_vm2x1_base_fu_588_b2  |   64|         10|   32|        320|
    |grp_dut_vm2x1_base_fu_596_a1  |   32|          5|   32|        160|
    |grp_dut_vm2x1_base_fu_596_a2  |   32|          5|   32|        160|
    |grp_dut_vm2x1_base_fu_596_b1  |   32|          5|   32|        160|
    |grp_dut_vm2x1_base_fu_596_b2  |   32|          5|   32|        160|
    |grp_dut_vm2x1_base_fu_604_a1  |   32|          4|   32|        128|
    |grp_dut_vm2x1_base_fu_604_a2  |   32|          4|   32|        128|
    |grp_dut_vm2x1_base_fu_604_b1  |   32|          4|   32|        128|
    |grp_dut_vm2x1_base_fu_604_b2  |   32|          4|   32|        128|
    |grp_dut_vm2x1_base_fu_612_a1  |   32|          4|   32|        128|
    |grp_dut_vm2x1_base_fu_612_a2  |   32|          4|   32|        128|
    |grp_dut_vm2x1_base_fu_612_b1  |   32|          4|   32|        128|
    |grp_dut_vm2x1_base_fu_612_b2  |   32|          4|   32|        128|
    |grp_fu_668_p0                 |    1|          3|    1|          3|
    |indvar_flatten_reg_500        |   13|          2|   13|         26|
    |off_col_reg_543               |   10|          2|   10|         20|
    |off_row_reg_554               |   10|          2|   10|         20|
    |phi_mul_reg_565               |   20|          2|   20|         40|
    |s_in_address0                 |   40|          8|   20|        160|
    |s_in_address1                 |   40|          9|   20|        180|
    |s_in_d0                       |   32|          4|   32|        128|
    |s_in_d1                       |   32|          4|   32|        128|
    |sweepnum_reg_511              |    3|          2|    3|          6|
    |top_left_reg_522              |   10|          2|   10|         20|
    |u_in_address0                 |   20|          5|   20|        100|
    |u_in_address1                 |   20|          5|   20|        100|
    |u_in_d0                       |   32|          3|   32|         96|
    |u_in_d1                       |   32|          4|   32|        128|
    |v_in_address0                 |   20|          5|   20|        100|
    |v_in_address1                 |   20|          5|   20|        100|
    |v_in_d0                       |   32|          4|   32|        128|
    |v_in_d1                       |   32|          4|   32|        128|
    +------------------------------+-----+-----------+-----+-----------+
    |Total                         | 1843|        388| 1276|       6266|
    +------------------------------+-----+-----------+-----+-----------+

    * Register: 
    +---------------------------------------------------------+-----+----+-----+-----------+
    |                           Name                          |  FF | LUT| Bits| Const Bits|
    +---------------------------------------------------------+-----+----+-----+-----------+
    |A_addr_reg_1520                                          |   20|   0|   20|          0|
    |S_addr_2_reg_1821                                        |   20|   0|   20|          0|
    |S_addr_3_reg_1826                                        |   20|   0|   20|          0|
    |S_addr_4_reg_2008                                        |   20|   0|   20|          0|
    |S_addr_5_reg_2013                                        |   20|   0|   20|          0|
    |S_addr_6_reg_2066                                        |   20|   0|   20|          0|
    |S_addr_7_reg_2071                                        |   20|   0|   20|          0|
    |S_addr_reg_1525                                          |   20|   0|   20|          0|
    |U_addr_1_reg_1831                                        |   20|   0|   20|          0|
    |U_addr_2_reg_1836                                        |   20|   0|   20|          0|
    |U_addr_3_reg_1841                                        |   20|   0|   20|          0|
    |U_addr_4_reg_2076                                        |   20|   0|   20|          0|
    |U_addr_5_reg_2081                                        |   20|   0|   20|          0|
    |U_addr_reg_1530                                          |   20|   0|   20|          0|
    |V_addr_1_reg_1846                                        |   20|   0|   20|          0|
    |V_addr_2_reg_1851                                        |   20|   0|   20|          0|
    |V_addr_3_reg_1856                                        |   20|   0|   20|          0|
    |V_addr_4_reg_2086                                        |   20|   0|   20|          0|
    |V_addr_5_reg_2091                                        |   20|   0|   20|          0|
    |V_addr_reg_1535                                          |   20|   0|   20|          0|
    |a1_assign_3_reg_2136                                     |   32|   0|   32|          0|
    |a1_assign_s_reg_2131                                     |   32|   0|   32|          0|
    |a2_assign_2_reg_2151                                     |   32|   0|   32|          0|
    |a2_assign_s_reg_2146                                     |   32|   0|   32|          0|
    |ap_CS_fsm                                                |  158|   0|  158|          0|
    |ap_reg_grp_dut_calc_angle_float_float_s_fu_576_ap_start  |    1|   0|    1|          0|
    |ap_reg_grp_dut_calc_angle_float_float_s_fu_582_ap_start  |    1|   0|    1|          0|
    |ap_reg_grp_dut_vm2x1_base_fu_588_ap_start                |    1|   0|    1|          0|
    |ap_reg_grp_dut_vm2x1_base_fu_596_ap_start                |    1|   0|    1|          0|
    |ap_reg_grp_dut_vm2x1_base_fu_604_ap_start                |    1|   0|    1|          0|
    |ap_reg_grp_dut_vm2x1_base_fu_612_ap_start                |    1|   0|    1|          0|
    |ap_reg_grp_dut_vm2x1_base_fu_620_ap_start                |    1|   0|    1|          0|
    |ap_reg_grp_dut_vm2x1_base_fu_628_ap_start                |    1|   0|    1|          0|
    |ap_reg_grp_dut_vm2x1_base_fu_636_ap_start                |    1|   0|    1|          0|
    |ap_reg_grp_dut_vm2x1_base_fu_644_ap_start                |    1|   0|    1|          0|
    |bottom_right_0_in_reg_533                                |   32|   0|   32|          0|
    |bottom_right_reg_1558                                    |   32|   0|   32|          0|
    |cosA_half_reg_1703                                       |   32|   0|   32|          0|
    |cosB_half_reg_1719                                       |   32|   0|   32|          0|
    |exitcond1_reg_1985                                       |    1|   0|    1|          0|
    |exitcond_reg_2038                                        |    1|   0|    1|          0|
    |indvar_flatten_next_reg_1444                             |   13|   0|   13|          0|
    |indvar_flatten_reg_500                                   |   13|   0|   13|          0|
    |next_mul_reg_2051                                        |   20|   0|   20|          0|
    |off_col_1_reg_1989                                       |   10|   0|   10|          0|
    |off_col_reg_543                                          |   10|   0|   10|          0|
    |off_row_1_reg_2042                                       |   10|   0|   10|          0|
    |off_row_reg_554                                          |   10|   0|   10|          0|
    |or_cond6_reg_1994                                        |    1|   0|    1|          0|
    |or_cond_reg_2047                                         |    1|   0|    1|          0|
    |p_Result_1_reg_1804                                      |    1|   0|    1|          0|
    |p_Result_s_reg_1792                                      |    1|   0|    1|          0|
    |phi_mul_reg_565                                          |   20|   0|   20|          0|
    |reg_691                                                  |   32|   0|   32|          0|
    |reg_701                                                  |   32|   0|   32|          0|
    |reg_709                                                  |   32|   0|   32|          0|
    |reg_726                                                  |   32|   0|   32|          0|
    |reg_733                                                  |   32|   0|   32|          0|
    |s_in_addr_1_reg_1596                                     |   20|   0|   20|          0|
    |s_in_addr_2_reg_1630                                     |   20|   0|   20|          0|
    |s_in_addr_3_reg_1636                                     |   20|   0|   20|          0|
    |s_in_addr_4_reg_2018                                     |   20|   0|   20|          0|
    |s_in_addr_5_reg_2023                                     |   20|   0|   20|          0|
    |s_in_addr_6_reg_2116                                     |   20|   0|   20|          0|
    |s_in_addr_7_reg_2121                                     |   20|   0|   20|          0|
    |s_in_addr_reg_1550                                       |   20|   0|   20|          0|
    |sinA_half_reg_1711                                       |   32|   0|   32|          0|
    |sinB_half_reg_1727                                       |   32|   0|   32|          0|
    |sweepnum_mid2_reg_1463                                   |    3|   0|    3|          0|
    |sweepnum_reg_511                                         |    3|   0|    3|          0|
    |tmp_10_reg_1567                                          |   21|   0|   21|          0|
    |tmp_11_reg_1580                                          |   21|   0|   21|          0|
    |tmp_16_reg_1919                                          |    1|   0|    1|          0|
    |tmp_17_reg_1929                                          |    1|   0|    1|          0|
    |tmp_1_reg_1646                                           |    1|   0|    1|          0|
    |tmp_25_reg_2028                                          |    1|   0|    1|          0|
    |tmp_28_cast_reg_1607                                     |   64|   0|   64|          0|
    |tmp_29_cast_reg_1587                                     |   64|   0|   64|          0|
    |tmp_2_reg_1515                                           |   20|   0|   20|          0|
    |tmp_30_reg_2126                                          |    1|   0|    1|          0|
    |tmp_32_cast_reg_1621                                     |   64|   0|   64|          0|
    |tmp_4_reg_1473                                           |    7|   0|    7|          0|
    |tmp_7_reg_1468                                           |    3|   0|    3|          0|
    |tmp_8_reg_1483                                           |   10|   0|   10|          0|
    |tmp_9_reg_1488                                           |    1|   0|    1|          0|
    |tmp_cast5_reg_1500                                       |   10|   0|   20|         10|
    |tmp_cast_reg_1505                                        |   10|   0|   21|         11|
    |tmp_mid2_reg_1459                                        |    1|   0|    1|          0|
    |tmp_s_reg_1510                                           |   21|   0|   21|          0|
    |top_left_mid2_reg_1449                                   |   10|   0|   10|          0|
    |top_left_reg_522                                         |   10|   0|   10|          0|
    |u1_1_reg_1693                                            |   32|   0|   32|          0|
    |u1_reg_1683                                              |   32|   0|   32|          0|
    |u2_1_reg_1698                                            |   32|   0|   32|          0|
    |u2_reg_1688                                              |   32|   0|   32|          0|
    |u_in_addr_1_reg_1876                                     |   20|   0|   20|          0|
    |u_in_addr_2_reg_1881                                     |   20|   0|   20|          0|
    |u_in_addr_3_reg_1886                                     |   20|   0|   20|          0|
    |u_in_addr_4_reg_2106                                     |   20|   0|   20|          0|
    |u_in_addr_5_reg_2111                                     |   20|   0|   20|          0|
    |u_in_addr_reg_1545                                       |   20|   0|   20|          0|
    |ux_new_reg_1757                                          |   32|   0|   32|          0|
    |uy_int_reg_1785                                          |   32|   0|   32|          0|
    |uy_out_reg_1961                                          |   32|   0|   32|          0|
    |uz_new_reg_1745                                          |   32|   0|   32|          0|
    |uz_out_reg_1967                                          |   32|   0|   32|          0|
    |v_in_addr_1_reg_1861                                     |   20|   0|   20|          0|
    |v_in_addr_2_reg_1866                                     |   20|   0|   20|          0|
    |v_in_addr_3_reg_1871                                     |   20|   0|   20|          0|
    |v_in_addr_4_reg_2096                                     |   20|   0|   20|          0|
    |v_in_addr_5_reg_2101                                     |   20|   0|   20|          0|
    |v_in_addr_reg_1540                                       |   20|   0|   20|          0|
    |vw_int_3_reg_1891                                        |   32|   0|   32|          0|
    |vx_int_reg_1898                                          |   32|   0|   32|          0|
    |vy_int_2_reg_1905                                        |   32|   0|   32|          0|
    |vy_int_reg_1767                                          |   32|   0|   32|          0|
    |vy_out_reg_1973                                          |   32|   0|   32|          0|
    |vz_int_reg_1912                                          |   32|   0|   32|          0|
    |vz_out_reg_1979                                          |   32|   0|   32|          0|
    |w_in_3_reg_1659                                          |   32|   0|   32|          0|
    |w_out_2_reg_1798                                         |   32|   0|   32|          0|
    |x_in_3_reg_1651                                          |   32|   0|   32|          0|
    |x_in_6_reg_2141                                          |   32|   0|   32|          0|
    |y_in_3_reg_1675                                          |   32|   0|   32|          0|
    |y_in_6_reg_2033                                          |   32|   0|   32|          0|
    |z_in_2_reg_1667                                          |   32|   0|   32|          0|
    |z_out1_reg_1775                                          |   32|   0|   32|          0|
    |z_out2_reg_1780                                          |   32|   0|   32|          0|
    |z_out_2_reg_1810                                         |   32|   0|   32|          0|
    +---------------------------------------------------------+-----+----+-----+-----------+
    |Total                                                    | 2740|   0| 2761|         21|
    +---------------------------------------------------------+-----+----+-----+-----------+



================================================================
== Interface
================================================================
* Summary: 
+------------+-----+-----+------------+---------------+--------------+
|  RTL Ports | Dir | Bits|  Protocol  | Source Object |    C Type    |
+------------+-----+-----+------------+---------------+--------------+
|ap_clk      |  in |    1| ap_ctrl_hs | dut_svd_basic | return value |
|ap_rst      |  in |    1| ap_ctrl_hs | dut_svd_basic | return value |
|ap_start    |  in |    1| ap_ctrl_hs | dut_svd_basic | return value |
|ap_done     | out |    1| ap_ctrl_hs | dut_svd_basic | return value |
|ap_idle     | out |    1| ap_ctrl_hs | dut_svd_basic | return value |
|ap_ready    | out |    1| ap_ctrl_hs | dut_svd_basic | return value |
|A_address0  | out |   20|  ap_memory |       A       |     array    |
|A_ce0       | out |    1|  ap_memory |       A       |     array    |
|A_q0        |  in |   32|  ap_memory |       A       |     array    |
|A_address1  | out |   20|  ap_memory |       A       |     array    |
|A_ce1       | out |    1|  ap_memory |       A       |     array    |
|A_q1        |  in |   32|  ap_memory |       A       |     array    |
|S_address0  | out |   20|  ap_memory |       S       |     array    |
|S_ce0       | out |    1|  ap_memory |       S       |     array    |
|S_we0       | out |    1|  ap_memory |       S       |     array    |
|S_d0        | out |   32|  ap_memory |       S       |     array    |
|S_address1  | out |   20|  ap_memory |       S       |     array    |
|S_ce1       | out |    1|  ap_memory |       S       |     array    |
|S_we1       | out |    1|  ap_memory |       S       |     array    |
|S_d1        | out |   32|  ap_memory |       S       |     array    |
|U_address0  | out |   20|  ap_memory |       U       |     array    |
|U_ce0       | out |    1|  ap_memory |       U       |     array    |
|U_we0       | out |    1|  ap_memory |       U       |     array    |
|U_d0        | out |   32|  ap_memory |       U       |     array    |
|U_address1  | out |   20|  ap_memory |       U       |     array    |
|U_ce1       | out |    1|  ap_memory |       U       |     array    |
|U_we1       | out |    1|  ap_memory |       U       |     array    |
|U_d1        | out |   32|  ap_memory |       U       |     array    |
|V_address0  | out |   20|  ap_memory |       V       |     array    |
|V_ce0       | out |    1|  ap_memory |       V       |     array    |
|V_we0       | out |    1|  ap_memory |       V       |     array    |
|V_d0        | out |   32|  ap_memory |       V       |     array    |
|V_address1  | out |   20|  ap_memory |       V       |     array    |
|V_ce1       | out |    1|  ap_memory |       V       |     array    |
|V_we1       | out |    1|  ap_memory |       V       |     array    |
|V_d1        | out |   32|  ap_memory |       V       |     array    |
+------------+-----+-----+------------+---------------+--------------+

