

================================================================
== Vivado HLS Report for 'dut_calc_angle_float_float_s'
================================================================
* Date:           Thu Dec  8 09:14:19 2022

* Version:        2016.2 (Build 1577090 on Thu Jun 02 16:59:10 MDT 2016)
* Project:        pca.prj
* Solution:       solution1
* Product family: zynq
* Target device:  xc7z020clg484-1


================================================================
== Performance Estimates
================================================================
+ Timing (ns): 
    * Summary: 
    +--------+-------+----------+------------+
    |  Clock | Target| Estimated| Uncertainty|
    +--------+-------+----------+------------+
    |ap_clk  |  10.00|      8.16|        1.25|
    +--------+-------+----------+------------+

+ Latency (clock cycles): 
    * Summary: 
    +-----+-----+-----+-----+----------+
    |  Latency  |  Interval | Pipeline |
    | min | max | min | max |   Type   |
    +-----+-----+-----+-----+----------+
    |  118|  118|    1|    1| function |
    +-----+-----+-----+-----+----------+

    + Detail: 
        * Instance: 
        N/A

        * Loop: 
        N/A

============================================================
+ Verbose Summary: Synthesis Manager
============================================================
InlineROM: 1
ExposeGlobal: 0
============================================================
+ Verbose Summary: CDFG Model
============================================================
IsTopModel: 0
ResetActiveHigh: 1
IsCombinational: 0
IsDatapathOnly: 0
HasWiredReturn: 1
HasMFsm: 2
HasVarLatency: 0
IsPipeline: 1
IsRtlPipelined: 1
IsInstanceOverlapped: 0
IsDontTouch: 0
HasImplIP: 0
IsGatedGlobalClock: 0

+ Individual pipeline summary: 
  * Pipeline-0: initiation interval (II) = 1, depth = 119


============================================================
+ Verbose Summary: Schedule
============================================================
* Number of FSM states: 119
* Pipeline: 1
  Pipeline-0: II = 1, D = 119, States = { 1 2 3 4 5 6 7 8 9 10 11 12 13 14 15 16 17 18 19 20 21 22 23 24 25 26 27 28 29 30 31 32 33 34 35 36 37 38 39 40 41 42 43 44 45 46 47 48 49 50 51 52 53 54 55 56 57 58 59 60 61 62 63 64 65 66 67 68 69 70 71 72 73 74 75 76 77 78 79 80 81 82 83 84 85 86 87 88 89 90 91 92 93 94 95 96 97 98 99 100 101 102 103 104 105 106 107 108 109 110 111 112 113 114 115 116 117 118 119 }
* Dataflow Pipeline: 0

* FSM state transitions: 
1 --> 
	2  / true
2 --> 
	3  / true
3 --> 
	4  / true
4 --> 
	5  / true
5 --> 
	6  / true
6 --> 
	7  / true
7 --> 
	8  / true
8 --> 
	9  / true
9 --> 
	10  / true
10 --> 
	11  / true
11 --> 
	12  / true
12 --> 
	13  / true
13 --> 
	14  / true
14 --> 
	15  / true
15 --> 
	16  / true
16 --> 
	17  / true
17 --> 
	18  / true
18 --> 
	19  / true
19 --> 
	20  / true
20 --> 
	21  / true
21 --> 
	22  / true
22 --> 
	23  / true
23 --> 
	24  / true
24 --> 
	25  / true
25 --> 
	26  / true
26 --> 
	27  / true
27 --> 
	28  / true
28 --> 
	29  / true
29 --> 
	30  / true
30 --> 
	31  / true
31 --> 
	32  / true
32 --> 
	33  / true
33 --> 
	34  / true
34 --> 
	35  / true
35 --> 
	36  / true
36 --> 
	37  / true
37 --> 
	38  / true
38 --> 
	39  / true
39 --> 
	40  / true
40 --> 
	41  / true
41 --> 
	42  / true
42 --> 
	43  / true
43 --> 
	44  / true
44 --> 
	45  / true
45 --> 
	46  / true
46 --> 
	47  / true
47 --> 
	48  / true
48 --> 
	49  / true
49 --> 
	50  / true
50 --> 
	51  / true
51 --> 
	52  / true
52 --> 
	53  / true
53 --> 
	54  / true
54 --> 
	55  / true
55 --> 
	56  / true
56 --> 
	57  / true
57 --> 
	58  / true
58 --> 
	59  / true
59 --> 
	60  / true
60 --> 
	61  / true
61 --> 
	62  / true
62 --> 
	63  / true
63 --> 
	64  / true
64 --> 
	65  / true
65 --> 
	66  / true
66 --> 
	67  / true
67 --> 
	68  / true
68 --> 
	69  / true
69 --> 
	70  / true
70 --> 
	71  / true
71 --> 
	72  / true
72 --> 
	73  / true
73 --> 
	74  / true
74 --> 
	75  / true
75 --> 
	76  / true
76 --> 
	77  / true
77 --> 
	78  / true
78 --> 
	79  / true
79 --> 
	80  / true
80 --> 
	81  / true
81 --> 
	82  / true
82 --> 
	83  / true
83 --> 
	84  / true
84 --> 
	85  / true
85 --> 
	86  / true
86 --> 
	87  / true
87 --> 
	88  / true
88 --> 
	89  / true
89 --> 
	90  / true
90 --> 
	91  / true
91 --> 
	92  / true
92 --> 
	93  / true
93 --> 
	94  / true
94 --> 
	95  / true
95 --> 
	96  / true
96 --> 
	97  / true
97 --> 
	98  / true
98 --> 
	99  / true
99 --> 
	100  / true
100 --> 
	101  / true
101 --> 
	102  / true
102 --> 
	103  / true
103 --> 
	104  / true
104 --> 
	105  / true
105 --> 
	106  / true
106 --> 
	107  / true
107 --> 
	108  / true
108 --> 
	109  / true
109 --> 
	110  / true
110 --> 
	111  / true
111 --> 
	112  / true
112 --> 
	113  / true
113 --> 
	114  / true
114 --> 
	115  / true
115 --> 
	116  / true
116 --> 
	117  / true
117 --> 
	118  / true
118 --> 
	119  / true
119 --> 
* FSM state operations: 

 <State 1>: 7.83ns
ST_1: A_i_read [1/1] 1.04ns
:0  %A_i_read = call float @_ssdm_op_Read.ap_auto.float(float %A_i)

ST_1: A_r_read [1/1] 1.04ns
:1  %A_r_read = call float @_ssdm_op_Read.ap_auto.float(float %A_r)

ST_1: p_Val2_s [1/1] 0.00ns
:2  %p_Val2_s = bitcast float %A_r_read to i32

ST_1: loc_V [1/1] 0.00ns
:3  %loc_V = call i8 @_ssdm_op_PartSelect.i8.i32.i32.i32(i32 %p_Val2_s, i32 23, i32 30) nounwind

ST_1: p_Val2_7 [1/1] 0.00ns
:4  %p_Val2_7 = bitcast float %A_i_read to i32

ST_1: loc_V_2 [1/1] 0.00ns
:5  %loc_V_2 = call i8 @_ssdm_op_PartSelect.i8.i32.i32.i32(i32 %p_Val2_7, i32 23, i32 30) nounwind

ST_1: lhs_V_cast [1/1] 0.00ns
:6  %lhs_V_cast = zext i8 %loc_V_2 to i9

ST_1: r_V [1/1] 1.72ns
:7  %r_V = add i9 %lhs_V_cast, 24

ST_1: tmp_i_cast [1/1] 0.00ns
:8  %tmp_i_cast = zext i8 %loc_V to i9

ST_1: ult [1/1] 2.03ns
:9  %ult = icmp ult i9 %r_V, %tmp_i_cast

ST_1: notrhs_i [1/1] 2.00ns
:10  %notrhs_i = icmp eq i8 %loc_V_2, 0

ST_1: demorgan [1/1] 1.37ns
:11  %demorgan = or i1 %ult, %notrhs_i

ST_1: stg_132 [1/1] 0.00ns
:12  br i1 %demorgan, label %1, label %2

ST_1: r_V_1 [1/1] 1.72ns
:0  %r_V_1 = add i9 %tmp_i_cast, 24

ST_1: ult3 [1/1] 2.03ns
:1  %ult3 = icmp ult i9 %r_V_1, %lhs_V_cast

ST_1: notrhs_i1 [1/1] 2.00ns
:2  %notrhs_i1 = icmp eq i8 %loc_V, 0

ST_1: demorgan5 [1/1] 1.37ns
:3  %demorgan5 = or i1 %ult3, %notrhs_i1

ST_1: stg_137 [1/1] 0.00ns
:4  br i1 %demorgan5, label %3, label %4

ST_1: tanThetaA [16/16] 6.08ns
:0  %tanThetaA = fdiv float %A_i_read, %A_r_read

ST_1: tmp_25 [1/1] 0.00ns
:1  %tmp_25 = trunc i32 %p_Val2_s to i23

ST_1: notlhs7 [1/1] 2.00ns
:2  %notlhs7 = icmp ne i8 %loc_V, -1

ST_1: notrhs8 [1/1] 2.39ns
:3  %notrhs8 = icmp eq i23 %tmp_25, 0

ST_1: tmp_18 [1/1] 6.79ns
:5  %tmp_18 = fcmp oge float %A_r_read, 0.000000e+00

ST_1: tmp_24 [1/1] 0.00ns
:0  %tmp_24 = trunc i32 %p_Val2_7 to i23

ST_1: notlhs5 [1/1] 2.00ns
:1  %notlhs5 = icmp ne i8 %loc_V_2, -1

ST_1: notrhs6 [1/1] 2.39ns
:2  %notrhs6 = icmp eq i23 %tmp_24, 0

ST_1: tmp_15 [1/1] 6.79ns
:4  %tmp_15 = fcmp olt float %A_i_read, 0.000000e+00

ST_1: tmp [1/1] 0.00ns
:0  %tmp = trunc i32 %p_Val2_s to i23

ST_1: notlhs [1/1] 2.00ns
:1  %notlhs = icmp ne i8 %loc_V, -1

ST_1: notrhs [1/1] 2.39ns
:2  %notrhs = icmp eq i23 %tmp, 0

ST_1: tmp_12 [1/1] 6.79ns
:4  %tmp_12 = fcmp olt float %A_r_read, 0.000000e+00


 <State 2>: 6.08ns
ST_2: tanThetaA [15/16] 6.08ns
:0  %tanThetaA = fdiv float %A_i_read, %A_r_read

ST_2: tmp_11 [1/1] 0.00ns (grouped into LUT with out node tmp_13)
:3  %tmp_11 = or i1 %notrhs, %notlhs

ST_2: tmp_13 [1/1] 1.37ns (out node of the LUT)
:5  %tmp_13 = and i1 %tmp_11, %tmp_12


 <State 3>: 6.08ns
ST_3: tanThetaA [14/16] 6.08ns
:0  %tanThetaA = fdiv float %A_i_read, %A_r_read


 <State 4>: 6.08ns
ST_4: tanThetaA [13/16] 6.08ns
:0  %tanThetaA = fdiv float %A_i_read, %A_r_read


 <State 5>: 6.08ns
ST_5: tanThetaA [12/16] 6.08ns
:0  %tanThetaA = fdiv float %A_i_read, %A_r_read


 <State 6>: 6.08ns
ST_6: tanThetaA [11/16] 6.08ns
:0  %tanThetaA = fdiv float %A_i_read, %A_r_read


 <State 7>: 6.08ns
ST_7: tanThetaA [10/16] 6.08ns
:0  %tanThetaA = fdiv float %A_i_read, %A_r_read


 <State 8>: 6.08ns
ST_8: tanThetaA [9/16] 6.08ns
:0  %tanThetaA = fdiv float %A_i_read, %A_r_read


 <State 9>: 6.08ns
ST_9: tanThetaA [8/16] 6.08ns
:0  %tanThetaA = fdiv float %A_i_read, %A_r_read


 <State 10>: 6.08ns
ST_10: tanThetaA [7/16] 6.08ns
:0  %tanThetaA = fdiv float %A_i_read, %A_r_read


 <State 11>: 6.08ns
ST_11: tanThetaA [6/16] 6.08ns
:0  %tanThetaA = fdiv float %A_i_read, %A_r_read


 <State 12>: 6.08ns
ST_12: tanThetaA [5/16] 6.08ns
:0  %tanThetaA = fdiv float %A_i_read, %A_r_read


 <State 13>: 6.08ns
ST_13: tanThetaA [4/16] 6.08ns
:0  %tanThetaA = fdiv float %A_i_read, %A_r_read


 <State 14>: 6.08ns
ST_14: tanThetaA [3/16] 6.08ns
:0  %tanThetaA = fdiv float %A_i_read, %A_r_read


 <State 15>: 6.08ns
ST_15: tanThetaA [2/16] 6.08ns
:0  %tanThetaA = fdiv float %A_i_read, %A_r_read


 <State 16>: 6.08ns
ST_16: tanThetaA [1/16] 6.08ns
:0  %tanThetaA = fdiv float %A_i_read, %A_r_read


 <State 17>: 5.70ns
ST_17: tmp_9 [4/4] 5.70ns
:8  %tmp_9 = fmul float %tanThetaA, %tanThetaA


 <State 18>: 5.70ns
ST_18: tmp_9 [3/4] 5.70ns
:8  %tmp_9 = fmul float %tanThetaA, %tanThetaA


 <State 19>: 5.70ns
ST_19: tmp_9 [2/4] 5.70ns
:8  %tmp_9 = fmul float %tanThetaA, %tanThetaA


 <State 20>: 5.70ns
ST_20: tmp_9 [1/4] 5.70ns
:8  %tmp_9 = fmul float %tanThetaA, %tanThetaA


 <State 21>: 7.26ns
ST_21: n_assign [5/5] 7.26ns
:9  %n_assign = fadd float %tmp_9, 1.000000e+00


 <State 22>: 7.26ns
ST_22: n_assign [4/5] 7.26ns
:9  %n_assign = fadd float %tmp_9, 1.000000e+00


 <State 23>: 7.26ns
ST_23: n_assign [3/5] 7.26ns
:9  %n_assign = fadd float %tmp_9, 1.000000e+00


 <State 24>: 7.26ns
ST_24: n_assign [2/5] 7.26ns
:9  %n_assign = fadd float %tmp_9, 1.000000e+00


 <State 25>: 7.26ns
ST_25: n_assign [1/5] 7.26ns
:9  %n_assign = fadd float %tmp_9, 1.000000e+00


 <State 26>: 8.13ns
ST_26: tmp_i_i [12/12] 8.13ns
:10  %tmp_i_i = call float @llvm.sqrt.f32(float %n_assign) nounwind


 <State 27>: 8.13ns
ST_27: tmp_i_i [11/12] 8.13ns
:10  %tmp_i_i = call float @llvm.sqrt.f32(float %n_assign) nounwind


 <State 28>: 8.13ns
ST_28: tmp_i_i [10/12] 8.13ns
:10  %tmp_i_i = call float @llvm.sqrt.f32(float %n_assign) nounwind


 <State 29>: 8.13ns
ST_29: tmp_i_i [9/12] 8.13ns
:10  %tmp_i_i = call float @llvm.sqrt.f32(float %n_assign) nounwind


 <State 30>: 8.13ns
ST_30: tmp_i_i [8/12] 8.13ns
:10  %tmp_i_i = call float @llvm.sqrt.f32(float %n_assign) nounwind


 <State 31>: 8.13ns
ST_31: tmp_i_i [7/12] 8.13ns
:10  %tmp_i_i = call float @llvm.sqrt.f32(float %n_assign) nounwind


 <State 32>: 8.13ns
ST_32: tmp_i_i [6/12] 8.13ns
:10  %tmp_i_i = call float @llvm.sqrt.f32(float %n_assign) nounwind


 <State 33>: 8.13ns
ST_33: tmp_i_i [5/12] 8.13ns
:10  %tmp_i_i = call float @llvm.sqrt.f32(float %n_assign) nounwind


 <State 34>: 8.13ns
ST_34: tmp_i_i [4/12] 8.13ns
:10  %tmp_i_i = call float @llvm.sqrt.f32(float %n_assign) nounwind


 <State 35>: 8.13ns
ST_35: tmp_i_i [3/12] 8.13ns
:10  %tmp_i_i = call float @llvm.sqrt.f32(float %n_assign) nounwind


 <State 36>: 8.13ns
ST_36: tmp_i_i [2/12] 8.13ns
:10  %tmp_i_i = call float @llvm.sqrt.f32(float %n_assign) nounwind


 <State 37>: 8.13ns
ST_37: tmp_i_i [1/12] 8.13ns
:10  %tmp_i_i = call float @llvm.sqrt.f32(float %n_assign) nounwind


 <State 38>: 6.08ns
ST_38: tmp_i [16/16] 6.08ns
:11  %tmp_i = fdiv float 1.000000e+00, %tmp_i_i


 <State 39>: 6.08ns
ST_39: tmp_i [15/16] 6.08ns
:11  %tmp_i = fdiv float 1.000000e+00, %tmp_i_i


 <State 40>: 6.08ns
ST_40: tmp_i [14/16] 6.08ns
:11  %tmp_i = fdiv float 1.000000e+00, %tmp_i_i


 <State 41>: 6.08ns
ST_41: tmp_i [13/16] 6.08ns
:11  %tmp_i = fdiv float 1.000000e+00, %tmp_i_i


 <State 42>: 6.08ns
ST_42: tmp_i [12/16] 6.08ns
:11  %tmp_i = fdiv float 1.000000e+00, %tmp_i_i


 <State 43>: 6.08ns
ST_43: tmp_i [11/16] 6.08ns
:11  %tmp_i = fdiv float 1.000000e+00, %tmp_i_i


 <State 44>: 6.08ns
ST_44: tmp_i [10/16] 6.08ns
:11  %tmp_i = fdiv float 1.000000e+00, %tmp_i_i


 <State 45>: 6.08ns
ST_45: tmp_i [9/16] 6.08ns
:11  %tmp_i = fdiv float 1.000000e+00, %tmp_i_i


 <State 46>: 6.08ns
ST_46: tmp_i [8/16] 6.08ns
:11  %tmp_i = fdiv float 1.000000e+00, %tmp_i_i


 <State 47>: 6.08ns
ST_47: tmp_i [7/16] 6.08ns
:11  %tmp_i = fdiv float 1.000000e+00, %tmp_i_i


 <State 48>: 6.08ns
ST_48: tmp_i [6/16] 6.08ns
:11  %tmp_i = fdiv float 1.000000e+00, %tmp_i_i


 <State 49>: 6.08ns
ST_49: tmp_i [5/16] 6.08ns
:11  %tmp_i = fdiv float 1.000000e+00, %tmp_i_i


 <State 50>: 6.08ns
ST_50: tmp_i [4/16] 6.08ns
:11  %tmp_i = fdiv float 1.000000e+00, %tmp_i_i


 <State 51>: 6.08ns
ST_51: tmp_i [3/16] 6.08ns
:11  %tmp_i = fdiv float 1.000000e+00, %tmp_i_i


 <State 52>: 6.08ns
ST_52: tmp_i [2/16] 6.08ns
:11  %tmp_i = fdiv float 1.000000e+00, %tmp_i_i


 <State 53>: 6.08ns
ST_53: tmp_i [1/16] 6.08ns
:11  %tmp_i = fdiv float 1.000000e+00, %tmp_i_i


 <State 54>: 7.07ns
ST_54: tmp_17 [1/1] 0.00ns (grouped into LUT with out node p_0_i)
:4  %tmp_17 = or i1 %notrhs8, %notlhs7

ST_54: tmp_19 [1/1] 0.00ns (grouped into LUT with out node p_0_i)
:6  %tmp_19 = and i1 %tmp_17, %tmp_18

ST_54: p_0_i [1/1] 1.37ns (out node of the LUT)
:7  %p_0_i = select i1 %tmp_19, float 1.000000e+00, float -1.000000e+00

ST_54: cosThetaA_int [4/4] 5.70ns
:12  %cosThetaA_int = fmul float %p_0_i, %tmp_i


 <State 55>: 5.70ns
ST_55: cosThetaA_int [3/4] 5.70ns
:12  %cosThetaA_int = fmul float %p_0_i, %tmp_i


 <State 56>: 5.70ns
ST_56: cosThetaA_int [2/4] 5.70ns
:12  %cosThetaA_int = fmul float %p_0_i, %tmp_i


 <State 57>: 5.70ns
ST_57: cosThetaA_int [1/4] 5.70ns
:12  %cosThetaA_int = fmul float %p_0_i, %tmp_i


 <State 58>: 8.16ns
ST_58: sinThetaA_int [4/4] 5.70ns
:13  %sinThetaA_int = fmul float %cosThetaA_int, %tanThetaA

ST_58: cosThetaA_int_to_int [1/1] 0.00ns
:14  %cosThetaA_int_to_int = bitcast float %cosThetaA_int to i32

ST_58: tmp_20 [1/1] 0.00ns
:15  %tmp_20 = call i8 @_ssdm_op_PartSelect.i8.i32.i32.i32(i32 %cosThetaA_int_to_int, i32 23, i32 30)

ST_58: tmp_26 [1/1] 0.00ns
:16  %tmp_26 = trunc i32 %cosThetaA_int_to_int to i23

ST_58: notlhs9 [1/1] 2.00ns
:17  %notlhs9 = icmp ne i8 %tmp_20, -1

ST_58: notrhs1 [1/1] 2.39ns
:18  %notrhs1 = icmp eq i23 %tmp_26, 0

ST_58: tmp_21 [1/1] 0.00ns (grouped into LUT with out node tmp_23)
:19  %tmp_21 = or i1 %notrhs1, %notlhs9

ST_58: tmp_22 [1/1] 6.79ns
:20  %tmp_22 = fcmp olt float %cosThetaA_int, 0.000000e+00

ST_58: tmp_23 [1/1] 1.37ns (out node of the LUT)
:21  %tmp_23 = and i1 %tmp_21, %tmp_22

ST_58: stg_221 [1/1] 0.00ns
:22  br i1 %tmp_23, label %5, label %6

ST_58: tmp_6 [5/5] 7.26ns
:0  %tmp_6 = fadd float %cosThetaA_int, 1.000000e+00

ST_58: tmp_5 [5/5] 7.26ns
:0  %tmp_5 = fsub float 1.000000e+00, %cosThetaA_int


 <State 59>: 7.26ns
ST_59: sinThetaA_int [3/4] 5.70ns
:13  %sinThetaA_int = fmul float %cosThetaA_int, %tanThetaA

ST_59: tmp_6 [4/5] 7.26ns
:0  %tmp_6 = fadd float %cosThetaA_int, 1.000000e+00

ST_59: tmp_5 [4/5] 7.26ns
:0  %tmp_5 = fsub float 1.000000e+00, %cosThetaA_int


 <State 60>: 7.26ns
ST_60: sinThetaA_int [2/4] 5.70ns
:13  %sinThetaA_int = fmul float %cosThetaA_int, %tanThetaA

ST_60: tmp_6 [3/5] 7.26ns
:0  %tmp_6 = fadd float %cosThetaA_int, 1.000000e+00

ST_60: tmp_5 [3/5] 7.26ns
:0  %tmp_5 = fsub float 1.000000e+00, %cosThetaA_int


 <State 61>: 7.26ns
ST_61: sinThetaA_int [1/4] 5.70ns
:13  %sinThetaA_int = fmul float %cosThetaA_int, %tanThetaA

ST_61: tmp_6 [2/5] 7.26ns
:0  %tmp_6 = fadd float %cosThetaA_int, 1.000000e+00

ST_61: tmp_5 [2/5] 7.26ns
:0  %tmp_5 = fsub float 1.000000e+00, %cosThetaA_int


 <State 62>: 7.26ns
ST_62: tmp_6 [1/5] 7.26ns
:0  %tmp_6 = fadd float %cosThetaA_int, 1.000000e+00

ST_62: tmp_5 [1/5] 7.26ns
:0  %tmp_5 = fsub float 1.000000e+00, %cosThetaA_int


 <State 63>: 6.08ns
ST_63: tanThetaAdiv2_1 [16/16] 6.08ns
:1  %tanThetaAdiv2_1 = fdiv float %sinThetaA_int, %tmp_6

ST_63: tanThetaAdiv2 [16/16] 6.08ns
:1  %tanThetaAdiv2 = fdiv float %tmp_5, %sinThetaA_int


 <State 64>: 6.08ns
ST_64: tanThetaAdiv2_1 [15/16] 6.08ns
:1  %tanThetaAdiv2_1 = fdiv float %sinThetaA_int, %tmp_6

ST_64: tanThetaAdiv2 [15/16] 6.08ns
:1  %tanThetaAdiv2 = fdiv float %tmp_5, %sinThetaA_int


 <State 65>: 6.08ns
ST_65: tanThetaAdiv2_1 [14/16] 6.08ns
:1  %tanThetaAdiv2_1 = fdiv float %sinThetaA_int, %tmp_6

ST_65: tanThetaAdiv2 [14/16] 6.08ns
:1  %tanThetaAdiv2 = fdiv float %tmp_5, %sinThetaA_int


 <State 66>: 6.08ns
ST_66: tanThetaAdiv2_1 [13/16] 6.08ns
:1  %tanThetaAdiv2_1 = fdiv float %sinThetaA_int, %tmp_6

ST_66: tanThetaAdiv2 [13/16] 6.08ns
:1  %tanThetaAdiv2 = fdiv float %tmp_5, %sinThetaA_int


 <State 67>: 6.08ns
ST_67: tanThetaAdiv2_1 [12/16] 6.08ns
:1  %tanThetaAdiv2_1 = fdiv float %sinThetaA_int, %tmp_6

ST_67: tanThetaAdiv2 [12/16] 6.08ns
:1  %tanThetaAdiv2 = fdiv float %tmp_5, %sinThetaA_int


 <State 68>: 6.08ns
ST_68: tanThetaAdiv2_1 [11/16] 6.08ns
:1  %tanThetaAdiv2_1 = fdiv float %sinThetaA_int, %tmp_6

ST_68: tanThetaAdiv2 [11/16] 6.08ns
:1  %tanThetaAdiv2 = fdiv float %tmp_5, %sinThetaA_int


 <State 69>: 6.08ns
ST_69: tanThetaAdiv2_1 [10/16] 6.08ns
:1  %tanThetaAdiv2_1 = fdiv float %sinThetaA_int, %tmp_6

ST_69: tanThetaAdiv2 [10/16] 6.08ns
:1  %tanThetaAdiv2 = fdiv float %tmp_5, %sinThetaA_int


 <State 70>: 6.08ns
ST_70: tanThetaAdiv2_1 [9/16] 6.08ns
:1  %tanThetaAdiv2_1 = fdiv float %sinThetaA_int, %tmp_6

ST_70: tanThetaAdiv2 [9/16] 6.08ns
:1  %tanThetaAdiv2 = fdiv float %tmp_5, %sinThetaA_int


 <State 71>: 6.08ns
ST_71: tanThetaAdiv2_1 [8/16] 6.08ns
:1  %tanThetaAdiv2_1 = fdiv float %sinThetaA_int, %tmp_6

ST_71: tanThetaAdiv2 [8/16] 6.08ns
:1  %tanThetaAdiv2 = fdiv float %tmp_5, %sinThetaA_int


 <State 72>: 6.08ns
ST_72: tanThetaAdiv2_1 [7/16] 6.08ns
:1  %tanThetaAdiv2_1 = fdiv float %sinThetaA_int, %tmp_6

ST_72: tanThetaAdiv2 [7/16] 6.08ns
:1  %tanThetaAdiv2 = fdiv float %tmp_5, %sinThetaA_int


 <State 73>: 6.08ns
ST_73: tanThetaAdiv2_1 [6/16] 6.08ns
:1  %tanThetaAdiv2_1 = fdiv float %sinThetaA_int, %tmp_6

ST_73: tanThetaAdiv2 [6/16] 6.08ns
:1  %tanThetaAdiv2 = fdiv float %tmp_5, %sinThetaA_int


 <State 74>: 6.08ns
ST_74: tanThetaAdiv2_1 [5/16] 6.08ns
:1  %tanThetaAdiv2_1 = fdiv float %sinThetaA_int, %tmp_6

ST_74: tanThetaAdiv2 [5/16] 6.08ns
:1  %tanThetaAdiv2 = fdiv float %tmp_5, %sinThetaA_int


 <State 75>: 6.08ns
ST_75: tanThetaAdiv2_1 [4/16] 6.08ns
:1  %tanThetaAdiv2_1 = fdiv float %sinThetaA_int, %tmp_6

ST_75: tanThetaAdiv2 [4/16] 6.08ns
:1  %tanThetaAdiv2 = fdiv float %tmp_5, %sinThetaA_int


 <State 76>: 6.08ns
ST_76: tanThetaAdiv2_1 [3/16] 6.08ns
:1  %tanThetaAdiv2_1 = fdiv float %sinThetaA_int, %tmp_6

ST_76: tanThetaAdiv2 [3/16] 6.08ns
:1  %tanThetaAdiv2 = fdiv float %tmp_5, %sinThetaA_int


 <State 77>: 6.08ns
ST_77: tanThetaAdiv2_1 [2/16] 6.08ns
:1  %tanThetaAdiv2_1 = fdiv float %sinThetaA_int, %tmp_6

ST_77: tanThetaAdiv2 [2/16] 6.08ns
:1  %tanThetaAdiv2 = fdiv float %tmp_5, %sinThetaA_int


 <State 78>: 7.65ns
ST_78: tanThetaAdiv2_1 [1/16] 6.08ns
:1  %tanThetaAdiv2_1 = fdiv float %sinThetaA_int, %tmp_6

ST_78: stg_266 [1/1] 1.57ns
:2  br label %7

ST_78: tanThetaAdiv2 [1/16] 6.08ns
:1  %tanThetaAdiv2 = fdiv float %tmp_5, %sinThetaA_int

ST_78: stg_268 [1/1] 1.57ns
:2  br label %7


 <State 79>: 5.70ns
ST_79: tanThetaAdiv [1/1] 0.00ns
:0  %tanThetaAdiv = phi float [ %tanThetaAdiv2, %5 ], [ %tanThetaAdiv2_1, %6 ]

ST_79: tmp_s [4/4] 5.70ns
:1  %tmp_s = fmul float %tanThetaAdiv, %tanThetaAdiv


 <State 80>: 5.70ns
ST_80: tmp_s [3/4] 5.70ns
:1  %tmp_s = fmul float %tanThetaAdiv, %tanThetaAdiv


 <State 81>: 5.70ns
ST_81: tmp_s [2/4] 5.70ns
:1  %tmp_s = fmul float %tanThetaAdiv, %tanThetaAdiv


 <State 82>: 5.70ns
ST_82: tmp_s [1/4] 5.70ns
:1  %tmp_s = fmul float %tanThetaAdiv, %tanThetaAdiv


 <State 83>: 7.26ns
ST_83: n_assign_4 [5/5] 7.26ns
:2  %n_assign_4 = fadd float %tmp_s, 1.000000e+00


 <State 84>: 7.26ns
ST_84: n_assign_4 [4/5] 7.26ns
:2  %n_assign_4 = fadd float %tmp_s, 1.000000e+00


 <State 85>: 7.26ns
ST_85: n_assign_4 [3/5] 7.26ns
:2  %n_assign_4 = fadd float %tmp_s, 1.000000e+00


 <State 86>: 7.26ns
ST_86: n_assign_4 [2/5] 7.26ns
:2  %n_assign_4 = fadd float %tmp_s, 1.000000e+00


 <State 87>: 7.26ns
ST_87: n_assign_4 [1/5] 7.26ns
:2  %n_assign_4 = fadd float %tmp_s, 1.000000e+00


 <State 88>: 8.13ns
ST_88: tmp_i_i1 [12/12] 8.13ns
:3  %tmp_i_i1 = call float @llvm.sqrt.f32(float %n_assign_4) nounwind


 <State 89>: 8.13ns
ST_89: tmp_i_i1 [11/12] 8.13ns
:3  %tmp_i_i1 = call float @llvm.sqrt.f32(float %n_assign_4) nounwind


 <State 90>: 8.13ns
ST_90: tmp_i_i1 [10/12] 8.13ns
:3  %tmp_i_i1 = call float @llvm.sqrt.f32(float %n_assign_4) nounwind


 <State 91>: 8.13ns
ST_91: tmp_i_i1 [9/12] 8.13ns
:3  %tmp_i_i1 = call float @llvm.sqrt.f32(float %n_assign_4) nounwind


 <State 92>: 8.13ns
ST_92: tmp_i_i1 [8/12] 8.13ns
:3  %tmp_i_i1 = call float @llvm.sqrt.f32(float %n_assign_4) nounwind


 <State 93>: 8.13ns
ST_93: tmp_i_i1 [7/12] 8.13ns
:3  %tmp_i_i1 = call float @llvm.sqrt.f32(float %n_assign_4) nounwind


 <State 94>: 8.13ns
ST_94: tmp_i_i1 [6/12] 8.13ns
:3  %tmp_i_i1 = call float @llvm.sqrt.f32(float %n_assign_4) nounwind


 <State 95>: 8.13ns
ST_95: tmp_i_i1 [5/12] 8.13ns
:3  %tmp_i_i1 = call float @llvm.sqrt.f32(float %n_assign_4) nounwind


 <State 96>: 8.13ns
ST_96: tmp_i_i1 [4/12] 8.13ns
:3  %tmp_i_i1 = call float @llvm.sqrt.f32(float %n_assign_4) nounwind


 <State 97>: 8.13ns
ST_97: tmp_i_i1 [3/12] 8.13ns
:3  %tmp_i_i1 = call float @llvm.sqrt.f32(float %n_assign_4) nounwind


 <State 98>: 8.13ns
ST_98: tmp_i_i1 [2/12] 8.13ns
:3  %tmp_i_i1 = call float @llvm.sqrt.f32(float %n_assign_4) nounwind


 <State 99>: 8.13ns
ST_99: tmp_i_i1 [1/12] 8.13ns
:3  %tmp_i_i1 = call float @llvm.sqrt.f32(float %n_assign_4) nounwind


 <State 100>: 6.08ns
ST_100: cosThetaAdiv2_int [16/16] 6.08ns
:4  %cosThetaAdiv2_int = fdiv float 1.000000e+00, %tmp_i_i1


 <State 101>: 6.08ns
ST_101: cosThetaAdiv2_int [15/16] 6.08ns
:4  %cosThetaAdiv2_int = fdiv float 1.000000e+00, %tmp_i_i1


 <State 102>: 6.08ns
ST_102: cosThetaAdiv2_int [14/16] 6.08ns
:4  %cosThetaAdiv2_int = fdiv float 1.000000e+00, %tmp_i_i1


 <State 103>: 6.08ns
ST_103: cosThetaAdiv2_int [13/16] 6.08ns
:4  %cosThetaAdiv2_int = fdiv float 1.000000e+00, %tmp_i_i1


 <State 104>: 6.08ns
ST_104: cosThetaAdiv2_int [12/16] 6.08ns
:4  %cosThetaAdiv2_int = fdiv float 1.000000e+00, %tmp_i_i1


 <State 105>: 6.08ns
ST_105: cosThetaAdiv2_int [11/16] 6.08ns
:4  %cosThetaAdiv2_int = fdiv float 1.000000e+00, %tmp_i_i1


 <State 106>: 6.08ns
ST_106: cosThetaAdiv2_int [10/16] 6.08ns
:4  %cosThetaAdiv2_int = fdiv float 1.000000e+00, %tmp_i_i1


 <State 107>: 6.08ns
ST_107: cosThetaAdiv2_int [9/16] 6.08ns
:4  %cosThetaAdiv2_int = fdiv float 1.000000e+00, %tmp_i_i1


 <State 108>: 6.08ns
ST_108: cosThetaAdiv2_int [8/16] 6.08ns
:4  %cosThetaAdiv2_int = fdiv float 1.000000e+00, %tmp_i_i1


 <State 109>: 6.08ns
ST_109: cosThetaAdiv2_int [7/16] 6.08ns
:4  %cosThetaAdiv2_int = fdiv float 1.000000e+00, %tmp_i_i1


 <State 110>: 6.08ns
ST_110: cosThetaAdiv2_int [6/16] 6.08ns
:4  %cosThetaAdiv2_int = fdiv float 1.000000e+00, %tmp_i_i1


 <State 111>: 6.08ns
ST_111: cosThetaAdiv2_int [5/16] 6.08ns
:4  %cosThetaAdiv2_int = fdiv float 1.000000e+00, %tmp_i_i1


 <State 112>: 6.08ns
ST_112: cosThetaAdiv2_int [4/16] 6.08ns
:4  %cosThetaAdiv2_int = fdiv float 1.000000e+00, %tmp_i_i1


 <State 113>: 6.08ns
ST_113: cosThetaAdiv2_int [3/16] 6.08ns
:4  %cosThetaAdiv2_int = fdiv float 1.000000e+00, %tmp_i_i1


 <State 114>: 6.08ns
ST_114: cosThetaAdiv2_int [2/16] 6.08ns
:4  %cosThetaAdiv2_int = fdiv float 1.000000e+00, %tmp_i_i1


 <State 115>: 6.08ns
ST_115: cosThetaAdiv2_int [1/16] 6.08ns
:4  %cosThetaAdiv2_int = fdiv float 1.000000e+00, %tmp_i_i1


 <State 116>: 5.70ns
ST_116: tmp_2 [4/4] 5.70ns
:5  %tmp_2 = fmul float %cosThetaAdiv2_int, %tanThetaAdiv


 <State 117>: 5.70ns
ST_117: tmp_2 [3/4] 5.70ns
:5  %tmp_2 = fmul float %cosThetaAdiv2_int, %tanThetaAdiv


 <State 118>: 5.70ns
ST_118: tmp_2 [2/4] 5.70ns
:5  %tmp_2 = fmul float %cosThetaAdiv2_int, %tanThetaAdiv

ST_118: tmp_14 [1/1] 0.00ns (grouped into LUT with out node storemerge1)
:3  %tmp_14 = or i1 %notrhs6, %notlhs5

ST_118: tmp_16 [1/1] 0.00ns (grouped into LUT with out node storemerge1)
:5  %tmp_16 = and i1 %tmp_14, %tmp_15

ST_118: storemerge1 [1/1] 1.37ns (out node of the LUT)
:6  %storemerge1 = select i1 %tmp_16, float 0xBFE6A09E60000000, float 0x3FE6A09E60000000

ST_118: stg_313 [1/1] 1.57ns
:7  br label %8

ST_118: p_s [1/1] 1.37ns
:6  %p_s = select i1 %tmp_13, float 0.000000e+00, float 1.000000e+00

ST_118: p_1 [1/1] 1.37ns
:7  %p_1 = select i1 %tmp_13, float 1.000000e+00, float 0.000000e+00

ST_118: stg_316 [1/1] 1.57ns
:8  br label %8


 <State 119>: 7.27ns
ST_119: tmp_2 [1/4] 5.70ns
:5  %tmp_2 = fmul float %cosThetaAdiv2_int, %tanThetaAdiv

ST_119: stg_318 [1/1] 1.57ns
:6  br label %8

ST_119: cosThetaAdiv2_write_assign [1/1] 0.00ns
:0  %cosThetaAdiv2_write_assign = phi float [ %cosThetaAdiv2_int, %7 ], [ %storemerge1, %3 ], [ %p_s, %1 ]

ST_119: sinThetaAdiv2_write_assign [1/1] 0.00ns
:1  %sinThetaAdiv2_write_assign = phi float [ %tmp_2, %7 ], [ 0x3FE6A09E60000000, %3 ], [ %p_1, %1 ]

ST_119: newret [1/1] 0.00ns
:2  %newret = insertvalue { float, float } undef, float %cosThetaAdiv2_write_assign, 0

ST_119: newret2 [1/1] 0.00ns
:3  %newret2 = insertvalue { float, float } %newret, float %sinThetaAdiv2_write_assign, 1

ST_119: stg_323 [1/1] 0.00ns
:4  ret { float, float } %newret2



============================================================
+ Verbose Summary: Binding
============================================================
STG Binding: 
---------------- STG Properties BEGIN ----------------
- Is combinational: 0
- Is one-state seq: 0
- Is datapath-only: 1
- Is clock enabled: 0
- Is pipelined: 1
- Is top level: 0
Port [ Return ] is wired: 1; IO mode=ap_ctrl_hs:ce=0
Port [ A_r]:  wired=1; compound=0; hidden=0; nouse=0; global=0; static=0; extern=0; dir=0; type=0; pingpong=0; private_global=0; IO mode=ap_none:ce=0
Port [ A_i]:  wired=1; compound=0; hidden=0; nouse=0; global=0; static=0; extern=0; dir=0; type=0; pingpong=0; private_global=0; IO mode=ap_none:ce=0
---------------- STG Properties END ------------------

---------------- Datapath Model BEGIN ----------------

<LifeTime>
<method=bitvector/>
A_i_read                   (read       ) [ 011111111111111110000000000000000000000000000000000000000000000000000000000000000000000000000000000000000000000000000000]
A_r_read                   (read       ) [ 011111111111111110000000000000000000000000000000000000000000000000000000000000000000000000000000000000000000000000000000]
p_Val2_s                   (bitcast    ) [ 000000000000000000000000000000000000000000000000000000000000000000000000000000000000000000000000000000000000000000000000]
loc_V                      (partselect ) [ 000000000000000000000000000000000000000000000000000000000000000000000000000000000000000000000000000000000000000000000000]
p_Val2_7                   (bitcast    ) [ 000000000000000000000000000000000000000000000000000000000000000000000000000000000000000000000000000000000000000000000000]
loc_V_2                    (partselect ) [ 000000000000000000000000000000000000000000000000000000000000000000000000000000000000000000000000000000000000000000000000]
lhs_V_cast                 (zext       ) [ 000000000000000000000000000000000000000000000000000000000000000000000000000000000000000000000000000000000000000000000000]
r_V                        (add        ) [ 000000000000000000000000000000000000000000000000000000000000000000000000000000000000000000000000000000000000000000000000]
tmp_i_cast                 (zext       ) [ 000000000000000000000000000000000000000000000000000000000000000000000000000000000000000000000000000000000000000000000000]
ult                        (icmp       ) [ 000000000000000000000000000000000000000000000000000000000000000000000000000000000000000000000000000000000000000000000000]
notrhs_i                   (icmp       ) [ 000000000000000000000000000000000000000000000000000000000000000000000000000000000000000000000000000000000000000000000000]
demorgan                   (or         ) [ 011111111111111111111111111111111111111111111111111111111111111111111111111111111111111111111111111111111111111111111111]
stg_132                    (br         ) [ 000000000000000000000000000000000000000000000000000000000000000000000000000000000000000000000000000000000000000000000000]
r_V_1                      (add        ) [ 000000000000000000000000000000000000000000000000000000000000000000000000000000000000000000000000000000000000000000000000]
ult3                       (icmp       ) [ 000000000000000000000000000000000000000000000000000000000000000000000000000000000000000000000000000000000000000000000000]
notrhs_i1                  (icmp       ) [ 000000000000000000000000000000000000000000000000000000000000000000000000000000000000000000000000000000000000000000000000]
demorgan5                  (or         ) [ 011111111111111111111111111111111111111111111111111111111111111111111111111111111111111111111111111111111111111111111111]
stg_137                    (br         ) [ 000000000000000000000000000000000000000000000000000000000000000000000000000000000000000000000000000000000000000000000000]
tmp_25                     (trunc      ) [ 000000000000000000000000000000000000000000000000000000000000000000000000000000000000000000000000000000000000000000000000]
notlhs7                    (icmp       ) [ 011111111111111111111111111111111111111111111111111111100000000000000000000000000000000000000000000000000000000000000000]
notrhs8                    (icmp       ) [ 011111111111111111111111111111111111111111111111111111100000000000000000000000000000000000000000000000000000000000000000]
tmp_18                     (fcmp       ) [ 011111111111111111111111111111111111111111111111111111100000000000000000000000000000000000000000000000000000000000000000]
tmp_24                     (trunc      ) [ 000000000000000000000000000000000000000000000000000000000000000000000000000000000000000000000000000000000000000000000000]
notlhs5                    (icmp       ) [ 011111111111111111111111111111111111111111111111111111111111111111111111111111111111111111111111111111111111111111111110]
notrhs6                    (icmp       ) [ 011111111111111111111111111111111111111111111111111111111111111111111111111111111111111111111111111111111111111111111110]
tmp_15                     (fcmp       ) [ 011111111111111111111111111111111111111111111111111111111111111111111111111111111111111111111111111111111111111111111110]
tmp                        (trunc      ) [ 000000000000000000000000000000000000000000000000000000000000000000000000000000000000000000000000000000000000000000000000]
notlhs                     (icmp       ) [ 011000000000000000000000000000000000000000000000000000000000000000000000000000000000000000000000000000000000000000000000]
notrhs                     (icmp       ) [ 011000000000000000000000000000000000000000000000000000000000000000000000000000000000000000000000000000000000000000000000]
tmp_12                     (fcmp       ) [ 011000000000000000000000000000000000000000000000000000000000000000000000000000000000000000000000000000000000000000000000]
tmp_11                     (or         ) [ 000000000000000000000000000000000000000000000000000000000000000000000000000000000000000000000000000000000000000000000000]
tmp_13                     (and        ) [ 010111111111111111111111111111111111111111111111111111111111111111111111111111111111111111111111111111111111111111111110]
tanThetaA                  (fdiv       ) [ 010000000000000001111111111111111111111111111111111111111111110000000000000000000000000000000000000000000000000000000000]
tmp_9                      (fmul       ) [ 010000000000000000000111110000000000000000000000000000000000000000000000000000000000000000000000000000000000000000000000]
n_assign                   (fadd       ) [ 010000000000000000000000001111111111110000000000000000000000000000000000000000000000000000000000000000000000000000000000]
tmp_i_i                    (fsqrt      ) [ 010000000000000000000000000000000000001111111111111111000000000000000000000000000000000000000000000000000000000000000000]
tmp_i                      (fdiv       ) [ 010000000000000000000000000000000000000000000000000000111100000000000000000000000000000000000000000000000000000000000000]
tmp_17                     (or         ) [ 000000000000000000000000000000000000000000000000000000000000000000000000000000000000000000000000000000000000000000000000]
tmp_19                     (and        ) [ 000000000000000000000000000000000000000000000000000000000000000000000000000000000000000000000000000000000000000000000000]
p_0_i                      (select     ) [ 010000000000000000000000000000000000000000000000000000011100000000000000000000000000000000000000000000000000000000000000]
cosThetaA_int              (fmul       ) [ 010000000000000000000000000000000000000000000000000000000011111000000000000000000000000000000000000000000000000000000000]
cosThetaA_int_to_int       (bitcast    ) [ 000000000000000000000000000000000000000000000000000000000000000000000000000000000000000000000000000000000000000000000000]
tmp_20                     (partselect ) [ 000000000000000000000000000000000000000000000000000000000000000000000000000000000000000000000000000000000000000000000000]
tmp_26                     (trunc      ) [ 000000000000000000000000000000000000000000000000000000000000000000000000000000000000000000000000000000000000000000000000]
notlhs9                    (icmp       ) [ 000000000000000000000000000000000000000000000000000000000000000000000000000000000000000000000000000000000000000000000000]
notrhs1                    (icmp       ) [ 000000000000000000000000000000000000000000000000000000000000000000000000000000000000000000000000000000000000000000000000]
tmp_21                     (or         ) [ 000000000000000000000000000000000000000000000000000000000000000000000000000000000000000000000000000000000000000000000000]
tmp_22                     (fcmp       ) [ 000000000000000000000000000000000000000000000000000000000000000000000000000000000000000000000000000000000000000000000000]
tmp_23                     (and        ) [ 010000000000000000000000000000000000000000000000000000000011111111111111111111100000000000000000000000000000000000000000]
stg_221                    (br         ) [ 000000000000000000000000000000000000000000000000000000000000000000000000000000000000000000000000000000000000000000000000]
sinThetaA_int              (fmul       ) [ 010000000000000000000000000000000000000000000000000000000000001111111111111111100000000000000000000000000000000000000000]
tmp_6                      (fadd       ) [ 010000000000000000000000000000000000000000000000000000000000000111111111111111100000000000000000000000000000000000000000]
tmp_5                      (fsub       ) [ 010000000000000000000000000000000000000000000000000000000000000111111111111111100000000000000000000000000000000000000000]
tanThetaAdiv2_1            (fdiv       ) [ 010000000000000000000000000000000000000000000000000000000000000000000000000000110000000000000000000000000000000000000000]
stg_266                    (br         ) [ 010000000000000000000000000000000000000000000000000000000000000000000000000000110000000000000000000000000000000000000000]
tanThetaAdiv2              (fdiv       ) [ 010000000000000000000000000000000000000000000000000000000000000000000000000000110000000000000000000000000000000000000000]
stg_268                    (br         ) [ 010000000000000000000000000000000000000000000000000000000000000000000000000000110000000000000000000000000000000000000000]
tanThetaAdiv               (phi        ) [ 010000000000000000000000000000000000000000000000000000000000000000000000000000011111111111111111111111111111111111111111]
tmp_s                      (fmul       ) [ 010000000000000000000000000000000000000000000000000000000000000000000000000000000001111100000000000000000000000000000000]
n_assign_4                 (fadd       ) [ 010000000000000000000000000000000000000000000000000000000000000000000000000000000000000011111111111100000000000000000000]
tmp_i_i1                   (fsqrt      ) [ 010000000000000000000000000000000000000000000000000000000000000000000000000000000000000000000000000011111111111111110000]
cosThetaAdiv2_int          (fdiv       ) [ 010000000000000000000000000000000000000000000000000000000000000000000000000000000000000000000000000000000000000000001111]
tmp_14                     (or         ) [ 000000000000000000000000000000000000000000000000000000000000000000000000000000000000000000000000000000000000000000000000]
tmp_16                     (and        ) [ 000000000000000000000000000000000000000000000000000000000000000000000000000000000000000000000000000000000000000000000000]
storemerge1                (select     ) [ 010000000000000000000000000000000000000000000000000000000000000000000000000000000000000000000000000000000000000000000011]
stg_313                    (br         ) [ 010000000000000000000000000000000000000000000000000000000000000000000000000000000000000000000000000000000000000000000011]
p_s                        (select     ) [ 010000000000000000000000000000000000000000000000000000000000000000000000000000000000000000000000000000000000000000000011]
p_1                        (select     ) [ 010000000000000000000000000000000000000000000000000000000000000000000000000000000000000000000000000000000000000000000011]
stg_316                    (br         ) [ 010000000000000000000000000000000000000000000000000000000000000000000000000000000000000000000000000000000000000000000011]
tmp_2                      (fmul       ) [ 000000000000000000000000000000000000000000000000000000000000000000000000000000000000000000000000000000000000000000000000]
stg_318                    (br         ) [ 000000000000000000000000000000000000000000000000000000000000000000000000000000000000000000000000000000000000000000000000]
cosThetaAdiv2_write_assign (phi        ) [ 010000000000000000000000000000000000000000000000000000000000000000000000000000000000000000000000000000000000000000000001]
sinThetaAdiv2_write_assign (phi        ) [ 010000000000000000000000000000000000000000000000000000000000000000000000000000000000000000000000000000000000000000000001]
newret                     (insertvalue) [ 000000000000000000000000000000000000000000000000000000000000000000000000000000000000000000000000000000000000000000000000]
newret2                    (insertvalue) [ 000000000000000000000000000000000000000000000000000000000000000000000000000000000000000000000000000000000000000000000000]
stg_323                    (ret        ) [ 000000000000000000000000000000000000000000000000000000000000000000000000000000000000000000000000000000000000000000000000]
</LifeTime>

<model>

<comp_list>
<comp id="0" class="1000" name="A_r">
<pin_list>
<pin id="1" dir="1" index="0" bw="1" slack="0"/>
</pin_list>
<bind>
<StgValue><ssdm name="A_r"/></StgValue>
</bind>
</comp>

<comp id="2" class="1000" name="A_i">
<pin_list>
<pin id="3" dir="1" index="0" bw="1" slack="0"/>
</pin_list>
<bind>
<StgValue><ssdm name="A_i"/></StgValue>
</bind>
</comp>

<comp id="4" class="1001" name="const_4">
<pin_list>
<pin id="5" dir="1" index="0" bw="1" slack="0"/>
</pin_list>
<bind>
<StgValue><ssdm name="_ssdm_op_Read.ap_auto.float"/></StgValue>
</bind>
</comp>

<comp id="6" class="1001" name="const_6">
<pin_list>
<pin id="7" dir="1" index="0" bw="1" slack="0"/>
</pin_list>
<bind>
<StgValue><ssdm name="_ssdm_op_PartSelect.i8.i32.i32.i32"/></StgValue>
</bind>
</comp>

<comp id="8" class="1001" name="const_8">
<pin_list>
<pin id="9" dir="1" index="0" bw="1" slack="0"/>
</pin_list>
<bind>
<StgValue><ssdm name=""/></StgValue>
</bind>
</comp>

<comp id="10" class="1001" name="const_10">
<pin_list>
<pin id="11" dir="1" index="0" bw="1" slack="0"/>
</pin_list>
<bind>
<StgValue><ssdm name=""/></StgValue>
</bind>
</comp>

<comp id="12" class="1001" name="const_12">
<pin_list>
<pin id="13" dir="1" index="0" bw="1" slack="0"/>
</pin_list>
<bind>
<StgValue><ssdm name=""/></StgValue>
</bind>
</comp>

<comp id="14" class="1001" name="const_14">
<pin_list>
<pin id="15" dir="1" index="0" bw="1" slack="0"/>
</pin_list>
<bind>
<StgValue><ssdm name=""/></StgValue>
</bind>
</comp>

<comp id="16" class="1001" name="const_16">
<pin_list>
<pin id="17" dir="1" index="0" bw="1" slack="0"/>
</pin_list>
<bind>
<StgValue><ssdm name=""/></StgValue>
</bind>
</comp>

<comp id="18" class="1001" name="const_18">
<pin_list>
<pin id="19" dir="1" index="0" bw="1" slack="0"/>
</pin_list>
<bind>
<StgValue><ssdm name=""/></StgValue>
</bind>
</comp>

<comp id="20" class="1001" name="const_20">
<pin_list>
<pin id="21" dir="1" index="0" bw="1" slack="0"/>
</pin_list>
<bind>
<StgValue><ssdm name=""/></StgValue>
</bind>
</comp>

<comp id="22" class="1001" name="const_22">
<pin_list>
<pin id="23" dir="1" index="0" bw="1" slack="0"/>
</pin_list>
<bind>
<StgValue><ssdm name=""/></StgValue>
</bind>
</comp>

<comp id="24" class="1001" name="const_24">
<pin_list>
<pin id="25" dir="1" index="0" bw="1" slack="0"/>
</pin_list>
<bind>
<StgValue><ssdm name="llvm.sqrt.f32"/></StgValue>
</bind>
</comp>

<comp id="26" class="1001" name="const_26">
<pin_list>
<pin id="27" dir="1" index="0" bw="1" slack="0"/>
</pin_list>
<bind>
<StgValue><ssdm name=""/></StgValue>
</bind>
</comp>

<comp id="28" class="1001" name="const_28">
<pin_list>
<pin id="29" dir="1" index="0" bw="1" slack="0"/>
</pin_list>
<bind>
<StgValue><ssdm name=""/></StgValue>
</bind>
</comp>

<comp id="30" class="1001" name="const_30">
<pin_list>
<pin id="31" dir="1" index="0" bw="1" slack="0"/>
</pin_list>
<bind>
<StgValue><ssdm name=""/></StgValue>
</bind>
</comp>

<comp id="32" class="1001" name="const_32">
<pin_list>
<pin id="33" dir="1" index="0" bw="1" slack="0"/>
</pin_list>
<bind>
<StgValue><ssdm name=""/></StgValue>
</bind>
</comp>

<comp id="34" class="1004" name="A_i_read_read_fu_34">
<pin_list>
<pin id="35" dir="0" index="0" bw="32" slack="0"/>
<pin id="36" dir="0" index="1" bw="32" slack="0"/>
<pin id="37" dir="1" index="2" bw="32" slack="0"/>
</pin_list>
<bind>
<opcode="read(1150) " fcode="read"/>
<opset="A_i_read/1 "/>
</bind>
</comp>

<comp id="40" class="1004" name="A_r_read_read_fu_40">
<pin_list>
<pin id="41" dir="0" index="0" bw="32" slack="0"/>
<pin id="42" dir="0" index="1" bw="32" slack="0"/>
<pin id="43" dir="1" index="2" bw="32" slack="0"/>
</pin_list>
<bind>
<opcode="read(1150) " fcode="read"/>
<opset="A_r_read/1 "/>
</bind>
</comp>

<comp id="46" class="1005" name="tanThetaAdiv_reg_46">
<pin_list>
<pin id="47" dir="0" index="0" bw="32" slack="1"/>
<pin id="48" dir="1" index="1" bw="32" slack="37"/>
</pin_list>
<bind>
<opset="tanThetaAdiv (phireg) "/>
</bind>
</comp>

<comp id="49" class="1004" name="tanThetaAdiv_phi_fu_49">
<pin_list>
<pin id="50" dir="0" index="0" bw="32" slack="1"/>
<pin id="51" dir="0" index="1" bw="0" slack="2147483647"/>
<pin id="52" dir="0" index="2" bw="32" slack="1"/>
<pin id="53" dir="0" index="3" bw="0" slack="2147483647"/>
<pin id="54" dir="1" index="4" bw="32" slack="0"/>
</pin_list>
<bind>
<opcode="phi(47) " fcode="phi"/>
<opset="tanThetaAdiv/79 "/>
</bind>
</comp>

<comp id="56" class="1005" name="cosThetaAdiv2_write_assign_reg_56">
<pin_list>
<pin id="57" dir="0" index="0" bw="32" slack="2147483647"/>
<pin id="58" dir="1" index="1" bw="32" slack="2147483647"/>
</pin_list>
<bind>
<opset="cosThetaAdiv2_write_assign (phireg) "/>
</bind>
</comp>

<comp id="59" class="1004" name="cosThetaAdiv2_write_assign_phi_fu_59">
<pin_list>
<pin id="60" dir="0" index="0" bw="32" slack="4"/>
<pin id="61" dir="0" index="1" bw="0" slack="2147483647"/>
<pin id="62" dir="0" index="2" bw="32" slack="1"/>
<pin id="63" dir="0" index="3" bw="0" slack="2147483647"/>
<pin id="64" dir="0" index="4" bw="32" slack="1"/>
<pin id="65" dir="0" index="5" bw="0" slack="2147483647"/>
<pin id="66" dir="1" index="6" bw="32" slack="0"/>
</pin_list>
<bind>
<opcode="phi(47) " fcode="phi"/>
<opset="cosThetaAdiv2_write_assign/119 "/>
</bind>
</comp>

<comp id="67" class="1005" name="sinThetaAdiv2_write_assign_reg_67">
<pin_list>
<pin id="68" dir="0" index="0" bw="32" slack="1"/>
<pin id="69" dir="1" index="1" bw="32" slack="1"/>
</pin_list>
<bind>
<opset="sinThetaAdiv2_write_assign (phireg) "/>
</bind>
</comp>

<comp id="71" class="1004" name="sinThetaAdiv2_write_assign_phi_fu_71">
<pin_list>
<pin id="72" dir="0" index="0" bw="32" slack="0"/>
<pin id="73" dir="0" index="1" bw="0" slack="2147483647"/>
<pin id="74" dir="0" index="2" bw="32" slack="1"/>
<pin id="75" dir="0" index="3" bw="0" slack="2147483647"/>
<pin id="76" dir="0" index="4" bw="32" slack="1"/>
<pin id="77" dir="0" index="5" bw="0" slack="2147483647"/>
<pin id="78" dir="1" index="6" bw="32" slack="0"/>
</pin_list>
<bind>
<opcode="phi(47) " fcode="phi"/>
<opset="sinThetaAdiv2_write_assign/119 "/>
</bind>
</comp>

<comp id="80" class="1004" name="grp_fu_80">
<pin_list>
<pin id="81" dir="0" index="0" bw="32" slack="1"/>
<pin id="82" dir="0" index="1" bw="32" slack="0"/>
<pin id="83" dir="1" index="2" bw="32" slack="1"/>
</pin_list>
<bind>
<opcode="fadd(9) " fcode="fadd"/>
<opset="n_assign/21 "/>
</bind>
</comp>

<comp id="85" class="1004" name="grp_fu_85">
<pin_list>
<pin id="86" dir="0" index="0" bw="32" slack="0"/>
<pin id="87" dir="0" index="1" bw="32" slack="0"/>
<pin id="88" dir="1" index="2" bw="32" slack="1"/>
</pin_list>
<bind>
<opcode="fadd(9) fsub(11) " fcode="fadd"/>
<opset="tmp_6/58 tmp_5/58 "/>
</bind>
</comp>

<comp id="91" class="1004" name="grp_fu_91">
<pin_list>
<pin id="92" dir="0" index="0" bw="32" slack="1"/>
<pin id="93" dir="0" index="1" bw="32" slack="0"/>
<pin id="94" dir="1" index="2" bw="32" slack="1"/>
</pin_list>
<bind>
<opcode="fadd(9) " fcode="fadd"/>
<opset="n_assign_4/83 "/>
</bind>
</comp>

<comp id="96" class="1004" name="grp_fu_96">
<pin_list>
<pin id="97" dir="0" index="0" bw="32" slack="1"/>
<pin id="98" dir="0" index="1" bw="32" slack="1"/>
<pin id="99" dir="1" index="2" bw="32" slack="1"/>
</pin_list>
<bind>
<opcode="fmul(13) " fcode="fmul"/>
<opset="tmp_9/17 "/>
</bind>
</comp>

<comp id="100" class="1004" name="grp_fu_100">
<pin_list>
<pin id="101" dir="0" index="0" bw="32" slack="0"/>
<pin id="102" dir="0" index="1" bw="32" slack="1"/>
<pin id="103" dir="1" index="2" bw="32" slack="1"/>
</pin_list>
<bind>
<opcode="fmul(13) " fcode="fmul"/>
<opset="cosThetaA_int/54 "/>
</bind>
</comp>

<comp id="104" class="1004" name="grp_fu_104">
<pin_list>
<pin id="105" dir="0" index="0" bw="32" slack="1"/>
<pin id="106" dir="0" index="1" bw="32" slack="42"/>
<pin id="107" dir="1" index="2" bw="32" slack="2"/>
</pin_list>
<bind>
<opcode="fmul(13) " fcode="fmul"/>
<opset="sinThetaA_int/58 "/>
</bind>
</comp>

<comp id="108" class="1004" name="grp_fu_108">
<pin_list>
<pin id="109" dir="0" index="0" bw="32" slack="0"/>
<pin id="110" dir="0" index="1" bw="32" slack="0"/>
<pin id="111" dir="1" index="2" bw="32" slack="1"/>
</pin_list>
<bind>
<opcode="fmul(13) " fcode="fmul"/>
<opset="tmp_s/79 "/>
</bind>
</comp>

<comp id="114" class="1004" name="grp_fu_114">
<pin_list>
<pin id="115" dir="0" index="0" bw="32" slack="1"/>
<pin id="116" dir="0" index="1" bw="32" slack="37"/>
<pin id="117" dir="1" index="2" bw="32" slack="0"/>
</pin_list>
<bind>
<opcode="fmul(13) " fcode="fmul"/>
<opset="tmp_2/116 "/>
</bind>
</comp>

<comp id="120" class="1004" name="grp_fu_120">
<pin_list>
<pin id="121" dir="0" index="0" bw="32" slack="0"/>
<pin id="122" dir="0" index="1" bw="32" slack="0"/>
<pin id="123" dir="1" index="2" bw="32" slack="1"/>
</pin_list>
<bind>
<opcode="fdiv(16) " fcode="fdiv"/>
<opset="tanThetaA/1 "/>
</bind>
</comp>

<comp id="126" class="1004" name="grp_fu_126">
<pin_list>
<pin id="127" dir="0" index="0" bw="32" slack="0"/>
<pin id="128" dir="0" index="1" bw="32" slack="1"/>
<pin id="129" dir="1" index="2" bw="32" slack="1"/>
</pin_list>
<bind>
<opcode="fdiv(16) " fcode="fdiv"/>
<opset="tmp_i/38 "/>
</bind>
</comp>

<comp id="131" class="1004" name="grp_fu_131">
<pin_list>
<pin id="132" dir="0" index="0" bw="32" slack="1"/>
<pin id="133" dir="0" index="1" bw="32" slack="1"/>
<pin id="134" dir="1" index="2" bw="32" slack="1"/>
</pin_list>
<bind>
<opcode="fdiv(16) " fcode="fdiv"/>
<opset="tanThetaAdiv2_1/63 tanThetaAdiv2/63 "/>
</bind>
</comp>

<comp id="135" class="1004" name="grp_fu_135">
<pin_list>
<pin id="136" dir="0" index="0" bw="32" slack="0"/>
<pin id="137" dir="0" index="1" bw="32" slack="1"/>
<pin id="138" dir="1" index="2" bw="32" slack="1"/>
</pin_list>
<bind>
<opcode="fdiv(16) " fcode="fdiv"/>
<opset="cosThetaAdiv2_int/100 "/>
</bind>
</comp>

<comp id="140" class="1004" name="grp_fu_140">
<pin_list>
<pin id="141" dir="0" index="0" bw="32" slack="0"/>
<pin id="142" dir="0" index="1" bw="32" slack="0"/>
<pin id="143" dir="1" index="2" bw="1" slack="1"/>
</pin_list>
<bind>
<opcode="fcmp(46) " fcode="fcmp"/>
<opset="tmp_18/1 tmp_15/1 tmp_12/1 "/>
</bind>
</comp>

<comp id="147" class="1004" name="tmp_22_fu_147">
<pin_list>
<pin id="148" dir="0" index="0" bw="32" slack="1"/>
<pin id="149" dir="0" index="1" bw="32" slack="0"/>
<pin id="150" dir="1" index="2" bw="1" slack="0"/>
</pin_list>
<bind>
<opcode="fcmp(46) " fcode="fcmp"/>
<opset="tmp_22/58 "/>
</bind>
</comp>

<comp id="152" class="1004" name="grp_fu_152">
<pin_list>
<pin id="153" dir="0" index="0" bw="32" slack="0"/>
<pin id="154" dir="0" index="1" bw="32" slack="1"/>
<pin id="155" dir="1" index="2" bw="32" slack="1"/>
</pin_list>
<bind>
<opcode="fsqrt(503) " fcode="fsqrt"/>
<opset="tmp_i_i/26 "/>
</bind>
</comp>

<comp id="157" class="1004" name="grp_fu_157">
<pin_list>
<pin id="158" dir="0" index="0" bw="32" slack="0"/>
<pin id="159" dir="0" index="1" bw="32" slack="1"/>
<pin id="160" dir="1" index="2" bw="32" slack="1"/>
</pin_list>
<bind>
<opcode="fsqrt(503) " fcode="fsqrt"/>
<opset="tmp_i_i1/88 "/>
</bind>
</comp>

<comp id="162" class="1004" name="grp_fu_162">
<pin_list>
<pin id="163" dir="0" index="0" bw="8" slack="0"/>
<pin id="164" dir="0" index="1" bw="1" slack="0"/>
<pin id="165" dir="1" index="2" bw="1" slack="1"/>
</pin_list>
<bind>
<opcode="icmp(45) " fcode="icmp"/>
<opset="notlhs7/1 notlhs/1 "/>
</bind>
</comp>

<comp id="167" class="1005" name="reg_167">
<pin_list>
<pin id="168" dir="0" index="0" bw="32" slack="1"/>
<pin id="169" dir="1" index="1" bw="32" slack="1"/>
</pin_list>
<bind>
<opset="tmp_6 tmp_5 "/>
</bind>
</comp>

<comp id="173" class="1005" name="reg_173">
<pin_list>
<pin id="174" dir="0" index="0" bw="32" slack="1"/>
<pin id="175" dir="1" index="1" bw="32" slack="1"/>
</pin_list>
<bind>
<opset="tanThetaAdiv2_1 tanThetaAdiv2 "/>
</bind>
</comp>

<comp id="179" class="1004" name="p_Val2_s_fu_179">
<pin_list>
<pin id="180" dir="0" index="0" bw="32" slack="0"/>
<pin id="181" dir="1" index="1" bw="32" slack="0"/>
</pin_list>
<bind>
<opcode="bitcast(44) " fcode="bitcast"/>
<opset="p_Val2_s/1 "/>
</bind>
</comp>

<comp id="183" class="1004" name="loc_V_fu_183">
<pin_list>
<pin id="184" dir="0" index="0" bw="8" slack="0"/>
<pin id="185" dir="0" index="1" bw="32" slack="0"/>
<pin id="186" dir="0" index="2" bw="6" slack="0"/>
<pin id="187" dir="0" index="3" bw="6" slack="0"/>
<pin id="188" dir="1" index="4" bw="8" slack="0"/>
</pin_list>
<bind>
<opcode="partselect(1002) " fcode="partselect"/>
<opset="loc_V/1 "/>
</bind>
</comp>

<comp id="194" class="1004" name="p_Val2_7_fu_194">
<pin_list>
<pin id="195" dir="0" index="0" bw="32" slack="0"/>
<pin id="196" dir="1" index="1" bw="32" slack="0"/>
</pin_list>
<bind>
<opcode="bitcast(44) " fcode="bitcast"/>
<opset="p_Val2_7/1 "/>
</bind>
</comp>

<comp id="198" class="1004" name="loc_V_2_fu_198">
<pin_list>
<pin id="199" dir="0" index="0" bw="8" slack="0"/>
<pin id="200" dir="0" index="1" bw="32" slack="0"/>
<pin id="201" dir="0" index="2" bw="6" slack="0"/>
<pin id="202" dir="0" index="3" bw="6" slack="0"/>
<pin id="203" dir="1" index="4" bw="8" slack="0"/>
</pin_list>
<bind>
<opcode="partselect(1002) " fcode="partselect"/>
<opset="loc_V_2/1 "/>
</bind>
</comp>

<comp id="208" class="1004" name="lhs_V_cast_fu_208">
<pin_list>
<pin id="209" dir="0" index="0" bw="8" slack="0"/>
<pin id="210" dir="1" index="1" bw="9" slack="0"/>
</pin_list>
<bind>
<opcode="zext(34) " fcode="zext"/>
<opset="lhs_V_cast/1 "/>
</bind>
</comp>

<comp id="212" class="1004" name="r_V_fu_212">
<pin_list>
<pin id="213" dir="0" index="0" bw="8" slack="0"/>
<pin id="214" dir="0" index="1" bw="6" slack="0"/>
<pin id="215" dir="1" index="2" bw="9" slack="0"/>
</pin_list>
<bind>
<opcode="add(8) " fcode="add"/>
<opset="r_V/1 "/>
</bind>
</comp>

<comp id="218" class="1004" name="tmp_i_cast_fu_218">
<pin_list>
<pin id="219" dir="0" index="0" bw="8" slack="0"/>
<pin id="220" dir="1" index="1" bw="9" slack="0"/>
</pin_list>
<bind>
<opcode="zext(34) " fcode="zext"/>
<opset="tmp_i_cast/1 "/>
</bind>
</comp>

<comp id="222" class="1004" name="ult_fu_222">
<pin_list>
<pin id="223" dir="0" index="0" bw="9" slack="0"/>
<pin id="224" dir="0" index="1" bw="8" slack="0"/>
<pin id="225" dir="1" index="2" bw="1" slack="0"/>
</pin_list>
<bind>
<opcode="icmp(45) " fcode="icmp"/>
<opset="ult/1 "/>
</bind>
</comp>

<comp id="228" class="1004" name="notrhs_i_fu_228">
<pin_list>
<pin id="229" dir="0" index="0" bw="8" slack="0"/>
<pin id="230" dir="0" index="1" bw="1" slack="0"/>
<pin id="231" dir="1" index="2" bw="1" slack="0"/>
</pin_list>
<bind>
<opcode="icmp(45) " fcode="icmp"/>
<opset="notrhs_i/1 "/>
</bind>
</comp>

<comp id="234" class="1004" name="demorgan_fu_234">
<pin_list>
<pin id="235" dir="0" index="0" bw="1" slack="0"/>
<pin id="236" dir="0" index="1" bw="1" slack="0"/>
<pin id="237" dir="1" index="2" bw="1" slack="1"/>
</pin_list>
<bind>
<opcode="or(24) " fcode="or"/>
<opset="demorgan/1 "/>
</bind>
</comp>

<comp id="240" class="1004" name="r_V_1_fu_240">
<pin_list>
<pin id="241" dir="0" index="0" bw="8" slack="0"/>
<pin id="242" dir="0" index="1" bw="6" slack="0"/>
<pin id="243" dir="1" index="2" bw="9" slack="0"/>
</pin_list>
<bind>
<opcode="add(8) " fcode="add"/>
<opset="r_V_1/1 "/>
</bind>
</comp>

<comp id="246" class="1004" name="ult3_fu_246">
<pin_list>
<pin id="247" dir="0" index="0" bw="9" slack="0"/>
<pin id="248" dir="0" index="1" bw="8" slack="0"/>
<pin id="249" dir="1" index="2" bw="1" slack="0"/>
</pin_list>
<bind>
<opcode="icmp(45) " fcode="icmp"/>
<opset="ult3/1 "/>
</bind>
</comp>

<comp id="252" class="1004" name="notrhs_i1_fu_252">
<pin_list>
<pin id="253" dir="0" index="0" bw="8" slack="0"/>
<pin id="254" dir="0" index="1" bw="1" slack="0"/>
<pin id="255" dir="1" index="2" bw="1" slack="0"/>
</pin_list>
<bind>
<opcode="icmp(45) " fcode="icmp"/>
<opset="notrhs_i1/1 "/>
</bind>
</comp>

<comp id="258" class="1004" name="demorgan5_fu_258">
<pin_list>
<pin id="259" dir="0" index="0" bw="1" slack="0"/>
<pin id="260" dir="0" index="1" bw="1" slack="0"/>
<pin id="261" dir="1" index="2" bw="1" slack="1"/>
</pin_list>
<bind>
<opcode="or(24) " fcode="or"/>
<opset="demorgan5/1 "/>
</bind>
</comp>

<comp id="264" class="1004" name="tmp_25_fu_264">
<pin_list>
<pin id="265" dir="0" index="0" bw="32" slack="0"/>
<pin id="266" dir="1" index="1" bw="23" slack="0"/>
</pin_list>
<bind>
<opcode="trunc(33) " fcode="trunc"/>
<opset="tmp_25/1 "/>
</bind>
</comp>

<comp id="268" class="1004" name="notrhs8_fu_268">
<pin_list>
<pin id="269" dir="0" index="0" bw="23" slack="0"/>
<pin id="270" dir="0" index="1" bw="1" slack="0"/>
<pin id="271" dir="1" index="2" bw="1" slack="53"/>
</pin_list>
<bind>
<opcode="icmp(45) " fcode="icmp"/>
<opset="notrhs8/1 "/>
</bind>
</comp>

<comp id="274" class="1004" name="tmp_24_fu_274">
<pin_list>
<pin id="275" dir="0" index="0" bw="32" slack="0"/>
<pin id="276" dir="1" index="1" bw="23" slack="0"/>
</pin_list>
<bind>
<opcode="trunc(33) " fcode="trunc"/>
<opset="tmp_24/1 "/>
</bind>
</comp>

<comp id="278" class="1004" name="notlhs5_fu_278">
<pin_list>
<pin id="279" dir="0" index="0" bw="8" slack="0"/>
<pin id="280" dir="0" index="1" bw="1" slack="0"/>
<pin id="281" dir="1" index="2" bw="1" slack="117"/>
</pin_list>
<bind>
<opcode="icmp(45) " fcode="icmp"/>
<opset="notlhs5/1 "/>
</bind>
</comp>

<comp id="284" class="1004" name="notrhs6_fu_284">
<pin_list>
<pin id="285" dir="0" index="0" bw="23" slack="0"/>
<pin id="286" dir="0" index="1" bw="1" slack="0"/>
<pin id="287" dir="1" index="2" bw="1" slack="117"/>
</pin_list>
<bind>
<opcode="icmp(45) " fcode="icmp"/>
<opset="notrhs6/1 "/>
</bind>
</comp>

<comp id="290" class="1004" name="tmp_fu_290">
<pin_list>
<pin id="291" dir="0" index="0" bw="32" slack="0"/>
<pin id="292" dir="1" index="1" bw="23" slack="0"/>
</pin_list>
<bind>
<opcode="trunc(33) " fcode="trunc"/>
<opset="tmp/1 "/>
</bind>
</comp>

<comp id="294" class="1004" name="notrhs_fu_294">
<pin_list>
<pin id="295" dir="0" index="0" bw="23" slack="0"/>
<pin id="296" dir="0" index="1" bw="1" slack="0"/>
<pin id="297" dir="1" index="2" bw="1" slack="1"/>
</pin_list>
<bind>
<opcode="icmp(45) " fcode="icmp"/>
<opset="notrhs/1 "/>
</bind>
</comp>

<comp id="300" class="1004" name="tmp_11_fu_300">
<pin_list>
<pin id="301" dir="0" index="0" bw="1" slack="1"/>
<pin id="302" dir="0" index="1" bw="1" slack="1"/>
<pin id="303" dir="1" index="2" bw="1" slack="0"/>
</pin_list>
<bind>
<opcode="or(24) " fcode="or"/>
<opset="tmp_11/2 "/>
</bind>
</comp>

<comp id="304" class="1004" name="tmp_13_fu_304">
<pin_list>
<pin id="305" dir="0" index="0" bw="1" slack="0"/>
<pin id="306" dir="0" index="1" bw="1" slack="1"/>
<pin id="307" dir="1" index="2" bw="1" slack="116"/>
</pin_list>
<bind>
<opcode="and(23) " fcode="and"/>
<opset="tmp_13/2 "/>
</bind>
</comp>

<comp id="309" class="1004" name="tmp_17_fu_309">
<pin_list>
<pin id="310" dir="0" index="0" bw="1" slack="53"/>
<pin id="311" dir="0" index="1" bw="1" slack="53"/>
<pin id="312" dir="1" index="2" bw="1" slack="0"/>
</pin_list>
<bind>
<opcode="or(24) " fcode="or"/>
<opset="tmp_17/54 "/>
</bind>
</comp>

<comp id="313" class="1004" name="tmp_19_fu_313">
<pin_list>
<pin id="314" dir="0" index="0" bw="1" slack="0"/>
<pin id="315" dir="0" index="1" bw="1" slack="53"/>
<pin id="316" dir="1" index="2" bw="1" slack="0"/>
</pin_list>
<bind>
<opcode="and(23) " fcode="and"/>
<opset="tmp_19/54 "/>
</bind>
</comp>

<comp id="318" class="1004" name="p_0_i_fu_318">
<pin_list>
<pin id="319" dir="0" index="0" bw="1" slack="0"/>
<pin id="320" dir="0" index="1" bw="32" slack="0"/>
<pin id="321" dir="0" index="2" bw="32" slack="0"/>
<pin id="322" dir="1" index="3" bw="32" slack="0"/>
</pin_list>
<bind>
<opcode="select(49) " fcode="select"/>
<opset="p_0_i/54 "/>
</bind>
</comp>

<comp id="327" class="1004" name="cosThetaA_int_to_int_fu_327">
<pin_list>
<pin id="328" dir="0" index="0" bw="32" slack="1"/>
<pin id="329" dir="1" index="1" bw="32" slack="0"/>
</pin_list>
<bind>
<opcode="bitcast(44) " fcode="bitcast"/>
<opset="cosThetaA_int_to_int/58 "/>
</bind>
</comp>

<comp id="330" class="1004" name="tmp_20_fu_330">
<pin_list>
<pin id="331" dir="0" index="0" bw="8" slack="0"/>
<pin id="332" dir="0" index="1" bw="32" slack="0"/>
<pin id="333" dir="0" index="2" bw="6" slack="0"/>
<pin id="334" dir="0" index="3" bw="6" slack="0"/>
<pin id="335" dir="1" index="4" bw="8" slack="0"/>
</pin_list>
<bind>
<opcode="partselect(1002) " fcode="partselect"/>
<opset="tmp_20/58 "/>
</bind>
</comp>

<comp id="340" class="1004" name="tmp_26_fu_340">
<pin_list>
<pin id="341" dir="0" index="0" bw="32" slack="0"/>
<pin id="342" dir="1" index="1" bw="23" slack="0"/>
</pin_list>
<bind>
<opcode="trunc(33) " fcode="trunc"/>
<opset="tmp_26/58 "/>
</bind>
</comp>

<comp id="344" class="1004" name="notlhs9_fu_344">
<pin_list>
<pin id="345" dir="0" index="0" bw="8" slack="0"/>
<pin id="346" dir="0" index="1" bw="1" slack="0"/>
<pin id="347" dir="1" index="2" bw="1" slack="0"/>
</pin_list>
<bind>
<opcode="icmp(45) " fcode="icmp"/>
<opset="notlhs9/58 "/>
</bind>
</comp>

<comp id="350" class="1004" name="notrhs1_fu_350">
<pin_list>
<pin id="351" dir="0" index="0" bw="23" slack="0"/>
<pin id="352" dir="0" index="1" bw="1" slack="0"/>
<pin id="353" dir="1" index="2" bw="1" slack="0"/>
</pin_list>
<bind>
<opcode="icmp(45) " fcode="icmp"/>
<opset="notrhs1/58 "/>
</bind>
</comp>

<comp id="356" class="1004" name="tmp_21_fu_356">
<pin_list>
<pin id="357" dir="0" index="0" bw="1" slack="0"/>
<pin id="358" dir="0" index="1" bw="1" slack="0"/>
<pin id="359" dir="1" index="2" bw="1" slack="0"/>
</pin_list>
<bind>
<opcode="or(24) " fcode="or"/>
<opset="tmp_21/58 "/>
</bind>
</comp>

<comp id="362" class="1004" name="tmp_23_fu_362">
<pin_list>
<pin id="363" dir="0" index="0" bw="1" slack="0"/>
<pin id="364" dir="0" index="1" bw="1" slack="0"/>
<pin id="365" dir="1" index="2" bw="1" slack="1"/>
</pin_list>
<bind>
<opcode="and(23) " fcode="and"/>
<opset="tmp_23/58 "/>
</bind>
</comp>

<comp id="368" class="1004" name="tmp_14_fu_368">
<pin_list>
<pin id="369" dir="0" index="0" bw="1" slack="117"/>
<pin id="370" dir="0" index="1" bw="1" slack="117"/>
<pin id="371" dir="1" index="2" bw="1" slack="0"/>
</pin_list>
<bind>
<opcode="or(24) " fcode="or"/>
<opset="tmp_14/118 "/>
</bind>
</comp>

<comp id="372" class="1004" name="tmp_16_fu_372">
<pin_list>
<pin id="373" dir="0" index="0" bw="1" slack="0"/>
<pin id="374" dir="0" index="1" bw="1" slack="117"/>
<pin id="375" dir="1" index="2" bw="1" slack="0"/>
</pin_list>
<bind>
<opcode="and(23) " fcode="and"/>
<opset="tmp_16/118 "/>
</bind>
</comp>

<comp id="377" class="1004" name="storemerge1_fu_377">
<pin_list>
<pin id="378" dir="0" index="0" bw="1" slack="0"/>
<pin id="379" dir="0" index="1" bw="32" slack="0"/>
<pin id="380" dir="0" index="2" bw="32" slack="0"/>
<pin id="381" dir="1" index="3" bw="32" slack="1"/>
</pin_list>
<bind>
<opcode="select(49) " fcode="select"/>
<opset="storemerge1/118 "/>
</bind>
</comp>

<comp id="385" class="1004" name="p_s_fu_385">
<pin_list>
<pin id="386" dir="0" index="0" bw="1" slack="116"/>
<pin id="387" dir="0" index="1" bw="32" slack="0"/>
<pin id="388" dir="0" index="2" bw="32" slack="0"/>
<pin id="389" dir="1" index="3" bw="32" slack="1"/>
</pin_list>
<bind>
<opcode="select(49) " fcode="select"/>
<opset="p_s/118 "/>
</bind>
</comp>

<comp id="392" class="1004" name="p_1_fu_392">
<pin_list>
<pin id="393" dir="0" index="0" bw="1" slack="116"/>
<pin id="394" dir="0" index="1" bw="32" slack="0"/>
<pin id="395" dir="0" index="2" bw="32" slack="0"/>
<pin id="396" dir="1" index="3" bw="32" slack="1"/>
</pin_list>
<bind>
<opcode="select(49) " fcode="select"/>
<opset="p_1/118 "/>
</bind>
</comp>

<comp id="399" class="1004" name="newret_fu_399">
<pin_list>
<pin id="400" dir="0" index="0" bw="64" slack="0"/>
<pin id="401" dir="0" index="1" bw="32" slack="0"/>
<pin id="402" dir="1" index="2" bw="64" slack="0"/>
</pin_list>
<bind>
<opcode="insertvalue(57) " fcode="insertvalue"/>
<opset="newret/119 "/>
</bind>
</comp>

<comp id="405" class="1004" name="newret2_fu_405">
<pin_list>
<pin id="406" dir="0" index="0" bw="64" slack="0"/>
<pin id="407" dir="0" index="1" bw="32" slack="0"/>
<pin id="408" dir="1" index="2" bw="64" slack="2147483647"/>
</pin_list>
<bind>
<opcode="insertvalue(57) " fcode="insertvalue"/>
<opset="newret2/119 "/>
</bind>
</comp>

<comp id="411" class="1005" name="A_i_read_reg_411">
<pin_list>
<pin id="412" dir="0" index="0" bw="32" slack="1"/>
<pin id="413" dir="1" index="1" bw="32" slack="1"/>
</pin_list>
<bind>
<opset="A_i_read "/>
</bind>
</comp>

<comp id="416" class="1005" name="A_r_read_reg_416">
<pin_list>
<pin id="417" dir="0" index="0" bw="32" slack="1"/>
<pin id="418" dir="1" index="1" bw="32" slack="1"/>
</pin_list>
<bind>
<opset="A_r_read "/>
</bind>
</comp>

<comp id="421" class="1005" name="demorgan_reg_421">
<pin_list>
<pin id="422" dir="0" index="0" bw="1" slack="1"/>
<pin id="423" dir="1" index="1" bw="1" slack="2147483647"/>
</pin_list>
<bind>
<opset="demorgan "/>
</bind>
</comp>

<comp id="425" class="1005" name="demorgan5_reg_425">
<pin_list>
<pin id="426" dir="0" index="0" bw="1" slack="1"/>
<pin id="427" dir="1" index="1" bw="1" slack="2147483647"/>
</pin_list>
<bind>
<opset="demorgan5 "/>
</bind>
</comp>

<comp id="429" class="1005" name="notlhs7_reg_429">
<pin_list>
<pin id="430" dir="0" index="0" bw="1" slack="53"/>
<pin id="431" dir="1" index="1" bw="1" slack="53"/>
</pin_list>
<bind>
<opset="notlhs7 "/>
</bind>
</comp>

<comp id="434" class="1005" name="notrhs8_reg_434">
<pin_list>
<pin id="435" dir="0" index="0" bw="1" slack="53"/>
<pin id="436" dir="1" index="1" bw="1" slack="53"/>
</pin_list>
<bind>
<opset="notrhs8 "/>
</bind>
</comp>

<comp id="439" class="1005" name="tmp_18_reg_439">
<pin_list>
<pin id="440" dir="0" index="0" bw="1" slack="53"/>
<pin id="441" dir="1" index="1" bw="1" slack="53"/>
</pin_list>
<bind>
<opset="tmp_18 "/>
</bind>
</comp>

<comp id="444" class="1005" name="notlhs5_reg_444">
<pin_list>
<pin id="445" dir="0" index="0" bw="1" slack="117"/>
<pin id="446" dir="1" index="1" bw="1" slack="117"/>
</pin_list>
<bind>
<opset="notlhs5 "/>
</bind>
</comp>

<comp id="449" class="1005" name="notrhs6_reg_449">
<pin_list>
<pin id="450" dir="0" index="0" bw="1" slack="117"/>
<pin id="451" dir="1" index="1" bw="1" slack="117"/>
</pin_list>
<bind>
<opset="notrhs6 "/>
</bind>
</comp>

<comp id="454" class="1005" name="tmp_15_reg_454">
<pin_list>
<pin id="455" dir="0" index="0" bw="1" slack="117"/>
<pin id="456" dir="1" index="1" bw="1" slack="117"/>
</pin_list>
<bind>
<opset="tmp_15 "/>
</bind>
</comp>

<comp id="459" class="1005" name="notlhs_reg_459">
<pin_list>
<pin id="460" dir="0" index="0" bw="1" slack="1"/>
<pin id="461" dir="1" index="1" bw="1" slack="1"/>
</pin_list>
<bind>
<opset="notlhs "/>
</bind>
</comp>

<comp id="464" class="1005" name="notrhs_reg_464">
<pin_list>
<pin id="465" dir="0" index="0" bw="1" slack="1"/>
<pin id="466" dir="1" index="1" bw="1" slack="1"/>
</pin_list>
<bind>
<opset="notrhs "/>
</bind>
</comp>

<comp id="469" class="1005" name="tmp_12_reg_469">
<pin_list>
<pin id="470" dir="0" index="0" bw="1" slack="1"/>
<pin id="471" dir="1" index="1" bw="1" slack="1"/>
</pin_list>
<bind>
<opset="tmp_12 "/>
</bind>
</comp>

<comp id="474" class="1005" name="tmp_13_reg_474">
<pin_list>
<pin id="475" dir="0" index="0" bw="1" slack="116"/>
<pin id="476" dir="1" index="1" bw="1" slack="116"/>
</pin_list>
<bind>
<opset="tmp_13 "/>
</bind>
</comp>

<comp id="480" class="1005" name="tanThetaA_reg_480">
<pin_list>
<pin id="481" dir="0" index="0" bw="32" slack="1"/>
<pin id="482" dir="1" index="1" bw="32" slack="1"/>
</pin_list>
<bind>
<opset="tanThetaA "/>
</bind>
</comp>

<comp id="487" class="1005" name="tmp_9_reg_487">
<pin_list>
<pin id="488" dir="0" index="0" bw="32" slack="1"/>
<pin id="489" dir="1" index="1" bw="32" slack="1"/>
</pin_list>
<bind>
<opset="tmp_9 "/>
</bind>
</comp>

<comp id="492" class="1005" name="n_assign_reg_492">
<pin_list>
<pin id="493" dir="0" index="0" bw="32" slack="1"/>
<pin id="494" dir="1" index="1" bw="32" slack="1"/>
</pin_list>
<bind>
<opset="n_assign "/>
</bind>
</comp>

<comp id="497" class="1005" name="tmp_i_i_reg_497">
<pin_list>
<pin id="498" dir="0" index="0" bw="32" slack="1"/>
<pin id="499" dir="1" index="1" bw="32" slack="1"/>
</pin_list>
<bind>
<opset="tmp_i_i "/>
</bind>
</comp>

<comp id="502" class="1005" name="tmp_i_reg_502">
<pin_list>
<pin id="503" dir="0" index="0" bw="32" slack="1"/>
<pin id="504" dir="1" index="1" bw="32" slack="1"/>
</pin_list>
<bind>
<opset="tmp_i "/>
</bind>
</comp>

<comp id="507" class="1005" name="p_0_i_reg_507">
<pin_list>
<pin id="508" dir="0" index="0" bw="32" slack="1"/>
<pin id="509" dir="1" index="1" bw="32" slack="1"/>
</pin_list>
<bind>
<opset="p_0_i "/>
</bind>
</comp>

<comp id="512" class="1005" name="cosThetaA_int_reg_512">
<pin_list>
<pin id="513" dir="0" index="0" bw="32" slack="1"/>
<pin id="514" dir="1" index="1" bw="32" slack="1"/>
</pin_list>
<bind>
<opset="cosThetaA_int "/>
</bind>
</comp>

<comp id="521" class="1005" name="tmp_23_reg_521">
<pin_list>
<pin id="522" dir="0" index="0" bw="1" slack="1"/>
<pin id="523" dir="1" index="1" bw="1" slack="2147483647"/>
</pin_list>
<bind>
<opset="tmp_23 "/>
</bind>
</comp>

<comp id="525" class="1005" name="sinThetaA_int_reg_525">
<pin_list>
<pin id="526" dir="0" index="0" bw="32" slack="2"/>
<pin id="527" dir="1" index="1" bw="32" slack="2"/>
</pin_list>
<bind>
<opset="sinThetaA_int "/>
</bind>
</comp>

<comp id="531" class="1005" name="tmp_s_reg_531">
<pin_list>
<pin id="532" dir="0" index="0" bw="32" slack="1"/>
<pin id="533" dir="1" index="1" bw="32" slack="1"/>
</pin_list>
<bind>
<opset="tmp_s "/>
</bind>
</comp>

<comp id="536" class="1005" name="n_assign_4_reg_536">
<pin_list>
<pin id="537" dir="0" index="0" bw="32" slack="1"/>
<pin id="538" dir="1" index="1" bw="32" slack="1"/>
</pin_list>
<bind>
<opset="n_assign_4 "/>
</bind>
</comp>

<comp id="541" class="1005" name="tmp_i_i1_reg_541">
<pin_list>
<pin id="542" dir="0" index="0" bw="32" slack="1"/>
<pin id="543" dir="1" index="1" bw="32" slack="1"/>
</pin_list>
<bind>
<opset="tmp_i_i1 "/>
</bind>
</comp>

<comp id="546" class="1005" name="cosThetaAdiv2_int_reg_546">
<pin_list>
<pin id="547" dir="0" index="0" bw="32" slack="1"/>
<pin id="548" dir="1" index="1" bw="32" slack="1"/>
</pin_list>
<bind>
<opset="cosThetaAdiv2_int "/>
</bind>
</comp>

<comp id="552" class="1005" name="storemerge1_reg_552">
<pin_list>
<pin id="553" dir="0" index="0" bw="32" slack="1"/>
<pin id="554" dir="1" index="1" bw="32" slack="1"/>
</pin_list>
<bind>
<opset="storemerge1 "/>
</bind>
</comp>

<comp id="557" class="1005" name="p_s_reg_557">
<pin_list>
<pin id="558" dir="0" index="0" bw="32" slack="1"/>
<pin id="559" dir="1" index="1" bw="32" slack="1"/>
</pin_list>
<bind>
<opset="p_s "/>
</bind>
</comp>

<comp id="562" class="1005" name="p_1_reg_562">
<pin_list>
<pin id="563" dir="0" index="0" bw="32" slack="1"/>
<pin id="564" dir="1" index="1" bw="32" slack="1"/>
</pin_list>
<bind>
<opset="p_1 "/>
</bind>
</comp>

</comp_list>

<net_list>
<net id="38"><net_src comp="4" pin="0"/><net_sink comp="34" pin=0"/></net>

<net id="39"><net_src comp="2" pin="0"/><net_sink comp="34" pin=1"/></net>

<net id="44"><net_src comp="4" pin="0"/><net_sink comp="40" pin=0"/></net>

<net id="45"><net_src comp="0" pin="0"/><net_sink comp="40" pin=1"/></net>

<net id="55"><net_src comp="49" pin="4"/><net_sink comp="46" pin=0"/></net>

<net id="70"><net_src comp="30" pin="0"/><net_sink comp="67" pin=0"/></net>

<net id="79"><net_src comp="67" pin="1"/><net_sink comp="71" pin=2"/></net>

<net id="84"><net_src comp="22" pin="0"/><net_sink comp="80" pin=1"/></net>

<net id="89"><net_src comp="22" pin="0"/><net_sink comp="85" pin=1"/></net>

<net id="90"><net_src comp="22" pin="0"/><net_sink comp="85" pin=0"/></net>

<net id="95"><net_src comp="22" pin="0"/><net_sink comp="91" pin=1"/></net>

<net id="112"><net_src comp="49" pin="4"/><net_sink comp="108" pin=0"/></net>

<net id="113"><net_src comp="49" pin="4"/><net_sink comp="108" pin=1"/></net>

<net id="118"><net_src comp="114" pin="2"/><net_sink comp="71" pin=0"/></net>

<net id="119"><net_src comp="46" pin="1"/><net_sink comp="114" pin=1"/></net>

<net id="124"><net_src comp="34" pin="2"/><net_sink comp="120" pin=0"/></net>

<net id="125"><net_src comp="40" pin="2"/><net_sink comp="120" pin=1"/></net>

<net id="130"><net_src comp="22" pin="0"/><net_sink comp="126" pin=0"/></net>

<net id="139"><net_src comp="22" pin="0"/><net_sink comp="135" pin=0"/></net>

<net id="144"><net_src comp="40" pin="2"/><net_sink comp="140" pin=0"/></net>

<net id="145"><net_src comp="20" pin="0"/><net_sink comp="140" pin=1"/></net>

<net id="146"><net_src comp="34" pin="2"/><net_sink comp="140" pin=0"/></net>

<net id="151"><net_src comp="20" pin="0"/><net_sink comp="147" pin=1"/></net>

<net id="156"><net_src comp="24" pin="0"/><net_sink comp="152" pin=0"/></net>

<net id="161"><net_src comp="24" pin="0"/><net_sink comp="157" pin=0"/></net>

<net id="166"><net_src comp="16" pin="0"/><net_sink comp="162" pin=1"/></net>

<net id="170"><net_src comp="85" pin="2"/><net_sink comp="167" pin=0"/></net>

<net id="171"><net_src comp="167" pin="1"/><net_sink comp="131" pin=1"/></net>

<net id="172"><net_src comp="167" pin="1"/><net_sink comp="131" pin=0"/></net>

<net id="176"><net_src comp="131" pin="2"/><net_sink comp="173" pin=0"/></net>

<net id="177"><net_src comp="173" pin="1"/><net_sink comp="49" pin=2"/></net>

<net id="178"><net_src comp="173" pin="1"/><net_sink comp="49" pin=0"/></net>

<net id="182"><net_src comp="40" pin="2"/><net_sink comp="179" pin=0"/></net>

<net id="189"><net_src comp="6" pin="0"/><net_sink comp="183" pin=0"/></net>

<net id="190"><net_src comp="179" pin="1"/><net_sink comp="183" pin=1"/></net>

<net id="191"><net_src comp="8" pin="0"/><net_sink comp="183" pin=2"/></net>

<net id="192"><net_src comp="10" pin="0"/><net_sink comp="183" pin=3"/></net>

<net id="193"><net_src comp="183" pin="4"/><net_sink comp="162" pin=0"/></net>

<net id="197"><net_src comp="34" pin="2"/><net_sink comp="194" pin=0"/></net>

<net id="204"><net_src comp="6" pin="0"/><net_sink comp="198" pin=0"/></net>

<net id="205"><net_src comp="194" pin="1"/><net_sink comp="198" pin=1"/></net>

<net id="206"><net_src comp="8" pin="0"/><net_sink comp="198" pin=2"/></net>

<net id="207"><net_src comp="10" pin="0"/><net_sink comp="198" pin=3"/></net>

<net id="211"><net_src comp="198" pin="4"/><net_sink comp="208" pin=0"/></net>

<net id="216"><net_src comp="208" pin="1"/><net_sink comp="212" pin=0"/></net>

<net id="217"><net_src comp="12" pin="0"/><net_sink comp="212" pin=1"/></net>

<net id="221"><net_src comp="183" pin="4"/><net_sink comp="218" pin=0"/></net>

<net id="226"><net_src comp="212" pin="2"/><net_sink comp="222" pin=0"/></net>

<net id="227"><net_src comp="218" pin="1"/><net_sink comp="222" pin=1"/></net>

<net id="232"><net_src comp="198" pin="4"/><net_sink comp="228" pin=0"/></net>

<net id="233"><net_src comp="14" pin="0"/><net_sink comp="228" pin=1"/></net>

<net id="238"><net_src comp="222" pin="2"/><net_sink comp="234" pin=0"/></net>

<net id="239"><net_src comp="228" pin="2"/><net_sink comp="234" pin=1"/></net>

<net id="244"><net_src comp="218" pin="1"/><net_sink comp="240" pin=0"/></net>

<net id="245"><net_src comp="12" pin="0"/><net_sink comp="240" pin=1"/></net>

<net id="250"><net_src comp="240" pin="2"/><net_sink comp="246" pin=0"/></net>

<net id="251"><net_src comp="208" pin="1"/><net_sink comp="246" pin=1"/></net>

<net id="256"><net_src comp="183" pin="4"/><net_sink comp="252" pin=0"/></net>

<net id="257"><net_src comp="14" pin="0"/><net_sink comp="252" pin=1"/></net>

<net id="262"><net_src comp="246" pin="2"/><net_sink comp="258" pin=0"/></net>

<net id="263"><net_src comp="252" pin="2"/><net_sink comp="258" pin=1"/></net>

<net id="267"><net_src comp="179" pin="1"/><net_sink comp="264" pin=0"/></net>

<net id="272"><net_src comp="264" pin="1"/><net_sink comp="268" pin=0"/></net>

<net id="273"><net_src comp="18" pin="0"/><net_sink comp="268" pin=1"/></net>

<net id="277"><net_src comp="194" pin="1"/><net_sink comp="274" pin=0"/></net>

<net id="282"><net_src comp="198" pin="4"/><net_sink comp="278" pin=0"/></net>

<net id="283"><net_src comp="16" pin="0"/><net_sink comp="278" pin=1"/></net>

<net id="288"><net_src comp="274" pin="1"/><net_sink comp="284" pin=0"/></net>

<net id="289"><net_src comp="18" pin="0"/><net_sink comp="284" pin=1"/></net>

<net id="293"><net_src comp="179" pin="1"/><net_sink comp="290" pin=0"/></net>

<net id="298"><net_src comp="290" pin="1"/><net_sink comp="294" pin=0"/></net>

<net id="299"><net_src comp="18" pin="0"/><net_sink comp="294" pin=1"/></net>

<net id="308"><net_src comp="300" pin="2"/><net_sink comp="304" pin=0"/></net>

<net id="317"><net_src comp="309" pin="2"/><net_sink comp="313" pin=0"/></net>

<net id="323"><net_src comp="313" pin="2"/><net_sink comp="318" pin=0"/></net>

<net id="324"><net_src comp="22" pin="0"/><net_sink comp="318" pin=1"/></net>

<net id="325"><net_src comp="26" pin="0"/><net_sink comp="318" pin=2"/></net>

<net id="326"><net_src comp="318" pin="3"/><net_sink comp="100" pin=0"/></net>

<net id="336"><net_src comp="6" pin="0"/><net_sink comp="330" pin=0"/></net>

<net id="337"><net_src comp="327" pin="1"/><net_sink comp="330" pin=1"/></net>

<net id="338"><net_src comp="8" pin="0"/><net_sink comp="330" pin=2"/></net>

<net id="339"><net_src comp="10" pin="0"/><net_sink comp="330" pin=3"/></net>

<net id="343"><net_src comp="327" pin="1"/><net_sink comp="340" pin=0"/></net>

<net id="348"><net_src comp="330" pin="4"/><net_sink comp="344" pin=0"/></net>

<net id="349"><net_src comp="16" pin="0"/><net_sink comp="344" pin=1"/></net>

<net id="354"><net_src comp="340" pin="1"/><net_sink comp="350" pin=0"/></net>

<net id="355"><net_src comp="18" pin="0"/><net_sink comp="350" pin=1"/></net>

<net id="360"><net_src comp="350" pin="2"/><net_sink comp="356" pin=0"/></net>

<net id="361"><net_src comp="344" pin="2"/><net_sink comp="356" pin=1"/></net>

<net id="366"><net_src comp="356" pin="2"/><net_sink comp="362" pin=0"/></net>

<net id="367"><net_src comp="147" pin="2"/><net_sink comp="362" pin=1"/></net>

<net id="376"><net_src comp="368" pin="2"/><net_sink comp="372" pin=0"/></net>

<net id="382"><net_src comp="372" pin="2"/><net_sink comp="377" pin=0"/></net>

<net id="383"><net_src comp="28" pin="0"/><net_sink comp="377" pin=1"/></net>

<net id="384"><net_src comp="30" pin="0"/><net_sink comp="377" pin=2"/></net>

<net id="390"><net_src comp="20" pin="0"/><net_sink comp="385" pin=1"/></net>

<net id="391"><net_src comp="22" pin="0"/><net_sink comp="385" pin=2"/></net>

<net id="397"><net_src comp="22" pin="0"/><net_sink comp="392" pin=1"/></net>

<net id="398"><net_src comp="20" pin="0"/><net_sink comp="392" pin=2"/></net>

<net id="403"><net_src comp="32" pin="0"/><net_sink comp="399" pin=0"/></net>

<net id="404"><net_src comp="59" pin="6"/><net_sink comp="399" pin=1"/></net>

<net id="409"><net_src comp="399" pin="2"/><net_sink comp="405" pin=0"/></net>

<net id="410"><net_src comp="71" pin="6"/><net_sink comp="405" pin=1"/></net>

<net id="414"><net_src comp="34" pin="2"/><net_sink comp="411" pin=0"/></net>

<net id="415"><net_src comp="411" pin="1"/><net_sink comp="120" pin=0"/></net>

<net id="419"><net_src comp="40" pin="2"/><net_sink comp="416" pin=0"/></net>

<net id="420"><net_src comp="416" pin="1"/><net_sink comp="120" pin=1"/></net>

<net id="424"><net_src comp="234" pin="2"/><net_sink comp="421" pin=0"/></net>

<net id="428"><net_src comp="258" pin="2"/><net_sink comp="425" pin=0"/></net>

<net id="432"><net_src comp="162" pin="2"/><net_sink comp="429" pin=0"/></net>

<net id="433"><net_src comp="429" pin="1"/><net_sink comp="309" pin=1"/></net>

<net id="437"><net_src comp="268" pin="2"/><net_sink comp="434" pin=0"/></net>

<net id="438"><net_src comp="434" pin="1"/><net_sink comp="309" pin=0"/></net>

<net id="442"><net_src comp="140" pin="2"/><net_sink comp="439" pin=0"/></net>

<net id="443"><net_src comp="439" pin="1"/><net_sink comp="313" pin=1"/></net>

<net id="447"><net_src comp="278" pin="2"/><net_sink comp="444" pin=0"/></net>

<net id="448"><net_src comp="444" pin="1"/><net_sink comp="368" pin=1"/></net>

<net id="452"><net_src comp="284" pin="2"/><net_sink comp="449" pin=0"/></net>

<net id="453"><net_src comp="449" pin="1"/><net_sink comp="368" pin=0"/></net>

<net id="457"><net_src comp="140" pin="2"/><net_sink comp="454" pin=0"/></net>

<net id="458"><net_src comp="454" pin="1"/><net_sink comp="372" pin=1"/></net>

<net id="462"><net_src comp="162" pin="2"/><net_sink comp="459" pin=0"/></net>

<net id="463"><net_src comp="459" pin="1"/><net_sink comp="300" pin=1"/></net>

<net id="467"><net_src comp="294" pin="2"/><net_sink comp="464" pin=0"/></net>

<net id="468"><net_src comp="464" pin="1"/><net_sink comp="300" pin=0"/></net>

<net id="472"><net_src comp="140" pin="2"/><net_sink comp="469" pin=0"/></net>

<net id="473"><net_src comp="469" pin="1"/><net_sink comp="304" pin=1"/></net>

<net id="477"><net_src comp="304" pin="2"/><net_sink comp="474" pin=0"/></net>

<net id="478"><net_src comp="474" pin="1"/><net_sink comp="385" pin=0"/></net>

<net id="479"><net_src comp="474" pin="1"/><net_sink comp="392" pin=0"/></net>

<net id="483"><net_src comp="120" pin="2"/><net_sink comp="480" pin=0"/></net>

<net id="484"><net_src comp="480" pin="1"/><net_sink comp="96" pin=0"/></net>

<net id="485"><net_src comp="480" pin="1"/><net_sink comp="96" pin=1"/></net>

<net id="486"><net_src comp="480" pin="1"/><net_sink comp="104" pin=1"/></net>

<net id="490"><net_src comp="96" pin="2"/><net_sink comp="487" pin=0"/></net>

<net id="491"><net_src comp="487" pin="1"/><net_sink comp="80" pin=0"/></net>

<net id="495"><net_src comp="80" pin="2"/><net_sink comp="492" pin=0"/></net>

<net id="496"><net_src comp="492" pin="1"/><net_sink comp="152" pin=1"/></net>

<net id="500"><net_src comp="152" pin="2"/><net_sink comp="497" pin=0"/></net>

<net id="501"><net_src comp="497" pin="1"/><net_sink comp="126" pin=1"/></net>

<net id="505"><net_src comp="126" pin="2"/><net_sink comp="502" pin=0"/></net>

<net id="506"><net_src comp="502" pin="1"/><net_sink comp="100" pin=1"/></net>

<net id="510"><net_src comp="318" pin="3"/><net_sink comp="507" pin=0"/></net>

<net id="511"><net_src comp="507" pin="1"/><net_sink comp="100" pin=0"/></net>

<net id="515"><net_src comp="100" pin="2"/><net_sink comp="512" pin=0"/></net>

<net id="516"><net_src comp="512" pin="1"/><net_sink comp="104" pin=0"/></net>

<net id="517"><net_src comp="512" pin="1"/><net_sink comp="327" pin=0"/></net>

<net id="518"><net_src comp="512" pin="1"/><net_sink comp="147" pin=0"/></net>

<net id="519"><net_src comp="512" pin="1"/><net_sink comp="85" pin=0"/></net>

<net id="520"><net_src comp="512" pin="1"/><net_sink comp="85" pin=1"/></net>

<net id="524"><net_src comp="362" pin="2"/><net_sink comp="521" pin=0"/></net>

<net id="528"><net_src comp="104" pin="2"/><net_sink comp="525" pin=0"/></net>

<net id="529"><net_src comp="525" pin="1"/><net_sink comp="131" pin=0"/></net>

<net id="530"><net_src comp="525" pin="1"/><net_sink comp="131" pin=1"/></net>

<net id="534"><net_src comp="108" pin="2"/><net_sink comp="531" pin=0"/></net>

<net id="535"><net_src comp="531" pin="1"/><net_sink comp="91" pin=0"/></net>

<net id="539"><net_src comp="91" pin="2"/><net_sink comp="536" pin=0"/></net>

<net id="540"><net_src comp="536" pin="1"/><net_sink comp="157" pin=1"/></net>

<net id="544"><net_src comp="157" pin="2"/><net_sink comp="541" pin=0"/></net>

<net id="545"><net_src comp="541" pin="1"/><net_sink comp="135" pin=1"/></net>

<net id="549"><net_src comp="135" pin="2"/><net_sink comp="546" pin=0"/></net>

<net id="550"><net_src comp="546" pin="1"/><net_sink comp="114" pin=0"/></net>

<net id="551"><net_src comp="546" pin="1"/><net_sink comp="59" pin=0"/></net>

<net id="555"><net_src comp="377" pin="3"/><net_sink comp="552" pin=0"/></net>

<net id="556"><net_src comp="552" pin="1"/><net_sink comp="59" pin=2"/></net>

<net id="560"><net_src comp="385" pin="3"/><net_sink comp="557" pin=0"/></net>

<net id="561"><net_src comp="557" pin="1"/><net_sink comp="59" pin=4"/></net>

<net id="565"><net_src comp="392" pin="3"/><net_sink comp="562" pin=0"/></net>

<net id="566"><net_src comp="562" pin="1"/><net_sink comp="71" pin=4"/></net>

</net_list>

</model> 
---------------- Datapath Model END ------------------

* FSMD analyzer results:
  - Output states:
 - Input state : 
	Port: dut_calc_angle<float, float> : A_r | {1 }
	Port: dut_calc_angle<float, float> : A_i | {1 }
  - Chain level:
	State 1
		loc_V : 1
		loc_V_2 : 1
		lhs_V_cast : 2
		r_V : 3
		tmp_i_cast : 2
		ult : 4
		notrhs_i : 2
		demorgan : 5
		stg_132 : 5
		r_V_1 : 3
		ult3 : 4
		notrhs_i1 : 2
		demorgan5 : 5
		stg_137 : 5
		tmp_25 : 1
		notlhs7 : 2
		notrhs8 : 2
		tmp_24 : 1
		notlhs5 : 2
		notrhs6 : 2
		tmp : 1
		notlhs : 2
		notrhs : 2
	State 2
	State 3
	State 4
	State 5
	State 6
	State 7
	State 8
	State 9
	State 10
	State 11
	State 12
	State 13
	State 14
	State 15
	State 16
	State 17
	State 18
	State 19
	State 20
	State 21
	State 22
	State 23
	State 24
	State 25
	State 26
	State 27
	State 28
	State 29
	State 30
	State 31
	State 32
	State 33
	State 34
	State 35
	State 36
	State 37
	State 38
	State 39
	State 40
	State 41
	State 42
	State 43
	State 44
	State 45
	State 46
	State 47
	State 48
	State 49
	State 50
	State 51
	State 52
	State 53
	State 54
		cosThetaA_int : 1
	State 55
	State 56
	State 57
	State 58
		tmp_20 : 1
		tmp_26 : 1
		notlhs9 : 2
		notrhs1 : 2
		tmp_21 : 3
		tmp_23 : 3
		stg_221 : 3
	State 59
	State 60
	State 61
	State 62
	State 63
	State 64
	State 65
	State 66
	State 67
	State 68
	State 69
	State 70
	State 71
	State 72
	State 73
	State 74
	State 75
	State 76
	State 77
	State 78
	State 79
		tmp_s : 1
	State 80
	State 81
	State 82
	State 83
	State 84
	State 85
	State 86
	State 87
	State 88
	State 89
	State 90
	State 91
	State 92
	State 93
	State 94
	State 95
	State 96
	State 97
	State 98
	State 99
	State 100
	State 101
	State 102
	State 103
	State 104
	State 105
	State 106
	State 107
	State 108
	State 109
	State 110
	State 111
	State 112
	State 113
	State 114
	State 115
	State 116
	State 117
	State 118
	State 119
		cosThetaAdiv2_write_assign : 1
		sinThetaAdiv2_write_assign : 1
		newret : 2
		newret2 : 3
		stg_323 : 4


============================================================
+ Verbose Summary: Datapath Resource usage 
============================================================

* Functional unit list:
|----------|---------------------|---------|---------|---------|
| Operation|   Functional Unit   |  DSP48E |    FF   |   LUT   |
|----------|---------------------|---------|---------|---------|
|          |      grp_fu_120     |    0    |   761   |   994   |
|   fdiv   |      grp_fu_126     |    0    |   761   |   994   |
|          |      grp_fu_131     |    0    |   761   |   994   |
|          |      grp_fu_135     |    0    |   761   |   994   |
|----------|---------------------|---------|---------|---------|
|          |      grp_fu_96      |    3    |   143   |   321   |
|          |      grp_fu_100     |    3    |   143   |   321   |
|   fmul   |      grp_fu_104     |    3    |   143   |   321   |
|          |      grp_fu_108     |    3    |   143   |   321   |
|          |      grp_fu_114     |    3    |   143   |   321   |
|----------|---------------------|---------|---------|---------|
|   fsqrt  |      grp_fu_152     |    0    |   405   |   615   |
|          |      grp_fu_157     |    0    |   405   |   615   |
|----------|---------------------|---------|---------|---------|
|          |      grp_fu_80      |    2    |   205   |   390   |
|   fadd   |      grp_fu_85      |    2    |   205   |   390   |
|          |      grp_fu_91      |    2    |   205   |   390   |
|----------|---------------------|---------|---------|---------|
|   fcmp   |      grp_fu_140     |    0    |    66   |   239   |
|          |    tmp_22_fu_147    |    0    |    66   |   239   |
|----------|---------------------|---------|---------|---------|
|          |     p_0_i_fu_318    |    0    |    0    |    32   |
|  select  |  storemerge1_fu_377 |    0    |    0    |    32   |
|          |      p_s_fu_385     |    0    |    0    |    32   |
|          |      p_1_fu_392     |    0    |    0    |    32   |
|----------|---------------------|---------|---------|---------|
|          |      grp_fu_162     |    0    |    0    |    3    |
|          |      ult_fu_222     |    0    |    0    |    3    |
|          |   notrhs_i_fu_228   |    0    |    0    |    3    |
|          |     ult3_fu_246     |    0    |    0    |    3    |
|          |   notrhs_i1_fu_252  |    0    |    0    |    3    |
|   icmp   |    notrhs8_fu_268   |    0    |    0    |    8    |
|          |    notlhs5_fu_278   |    0    |    0    |    3    |
|          |    notrhs6_fu_284   |    0    |    0    |    8    |
|          |    notrhs_fu_294    |    0    |    0    |    8    |
|          |    notlhs9_fu_344   |    0    |    0    |    3    |
|          |    notrhs1_fu_350   |    0    |    0    |    8    |
|----------|---------------------|---------|---------|---------|
|    add   |      r_V_fu_212     |    0    |    0    |    8    |
|          |     r_V_1_fu_240    |    0    |    0    |    8    |
|----------|---------------------|---------|---------|---------|
|          |   demorgan_fu_234   |    0    |    0    |    1    |
|          |   demorgan5_fu_258  |    0    |    0    |    1    |
|    or    |    tmp_11_fu_300    |    0    |    0    |    1    |
|          |    tmp_17_fu_309    |    0    |    0    |    1    |
|          |    tmp_21_fu_356    |    0    |    0    |    1    |
|          |    tmp_14_fu_368    |    0    |    0    |    1    |
|----------|---------------------|---------|---------|---------|
|          |    tmp_13_fu_304    |    0    |    0    |    1    |
|    and   |    tmp_19_fu_313    |    0    |    0    |    1    |
|          |    tmp_23_fu_362    |    0    |    0    |    1    |
|          |    tmp_16_fu_372    |    0    |    0    |    1    |
|----------|---------------------|---------|---------|---------|
|   read   | A_i_read_read_fu_34 |    0    |    0    |    0    |
|          | A_r_read_read_fu_40 |    0    |    0    |    0    |
|----------|---------------------|---------|---------|---------|
|          |     loc_V_fu_183    |    0    |    0    |    0    |
|partselect|    loc_V_2_fu_198   |    0    |    0    |    0    |
|          |    tmp_20_fu_330    |    0    |    0    |    0    |
|----------|---------------------|---------|---------|---------|
|   zext   |  lhs_V_cast_fu_208  |    0    |    0    |    0    |
|          |  tmp_i_cast_fu_218  |    0    |    0    |    0    |
|----------|---------------------|---------|---------|---------|
|          |    tmp_25_fu_264    |    0    |    0    |    0    |
|   trunc  |    tmp_24_fu_274    |    0    |    0    |    0    |
|          |      tmp_fu_290     |    0    |    0    |    0    |
|          |    tmp_26_fu_340    |    0    |    0    |    0    |
|----------|---------------------|---------|---------|---------|
|insertvalue|    newret_fu_399    |    0    |    0    |    0    |
|          |    newret2_fu_405   |    0    |    0    |    0    |
|----------|---------------------|---------|---------|---------|
|   Total  |                     |    21   |   5316  |   8666  |
|----------|---------------------|---------|---------|---------|

Memories:
N/A

* Register list:
+---------------------------------+--------+
|                                 |   FF   |
+---------------------------------+--------+
|         A_i_read_reg_411        |   32   |
|         A_r_read_reg_416        |   32   |
|      cosThetaA_int_reg_512      |   32   |
|    cosThetaAdiv2_int_reg_546    |   32   |
|cosThetaAdiv2_write_assign_reg_56|   32   |
|        demorgan5_reg_425        |    1   |
|         demorgan_reg_421        |    1   |
|        n_assign_4_reg_536       |   32   |
|         n_assign_reg_492        |   32   |
|         notlhs5_reg_444         |    1   |
|         notlhs7_reg_429         |    1   |
|          notlhs_reg_459         |    1   |
|         notrhs6_reg_449         |    1   |
|         notrhs8_reg_434         |    1   |
|          notrhs_reg_464         |    1   |
|          p_0_i_reg_507          |   32   |
|           p_1_reg_562           |   32   |
|           p_s_reg_557           |   32   |
|             reg_167             |   32   |
|             reg_173             |   32   |
|      sinThetaA_int_reg_525      |   32   |
|sinThetaAdiv2_write_assign_reg_67|   32   |
|       storemerge1_reg_552       |   32   |
|        tanThetaA_reg_480        |   32   |
|       tanThetaAdiv_reg_46       |   32   |
|          tmp_12_reg_469         |    1   |
|          tmp_13_reg_474         |    1   |
|          tmp_15_reg_454         |    1   |
|          tmp_18_reg_439         |    1   |
|          tmp_23_reg_521         |    1   |
|          tmp_9_reg_487          |   32   |
|         tmp_i_i1_reg_541        |   32   |
|         tmp_i_i_reg_497         |   32   |
|          tmp_i_reg_502          |   32   |
|          tmp_s_reg_531          |   32   |
+---------------------------------+--------+
|              Total              |   717  |
+---------------------------------+--------+

* Multiplexer (MUX) list: 
|------------|------|------|------|--------||---------||---------|
|    Comp    |  Pin | Size |  BW  | S x BW ||  Delay  ||   LUT   |
|------------|------|------|------|--------||---------||---------|
|  grp_fu_85 |  p0  |   2  |  32  |   64   ||    32   |
|  grp_fu_85 |  p1  |   2  |  32  |   64   ||    32   |
| grp_fu_100 |  p0  |   2  |  32  |   64   ||    32   |
| grp_fu_120 |  p0  |   2  |  32  |   64   ||    32   |
| grp_fu_120 |  p1  |   2  |  32  |   64   ||    32   |
| grp_fu_131 |  p0  |   2  |  32  |   64   ||    32   |
| grp_fu_131 |  p1  |   2  |  32  |   64   ||    32   |
| grp_fu_140 |  p0  |   2  |  32  |   64   ||    32   |
|------------|------|------|------|--------||---------||---------|
|    Total   |      |      |      |   512  ||  12.568 ||   256   |
|------------|------|------|------|--------||---------||---------|



* Summary:
+-----------+--------+--------+--------+--------+
|           | DSP48E |  Delay |   FF   |   LUT  |
+-----------+--------+--------+--------+--------+
|  Function |   21   |    -   |  5316  |  8666  |
|   Memory  |    -   |    -   |    -   |    -   |
|Multiplexer|    -   |   12   |    -   |   256  |
|  Register |    -   |    -   |   717  |    -   |
+-----------+--------+--------+--------+--------+
|   Total   |   21   |   12   |  6033  |  8922  |
+-----------+--------+--------+--------+--------+
