

================================================================
== Vivado HLS Report for 'dut_cov'
================================================================
* Date:           Fri Nov 11 18:59:55 2022

* Version:        2016.2 (Build 1577090 on Thu Jun 02 16:59:10 MDT 2016)
* Project:        pca.prj
* Solution:       solution1
* Product family: zynq
* Target device:  xc7z020clg484-1


================================================================
== Performance Estimates
================================================================
+ Timing (ns): 
    * Summary: 
    +--------+-------+----------+------------+
    |  Clock | Target| Estimated| Uncertainty|
    +--------+-------+----------+------------+
    |ap_clk  |  10.00|      9.09|        1.25|
    +--------+-------+----------+------------+

+ Latency (clock cycles): 
    * Summary: 
    +-----------+-----------+-----------+-----------+---------+
    |        Latency        |        Interval       | Pipeline|
    |    min    |    max    |    min    |    max    |   Type  |
    +-----------+-----------+-----------+-----------+---------+
    |  135541072|  135541072|  135541072|  135541072|   none  |
    +-----------+-----------+-----------+-----------+---------+

    + Detail: 
        * Instance: 
        N/A

        * Loop: 
        +-------------+----------+----------+----------+-----------+-----------+------+----------+
        |             |       Latency       | Iteration|  Initiation Interval  | Trip |          |
        |  Loop Name  |    min   |    max   |  Latency |  achieved |   target  | Count| Pipelined|
        +-------------+----------+----------+----------+-----------+-----------+------+----------+
        |- Loop 1     |    315168|    315168|       402|          -|          -|   784|    no    |
        | + Loop 1.1  |       400|       400|         2|          -|          -|   200|    no    |
        |- Loop 2     |  12294688|  12294688|     15682|          -|          -|   784|    no    |
        | + Loop 2.1  |     15680|     15680|        20|          -|          -|   784|    no    |
        +-------------+----------+----------+----------+-----------+-----------+------+----------+

============================================================
+ Verbose Summary: Synthesis Manager
============================================================
InlineROM: 1
ExposeGlobal: 0
============================================================
+ Verbose Summary: CDFG Model
============================================================
IsTopModel: 0
ResetActiveHigh: 1
IsCombinational: 0
IsDatapathOnly: 0
HasWiredReturn: 1
HasMFsm: 0
HasVarLatency: 1
IsPipeline: 0
IsRtlPipelined: 0
IsInstanceOverlapped: 0
IsDontTouch: 0
HasImplIP: 0
IsGatedGlobalClock: 0


============================================================
+ Verbose Summary: Schedule
============================================================
* Number of FSM states: 26
* Pipeline: 0
* Dataflow Pipeline: 0

* FSM state transitions: 
1 --> 
	2  / true
2 --> 
	5  / (exitcond3)
	3  / (!exitcond3)
3 --> 
	2  / (exitcond2)
	4  / (!exitcond2)
4 --> 
	3  / true
5 --> 
	6  / true
6 --> 
	7  / (!exitcond1)
7 --> 
	6  / (exitcond)
	8  / (!exitcond)
8 --> 
	9  / true
9 --> 
	10  / true
10 --> 
	11  / true
11 --> 
	12  / true
12 --> 
	13  / true
13 --> 
	14  / true
14 --> 
	15  / true
15 --> 
	16  / true
16 --> 
	17  / true
17 --> 
	18  / true
18 --> 
	19  / true
19 --> 
	20  / true
20 --> 
	21  / true
21 --> 
	22  / true
22 --> 
	23  / true
23 --> 
	24  / true
24 --> 
	25  / true
25 --> 
	26  / true
26 --> 
	7  / true
* FSM state operations: 

 <State 1>: 2.71ns
ST_1: XT [1/1] 2.71ns
:0  %XT = alloca [156800 x float], align 4

ST_1: stg_28 [1/1] 1.57ns
:1  br label %.loopexit5


 <State 2>: 2.08ns
ST_2: i [1/1] 0.00ns
.loopexit5:0  %i = phi i10 [ 0, %0 ], [ %i_7, %.preheader4 ]

ST_2: phi_mul1 [1/1] 0.00ns
.loopexit5:1  %phi_mul1 = phi i18 [ 0, %0 ], [ %next_mul2, %.preheader4 ]

ST_2: next_mul2 [1/1] 2.08ns
.loopexit5:2  %next_mul2 = add i18 %phi_mul1, 200

ST_2: exitcond3 [1/1] 2.07ns
.loopexit5:3  %exitcond3 = icmp eq i10 %i, -240

ST_2: empty [1/1] 0.00ns
.loopexit5:4  %empty = call i32 (...)* @_ssdm_op_SpecLoopTripCount(i64 784, i64 784, i64 784)

ST_2: i_7 [1/1] 1.84ns
.loopexit5:5  %i_7 = add i10 %i, 1

ST_2: stg_35 [1/1] 0.00ns
.loopexit5:6  br i1 %exitcond3, label %2, label %.preheader4.preheader

ST_2: tmp_cast [1/1] 0.00ns
.preheader4.preheader:0  %tmp_cast = zext i10 %i to i18

ST_2: stg_37 [1/1] 1.57ns
.preheader4.preheader:1  br label %.preheader4

ST_2: stg_38 [2/2] 0.00ns
:0  call fastcc void @dut_matrix_multiply_alt26([156800 x float]* %X, [156800 x float]* %XT, [614656 x float]* %XXT)


 <State 3>: 4.79ns
ST_3: j [1/1] 0.00ns
.preheader4:0  %j = phi i8 [ %j_5, %1 ], [ 0, %.preheader4.preheader ]

ST_3: phi_mul [1/1] 0.00ns
.preheader4:1  %phi_mul = phi i18 [ %next_mul, %1 ], [ 0, %.preheader4.preheader ]

ST_3: exitcond2 [1/1] 2.00ns
.preheader4:2  %exitcond2 = icmp eq i8 %j, -56

ST_3: empty_42 [1/1] 0.00ns
.preheader4:3  %empty_42 = call i32 (...)* @_ssdm_op_SpecLoopTripCount(i64 200, i64 200, i64 200)

ST_3: j_5 [1/1] 1.72ns
.preheader4:4  %j_5 = add i8 %j, 1

ST_3: stg_44 [1/1] 0.00ns
.preheader4:5  br i1 %exitcond2, label %.loopexit5, label %1

ST_3: tmp_151_cast [1/1] 0.00ns
:0  %tmp_151_cast = zext i8 %j to i18

ST_3: tmp_s [1/1] 2.08ns
:1  %tmp_s = add i18 %phi_mul1, %tmp_151_cast

ST_3: tmp_202_cast [1/1] 0.00ns
:2  %tmp_202_cast = zext i18 %tmp_s to i64

ST_3: X_addr [1/1] 0.00ns
:3  %X_addr = getelementptr [156800 x float]* %X, i64 0, i64 %tmp_202_cast

ST_3: next_mul [1/1] 2.08ns
:4  %next_mul = add i18 %phi_mul, 784

ST_3: tmp_186 [1/1] 2.08ns
:5  %tmp_186 = add i18 %phi_mul, %tmp_cast

ST_3: X_load [2/2] 2.71ns
:8  %X_load = load float* %X_addr, align 4


 <State 4>: 5.42ns
ST_4: tmp_204_cast [1/1] 0.00ns
:6  %tmp_204_cast = zext i18 %tmp_186 to i64

ST_4: XT_addr [1/1] 0.00ns
:7  %XT_addr = getelementptr [156800 x float]* %XT, i64 0, i64 %tmp_204_cast

ST_4: X_load [1/2] 2.71ns
:8  %X_load = load float* %X_addr, align 4

ST_4: stg_55 [1/1] 2.71ns
:9  store float %X_load, float* %XT_addr, align 4

ST_4: stg_56 [1/1] 0.00ns
:10  br label %.preheader4


 <State 5>: 1.57ns
ST_5: stg_57 [1/2] 0.00ns
:0  call fastcc void @dut_matrix_multiply_alt26([156800 x float]* %X, [156800 x float]* %XT, [614656 x float]* %XXT)

ST_5: stg_58 [1/1] 1.57ns
:1  br label %.loopexit


 <State 6>: 3.64ns
ST_6: i1 [1/1] 0.00ns
.loopexit:0  %i1 = phi i10 [ 0, %2 ], [ %i_8, %.preheader ]

ST_6: phi_mul3 [1/1] 0.00ns
.loopexit:1  %phi_mul3 = phi i20 [ 0, %2 ], [ %next_mul4, %.preheader ]

ST_6: next_mul4 [1/1] 2.08ns
.loopexit:2  %next_mul4 = add i20 %phi_mul3, 784

ST_6: exitcond1 [1/1] 2.07ns
.loopexit:3  %exitcond1 = icmp eq i10 %i1, -240

ST_6: empty_43 [1/1] 0.00ns
.loopexit:4  %empty_43 = call i32 (...)* @_ssdm_op_SpecLoopTripCount(i64 784, i64 784, i64 784)

ST_6: i_8 [1/1] 1.84ns
.loopexit:5  %i_8 = add i10 %i1, 1

ST_6: stg_65 [1/1] 1.57ns
.loopexit:6  br i1 %exitcond1, label %4, label %.preheader

ST_6: stg_66 [1/1] 0.00ns
:0  ret void


 <State 7>: 4.69ns
ST_7: j2 [1/1] 0.00ns
.preheader:0  %j2 = phi i10 [ %j_6, %3 ], [ 0, %.loopexit ]

ST_7: exitcond [1/1] 2.07ns
.preheader:1  %exitcond = icmp eq i10 %j2, -240

ST_7: empty_44 [1/1] 0.00ns
.preheader:2  %empty_44 = call i32 (...)* @_ssdm_op_SpecLoopTripCount(i64 784, i64 784, i64 784)

ST_7: j_6 [1/1] 1.84ns
.preheader:3  %j_6 = add i10 %j2, 1

ST_7: stg_71 [1/1] 0.00ns
.preheader:4  br i1 %exitcond, label %.loopexit, label %3

ST_7: tmp_152_cast [1/1] 0.00ns
:0  %tmp_152_cast = zext i10 %j2 to i20

ST_7: tmp_187 [1/1] 2.08ns
:1  %tmp_187 = add i20 %phi_mul3, %tmp_152_cast

ST_7: tmp_205_cast [1/1] 0.00ns
:2  %tmp_205_cast = zext i20 %tmp_187 to i64

ST_7: XXT_addr [1/1] 0.00ns
:3  %XXT_addr = getelementptr [614656 x float]* %XXT, i64 0, i64 %tmp_205_cast

ST_7: XXT_load [4/4] 2.61ns
:4  %XXT_load = load float* %XXT_addr, align 4


 <State 8>: 2.61ns
ST_8: XXT_load [3/4] 2.61ns
:4  %XXT_load = load float* %XXT_addr, align 4


 <State 9>: 2.61ns
ST_9: XXT_load [2/4] 2.61ns
:4  %XXT_load = load float* %XXT_addr, align 4


 <State 10>: 8.69ns
ST_10: XXT_load [1/4] 2.61ns
:4  %XXT_load = load float* %XXT_addr, align 4

ST_10: tmp_153 [16/16] 6.08ns
:5  %tmp_153 = fdiv float %XXT_load, 1.990000e+02


 <State 11>: 6.08ns
ST_11: tmp_153 [15/16] 6.08ns
:5  %tmp_153 = fdiv float %XXT_load, 1.990000e+02


 <State 12>: 6.08ns
ST_12: tmp_153 [14/16] 6.08ns
:5  %tmp_153 = fdiv float %XXT_load, 1.990000e+02


 <State 13>: 6.08ns
ST_13: tmp_153 [13/16] 6.08ns
:5  %tmp_153 = fdiv float %XXT_load, 1.990000e+02


 <State 14>: 6.08ns
ST_14: tmp_153 [12/16] 6.08ns
:5  %tmp_153 = fdiv float %XXT_load, 1.990000e+02


 <State 15>: 6.08ns
ST_15: tmp_153 [11/16] 6.08ns
:5  %tmp_153 = fdiv float %XXT_load, 1.990000e+02


 <State 16>: 6.08ns
ST_16: tmp_153 [10/16] 6.08ns
:5  %tmp_153 = fdiv float %XXT_load, 1.990000e+02


 <State 17>: 6.08ns
ST_17: tmp_153 [9/16] 6.08ns
:5  %tmp_153 = fdiv float %XXT_load, 1.990000e+02


 <State 18>: 6.08ns
ST_18: tmp_153 [8/16] 6.08ns
:5  %tmp_153 = fdiv float %XXT_load, 1.990000e+02


 <State 19>: 6.08ns
ST_19: tmp_153 [7/16] 6.08ns
:5  %tmp_153 = fdiv float %XXT_load, 1.990000e+02


 <State 20>: 6.08ns
ST_20: tmp_153 [6/16] 6.08ns
:5  %tmp_153 = fdiv float %XXT_load, 1.990000e+02


 <State 21>: 6.08ns
ST_21: tmp_153 [5/16] 6.08ns
:5  %tmp_153 = fdiv float %XXT_load, 1.990000e+02


 <State 22>: 6.08ns
ST_22: tmp_153 [4/16] 6.08ns
:5  %tmp_153 = fdiv float %XXT_load, 1.990000e+02


 <State 23>: 6.08ns
ST_23: tmp_153 [3/16] 6.08ns
:5  %tmp_153 = fdiv float %XXT_load, 1.990000e+02


 <State 24>: 6.08ns
ST_24: tmp_153 [2/16] 6.08ns
:5  %tmp_153 = fdiv float %XXT_load, 1.990000e+02


 <State 25>: 8.69ns
ST_25: tmp_153 [1/16] 6.08ns
:5  %tmp_153 = fdiv float %XXT_load, 1.990000e+02

ST_25: stg_96 [2/2] 2.61ns
:6  store float %tmp_153, float* %XXT_addr, align 4


 <State 26>: 2.61ns
ST_26: stg_97 [1/2] 2.61ns
:6  store float %tmp_153, float* %XXT_addr, align 4

ST_26: stg_98 [1/1] 0.00ns
:7  br label %.preheader



============================================================
+ Verbose Summary: Binding
============================================================
STG Binding: 
---------------- STG Properties BEGIN ----------------
- Is combinational: 0
- Is one-state seq: 0
- Is datapath-only: 0
- Is clock enabled: 0
- Is pipelined: 0
- Is top level: 0
Port [ Return ] is wired: 1; IO mode=ap_ctrl_hs:ce=0
Port [ X]:  wired=1; compound=1; hidden=0; nouse=0; global=0; static=0; extern=0; dir=0; type=1; pingpong=0; private_global=0; MemPort=[13]; IO mode=ap_memory:ce=0
Port [ XXT]:  wired=1; compound=1; hidden=0; nouse=0; global=0; static=0; extern=0; dir=2; type=1; pingpong=0; private_global=0; MemPort=[23]; IO mode=ap_memory:ce=0
---------------- STG Properties END ------------------

---------------- Datapath Model BEGIN ----------------

<LifeTime>
<method=bitvector/>
XT           (alloca           ) [ 001111000000000000000000000]
stg_28       (br               ) [ 011110000000000000000000000]
i            (phi              ) [ 001000000000000000000000000]
phi_mul1     (phi              ) [ 001110000000000000000000000]
next_mul2    (add              ) [ 011110000000000000000000000]
exitcond3    (icmp             ) [ 001110000000000000000000000]
empty        (speclooptripcount) [ 000000000000000000000000000]
i_7          (add              ) [ 011110000000000000000000000]
stg_35       (br               ) [ 000000000000000000000000000]
tmp_cast     (zext             ) [ 000110000000000000000000000]
stg_37       (br               ) [ 001110000000000000000000000]
j            (phi              ) [ 000100000000000000000000000]
phi_mul      (phi              ) [ 000100000000000000000000000]
exitcond2    (icmp             ) [ 001110000000000000000000000]
empty_42     (speclooptripcount) [ 000000000000000000000000000]
j_5          (add              ) [ 001110000000000000000000000]
stg_44       (br               ) [ 011110000000000000000000000]
tmp_151_cast (zext             ) [ 000000000000000000000000000]
tmp_s        (add              ) [ 000000000000000000000000000]
tmp_202_cast (zext             ) [ 000000000000000000000000000]
X_addr       (getelementptr    ) [ 000010000000000000000000000]
next_mul     (add              ) [ 001110000000000000000000000]
tmp_186      (add              ) [ 000010000000000000000000000]
tmp_204_cast (zext             ) [ 000000000000000000000000000]
XT_addr      (getelementptr    ) [ 000000000000000000000000000]
X_load       (load             ) [ 000000000000000000000000000]
stg_55       (store            ) [ 000000000000000000000000000]
stg_56       (br               ) [ 001110000000000000000000000]
stg_57       (call             ) [ 000000000000000000000000000]
stg_58       (br               ) [ 000001111111111111111111111]
i1           (phi              ) [ 000000100000000000000000000]
phi_mul3     (phi              ) [ 000000111111111111111111111]
next_mul4    (add              ) [ 000001111111111111111111111]
exitcond1    (icmp             ) [ 000000111111111111111111111]
empty_43     (speclooptripcount) [ 000000000000000000000000000]
i_8          (add              ) [ 000001111111111111111111111]
stg_65       (br               ) [ 000000111111111111111111111]
stg_66       (ret              ) [ 000000000000000000000000000]
j2           (phi              ) [ 000000010000000000000000000]
exitcond     (icmp             ) [ 000000111111111111111111111]
empty_44     (speclooptripcount) [ 000000000000000000000000000]
j_6          (add              ) [ 000000111111111111111111111]
stg_71       (br               ) [ 000001111111111111111111111]
tmp_152_cast (zext             ) [ 000000000000000000000000000]
tmp_187      (add              ) [ 000000000000000000000000000]
tmp_205_cast (zext             ) [ 000000000000000000000000000]
XXT_addr     (getelementptr    ) [ 000000001111111111111111111]
XXT_load     (load             ) [ 000000000001111111111111110]
tmp_153      (fdiv             ) [ 000000000000000000000000001]
stg_97       (store            ) [ 000000000000000000000000000]
stg_98       (br               ) [ 000000111111111111111111111]
</LifeTime>

<model>

<comp_list>
<comp id="0" class="1000" name="X">
<pin_list>
<pin id="1" dir="1" index="0" bw="1" slack="0"/>
</pin_list>
<bind>
<StgValue><ssdm name="X"/><MemPortTyVec>1 3 </MemPortTyVec>
</StgValue>
</bind>
</comp>

<comp id="2" class="1000" name="XXT">
<pin_list>
<pin id="3" dir="1" index="0" bw="1" slack="0"/>
</pin_list>
<bind>
<StgValue><ssdm name="XXT"/><MemPortTyVec>2 3 </MemPortTyVec>
</StgValue>
</bind>
</comp>

<comp id="4" class="1001" name="const_4">
<pin_list>
<pin id="5" dir="1" index="0" bw="1" slack="0"/>
</pin_list>
<bind>
<StgValue><ssdm name=""/></StgValue>
</bind>
</comp>

<comp id="6" class="1001" name="const_6">
<pin_list>
<pin id="7" dir="1" index="0" bw="1" slack="1"/>
</pin_list>
<bind>
<StgValue><ssdm name=""/></StgValue>
</bind>
</comp>

<comp id="8" class="1001" name="const_8">
<pin_list>
<pin id="9" dir="1" index="0" bw="1" slack="1"/>
</pin_list>
<bind>
<StgValue><ssdm name=""/></StgValue>
</bind>
</comp>

<comp id="10" class="1001" name="const_10">
<pin_list>
<pin id="11" dir="1" index="0" bw="1" slack="0"/>
</pin_list>
<bind>
<StgValue><ssdm name=""/></StgValue>
</bind>
</comp>

<comp id="12" class="1001" name="const_12">
<pin_list>
<pin id="13" dir="1" index="0" bw="1" slack="0"/>
</pin_list>
<bind>
<StgValue><ssdm name=""/></StgValue>
</bind>
</comp>

<comp id="14" class="1001" name="const_14">
<pin_list>
<pin id="15" dir="1" index="0" bw="1" slack="2147483647"/>
</pin_list>
<bind>
<StgValue><ssdm name="_ssdm_op_SpecLoopTripCount"/></StgValue>
</bind>
</comp>

<comp id="16" class="1001" name="const_16">
<pin_list>
<pin id="17" dir="1" index="0" bw="1" slack="2147483647"/>
</pin_list>
<bind>
<StgValue><ssdm name=""/></StgValue>
</bind>
</comp>

<comp id="18" class="1001" name="const_18">
<pin_list>
<pin id="19" dir="1" index="0" bw="1" slack="0"/>
</pin_list>
<bind>
<StgValue><ssdm name=""/></StgValue>
</bind>
</comp>

<comp id="20" class="1001" name="const_20">
<pin_list>
<pin id="21" dir="1" index="0" bw="1" slack="0"/>
</pin_list>
<bind>
<StgValue><ssdm name="dut_matrix_multiply_alt26"/></StgValue>
</bind>
</comp>

<comp id="22" class="1001" name="const_22">
<pin_list>
<pin id="23" dir="1" index="0" bw="1" slack="1"/>
</pin_list>
<bind>
<StgValue><ssdm name=""/></StgValue>
</bind>
</comp>

<comp id="24" class="1001" name="const_24">
<pin_list>
<pin id="25" dir="1" index="0" bw="1" slack="0"/>
</pin_list>
<bind>
<StgValue><ssdm name=""/></StgValue>
</bind>
</comp>

<comp id="26" class="1001" name="const_26">
<pin_list>
<pin id="27" dir="1" index="0" bw="1" slack="2147483647"/>
</pin_list>
<bind>
<StgValue><ssdm name=""/></StgValue>
</bind>
</comp>

<comp id="28" class="1001" name="const_28">
<pin_list>
<pin id="29" dir="1" index="0" bw="1" slack="0"/>
</pin_list>
<bind>
<StgValue><ssdm name=""/></StgValue>
</bind>
</comp>

<comp id="30" class="1001" name="const_30">
<pin_list>
<pin id="31" dir="1" index="0" bw="1" slack="0"/>
</pin_list>
<bind>
<StgValue><ssdm name=""/></StgValue>
</bind>
</comp>

<comp id="32" class="1001" name="const_32">
<pin_list>
<pin id="33" dir="1" index="0" bw="1" slack="0"/>
</pin_list>
<bind>
<StgValue><ssdm name=""/></StgValue>
</bind>
</comp>

<comp id="34" class="1001" name="const_34">
<pin_list>
<pin id="35" dir="1" index="0" bw="1" slack="1"/>
</pin_list>
<bind>
<StgValue><ssdm name=""/></StgValue>
</bind>
</comp>

<comp id="36" class="1001" name="const_36">
<pin_list>
<pin id="37" dir="1" index="0" bw="1" slack="0"/>
</pin_list>
<bind>
<StgValue><ssdm name=""/></StgValue>
</bind>
</comp>

<comp id="38" class="1001" name="const_38">
<pin_list>
<pin id="39" dir="1" index="0" bw="1" slack="0"/>
</pin_list>
<bind>
<StgValue><ssdm name=""/></StgValue>
</bind>
</comp>

<comp id="40" class="1004" name="XT_alloca_fu_40">
<pin_list>
<pin id="41" dir="0" index="0" bw="1" slack="0"/>
<pin id="42" dir="1" index="1" bw="32" slack="2147483647"/>
</pin_list>
<bind>
<opcode="alloca(26) " fcode="alloca"/>
<opset="XT/1 "/>
</bind>
</comp>

<comp id="44" class="1004" name="X_addr_gep_fu_44">
<pin_list>
<pin id="45" dir="0" index="0" bw="32" slack="0"/>
<pin id="46" dir="0" index="1" bw="1" slack="0"/>
<pin id="47" dir="0" index="2" bw="18" slack="0"/>
<pin id="48" dir="1" index="3" bw="18" slack="0"/>
</pin_list>
<bind>
<opcode="getelementptr(29) " fcode="getelementptr"/>
<opset="X_addr/3 "/>
</bind>
</comp>

<comp id="51" class="1004" name="grp_access_fu_51">
<pin_list>
<pin id="52" dir="0" index="0" bw="18" slack="0"/>
<pin id="53" dir="0" index="1" bw="32" slack="2147483647"/>
<pin id="54" dir="1" index="2" bw="32" slack="0"/>
</pin_list>
<bind>
<opcode="load(27) " fcode="load"/>
<opset="X_load/3 "/>
</bind>
</comp>

<comp id="56" class="1004" name="XT_addr_gep_fu_56">
<pin_list>
<pin id="57" dir="0" index="0" bw="32" slack="2147483647"/>
<pin id="58" dir="0" index="1" bw="1" slack="0"/>
<pin id="59" dir="0" index="2" bw="18" slack="0"/>
<pin id="60" dir="1" index="3" bw="18" slack="0"/>
</pin_list>
<bind>
<opcode="getelementptr(29) " fcode="getelementptr"/>
<opset="XT_addr/4 "/>
</bind>
</comp>

<comp id="62" class="1004" name="stg_55_access_fu_62">
<pin_list>
<pin id="63" dir="0" index="0" bw="18" slack="0"/>
<pin id="64" dir="0" index="1" bw="32" slack="0"/>
<pin id="65" dir="1" index="2" bw="32" slack="2147483647"/>
</pin_list>
<bind>
<opcode="store(28) " fcode="store"/>
<opset="stg_55/4 "/>
</bind>
</comp>

<comp id="68" class="1004" name="XXT_addr_gep_fu_68">
<pin_list>
<pin id="69" dir="0" index="0" bw="32" slack="0"/>
<pin id="70" dir="0" index="1" bw="1" slack="0"/>
<pin id="71" dir="0" index="2" bw="20" slack="0"/>
<pin id="72" dir="1" index="3" bw="20" slack="0"/>
</pin_list>
<bind>
<opcode="getelementptr(29) " fcode="getelementptr"/>
<opset="XXT_addr/7 "/>
</bind>
</comp>

<comp id="75" class="1004" name="grp_access_fu_75">
<pin_list>
<pin id="76" dir="0" index="0" bw="20" slack="0"/>
<pin id="77" dir="0" index="1" bw="32" slack="0"/>
<pin id="78" dir="1" index="2" bw="32" slack="0"/>
</pin_list>
<bind>
<opcode="load(27) store(28) " fcode="store"/>
<opset="XXT_load/7 stg_96/25 "/>
</bind>
</comp>

<comp id="80" class="1005" name="i_reg_80">
<pin_list>
<pin id="81" dir="0" index="0" bw="10" slack="1"/>
<pin id="82" dir="1" index="1" bw="10" slack="1"/>
</pin_list>
<bind>
<opset="i (phireg) "/>
</bind>
</comp>

<comp id="84" class="1004" name="i_phi_fu_84">
<pin_list>
<pin id="85" dir="0" index="0" bw="1" slack="1"/>
<pin id="86" dir="0" index="1" bw="0" slack="2147483647"/>
<pin id="87" dir="0" index="2" bw="10" slack="0"/>
<pin id="88" dir="0" index="3" bw="0" slack="2147483647"/>
<pin id="89" dir="1" index="4" bw="10" slack="0"/>
</pin_list>
<bind>
<opcode="phi(47) " fcode="phi"/>
<opset="i/2 "/>
</bind>
</comp>

<comp id="91" class="1005" name="phi_mul1_reg_91">
<pin_list>
<pin id="92" dir="0" index="0" bw="18" slack="1"/>
<pin id="93" dir="1" index="1" bw="18" slack="1"/>
</pin_list>
<bind>
<opset="phi_mul1 (phireg) "/>
</bind>
</comp>

<comp id="95" class="1004" name="phi_mul1_phi_fu_95">
<pin_list>
<pin id="96" dir="0" index="0" bw="1" slack="1"/>
<pin id="97" dir="0" index="1" bw="0" slack="2147483647"/>
<pin id="98" dir="0" index="2" bw="18" slack="0"/>
<pin id="99" dir="0" index="3" bw="0" slack="2147483647"/>
<pin id="100" dir="1" index="4" bw="18" slack="0"/>
</pin_list>
<bind>
<opcode="phi(47) " fcode="phi"/>
<opset="phi_mul1/2 "/>
</bind>
</comp>

<comp id="103" class="1005" name="j_reg_103">
<pin_list>
<pin id="104" dir="0" index="0" bw="8" slack="1"/>
<pin id="105" dir="1" index="1" bw="8" slack="1"/>
</pin_list>
<bind>
<opset="j (phireg) "/>
</bind>
</comp>

<comp id="107" class="1004" name="j_phi_fu_107">
<pin_list>
<pin id="108" dir="0" index="0" bw="8" slack="0"/>
<pin id="109" dir="0" index="1" bw="0" slack="2147483647"/>
<pin id="110" dir="0" index="2" bw="1" slack="1"/>
<pin id="111" dir="0" index="3" bw="0" slack="2147483647"/>
<pin id="112" dir="1" index="4" bw="8" slack="0"/>
</pin_list>
<bind>
<opcode="phi(47) " fcode="phi"/>
<opset="j/3 "/>
</bind>
</comp>

<comp id="114" class="1005" name="phi_mul_reg_114">
<pin_list>
<pin id="115" dir="0" index="0" bw="18" slack="1"/>
<pin id="116" dir="1" index="1" bw="18" slack="1"/>
</pin_list>
<bind>
<opset="phi_mul (phireg) "/>
</bind>
</comp>

<comp id="118" class="1004" name="phi_mul_phi_fu_118">
<pin_list>
<pin id="119" dir="0" index="0" bw="18" slack="0"/>
<pin id="120" dir="0" index="1" bw="0" slack="2147483647"/>
<pin id="121" dir="0" index="2" bw="1" slack="1"/>
<pin id="122" dir="0" index="3" bw="0" slack="2147483647"/>
<pin id="123" dir="1" index="4" bw="18" slack="0"/>
</pin_list>
<bind>
<opcode="phi(47) " fcode="phi"/>
<opset="phi_mul/3 "/>
</bind>
</comp>

<comp id="125" class="1005" name="i1_reg_125">
<pin_list>
<pin id="126" dir="0" index="0" bw="10" slack="1"/>
<pin id="127" dir="1" index="1" bw="10" slack="1"/>
</pin_list>
<bind>
<opset="i1 (phireg) "/>
</bind>
</comp>

<comp id="129" class="1004" name="i1_phi_fu_129">
<pin_list>
<pin id="130" dir="0" index="0" bw="1" slack="1"/>
<pin id="131" dir="0" index="1" bw="0" slack="2147483647"/>
<pin id="132" dir="0" index="2" bw="10" slack="0"/>
<pin id="133" dir="0" index="3" bw="0" slack="2147483647"/>
<pin id="134" dir="1" index="4" bw="10" slack="0"/>
</pin_list>
<bind>
<opcode="phi(47) " fcode="phi"/>
<opset="i1/6 "/>
</bind>
</comp>

<comp id="136" class="1005" name="phi_mul3_reg_136">
<pin_list>
<pin id="137" dir="0" index="0" bw="20" slack="1"/>
<pin id="138" dir="1" index="1" bw="20" slack="1"/>
</pin_list>
<bind>
<opset="phi_mul3 (phireg) "/>
</bind>
</comp>

<comp id="140" class="1004" name="phi_mul3_phi_fu_140">
<pin_list>
<pin id="141" dir="0" index="0" bw="1" slack="1"/>
<pin id="142" dir="0" index="1" bw="0" slack="2147483647"/>
<pin id="143" dir="0" index="2" bw="20" slack="0"/>
<pin id="144" dir="0" index="3" bw="0" slack="2147483647"/>
<pin id="145" dir="1" index="4" bw="20" slack="0"/>
</pin_list>
<bind>
<opcode="phi(47) " fcode="phi"/>
<opset="phi_mul3/6 "/>
</bind>
</comp>

<comp id="148" class="1005" name="j2_reg_148">
<pin_list>
<pin id="149" dir="0" index="0" bw="10" slack="1"/>
<pin id="150" dir="1" index="1" bw="10" slack="1"/>
</pin_list>
<bind>
<opset="j2 (phireg) "/>
</bind>
</comp>

<comp id="152" class="1004" name="j2_phi_fu_152">
<pin_list>
<pin id="153" dir="0" index="0" bw="10" slack="0"/>
<pin id="154" dir="0" index="1" bw="0" slack="2147483647"/>
<pin id="155" dir="0" index="2" bw="1" slack="1"/>
<pin id="156" dir="0" index="3" bw="0" slack="2147483647"/>
<pin id="157" dir="1" index="4" bw="10" slack="0"/>
</pin_list>
<bind>
<opcode="phi(47) " fcode="phi"/>
<opset="j2/7 "/>
</bind>
</comp>

<comp id="159" class="1004" name="grp_dut_matrix_multiply_alt26_fu_159">
<pin_list>
<pin id="160" dir="0" index="0" bw="0" slack="0"/>
<pin id="161" dir="0" index="1" bw="32" slack="0"/>
<pin id="162" dir="0" index="2" bw="32" slack="2147483647"/>
<pin id="163" dir="0" index="3" bw="32" slack="0"/>
<pin id="164" dir="1" index="4" bw="0" slack="2147483647"/>
</pin_list>
<bind>
<opcode="call(48) " fcode="call"/>
<opset="stg_38/2 "/>
</bind>
</comp>

<comp id="168" class="1004" name="grp_fu_168">
<pin_list>
<pin id="169" dir="0" index="0" bw="32" slack="0"/>
<pin id="170" dir="0" index="1" bw="32" slack="0"/>
<pin id="171" dir="1" index="2" bw="32" slack="0"/>
</pin_list>
<bind>
<opcode="fdiv(16) " fcode="fdiv"/>
<opset="tmp_153/10 "/>
</bind>
</comp>

<comp id="175" class="1004" name="next_mul2_fu_175">
<pin_list>
<pin id="176" dir="0" index="0" bw="18" slack="0"/>
<pin id="177" dir="0" index="1" bw="9" slack="0"/>
<pin id="178" dir="1" index="2" bw="18" slack="0"/>
</pin_list>
<bind>
<opcode="add(8) " fcode="add"/>
<opset="next_mul2/2 "/>
</bind>
</comp>

<comp id="181" class="1004" name="exitcond3_fu_181">
<pin_list>
<pin id="182" dir="0" index="0" bw="10" slack="0"/>
<pin id="183" dir="0" index="1" bw="9" slack="0"/>
<pin id="184" dir="1" index="2" bw="1" slack="2147483647"/>
</pin_list>
<bind>
<opcode="icmp(45) " fcode="icmp"/>
<opset="exitcond3/2 "/>
</bind>
</comp>

<comp id="187" class="1004" name="i_7_fu_187">
<pin_list>
<pin id="188" dir="0" index="0" bw="10" slack="0"/>
<pin id="189" dir="0" index="1" bw="1" slack="0"/>
<pin id="190" dir="1" index="2" bw="10" slack="0"/>
</pin_list>
<bind>
<opcode="add(8) " fcode="add"/>
<opset="i_7/2 "/>
</bind>
</comp>

<comp id="193" class="1004" name="tmp_cast_fu_193">
<pin_list>
<pin id="194" dir="0" index="0" bw="10" slack="0"/>
<pin id="195" dir="1" index="1" bw="18" slack="1"/>
</pin_list>
<bind>
<opcode="zext(34) " fcode="zext"/>
<opset="tmp_cast/2 "/>
</bind>
</comp>

<comp id="197" class="1004" name="exitcond2_fu_197">
<pin_list>
<pin id="198" dir="0" index="0" bw="8" slack="0"/>
<pin id="199" dir="0" index="1" bw="7" slack="0"/>
<pin id="200" dir="1" index="2" bw="1" slack="2147483647"/>
</pin_list>
<bind>
<opcode="icmp(45) " fcode="icmp"/>
<opset="exitcond2/3 "/>
</bind>
</comp>

<comp id="203" class="1004" name="j_5_fu_203">
<pin_list>
<pin id="204" dir="0" index="0" bw="8" slack="0"/>
<pin id="205" dir="0" index="1" bw="1" slack="0"/>
<pin id="206" dir="1" index="2" bw="8" slack="0"/>
</pin_list>
<bind>
<opcode="add(8) " fcode="add"/>
<opset="j_5/3 "/>
</bind>
</comp>

<comp id="209" class="1004" name="tmp_151_cast_fu_209">
<pin_list>
<pin id="210" dir="0" index="0" bw="8" slack="0"/>
<pin id="211" dir="1" index="1" bw="18" slack="0"/>
</pin_list>
<bind>
<opcode="zext(34) " fcode="zext"/>
<opset="tmp_151_cast/3 "/>
</bind>
</comp>

<comp id="213" class="1004" name="tmp_s_fu_213">
<pin_list>
<pin id="214" dir="0" index="0" bw="18" slack="1"/>
<pin id="215" dir="0" index="1" bw="8" slack="0"/>
<pin id="216" dir="1" index="2" bw="18" slack="0"/>
</pin_list>
<bind>
<opcode="add(8) " fcode="add"/>
<opset="tmp_s/3 "/>
</bind>
</comp>

<comp id="219" class="1004" name="tmp_202_cast_fu_219">
<pin_list>
<pin id="220" dir="0" index="0" bw="18" slack="0"/>
<pin id="221" dir="1" index="1" bw="64" slack="0"/>
</pin_list>
<bind>
<opcode="zext(34) " fcode="zext"/>
<opset="tmp_202_cast/3 "/>
</bind>
</comp>

<comp id="224" class="1004" name="next_mul_fu_224">
<pin_list>
<pin id="225" dir="0" index="0" bw="18" slack="0"/>
<pin id="226" dir="0" index="1" bw="11" slack="0"/>
<pin id="227" dir="1" index="2" bw="18" slack="0"/>
</pin_list>
<bind>
<opcode="add(8) " fcode="add"/>
<opset="next_mul/3 "/>
</bind>
</comp>

<comp id="230" class="1004" name="tmp_186_fu_230">
<pin_list>
<pin id="231" dir="0" index="0" bw="18" slack="0"/>
<pin id="232" dir="0" index="1" bw="10" slack="1"/>
<pin id="233" dir="1" index="2" bw="18" slack="1"/>
</pin_list>
<bind>
<opcode="add(8) " fcode="add"/>
<opset="tmp_186/3 "/>
</bind>
</comp>

<comp id="235" class="1004" name="tmp_204_cast_fu_235">
<pin_list>
<pin id="236" dir="0" index="0" bw="18" slack="1"/>
<pin id="237" dir="1" index="1" bw="64" slack="0"/>
</pin_list>
<bind>
<opcode="zext(34) " fcode="zext"/>
<opset="tmp_204_cast/4 "/>
</bind>
</comp>

<comp id="239" class="1004" name="next_mul4_fu_239">
<pin_list>
<pin id="240" dir="0" index="0" bw="20" slack="0"/>
<pin id="241" dir="0" index="1" bw="11" slack="0"/>
<pin id="242" dir="1" index="2" bw="20" slack="0"/>
</pin_list>
<bind>
<opcode="add(8) " fcode="add"/>
<opset="next_mul4/6 "/>
</bind>
</comp>

<comp id="245" class="1004" name="exitcond1_fu_245">
<pin_list>
<pin id="246" dir="0" index="0" bw="10" slack="0"/>
<pin id="247" dir="0" index="1" bw="9" slack="0"/>
<pin id="248" dir="1" index="2" bw="1" slack="2147483647"/>
</pin_list>
<bind>
<opcode="icmp(45) " fcode="icmp"/>
<opset="exitcond1/6 "/>
</bind>
</comp>

<comp id="251" class="1004" name="i_8_fu_251">
<pin_list>
<pin id="252" dir="0" index="0" bw="10" slack="0"/>
<pin id="253" dir="0" index="1" bw="1" slack="0"/>
<pin id="254" dir="1" index="2" bw="10" slack="0"/>
</pin_list>
<bind>
<opcode="add(8) " fcode="add"/>
<opset="i_8/6 "/>
</bind>
</comp>

<comp id="257" class="1004" name="exitcond_fu_257">
<pin_list>
<pin id="258" dir="0" index="0" bw="10" slack="0"/>
<pin id="259" dir="0" index="1" bw="9" slack="0"/>
<pin id="260" dir="1" index="2" bw="1" slack="2147483647"/>
</pin_list>
<bind>
<opcode="icmp(45) " fcode="icmp"/>
<opset="exitcond/7 "/>
</bind>
</comp>

<comp id="263" class="1004" name="j_6_fu_263">
<pin_list>
<pin id="264" dir="0" index="0" bw="10" slack="0"/>
<pin id="265" dir="0" index="1" bw="1" slack="0"/>
<pin id="266" dir="1" index="2" bw="10" slack="0"/>
</pin_list>
<bind>
<opcode="add(8) " fcode="add"/>
<opset="j_6/7 "/>
</bind>
</comp>

<comp id="269" class="1004" name="tmp_152_cast_fu_269">
<pin_list>
<pin id="270" dir="0" index="0" bw="10" slack="0"/>
<pin id="271" dir="1" index="1" bw="20" slack="0"/>
</pin_list>
<bind>
<opcode="zext(34) " fcode="zext"/>
<opset="tmp_152_cast/7 "/>
</bind>
</comp>

<comp id="273" class="1004" name="tmp_187_fu_273">
<pin_list>
<pin id="274" dir="0" index="0" bw="20" slack="1"/>
<pin id="275" dir="0" index="1" bw="10" slack="0"/>
<pin id="276" dir="1" index="2" bw="20" slack="0"/>
</pin_list>
<bind>
<opcode="add(8) " fcode="add"/>
<opset="tmp_187/7 "/>
</bind>
</comp>

<comp id="279" class="1004" name="tmp_205_cast_fu_279">
<pin_list>
<pin id="280" dir="0" index="0" bw="20" slack="0"/>
<pin id="281" dir="1" index="1" bw="64" slack="0"/>
</pin_list>
<bind>
<opcode="zext(34) " fcode="zext"/>
<opset="tmp_205_cast/7 "/>
</bind>
</comp>

<comp id="284" class="1005" name="next_mul2_reg_284">
<pin_list>
<pin id="285" dir="0" index="0" bw="18" slack="0"/>
<pin id="286" dir="1" index="1" bw="18" slack="0"/>
</pin_list>
<bind>
<opset="next_mul2 "/>
</bind>
</comp>

<comp id="292" class="1005" name="i_7_reg_292">
<pin_list>
<pin id="293" dir="0" index="0" bw="10" slack="0"/>
<pin id="294" dir="1" index="1" bw="10" slack="0"/>
</pin_list>
<bind>
<opset="i_7 "/>
</bind>
</comp>

<comp id="297" class="1005" name="tmp_cast_reg_297">
<pin_list>
<pin id="298" dir="0" index="0" bw="18" slack="1"/>
<pin id="299" dir="1" index="1" bw="18" slack="1"/>
</pin_list>
<bind>
<opset="tmp_cast "/>
</bind>
</comp>

<comp id="305" class="1005" name="j_5_reg_305">
<pin_list>
<pin id="306" dir="0" index="0" bw="8" slack="0"/>
<pin id="307" dir="1" index="1" bw="8" slack="0"/>
</pin_list>
<bind>
<opset="j_5 "/>
</bind>
</comp>

<comp id="310" class="1005" name="X_addr_reg_310">
<pin_list>
<pin id="311" dir="0" index="0" bw="18" slack="1"/>
<pin id="312" dir="1" index="1" bw="18" slack="1"/>
</pin_list>
<bind>
<opset="X_addr "/>
</bind>
</comp>

<comp id="315" class="1005" name="next_mul_reg_315">
<pin_list>
<pin id="316" dir="0" index="0" bw="18" slack="0"/>
<pin id="317" dir="1" index="1" bw="18" slack="0"/>
</pin_list>
<bind>
<opset="next_mul "/>
</bind>
</comp>

<comp id="320" class="1005" name="tmp_186_reg_320">
<pin_list>
<pin id="321" dir="0" index="0" bw="18" slack="1"/>
<pin id="322" dir="1" index="1" bw="18" slack="1"/>
</pin_list>
<bind>
<opset="tmp_186 "/>
</bind>
</comp>

<comp id="325" class="1005" name="next_mul4_reg_325">
<pin_list>
<pin id="326" dir="0" index="0" bw="20" slack="0"/>
<pin id="327" dir="1" index="1" bw="20" slack="0"/>
</pin_list>
<bind>
<opset="next_mul4 "/>
</bind>
</comp>

<comp id="333" class="1005" name="i_8_reg_333">
<pin_list>
<pin id="334" dir="0" index="0" bw="10" slack="0"/>
<pin id="335" dir="1" index="1" bw="10" slack="0"/>
</pin_list>
<bind>
<opset="i_8 "/>
</bind>
</comp>

<comp id="341" class="1005" name="j_6_reg_341">
<pin_list>
<pin id="342" dir="0" index="0" bw="10" slack="0"/>
<pin id="343" dir="1" index="1" bw="10" slack="0"/>
</pin_list>
<bind>
<opset="j_6 "/>
</bind>
</comp>

<comp id="346" class="1005" name="XXT_addr_reg_346">
<pin_list>
<pin id="347" dir="0" index="0" bw="20" slack="1"/>
<pin id="348" dir="1" index="1" bw="20" slack="1"/>
</pin_list>
<bind>
<opset="XXT_addr "/>
</bind>
</comp>

<comp id="351" class="1005" name="XXT_load_reg_351">
<pin_list>
<pin id="352" dir="0" index="0" bw="32" slack="1"/>
<pin id="353" dir="1" index="1" bw="32" slack="1"/>
</pin_list>
<bind>
<opset="XXT_load "/>
</bind>
</comp>

<comp id="356" class="1005" name="tmp_153_reg_356">
<pin_list>
<pin id="357" dir="0" index="0" bw="32" slack="1"/>
<pin id="358" dir="1" index="1" bw="32" slack="1"/>
</pin_list>
<bind>
<opset="tmp_153 "/>
</bind>
</comp>

</comp_list>

<net_list>
<net id="43"><net_src comp="4" pin="0"/><net_sink comp="40" pin=0"/></net>

<net id="49"><net_src comp="0" pin="0"/><net_sink comp="44" pin=0"/></net>

<net id="50"><net_src comp="30" pin="0"/><net_sink comp="44" pin=1"/></net>

<net id="55"><net_src comp="44" pin="3"/><net_sink comp="51" pin=0"/></net>

<net id="61"><net_src comp="30" pin="0"/><net_sink comp="56" pin=1"/></net>

<net id="66"><net_src comp="51" pin="2"/><net_sink comp="62" pin=1"/></net>

<net id="67"><net_src comp="56" pin="3"/><net_sink comp="62" pin=0"/></net>

<net id="73"><net_src comp="2" pin="0"/><net_sink comp="68" pin=0"/></net>

<net id="74"><net_src comp="30" pin="0"/><net_sink comp="68" pin=1"/></net>

<net id="79"><net_src comp="68" pin="3"/><net_sink comp="75" pin=0"/></net>

<net id="83"><net_src comp="6" pin="0"/><net_sink comp="80" pin=0"/></net>

<net id="90"><net_src comp="80" pin="1"/><net_sink comp="84" pin=0"/></net>

<net id="94"><net_src comp="8" pin="0"/><net_sink comp="91" pin=0"/></net>

<net id="101"><net_src comp="91" pin="1"/><net_sink comp="95" pin=0"/></net>

<net id="102"><net_src comp="95" pin="4"/><net_sink comp="91" pin=0"/></net>

<net id="106"><net_src comp="22" pin="0"/><net_sink comp="103" pin=0"/></net>

<net id="113"><net_src comp="103" pin="1"/><net_sink comp="107" pin=2"/></net>

<net id="117"><net_src comp="8" pin="0"/><net_sink comp="114" pin=0"/></net>

<net id="124"><net_src comp="114" pin="1"/><net_sink comp="118" pin=2"/></net>

<net id="128"><net_src comp="6" pin="0"/><net_sink comp="125" pin=0"/></net>

<net id="135"><net_src comp="125" pin="1"/><net_sink comp="129" pin=0"/></net>

<net id="139"><net_src comp="34" pin="0"/><net_sink comp="136" pin=0"/></net>

<net id="146"><net_src comp="136" pin="1"/><net_sink comp="140" pin=0"/></net>

<net id="147"><net_src comp="140" pin="4"/><net_sink comp="136" pin=0"/></net>

<net id="151"><net_src comp="6" pin="0"/><net_sink comp="148" pin=0"/></net>

<net id="158"><net_src comp="148" pin="1"/><net_sink comp="152" pin=2"/></net>

<net id="165"><net_src comp="20" pin="0"/><net_sink comp="159" pin=0"/></net>

<net id="166"><net_src comp="0" pin="0"/><net_sink comp="159" pin=1"/></net>

<net id="167"><net_src comp="2" pin="0"/><net_sink comp="159" pin=3"/></net>

<net id="172"><net_src comp="168" pin="2"/><net_sink comp="75" pin=1"/></net>

<net id="173"><net_src comp="75" pin="2"/><net_sink comp="168" pin=0"/></net>

<net id="174"><net_src comp="38" pin="0"/><net_sink comp="168" pin=1"/></net>

<net id="179"><net_src comp="95" pin="4"/><net_sink comp="175" pin=0"/></net>

<net id="180"><net_src comp="10" pin="0"/><net_sink comp="175" pin=1"/></net>

<net id="185"><net_src comp="84" pin="4"/><net_sink comp="181" pin=0"/></net>

<net id="186"><net_src comp="12" pin="0"/><net_sink comp="181" pin=1"/></net>

<net id="191"><net_src comp="84" pin="4"/><net_sink comp="187" pin=0"/></net>

<net id="192"><net_src comp="18" pin="0"/><net_sink comp="187" pin=1"/></net>

<net id="196"><net_src comp="84" pin="4"/><net_sink comp="193" pin=0"/></net>

<net id="201"><net_src comp="107" pin="4"/><net_sink comp="197" pin=0"/></net>

<net id="202"><net_src comp="24" pin="0"/><net_sink comp="197" pin=1"/></net>

<net id="207"><net_src comp="107" pin="4"/><net_sink comp="203" pin=0"/></net>

<net id="208"><net_src comp="28" pin="0"/><net_sink comp="203" pin=1"/></net>

<net id="212"><net_src comp="107" pin="4"/><net_sink comp="209" pin=0"/></net>

<net id="217"><net_src comp="91" pin="1"/><net_sink comp="213" pin=0"/></net>

<net id="218"><net_src comp="209" pin="1"/><net_sink comp="213" pin=1"/></net>

<net id="222"><net_src comp="213" pin="2"/><net_sink comp="219" pin=0"/></net>

<net id="223"><net_src comp="219" pin="1"/><net_sink comp="44" pin=2"/></net>

<net id="228"><net_src comp="118" pin="4"/><net_sink comp="224" pin=0"/></net>

<net id="229"><net_src comp="32" pin="0"/><net_sink comp="224" pin=1"/></net>

<net id="234"><net_src comp="118" pin="4"/><net_sink comp="230" pin=0"/></net>

<net id="238"><net_src comp="235" pin="1"/><net_sink comp="56" pin=2"/></net>

<net id="243"><net_src comp="140" pin="4"/><net_sink comp="239" pin=0"/></net>

<net id="244"><net_src comp="36" pin="0"/><net_sink comp="239" pin=1"/></net>

<net id="249"><net_src comp="129" pin="4"/><net_sink comp="245" pin=0"/></net>

<net id="250"><net_src comp="12" pin="0"/><net_sink comp="245" pin=1"/></net>

<net id="255"><net_src comp="129" pin="4"/><net_sink comp="251" pin=0"/></net>

<net id="256"><net_src comp="18" pin="0"/><net_sink comp="251" pin=1"/></net>

<net id="261"><net_src comp="152" pin="4"/><net_sink comp="257" pin=0"/></net>

<net id="262"><net_src comp="12" pin="0"/><net_sink comp="257" pin=1"/></net>

<net id="267"><net_src comp="152" pin="4"/><net_sink comp="263" pin=0"/></net>

<net id="268"><net_src comp="18" pin="0"/><net_sink comp="263" pin=1"/></net>

<net id="272"><net_src comp="152" pin="4"/><net_sink comp="269" pin=0"/></net>

<net id="277"><net_src comp="136" pin="1"/><net_sink comp="273" pin=0"/></net>

<net id="278"><net_src comp="269" pin="1"/><net_sink comp="273" pin=1"/></net>

<net id="282"><net_src comp="273" pin="2"/><net_sink comp="279" pin=0"/></net>

<net id="283"><net_src comp="279" pin="1"/><net_sink comp="68" pin=2"/></net>

<net id="287"><net_src comp="175" pin="2"/><net_sink comp="284" pin=0"/></net>

<net id="288"><net_src comp="284" pin="1"/><net_sink comp="95" pin=2"/></net>

<net id="295"><net_src comp="187" pin="2"/><net_sink comp="292" pin=0"/></net>

<net id="296"><net_src comp="292" pin="1"/><net_sink comp="84" pin=2"/></net>

<net id="300"><net_src comp="193" pin="1"/><net_sink comp="297" pin=0"/></net>

<net id="301"><net_src comp="297" pin="1"/><net_sink comp="230" pin=1"/></net>

<net id="308"><net_src comp="203" pin="2"/><net_sink comp="305" pin=0"/></net>

<net id="309"><net_src comp="305" pin="1"/><net_sink comp="107" pin=0"/></net>

<net id="313"><net_src comp="44" pin="3"/><net_sink comp="310" pin=0"/></net>

<net id="314"><net_src comp="310" pin="1"/><net_sink comp="51" pin=0"/></net>

<net id="318"><net_src comp="224" pin="2"/><net_sink comp="315" pin=0"/></net>

<net id="319"><net_src comp="315" pin="1"/><net_sink comp="118" pin=0"/></net>

<net id="323"><net_src comp="230" pin="2"/><net_sink comp="320" pin=0"/></net>

<net id="324"><net_src comp="320" pin="1"/><net_sink comp="235" pin=0"/></net>

<net id="328"><net_src comp="239" pin="2"/><net_sink comp="325" pin=0"/></net>

<net id="329"><net_src comp="325" pin="1"/><net_sink comp="140" pin=2"/></net>

<net id="336"><net_src comp="251" pin="2"/><net_sink comp="333" pin=0"/></net>

<net id="337"><net_src comp="333" pin="1"/><net_sink comp="129" pin=2"/></net>

<net id="344"><net_src comp="263" pin="2"/><net_sink comp="341" pin=0"/></net>

<net id="345"><net_src comp="341" pin="1"/><net_sink comp="152" pin=0"/></net>

<net id="349"><net_src comp="68" pin="3"/><net_sink comp="346" pin=0"/></net>

<net id="350"><net_src comp="346" pin="1"/><net_sink comp="75" pin=0"/></net>

<net id="354"><net_src comp="75" pin="2"/><net_sink comp="351" pin=0"/></net>

<net id="355"><net_src comp="351" pin="1"/><net_sink comp="168" pin=0"/></net>

<net id="359"><net_src comp="168" pin="2"/><net_sink comp="356" pin=0"/></net>

<net id="360"><net_src comp="356" pin="1"/><net_sink comp="75" pin=1"/></net>

</net_list>

</model> 
---------------- Datapath Model END ------------------

* FSMD analyzer results:
  - Output states:
	Port: XXT | {2 5 25 26 }
 - Input state : 
	Port: dut_cov : X | {2 3 4 5 }
	Port: dut_cov : XXT | {7 8 9 10 }
  - Chain level:
	State 1
	State 2
		next_mul2 : 1
		exitcond3 : 1
		i_7 : 1
		stg_35 : 2
		tmp_cast : 1
	State 3
		exitcond2 : 1
		j_5 : 1
		stg_44 : 2
		tmp_151_cast : 1
		tmp_s : 2
		tmp_202_cast : 3
		X_addr : 4
		next_mul : 1
		tmp_186 : 1
		X_load : 5
	State 4
		XT_addr : 1
		stg_55 : 2
	State 5
	State 6
		next_mul4 : 1
		exitcond1 : 1
		i_8 : 1
		stg_65 : 2
	State 7
		exitcond : 1
		j_6 : 1
		stg_71 : 2
		tmp_152_cast : 1
		tmp_187 : 2
		tmp_205_cast : 3
		XXT_addr : 4
		XXT_load : 5
	State 8
	State 9
	State 10
		tmp_153 : 1
	State 11
	State 12
	State 13
	State 14
	State 15
	State 16
	State 17
	State 18
	State 19
	State 20
	State 21
	State 22
	State 23
	State 24
	State 25
		stg_96 : 1
	State 26


============================================================
+ Verbose Summary: Datapath Resource usage 
============================================================

* Functional unit list:
|----------|--------------------------------------|---------|---------|---------|---------|---------|
| Operation|            Functional Unit           |   BRAM  |  DSP48E |  Delay  |    FF   |   LUT   |
|----------|--------------------------------------|---------|---------|---------|---------|---------|
|   call   | grp_dut_matrix_multiply_alt26_fu_159 |   2048  |    8    |  9.426  |   811   |   1033  |
|----------|--------------------------------------|---------|---------|---------|---------|---------|
|   fdiv   |              grp_fu_168              |    0    |    0    |    0    |   761   |   994   |
|----------|--------------------------------------|---------|---------|---------|---------|---------|
|          |           next_mul2_fu_175           |    0    |    0    |    0    |    0    |    18   |
|          |              i_7_fu_187              |    0    |    0    |    0    |    0    |    10   |
|          |              j_5_fu_203              |    0    |    0    |    0    |    0    |    8    |
|          |             tmp_s_fu_213             |    0    |    0    |    0    |    0    |    18   |
|    add   |            next_mul_fu_224           |    0    |    0    |    0    |    0    |    18   |
|          |            tmp_186_fu_230            |    0    |    0    |    0    |    0    |    18   |
|          |           next_mul4_fu_239           |    0    |    0    |    0    |    0    |    20   |
|          |              i_8_fu_251              |    0    |    0    |    0    |    0    |    10   |
|          |              j_6_fu_263              |    0    |    0    |    0    |    0    |    10   |
|          |            tmp_187_fu_273            |    0    |    0    |    0    |    0    |    20   |
|----------|--------------------------------------|---------|---------|---------|---------|---------|
|          |           exitcond3_fu_181           |    0    |    0    |    0    |    0    |    4    |
|   icmp   |           exitcond2_fu_197           |    0    |    0    |    0    |    0    |    3    |
|          |           exitcond1_fu_245           |    0    |    0    |    0    |    0    |    4    |
|          |            exitcond_fu_257           |    0    |    0    |    0    |    0    |    4    |
|----------|--------------------------------------|---------|---------|---------|---------|---------|
|          |            tmp_cast_fu_193           |    0    |    0    |    0    |    0    |    0    |
|          |          tmp_151_cast_fu_209         |    0    |    0    |    0    |    0    |    0    |
|   zext   |          tmp_202_cast_fu_219         |    0    |    0    |    0    |    0    |    0    |
|          |          tmp_204_cast_fu_235         |    0    |    0    |    0    |    0    |    0    |
|          |          tmp_152_cast_fu_269         |    0    |    0    |    0    |    0    |    0    |
|          |          tmp_205_cast_fu_279         |    0    |    0    |    0    |    0    |    0    |
|----------|--------------------------------------|---------|---------|---------|---------|---------|
|   Total  |                                      |   2048  |    8    |  9.426  |   1572  |   2192  |
|----------|--------------------------------------|---------|---------|---------|---------|---------|

Memories:
+----+--------+--------+--------+
|    |  BRAM  |   FF   |   LUT  |
+----+--------+--------+--------+
| XT |   512  |    0   |    0   |
+----+--------+--------+--------+
|Total|   512  |    0   |    0   |
+----+--------+--------+--------+

* Register list:
+-----------------+--------+
|                 |   FF   |
+-----------------+--------+
| XXT_addr_reg_346|   20   |
| XXT_load_reg_351|   32   |
|  X_addr_reg_310 |   18   |
|    i1_reg_125   |   10   |
|   i_7_reg_292   |   10   |
|   i_8_reg_333   |   10   |
|     i_reg_80    |   10   |
|    j2_reg_148   |   10   |
|   j_5_reg_305   |    8   |
|   j_6_reg_341   |   10   |
|    j_reg_103    |    8   |
|next_mul2_reg_284|   18   |
|next_mul4_reg_325|   20   |
| next_mul_reg_315|   18   |
| phi_mul1_reg_91 |   18   |
| phi_mul3_reg_136|   20   |
| phi_mul_reg_114 |   18   |
| tmp_153_reg_356 |   32   |
| tmp_186_reg_320 |   18   |
| tmp_cast_reg_297|   18   |
+-----------------+--------+
|      Total      |   326  |
+-----------------+--------+

* Multiplexer (MUX) list: 
|------------------|------|------|------|--------||---------||---------|
|       Comp       |  Pin | Size |  BW  | S x BW ||  Delay  ||   LUT   |
|------------------|------|------|------|--------||---------||---------|
| grp_access_fu_51 |  p0  |   2  |  18  |   36   ||    18   |
| grp_access_fu_75 |  p0  |   2  |  20  |   40   ||    20   |
| grp_access_fu_75 |  p1  |   2  |  32  |   64   ||    32   |
|  phi_mul1_reg_91 |  p0  |   2  |  18  |   36   ||    18   |
| phi_mul3_reg_136 |  p0  |   2  |  20  |   40   ||    20   |
|    grp_fu_168    |  p0  |   2  |  32  |   64   ||    32   |
|------------------|------|------|------|--------||---------||---------|
|       Total      |      |      |      |   280  ||  9.426  ||   140   |
|------------------|------|------|------|--------||---------||---------|



* Summary:
+-----------+--------+--------+--------+--------+--------+
|           |  BRAM  | DSP48E |  Delay |   FF   |   LUT  |
+-----------+--------+--------+--------+--------+--------+
|  Function |  2048  |    8   |    9   |  1572  |  2192  |
|   Memory  |   512  |    -   |    -   |    0   |    0   |
|Multiplexer|    -   |    -   |    9   |    -   |   140  |
|  Register |    -   |    -   |    -   |   326  |    -   |
+-----------+--------+--------+--------+--------+--------+
|   Total   |  2560  |    8   |   18   |  1898  |  2332  |
+-----------+--------+--------+--------+--------+--------+
