

================================================================
== Vivado HLS Report for 'dut_update_off_diag_r'
================================================================
* Date:           Mon Dec  5 02:26:29 2022

* Version:        2016.2 (Build 1577090 on Thu Jun 02 16:59:10 MDT 2016)
* Project:        pca.prj
* Solution:       solution1
* Product family: zynq
* Target device:  xc7z020clg484-1


================================================================
== Performance Estimates
================================================================
+ Timing (ns): 
    * Summary: 
    +--------+-------+----------+------------+
    |  Clock | Target| Estimated| Uncertainty|
    +--------+-------+----------+------------+
    |ap_clk  |  10.00|      8.42|        1.25|
    +--------+-------+----------+------------+

+ Latency (clock cycles): 
    * Summary: 
    +---------+---------+---------+---------+---------+
    |      Latency      |      Interval     | Pipeline|
    |   min   |   max   |   min   |   max   |   Type  |
    +---------+---------+---------+---------+---------+
    |  4291632|  4291632|  4291632|  4291632|   none  |
    +---------+---------+---------+---------+---------+

    + Detail: 
        * Instance: 
        N/A

        * Loop: 
        +--------------------+---------+---------+----------+-----------+-----------+--------+----------+
        |                    |      Latency      | Iteration|  Initiation Interval  |  Trip  |          |
        |      Loop Name     |   min   |   max   |  Latency |  achieved |   target  |  Count | Pipelined|
        +--------------------+---------+---------+----------+-----------+-----------+--------+----------+
        |- L_svd_calc_off_r  |  4291630|  4291630|        29|         14|          1|  306544|    yes   |
        +--------------------+---------+---------+----------+-----------+-----------+--------+----------+



================================================================
== Utilization Estimates
================================================================
* Summary: 
+-----------------+---------+-------+--------+-------+
|       Name      | BRAM_18K| DSP48E|   FF   |  LUT  |
+-----------------+---------+-------+--------+-------+
|DSP              |        -|      -|       -|      -|
|Expression       |        -|      -|       0|     28|
|FIFO             |        -|      -|       -|      -|
|Instance         |        -|      5|     348|    711|
|Memory           |        -|      -|       -|      -|
|Multiplexer      |        -|      -|       -|    248|
|Register         |        -|      -|     795|      -|
+-----------------+---------+-------+--------+-------+
|Total            |        0|      5|    1143|    987|
+-----------------+---------+-------+--------+-------+
|Available        |      280|    220|  106400|  53200|
+-----------------+---------+-------+--------+-------+
|Utilization (%)  |        0|      2|       1|      1|
+-----------------+---------+-------+--------+-------+

+ Detail: 
    * Instance: 
    +--------------------------------------+----------------------------------+---------+-------+-----+-----+
    |               Instance               |              Module              | BRAM_18K| DSP48E|  FF | LUT |
    +--------------------------------------+----------------------------------+---------+-------+-----+-----+
    |dut_fadd_32ns_32ns_32_5_full_dsp_U11  |dut_fadd_32ns_32ns_32_5_full_dsp  |        0|      2|  205|  390|
    |dut_fmul_32ns_32ns_32_4_max_dsp_U12   |dut_fmul_32ns_32ns_32_4_max_dsp   |        0|      3|  143|  321|
    +--------------------------------------+----------------------------------+---------+-------+-----+-----+
    |Total                                 |                                  |        0|      5|  348|  711|
    +--------------------------------------+----------------------------------+---------+-------+-----+-----+

    * DSP48: 
    N/A

    * Memory: 
    N/A

    * FIFO: 
    N/A

    * Expression: 
    +-------------------------------+----------+-------+---+----+------------+------------+
    |         Variable Name         | Operation| DSP48E| FF| LUT| Bitwidth P0| Bitwidth P1|
    +-------------------------------+----------+-------+---+----+------------+------------+
    |indvar_flatten_next_fu_119_p2  |     +    |      0|  0|  19|          19|           1|
    |ap_sig_221                     |    and   |      0|  0|   1|           1|           1|
    |ap_sig_233                     |    and   |      0|  0|   1|           1|           1|
    |exitcond_flatten_fu_113_p2     |   icmp   |      0|  0|   7|          19|          19|
    +-------------------------------+----------+-------+---+----+------------+------------+
    |Total                          |          |      0|  0|  28|          40|          22|
    +-------------------------------+----------+-------+---+----+------------+------------+

    * Multiplexer: 
    +-----------------------------+----+-----------+-----+-----------+
    |             Name            | LUT| Input Size| Bits| Total Bits|
    +-----------------------------+----+-----------+-----+-----------+
    |ap_NS_fsm                    |  15|         17|    1|         17|
    |ap_reg_ppiten_pp0_it2        |   1|          2|    1|          2|
    |grp_fu_72_p0                 |  32|          6|   32|        192|
    |grp_fu_72_p1                 |  32|          6|   32|        192|
    |grp_fu_76_p0                 |  64|          8|   32|        256|
    |grp_fu_76_p1                 |  64|          9|   32|        288|
    |indvar_flatten_phi_fu_65_p4  |  19|          2|   19|         38|
    |indvar_flatten_reg_61        |  19|          2|   19|         38|
    |strm_in_V_blk_n              |   1|          2|    1|          2|
    |strm_out_V_blk_n             |   1|          2|    1|          2|
    +-----------------------------+----+-----------+-----+-----------+
    |Total                        | 248|         56|  170|       1027|
    +-----------------------------+----+-----------+-----+-----------+

    * Register: 
    +-------------------------------------------------+----+----+-----+-----------+
    |                       Name                      | FF | LUT| Bits| Const Bits|
    +-------------------------------------------------+----+----+-----+-----------+
    |ap_CS_fsm                                        |  16|   0|   16|          0|
    |ap_reg_ppiten_pp0_it0                            |   1|   0|    1|          0|
    |ap_reg_ppiten_pp0_it1                            |   1|   0|    1|          0|
    |ap_reg_ppiten_pp0_it2                            |   1|   0|    1|          0|
    |ap_reg_ppstg_exitcond_flatten_reg_125_pp0_iter1  |   1|   0|    1|          0|
    |ap_reg_ppstg_tmp_8_reg_144_pp0_iter1             |  32|   0|   32|          0|
    |exitcond_flatten_reg_125                         |   1|   0|    1|          0|
    |indvar_flatten_next_reg_129                      |  19|   0|   19|          0|
    |indvar_flatten_reg_61                            |  19|   0|   19|          0|
    |reg_102                                          |  32|   0|   32|          0|
    |reg_108                                          |  32|   0|   32|          0|
    |reg_80                                           |  32|   0|   32|          0|
    |reg_86                                           |  32|   0|   32|          0|
    |reg_91                                           |  32|   0|   32|          0|
    |reg_96                                           |  32|   0|   32|          0|
    |tmp_10_reg_154                                   |  32|   0|   32|          0|
    |tmp_11_reg_159                                   |  32|   0|   32|          0|
    |tmp_12_reg_164                                   |  32|   0|   32|          0|
    |tmp_13_reg_169                                   |  32|   0|   32|          0|
    |tmp_14_reg_174                                   |  32|   0|   32|          0|
    |tmp_15_reg_179                                   |  32|   0|   32|          0|
    |tmp_16_reg_184                                   |  32|   0|   32|          0|
    |tmp_17_reg_189                                   |  32|   0|   32|          0|
    |tmp_18_reg_194                                   |  32|   0|   32|          0|
    |tmp_19_reg_199                                   |  32|   0|   32|          0|
    |tmp_3_i2_reg_204                                 |  32|   0|   32|          0|
    |tmp_6_reg_134                                    |  32|   0|   32|          0|
    |tmp_7_reg_139                                    |  32|   0|   32|          0|
    |tmp_8_reg_144                                    |  32|   0|   32|          0|
    |tmp_9_reg_149                                    |  32|   0|   32|          0|
    |tmp_i3_reg_209                                   |  32|   0|   32|          0|
    +-------------------------------------------------+----+----+-----+-----------+
    |Total                                            | 795|   0|  795|          0|
    +-------------------------------------------------+----+----+-----+-----------+



================================================================
== Interface
================================================================
* Summary: 
+-------------------+-----+-----+------------+-----------------------+--------------+
|     RTL Ports     | Dir | Bits|  Protocol  |     Source Object     |    C Type    |
+-------------------+-----+-----+------------+-----------------------+--------------+
|ap_clk             |  in |    1| ap_ctrl_hs | dut_update_off_diag_r | return value |
|ap_rst             |  in |    1| ap_ctrl_hs | dut_update_off_diag_r | return value |
|ap_start           |  in |    1| ap_ctrl_hs | dut_update_off_diag_r | return value |
|ap_done            | out |    1| ap_ctrl_hs | dut_update_off_diag_r | return value |
|ap_idle            | out |    1| ap_ctrl_hs | dut_update_off_diag_r | return value |
|ap_ready           | out |    1| ap_ctrl_hs | dut_update_off_diag_r | return value |
|strm_in_V_dout     |  in |   32|   ap_fifo  |       strm_in_V       |    pointer   |
|strm_in_V_empty_n  |  in |    1|   ap_fifo  |       strm_in_V       |    pointer   |
|strm_in_V_read     | out |    1|   ap_fifo  |       strm_in_V       |    pointer   |
|strm_out_V_din     | out |   32|   ap_fifo  |       strm_out_V      |    pointer   |
|strm_out_V_full_n  |  in |    1|   ap_fifo  |       strm_out_V      |    pointer   |
|strm_out_V_write   | out |    1|   ap_fifo  |       strm_out_V      |    pointer   |
+-------------------+-----+-----+------------+-----------------------+--------------+

============================================================
+ Verbose Summary: Synthesis Manager
============================================================
InlineROM: 1
ExposeGlobal: 0
============================================================
+ Verbose Summary: CDFG Model
============================================================
IsTopModel: 0
ResetActiveHigh: 1
IsCombinational: 2
IsDatapathOnly: 2
HasWiredReturn: 1
HasMFsm: 0
HasVarLatency: 1
IsPipeline: 0
IsRtlPipelined: 0
IsInstanceOverlapped: 0
IsDontTouch: 0
HasImplIP: 0
IsGatedGlobalClock: 0

+ Individual pipeline summary: 
  * Pipeline-0: initiation interval (II) = 14, depth = 29


============================================================
+ Verbose Summary: Schedule
============================================================
* Number of FSM states: 31
* Pipeline: 1
  Pipeline-0: II = 14, D = 29, States = { 2 3 4 5 6 7 8 9 10 11 12 13 14 15 16 17 18 19 20 21 22 23 24 25 26 27 28 29 30 }
* Dataflow Pipeline: 0

* FSM state transitions: 
1 --> 
	2  / true
2 --> 
	31  / (exitcond_flatten)
	3  / (!exitcond_flatten)
3 --> 
	4  / true
4 --> 
	5  / true
5 --> 
	6  / true
6 --> 
	7  / true
7 --> 
	8  / true
8 --> 
	9  / true
9 --> 
	10  / true
10 --> 
	11  / true
11 --> 
	12  / true
12 --> 
	13  / true
13 --> 
	14  / true
14 --> 
	15  / true
15 --> 
	16  / true
16 --> 
	17  / true
17 --> 
	18  / true
18 --> 
	19  / true
19 --> 
	20  / true
20 --> 
	21  / true
21 --> 
	22  / true
22 --> 
	23  / true
23 --> 
	24  / true
24 --> 
	25  / true
25 --> 
	26  / true
26 --> 
	27  / true
27 --> 
	28  / true
28 --> 
	29  / true
29 --> 
	30  / true
30 --> 
	2  / true
31 --> 
* FSM state operations: 

 <State 1>: 1.57ns
ST_1: empty [1/1] 0.00ns
:0  %empty = call i32 (...)* @_ssdm_op_SpecInterface(float* %strm_in_V, [8 x i8]* @ap_fifo_str, i32 0, i32 0, i32 0, i32 0, [1 x i8]* @p_str, [1 x i8]* @p_str, [1 x i8]* @p_str, i32 2, i32 2, i32 16, i32 16, [1 x i8]* @p_str)

ST_1: empty_8 [1/1] 0.00ns
:1  %empty_8 = call i32 (...)* @_ssdm_op_SpecInterface(float* %strm_out_V, [8 x i8]* @ap_fifo_str, i32 0, i32 0, i32 0, i32 0, [1 x i8]* @p_str, [1 x i8]* @p_str, [1 x i8]* @p_str, i32 2, i32 2, i32 16, i32 16, [1 x i8]* @p_str)

ST_1: stg_34 [1/1] 1.57ns
:2  br label %.preheader


 <State 2>: 2.33ns
ST_2: indvar_flatten [1/1] 0.00ns
.preheader:0  %indvar_flatten = phi i19 [ 0, %0 ], [ %indvar_flatten_next, %.preheader.preheader ]

ST_2: exitcond_flatten [1/1] 2.33ns
.preheader:1  %exitcond_flatten = icmp eq i19 %indvar_flatten, -217744

ST_2: indvar_flatten_next [1/1] 2.08ns
.preheader:2  %indvar_flatten_next = add i19 %indvar_flatten, 1

ST_2: stg_38 [1/1] 0.00ns
.preheader:3  br i1 %exitcond_flatten, label %1, label %.preheader.preheader


 <State 3>: 4.38ns
ST_3: tmp_6 [1/1] 4.38ns
.preheader.preheader:5  %tmp_6 = call float @_ssdm_op_Read.ap_fifo.volatile.floatP(float* %strm_in_V)


 <State 4>: 4.38ns
ST_4: tmp_7 [1/1] 4.38ns
.preheader.preheader:6  %tmp_7 = call float @_ssdm_op_Read.ap_fifo.volatile.floatP(float* %strm_in_V)


 <State 5>: 4.38ns
ST_5: tmp_8 [1/1] 4.38ns
.preheader.preheader:7  %tmp_8 = call float @_ssdm_op_Read.ap_fifo.volatile.floatP(float* %strm_in_V)


 <State 6>: 4.38ns
ST_6: tmp_9 [1/1] 4.38ns
.preheader.preheader:8  %tmp_9 = call float @_ssdm_op_Read.ap_fifo.volatile.floatP(float* %strm_in_V)


 <State 7>: 4.38ns
ST_7: tmp_10 [1/1] 4.38ns
.preheader.preheader:9  %tmp_10 = call float @_ssdm_op_Read.ap_fifo.volatile.floatP(float* %strm_in_V)


 <State 8>: 4.38ns
ST_8: tmp_11 [1/1] 4.38ns
.preheader.preheader:10  %tmp_11 = call float @_ssdm_op_Read.ap_fifo.volatile.floatP(float* %strm_in_V)


 <State 9>: 4.38ns
ST_9: tmp_12 [1/1] 4.38ns
.preheader.preheader:11  %tmp_12 = call float @_ssdm_op_Read.ap_fifo.volatile.floatP(float* %strm_in_V)


 <State 10>: 6.64ns
ST_10: tmp_13 [1/1] 4.38ns
.preheader.preheader:12  %tmp_13 = call float @_ssdm_op_Read.ap_fifo.volatile.floatP(float* %strm_in_V)

ST_10: tmp_i [4/4] 6.64ns
.preheader.preheader:19  %tmp_i = fmul float %tmp_6, %tmp_12


 <State 11>: 6.64ns
ST_11: tmp_14 [1/1] 4.38ns
.preheader.preheader:13  %tmp_14 = call float @_ssdm_op_Read.ap_fifo.volatile.floatP(float* %strm_in_V)

ST_11: tmp_i [3/4] 5.70ns
.preheader.preheader:19  %tmp_i = fmul float %tmp_6, %tmp_12

ST_11: tmp_i1 [4/4] 6.64ns
.preheader.preheader:22  %tmp_i1 = fmul float %tmp_6, %tmp_13


 <State 12>: 6.64ns
ST_12: tmp_15 [1/1] 4.38ns
.preheader.preheader:14  %tmp_15 = call float @_ssdm_op_Read.ap_fifo.volatile.floatP(float* %strm_in_V)

ST_12: tmp_i [2/4] 5.70ns
.preheader.preheader:19  %tmp_i = fmul float %tmp_6, %tmp_12

ST_12: tmp_3_i [4/4] 6.64ns
.preheader.preheader:20  %tmp_3_i = fmul float %tmp_9, %tmp_14

ST_12: tmp_i1 [3/4] 5.70ns
.preheader.preheader:22  %tmp_i1 = fmul float %tmp_6, %tmp_13


 <State 13>: 6.64ns
ST_13: tmp_16 [1/1] 4.38ns
.preheader.preheader:15  %tmp_16 = call float @_ssdm_op_Read.ap_fifo.volatile.floatP(float* %strm_in_V)

ST_13: tmp_i [1/4] 5.70ns
.preheader.preheader:19  %tmp_i = fmul float %tmp_6, %tmp_12

ST_13: tmp_3_i [3/4] 5.70ns
.preheader.preheader:20  %tmp_3_i = fmul float %tmp_9, %tmp_14

ST_13: tmp_i1 [2/4] 5.70ns
.preheader.preheader:22  %tmp_i1 = fmul float %tmp_6, %tmp_13

ST_13: tmp_3_i1 [4/4] 6.64ns
.preheader.preheader:23  %tmp_3_i1 = fmul float %tmp_9, %tmp_15


 <State 14>: 6.64ns
ST_14: tmp_17 [1/1] 4.38ns
.preheader.preheader:16  %tmp_17 = call float @_ssdm_op_Read.ap_fifo.volatile.floatP(float* %strm_in_V)

ST_14: tmp_3_i [2/4] 5.70ns
.preheader.preheader:20  %tmp_3_i = fmul float %tmp_9, %tmp_14

ST_14: tmp_i1 [1/4] 5.70ns
.preheader.preheader:22  %tmp_i1 = fmul float %tmp_6, %tmp_13

ST_14: tmp_3_i1 [3/4] 5.70ns
.preheader.preheader:23  %tmp_3_i1 = fmul float %tmp_9, %tmp_15

ST_14: tmp_i2 [4/4] 6.64ns
.preheader.preheader:25  %tmp_i2 = fmul float %tmp_7, %tmp_12


 <State 15>: 6.64ns
ST_15: tmp_18 [1/1] 4.38ns
.preheader.preheader:17  %tmp_18 = call float @_ssdm_op_Read.ap_fifo.volatile.floatP(float* %strm_in_V)

ST_15: tmp_3_i [1/4] 5.70ns
.preheader.preheader:20  %tmp_3_i = fmul float %tmp_9, %tmp_14

ST_15: tmp_3_i1 [2/4] 5.70ns
.preheader.preheader:23  %tmp_3_i1 = fmul float %tmp_9, %tmp_15

ST_15: tmp_i2 [3/4] 5.70ns
.preheader.preheader:25  %tmp_i2 = fmul float %tmp_7, %tmp_12

ST_15: tmp_3_i2 [4/4] 6.64ns
.preheader.preheader:26  %tmp_3_i2 = fmul float %tmp_10, %tmp_14


 <State 16>: 8.42ns
ST_16: tmp_19 [1/1] 4.38ns
.preheader.preheader:18  %tmp_19 = call float @_ssdm_op_Read.ap_fifo.volatile.floatP(float* %strm_in_V)

ST_16: tmp [5/5] 8.42ns
.preheader.preheader:21  %tmp = fadd float %tmp_i, %tmp_3_i

ST_16: tmp_3_i1 [1/4] 5.70ns
.preheader.preheader:23  %tmp_3_i1 = fmul float %tmp_9, %tmp_15

ST_16: tmp_i2 [2/4] 5.70ns
.preheader.preheader:25  %tmp_i2 = fmul float %tmp_7, %tmp_12

ST_16: tmp_3_i2 [3/4] 5.70ns
.preheader.preheader:26  %tmp_3_i2 = fmul float %tmp_10, %tmp_14

ST_16: tmp_i3 [4/4] 6.64ns
.preheader.preheader:28  %tmp_i3 = fmul float %tmp_7, %tmp_13


 <State 17>: 8.42ns
ST_17: tmp [4/5] 7.26ns
.preheader.preheader:21  %tmp = fadd float %tmp_i, %tmp_3_i

ST_17: tmp_1 [5/5] 8.42ns
.preheader.preheader:24  %tmp_1 = fadd float %tmp_i1, %tmp_3_i1

ST_17: tmp_i2 [1/4] 5.70ns
.preheader.preheader:25  %tmp_i2 = fmul float %tmp_7, %tmp_12

ST_17: tmp_3_i2 [2/4] 5.70ns
.preheader.preheader:26  %tmp_3_i2 = fmul float %tmp_10, %tmp_14

ST_17: tmp_i3 [3/4] 5.70ns
.preheader.preheader:28  %tmp_i3 = fmul float %tmp_7, %tmp_13

ST_17: tmp_3_i3 [4/4] 6.64ns
.preheader.preheader:29  %tmp_3_i3 = fmul float %tmp_10, %tmp_15


 <State 18>: 7.26ns
ST_18: tmp [3/5] 7.26ns
.preheader.preheader:21  %tmp = fadd float %tmp_i, %tmp_3_i

ST_18: tmp_1 [4/5] 7.26ns
.preheader.preheader:24  %tmp_1 = fadd float %tmp_i1, %tmp_3_i1

ST_18: tmp_3_i2 [1/4] 5.70ns
.preheader.preheader:26  %tmp_3_i2 = fmul float %tmp_10, %tmp_14

ST_18: tmp_i3 [2/4] 5.70ns
.preheader.preheader:28  %tmp_i3 = fmul float %tmp_7, %tmp_13

ST_18: tmp_3_i3 [3/4] 5.70ns
.preheader.preheader:29  %tmp_3_i3 = fmul float %tmp_10, %tmp_15

ST_18: tmp_i4 [4/4] 6.64ns
.preheader.preheader:31  %tmp_i4 = fmul float %tmp_8, %tmp_16


 <State 19>: 8.42ns
ST_19: tmp [2/5] 7.26ns
.preheader.preheader:21  %tmp = fadd float %tmp_i, %tmp_3_i

ST_19: tmp_1 [3/5] 7.26ns
.preheader.preheader:24  %tmp_1 = fadd float %tmp_i1, %tmp_3_i1

ST_19: tmp_2 [5/5] 8.42ns
.preheader.preheader:27  %tmp_2 = fadd float %tmp_i2, %tmp_3_i2

ST_19: tmp_i3 [1/4] 5.70ns
.preheader.preheader:28  %tmp_i3 = fmul float %tmp_7, %tmp_13

ST_19: tmp_3_i3 [2/4] 5.70ns
.preheader.preheader:29  %tmp_3_i3 = fmul float %tmp_10, %tmp_15

ST_19: tmp_i4 [3/4] 5.70ns
.preheader.preheader:31  %tmp_i4 = fmul float %tmp_8, %tmp_16

ST_19: tmp_3_i4 [4/4] 6.64ns
.preheader.preheader:32  %tmp_3_i4 = fmul float %tmp_11, %tmp_18


 <State 20>: 7.26ns
ST_20: tmp [1/5] 7.26ns
.preheader.preheader:21  %tmp = fadd float %tmp_i, %tmp_3_i

ST_20: tmp_1 [2/5] 7.26ns
.preheader.preheader:24  %tmp_1 = fadd float %tmp_i1, %tmp_3_i1

ST_20: tmp_2 [4/5] 7.26ns
.preheader.preheader:27  %tmp_2 = fadd float %tmp_i2, %tmp_3_i2

ST_20: tmp_3_i3 [1/4] 5.70ns
.preheader.preheader:29  %tmp_3_i3 = fmul float %tmp_10, %tmp_15

ST_20: tmp_i4 [2/4] 5.70ns
.preheader.preheader:31  %tmp_i4 = fmul float %tmp_8, %tmp_16

ST_20: tmp_3_i4 [3/4] 5.70ns
.preheader.preheader:32  %tmp_3_i4 = fmul float %tmp_11, %tmp_18

ST_20: tmp_i5 [4/4] 6.64ns
.preheader.preheader:34  %tmp_i5 = fmul float %tmp_8, %tmp_17


 <State 21>: 8.42ns
ST_21: tmp_1 [1/5] 7.26ns
.preheader.preheader:24  %tmp_1 = fadd float %tmp_i1, %tmp_3_i1

ST_21: tmp_2 [3/5] 7.26ns
.preheader.preheader:27  %tmp_2 = fadd float %tmp_i2, %tmp_3_i2

ST_21: tmp_3 [5/5] 8.42ns
.preheader.preheader:30  %tmp_3 = fadd float %tmp_i3, %tmp_3_i3

ST_21: tmp_i4 [1/4] 5.70ns
.preheader.preheader:31  %tmp_i4 = fmul float %tmp_8, %tmp_16

ST_21: tmp_3_i4 [2/4] 5.70ns
.preheader.preheader:32  %tmp_3_i4 = fmul float %tmp_11, %tmp_18

ST_21: tmp_i5 [3/4] 5.70ns
.preheader.preheader:34  %tmp_i5 = fmul float %tmp_8, %tmp_17

ST_21: tmp_3_i5 [4/4] 6.64ns
.preheader.preheader:35  %tmp_3_i5 = fmul float %tmp_11, %tmp_19

ST_21: stg_109 [1/1] 4.38ns
.preheader.preheader:37  call void @_ssdm_op_Write.ap_fifo.volatile.floatP(float* %strm_out_V, float %tmp)


 <State 22>: 7.26ns
ST_22: tmp_2 [2/5] 7.26ns
.preheader.preheader:27  %tmp_2 = fadd float %tmp_i2, %tmp_3_i2

ST_22: tmp_3 [4/5] 7.26ns
.preheader.preheader:30  %tmp_3 = fadd float %tmp_i3, %tmp_3_i3

ST_22: tmp_3_i4 [1/4] 5.70ns
.preheader.preheader:32  %tmp_3_i4 = fmul float %tmp_11, %tmp_18

ST_22: tmp_i5 [2/4] 5.70ns
.preheader.preheader:34  %tmp_i5 = fmul float %tmp_8, %tmp_17

ST_22: tmp_3_i5 [3/4] 5.70ns
.preheader.preheader:35  %tmp_3_i5 = fmul float %tmp_11, %tmp_19

ST_22: stg_115 [1/1] 4.38ns
.preheader.preheader:38  call void @_ssdm_op_Write.ap_fifo.volatile.floatP(float* %strm_out_V, float %tmp_1)


 <State 23>: 8.42ns
ST_23: tmp_2 [1/5] 7.26ns
.preheader.preheader:27  %tmp_2 = fadd float %tmp_i2, %tmp_3_i2

ST_23: tmp_3 [3/5] 7.26ns
.preheader.preheader:30  %tmp_3 = fadd float %tmp_i3, %tmp_3_i3

ST_23: tmp_4 [5/5] 8.42ns
.preheader.preheader:33  %tmp_4 = fadd float %tmp_i4, %tmp_3_i4

ST_23: tmp_i5 [1/4] 5.70ns
.preheader.preheader:34  %tmp_i5 = fmul float %tmp_8, %tmp_17

ST_23: tmp_3_i5 [2/4] 5.70ns
.preheader.preheader:35  %tmp_3_i5 = fmul float %tmp_11, %tmp_19


 <State 24>: 7.26ns
ST_24: tmp_3 [2/5] 7.26ns
.preheader.preheader:30  %tmp_3 = fadd float %tmp_i3, %tmp_3_i3

ST_24: tmp_4 [4/5] 7.26ns
.preheader.preheader:33  %tmp_4 = fadd float %tmp_i4, %tmp_3_i4

ST_24: tmp_3_i5 [1/4] 5.70ns
.preheader.preheader:35  %tmp_3_i5 = fmul float %tmp_11, %tmp_19

ST_24: stg_124 [1/1] 4.38ns
.preheader.preheader:39  call void @_ssdm_op_Write.ap_fifo.volatile.floatP(float* %strm_out_V, float %tmp_2)


 <State 25>: 8.42ns
ST_25: tmp_3 [1/5] 7.26ns
.preheader.preheader:30  %tmp_3 = fadd float %tmp_i3, %tmp_3_i3

ST_25: tmp_4 [3/5] 7.26ns
.preheader.preheader:33  %tmp_4 = fadd float %tmp_i4, %tmp_3_i4

ST_25: tmp_5 [5/5] 8.42ns
.preheader.preheader:36  %tmp_5 = fadd float %tmp_i5, %tmp_3_i5


 <State 26>: 7.26ns
ST_26: tmp_4 [2/5] 7.26ns
.preheader.preheader:33  %tmp_4 = fadd float %tmp_i4, %tmp_3_i4

ST_26: tmp_5 [4/5] 7.26ns
.preheader.preheader:36  %tmp_5 = fadd float %tmp_i5, %tmp_3_i5

ST_26: stg_130 [1/1] 4.38ns
.preheader.preheader:40  call void @_ssdm_op_Write.ap_fifo.volatile.floatP(float* %strm_out_V, float %tmp_3)


 <State 27>: 7.26ns
ST_27: tmp_4 [1/5] 7.26ns
.preheader.preheader:33  %tmp_4 = fadd float %tmp_i4, %tmp_3_i4

ST_27: tmp_5 [3/5] 7.26ns
.preheader.preheader:36  %tmp_5 = fadd float %tmp_i5, %tmp_3_i5


 <State 28>: 7.26ns
ST_28: tmp_5 [2/5] 7.26ns
.preheader.preheader:36  %tmp_5 = fadd float %tmp_i5, %tmp_3_i5

ST_28: stg_134 [1/1] 4.38ns
.preheader.preheader:41  call void @_ssdm_op_Write.ap_fifo.volatile.floatP(float* %strm_out_V, float %tmp_4)


 <State 29>: 7.26ns
ST_29: tmp_5 [1/5] 7.26ns
.preheader.preheader:36  %tmp_5 = fadd float %tmp_i5, %tmp_3_i5


 <State 30>: 4.38ns
ST_30: stg_136 [1/1] 0.00ns
.preheader.preheader:0  call void (...)* @_ssdm_op_SpecLoopName([17 x i8]* @L_svd_calc_off_r_str)

ST_30: empty_9 [1/1] 0.00ns
.preheader.preheader:1  %empty_9 = call i32 (...)* @_ssdm_op_SpecLoopTripCount(i64 306544, i64 306544, i64 306544)

ST_30: stg_138 [1/1] 0.00ns
.preheader.preheader:2  call void (...)* @_ssdm_op_SpecLoopName([15 x i8]* @p_str1810) nounwind

ST_30: tmp_s [1/1] 0.00ns
.preheader.preheader:3  %tmp_s = call i32 (...)* @_ssdm_op_SpecRegionBegin([15 x i8]* @p_str1810)

ST_30: stg_140 [1/1] 0.00ns
.preheader.preheader:4  call void (...)* @_ssdm_op_SpecPipeline(i32 -1, i32 1, i32 1, i32 0, [1 x i8]* @p_str1807) nounwind

ST_30: stg_141 [1/1] 4.38ns
.preheader.preheader:42  call void @_ssdm_op_Write.ap_fifo.volatile.floatP(float* %strm_out_V, float %tmp_5)

ST_30: empty_10 [1/1] 0.00ns
.preheader.preheader:43  %empty_10 = call i32 (...)* @_ssdm_op_SpecRegionEnd([15 x i8]* @p_str1810, i32 %tmp_s)

ST_30: stg_143 [1/1] 0.00ns
.preheader.preheader:44  br label %.preheader


 <State 31>: 0.00ns
ST_31: stg_144 [1/1] 0.00ns
:0  ret void



============================================================
+ Verbose Summary: Binding
============================================================
STG Binding: 
---------------- STG Properties BEGIN ----------------
- Is combinational: 0
- Is one-state seq: 0
- Is datapath-only: 0
- Is clock enabled: 0
- Is pipelined: 0
- Is top level: 0
Port [ Return ] is wired: 1; IO mode=ap_ctrl_hs:ce=0
Port [ strm_in_V]:  wired=1; compound=1; hidden=0; nouse=0; global=0; static=0; extern=0; dir=0; type=3; pingpong=0; private_global=0; IO mode=ap_fifo:ce=0
Port [ strm_out_V]:  wired=1; compound=1; hidden=0; nouse=0; global=0; static=0; extern=0; dir=1; type=3; pingpong=0; private_global=0; IO mode=ap_fifo:ce=0
---------------- STG Properties END ------------------

---------------- Datapath Model BEGIN ----------------

<LifeTime>
<method=bitvector/>
empty               (specinterface    ) [ 00000000000000000000000000000000]
empty_8             (specinterface    ) [ 00000000000000000000000000000000]
stg_34              (br               ) [ 01111111111111111111111111111110]
indvar_flatten      (phi              ) [ 00100000000000000000000000000000]
exitcond_flatten    (icmp             ) [ 00111111111111111111111111111110]
indvar_flatten_next (add              ) [ 01111111111111111111111111111110]
stg_38              (br               ) [ 00000000000000000000000000000000]
tmp_6               (read             ) [ 00001111111111100000000000000000]
tmp_7               (read             ) [ 00111111111111111111000000000000]
tmp_8               (read             ) [ 00111111111111111111111100000000]
tmp_9               (read             ) [ 00100001111111111000000000000000]
tmp_10              (read             ) [ 00111110111111111111100000000000]
tmp_11              (read             ) [ 00111111111111111111111110000000]
tmp_12              (read             ) [ 00110000001111111100000000000000]
tmp_13              (read             ) [ 00111100000111111111000000000000]
tmp_14              (read             ) [ 00111000000011111110000000000000]
tmp_15              (read             ) [ 00111110000001111111100000000000]
tmp_16              (read             ) [ 00111111000000111111110000000000]
tmp_i               (fmul             ) [ 00111110000000111111100000000000]
tmp_17              (read             ) [ 00111111110000011111111100000000]
tmp_i1              (fmul             ) [ 00111111000000011111110000000000]
tmp_18              (read             ) [ 00111111100000001111111000000000]
tmp_3_i             (fmul             ) [ 00111110000000001111100000000000]
tmp_19              (read             ) [ 00011111111000000111111110000000]
tmp_3_i1            (fmul             ) [ 00011111000000000111110000000000]
tmp_i2              (fmul             ) [ 00001111110000000011111100000000]
tmp_3_i2            (fmul             ) [ 00000111110000000001111100000000]
tmp_i3              (fmul             ) [ 00000011111100000000111111000000]
tmp                 (fadd             ) [ 00000001000000000000010000000000]
tmp_3_i3            (fmul             ) [ 00000001111100000000011111000000]
tmp_1               (fadd             ) [ 00000000100000000000001000000000]
tmp_i4              (fmul             ) [ 00000000111111000000001111110000]
stg_109             (write            ) [ 00000000000000000000000000000000]
tmp_3_i4            (fmul             ) [ 00000000011111000000000111110000]
stg_115             (write            ) [ 00000000000000000000000000000000]
tmp_2               (fadd             ) [ 00000000001000000000000010000000]
tmp_i5              (fmul             ) [ 00000000001111110000000011111100]
tmp_3_i5            (fmul             ) [ 00000000000111110000000001111100]
stg_124             (write            ) [ 00000000000000000000000000000000]
tmp_3               (fadd             ) [ 00000000000010000000000000100000]
stg_130             (write            ) [ 00000000000000000000000000000000]
tmp_4               (fadd             ) [ 00000000000000100000000000001000]
stg_134             (write            ) [ 00000000000000000000000000000000]
tmp_5               (fadd             ) [ 00100000000000000000000000000010]
stg_136             (specloopname     ) [ 00000000000000000000000000000000]
empty_9             (speclooptripcount) [ 00000000000000000000000000000000]
stg_138             (specloopname     ) [ 00000000000000000000000000000000]
tmp_s               (specregionbegin  ) [ 00000000000000000000000000000000]
stg_140             (specpipeline     ) [ 00000000000000000000000000000000]
stg_141             (write            ) [ 00000000000000000000000000000000]
empty_10            (specregionend    ) [ 00000000000000000000000000000000]
stg_143             (br               ) [ 01111111111111111111111111111110]
stg_144             (ret              ) [ 00000000000000000000000000000000]
</LifeTime>

<model>

<comp_list>
<comp id="0" class="1000" name="strm_in_V">
<pin_list>
<pin id="1" dir="1" index="0" bw="1" slack="0"/>
</pin_list>
<bind>
<StgValue><ssdm name="strm_in_V"/></StgValue>
</bind>
</comp>

<comp id="2" class="1000" name="strm_out_V">
<pin_list>
<pin id="3" dir="1" index="0" bw="1" slack="0"/>
</pin_list>
<bind>
<StgValue><ssdm name="strm_out_V"/></StgValue>
</bind>
</comp>

<comp id="4" class="1001" name="const_4">
<pin_list>
<pin id="5" dir="1" index="0" bw="1" slack="2147483647"/>
</pin_list>
<bind>
<StgValue><ssdm name="_ssdm_op_SpecInterface"/></StgValue>
</bind>
</comp>

<comp id="6" class="1001" name="const_6">
<pin_list>
<pin id="7" dir="1" index="0" bw="1" slack="2147483647"/>
</pin_list>
<bind>
<StgValue><ssdm name="ap_fifo_str"/></StgValue>
</bind>
</comp>

<comp id="8" class="1001" name="const_8">
<pin_list>
<pin id="9" dir="1" index="0" bw="1" slack="2147483647"/>
</pin_list>
<bind>
<StgValue><ssdm name=""/></StgValue>
</bind>
</comp>

<comp id="10" class="1001" name="const_10">
<pin_list>
<pin id="11" dir="1" index="0" bw="1" slack="2147483647"/>
</pin_list>
<bind>
<StgValue><ssdm name="p_str"/></StgValue>
</bind>
</comp>

<comp id="12" class="1001" name="const_12">
<pin_list>
<pin id="13" dir="1" index="0" bw="1" slack="2147483647"/>
</pin_list>
<bind>
<StgValue><ssdm name=""/></StgValue>
</bind>
</comp>

<comp id="14" class="1001" name="const_14">
<pin_list>
<pin id="15" dir="1" index="0" bw="1" slack="2147483647"/>
</pin_list>
<bind>
<StgValue><ssdm name=""/></StgValue>
</bind>
</comp>

<comp id="16" class="1001" name="const_16">
<pin_list>
<pin id="17" dir="1" index="0" bw="1" slack="1"/>
</pin_list>
<bind>
<StgValue><ssdm name=""/></StgValue>
</bind>
</comp>

<comp id="18" class="1001" name="const_18">
<pin_list>
<pin id="19" dir="1" index="0" bw="1" slack="0"/>
</pin_list>
<bind>
<StgValue><ssdm name=""/></StgValue>
</bind>
</comp>

<comp id="20" class="1001" name="const_20">
<pin_list>
<pin id="21" dir="1" index="0" bw="1" slack="0"/>
</pin_list>
<bind>
<StgValue><ssdm name=""/></StgValue>
</bind>
</comp>

<comp id="22" class="1001" name="const_22">
<pin_list>
<pin id="23" dir="1" index="0" bw="1" slack="0"/>
</pin_list>
<bind>
<StgValue><ssdm name="_ssdm_op_Read.ap_fifo.volatile.floatP"/></StgValue>
</bind>
</comp>

<comp id="24" class="1001" name="const_24">
<pin_list>
<pin id="25" dir="1" index="0" bw="1" slack="0"/>
</pin_list>
<bind>
<StgValue><ssdm name="_ssdm_op_Write.ap_fifo.volatile.floatP"/></StgValue>
</bind>
</comp>

<comp id="26" class="1001" name="const_26">
<pin_list>
<pin id="27" dir="1" index="0" bw="1" slack="2147483647"/>
</pin_list>
<bind>
<StgValue><ssdm name="_ssdm_op_SpecLoopName"/></StgValue>
</bind>
</comp>

<comp id="28" class="1001" name="const_28">
<pin_list>
<pin id="29" dir="1" index="0" bw="1" slack="2147483647"/>
</pin_list>
<bind>
<StgValue><ssdm name="L_svd_calc_off_r_str"/></StgValue>
</bind>
</comp>

<comp id="30" class="1001" name="const_30">
<pin_list>
<pin id="31" dir="1" index="0" bw="1" slack="2147483647"/>
</pin_list>
<bind>
<StgValue><ssdm name="_ssdm_op_SpecLoopTripCount"/></StgValue>
</bind>
</comp>

<comp id="32" class="1001" name="const_32">
<pin_list>
<pin id="33" dir="1" index="0" bw="1" slack="2147483647"/>
</pin_list>
<bind>
<StgValue><ssdm name=""/></StgValue>
</bind>
</comp>

<comp id="34" class="1001" name="const_34">
<pin_list>
<pin id="35" dir="1" index="0" bw="1" slack="2147483647"/>
</pin_list>
<bind>
<StgValue><ssdm name="p_str1810"/></StgValue>
</bind>
</comp>

<comp id="36" class="1001" name="const_36">
<pin_list>
<pin id="37" dir="1" index="0" bw="1" slack="2147483647"/>
</pin_list>
<bind>
<StgValue><ssdm name="_ssdm_op_SpecRegionBegin"/></StgValue>
</bind>
</comp>

<comp id="38" class="1001" name="const_38">
<pin_list>
<pin id="39" dir="1" index="0" bw="1" slack="2147483647"/>
</pin_list>
<bind>
<StgValue><ssdm name="_ssdm_op_SpecPipeline"/></StgValue>
</bind>
</comp>

<comp id="40" class="1001" name="const_40">
<pin_list>
<pin id="41" dir="1" index="0" bw="1" slack="2147483647"/>
</pin_list>
<bind>
<StgValue><ssdm name=""/></StgValue>
</bind>
</comp>

<comp id="42" class="1001" name="const_42">
<pin_list>
<pin id="43" dir="1" index="0" bw="1" slack="2147483647"/>
</pin_list>
<bind>
<StgValue><ssdm name=""/></StgValue>
</bind>
</comp>

<comp id="44" class="1001" name="const_44">
<pin_list>
<pin id="45" dir="1" index="0" bw="1" slack="2147483647"/>
</pin_list>
<bind>
<StgValue><ssdm name="p_str1807"/></StgValue>
</bind>
</comp>

<comp id="46" class="1001" name="const_46">
<pin_list>
<pin id="47" dir="1" index="0" bw="1" slack="2147483647"/>
</pin_list>
<bind>
<StgValue><ssdm name="_ssdm_op_SpecRegionEnd"/></StgValue>
</bind>
</comp>

<comp id="48" class="1004" name="grp_read_fu_48">
<pin_list>
<pin id="49" dir="0" index="0" bw="32" slack="0"/>
<pin id="50" dir="0" index="1" bw="32" slack="0"/>
<pin id="51" dir="1" index="2" bw="32" slack="1"/>
</pin_list>
<bind>
<opcode="read(1150) " fcode="read"/>
<opset="tmp_6/3 tmp_7/4 tmp_8/5 tmp_9/6 tmp_10/7 tmp_11/8 tmp_12/9 tmp_13/10 tmp_14/11 tmp_15/12 tmp_16/13 tmp_17/14 tmp_18/15 tmp_19/16 "/>
</bind>
</comp>

<comp id="54" class="1004" name="grp_write_fu_54">
<pin_list>
<pin id="55" dir="0" index="0" bw="0" slack="0"/>
<pin id="56" dir="0" index="1" bw="32" slack="0"/>
<pin id="57" dir="0" index="2" bw="32" slack="1"/>
<pin id="58" dir="1" index="3" bw="0" slack="2147483647"/>
</pin_list>
<bind>
<opcode="write(1151) " fcode="write"/>
<opset="stg_109/21 stg_115/22 stg_124/24 stg_130/26 stg_134/28 stg_141/30 "/>
</bind>
</comp>

<comp id="61" class="1005" name="indvar_flatten_reg_61">
<pin_list>
<pin id="62" dir="0" index="0" bw="19" slack="1"/>
<pin id="63" dir="1" index="1" bw="19" slack="1"/>
</pin_list>
<bind>
<opset="indvar_flatten (phireg) "/>
</bind>
</comp>

<comp id="65" class="1004" name="indvar_flatten_phi_fu_65">
<pin_list>
<pin id="66" dir="0" index="0" bw="1" slack="1"/>
<pin id="67" dir="0" index="1" bw="0" slack="2147483647"/>
<pin id="68" dir="0" index="2" bw="19" slack="0"/>
<pin id="69" dir="0" index="3" bw="0" slack="2147483647"/>
<pin id="70" dir="1" index="4" bw="19" slack="0"/>
</pin_list>
<bind>
<opcode="phi(47) " fcode="phi"/>
<opset="indvar_flatten/2 "/>
</bind>
</comp>

<comp id="72" class="1004" name="grp_fu_72">
<pin_list>
<pin id="73" dir="0" index="0" bw="32" slack="2"/>
<pin id="74" dir="0" index="1" bw="32" slack="1"/>
<pin id="75" dir="1" index="2" bw="32" slack="1"/>
</pin_list>
<bind>
<opcode="fadd(9) " fcode="fadd"/>
<opset="tmp/16 tmp_1/17 tmp_2/19 tmp_3/21 tmp_4/23 tmp_5/25 "/>
</bind>
</comp>

<comp id="76" class="1004" name="grp_fu_76">
<pin_list>
<pin id="77" dir="0" index="0" bw="32" slack="6"/>
<pin id="78" dir="0" index="1" bw="32" slack="1"/>
<pin id="79" dir="1" index="2" bw="32" slack="1"/>
</pin_list>
<bind>
<opcode="fmul(13) " fcode="fmul"/>
<opset="tmp_i/10 tmp_i1/11 tmp_3_i/12 tmp_3_i1/13 tmp_i2/14 tmp_3_i2/15 tmp_i3/16 tmp_3_i3/17 tmp_i4/18 tmp_3_i4/19 tmp_i5/20 tmp_3_i5/21 "/>
</bind>
</comp>

<comp id="80" class="1005" name="reg_80">
<pin_list>
<pin id="81" dir="0" index="0" bw="32" slack="1"/>
<pin id="82" dir="1" index="1" bw="32" slack="1"/>
</pin_list>
<bind>
<opset="tmp_i tmp_3_i3 "/>
</bind>
</comp>

<comp id="86" class="1005" name="reg_86">
<pin_list>
<pin id="87" dir="0" index="0" bw="32" slack="2"/>
<pin id="88" dir="1" index="1" bw="32" slack="2"/>
</pin_list>
<bind>
<opset="tmp_i1 tmp_i4 "/>
</bind>
</comp>

<comp id="91" class="1005" name="reg_91">
<pin_list>
<pin id="92" dir="0" index="0" bw="32" slack="1"/>
<pin id="93" dir="1" index="1" bw="32" slack="1"/>
</pin_list>
<bind>
<opset="tmp_3_i tmp_3_i4 "/>
</bind>
</comp>

<comp id="96" class="1005" name="reg_96">
<pin_list>
<pin id="97" dir="0" index="0" bw="32" slack="1"/>
<pin id="98" dir="1" index="1" bw="32" slack="1"/>
</pin_list>
<bind>
<opset="tmp_3_i1 tmp_i5 "/>
</bind>
</comp>

<comp id="102" class="1005" name="reg_102">
<pin_list>
<pin id="103" dir="0" index="0" bw="32" slack="1"/>
<pin id="104" dir="1" index="1" bw="32" slack="1"/>
</pin_list>
<bind>
<opset="tmp_i2 tmp_3_i5 "/>
</bind>
</comp>

<comp id="108" class="1005" name="reg_108">
<pin_list>
<pin id="109" dir="0" index="0" bw="32" slack="1"/>
<pin id="110" dir="1" index="1" bw="32" slack="1"/>
</pin_list>
<bind>
<opset="tmp tmp_1 tmp_2 tmp_3 tmp_4 tmp_5 "/>
</bind>
</comp>

<comp id="113" class="1004" name="exitcond_flatten_fu_113">
<pin_list>
<pin id="114" dir="0" index="0" bw="19" slack="0"/>
<pin id="115" dir="0" index="1" bw="19" slack="0"/>
<pin id="116" dir="1" index="2" bw="1" slack="1"/>
</pin_list>
<bind>
<opcode="icmp(45) " fcode="icmp"/>
<opset="exitcond_flatten/2 "/>
</bind>
</comp>

<comp id="119" class="1004" name="indvar_flatten_next_fu_119">
<pin_list>
<pin id="120" dir="0" index="0" bw="19" slack="0"/>
<pin id="121" dir="0" index="1" bw="1" slack="0"/>
<pin id="122" dir="1" index="2" bw="19" slack="0"/>
</pin_list>
<bind>
<opcode="add(8) " fcode="add"/>
<opset="indvar_flatten_next/2 "/>
</bind>
</comp>

<comp id="125" class="1005" name="exitcond_flatten_reg_125">
<pin_list>
<pin id="126" dir="0" index="0" bw="1" slack="1"/>
<pin id="127" dir="1" index="1" bw="1" slack="2147483647"/>
</pin_list>
<bind>
<opset="exitcond_flatten "/>
</bind>
</comp>

<comp id="129" class="1005" name="indvar_flatten_next_reg_129">
<pin_list>
<pin id="130" dir="0" index="0" bw="19" slack="0"/>
<pin id="131" dir="1" index="1" bw="19" slack="0"/>
</pin_list>
<bind>
<opset="indvar_flatten_next "/>
</bind>
</comp>

<comp id="134" class="1005" name="tmp_6_reg_134">
<pin_list>
<pin id="135" dir="0" index="0" bw="32" slack="7"/>
<pin id="136" dir="1" index="1" bw="32" slack="7"/>
</pin_list>
<bind>
<opset="tmp_6 "/>
</bind>
</comp>

<comp id="139" class="1005" name="tmp_7_reg_139">
<pin_list>
<pin id="140" dir="0" index="0" bw="32" slack="10"/>
<pin id="141" dir="1" index="1" bw="32" slack="10"/>
</pin_list>
<bind>
<opset="tmp_7 "/>
</bind>
</comp>

<comp id="144" class="1005" name="tmp_8_reg_144">
<pin_list>
<pin id="145" dir="0" index="0" bw="32" slack="13"/>
<pin id="146" dir="1" index="1" bw="32" slack="13"/>
</pin_list>
<bind>
<opset="tmp_8 "/>
</bind>
</comp>

<comp id="149" class="1005" name="tmp_9_reg_149">
<pin_list>
<pin id="150" dir="0" index="0" bw="32" slack="6"/>
<pin id="151" dir="1" index="1" bw="32" slack="6"/>
</pin_list>
<bind>
<opset="tmp_9 "/>
</bind>
</comp>

<comp id="154" class="1005" name="tmp_10_reg_154">
<pin_list>
<pin id="155" dir="0" index="0" bw="32" slack="8"/>
<pin id="156" dir="1" index="1" bw="32" slack="8"/>
</pin_list>
<bind>
<opset="tmp_10 "/>
</bind>
</comp>

<comp id="159" class="1005" name="tmp_11_reg_159">
<pin_list>
<pin id="160" dir="0" index="0" bw="32" slack="11"/>
<pin id="161" dir="1" index="1" bw="32" slack="11"/>
</pin_list>
<bind>
<opset="tmp_11 "/>
</bind>
</comp>

<comp id="164" class="1005" name="tmp_12_reg_164">
<pin_list>
<pin id="165" dir="0" index="0" bw="32" slack="1"/>
<pin id="166" dir="1" index="1" bw="32" slack="1"/>
</pin_list>
<bind>
<opset="tmp_12 "/>
</bind>
</comp>

<comp id="169" class="1005" name="tmp_13_reg_169">
<pin_list>
<pin id="170" dir="0" index="0" bw="32" slack="1"/>
<pin id="171" dir="1" index="1" bw="32" slack="1"/>
</pin_list>
<bind>
<opset="tmp_13 "/>
</bind>
</comp>

<comp id="174" class="1005" name="tmp_14_reg_174">
<pin_list>
<pin id="175" dir="0" index="0" bw="32" slack="1"/>
<pin id="176" dir="1" index="1" bw="32" slack="1"/>
</pin_list>
<bind>
<opset="tmp_14 "/>
</bind>
</comp>

<comp id="179" class="1005" name="tmp_15_reg_179">
<pin_list>
<pin id="180" dir="0" index="0" bw="32" slack="1"/>
<pin id="181" dir="1" index="1" bw="32" slack="1"/>
</pin_list>
<bind>
<opset="tmp_15 "/>
</bind>
</comp>

<comp id="184" class="1005" name="tmp_16_reg_184">
<pin_list>
<pin id="185" dir="0" index="0" bw="32" slack="5"/>
<pin id="186" dir="1" index="1" bw="32" slack="5"/>
</pin_list>
<bind>
<opset="tmp_16 "/>
</bind>
</comp>

<comp id="189" class="1005" name="tmp_17_reg_189">
<pin_list>
<pin id="190" dir="0" index="0" bw="32" slack="6"/>
<pin id="191" dir="1" index="1" bw="32" slack="6"/>
</pin_list>
<bind>
<opset="tmp_17 "/>
</bind>
</comp>

<comp id="194" class="1005" name="tmp_18_reg_194">
<pin_list>
<pin id="195" dir="0" index="0" bw="32" slack="4"/>
<pin id="196" dir="1" index="1" bw="32" slack="4"/>
</pin_list>
<bind>
<opset="tmp_18 "/>
</bind>
</comp>

<comp id="199" class="1005" name="tmp_19_reg_199">
<pin_list>
<pin id="200" dir="0" index="0" bw="32" slack="5"/>
<pin id="201" dir="1" index="1" bw="32" slack="5"/>
</pin_list>
<bind>
<opset="tmp_19 "/>
</bind>
</comp>

<comp id="204" class="1005" name="tmp_3_i2_reg_204">
<pin_list>
<pin id="205" dir="0" index="0" bw="32" slack="1"/>
<pin id="206" dir="1" index="1" bw="32" slack="1"/>
</pin_list>
<bind>
<opset="tmp_3_i2 "/>
</bind>
</comp>

<comp id="209" class="1005" name="tmp_i3_reg_209">
<pin_list>
<pin id="210" dir="0" index="0" bw="32" slack="2"/>
<pin id="211" dir="1" index="1" bw="32" slack="2"/>
</pin_list>
<bind>
<opset="tmp_i3 "/>
</bind>
</comp>

</comp_list>

<net_list>
<net id="52"><net_src comp="22" pin="0"/><net_sink comp="48" pin=0"/></net>

<net id="53"><net_src comp="0" pin="0"/><net_sink comp="48" pin=1"/></net>

<net id="59"><net_src comp="24" pin="0"/><net_sink comp="54" pin=0"/></net>

<net id="60"><net_src comp="2" pin="0"/><net_sink comp="54" pin=1"/></net>

<net id="64"><net_src comp="16" pin="0"/><net_sink comp="61" pin=0"/></net>

<net id="71"><net_src comp="61" pin="1"/><net_sink comp="65" pin=0"/></net>

<net id="83"><net_src comp="76" pin="2"/><net_sink comp="80" pin=0"/></net>

<net id="84"><net_src comp="80" pin="1"/><net_sink comp="72" pin=0"/></net>

<net id="85"><net_src comp="80" pin="1"/><net_sink comp="72" pin=1"/></net>

<net id="89"><net_src comp="76" pin="2"/><net_sink comp="86" pin=0"/></net>

<net id="90"><net_src comp="86" pin="1"/><net_sink comp="72" pin=0"/></net>

<net id="94"><net_src comp="76" pin="2"/><net_sink comp="91" pin=0"/></net>

<net id="95"><net_src comp="91" pin="1"/><net_sink comp="72" pin=1"/></net>

<net id="99"><net_src comp="76" pin="2"/><net_sink comp="96" pin=0"/></net>

<net id="100"><net_src comp="96" pin="1"/><net_sink comp="72" pin=1"/></net>

<net id="101"><net_src comp="96" pin="1"/><net_sink comp="72" pin=0"/></net>

<net id="105"><net_src comp="76" pin="2"/><net_sink comp="102" pin=0"/></net>

<net id="106"><net_src comp="102" pin="1"/><net_sink comp="72" pin=0"/></net>

<net id="107"><net_src comp="102" pin="1"/><net_sink comp="72" pin=1"/></net>

<net id="111"><net_src comp="72" pin="2"/><net_sink comp="108" pin=0"/></net>

<net id="112"><net_src comp="108" pin="1"/><net_sink comp="54" pin=2"/></net>

<net id="117"><net_src comp="65" pin="4"/><net_sink comp="113" pin=0"/></net>

<net id="118"><net_src comp="18" pin="0"/><net_sink comp="113" pin=1"/></net>

<net id="123"><net_src comp="65" pin="4"/><net_sink comp="119" pin=0"/></net>

<net id="124"><net_src comp="20" pin="0"/><net_sink comp="119" pin=1"/></net>

<net id="128"><net_src comp="113" pin="2"/><net_sink comp="125" pin=0"/></net>

<net id="132"><net_src comp="119" pin="2"/><net_sink comp="129" pin=0"/></net>

<net id="133"><net_src comp="129" pin="1"/><net_sink comp="65" pin=2"/></net>

<net id="137"><net_src comp="48" pin="2"/><net_sink comp="134" pin=0"/></net>

<net id="138"><net_src comp="134" pin="1"/><net_sink comp="76" pin=0"/></net>

<net id="142"><net_src comp="48" pin="2"/><net_sink comp="139" pin=0"/></net>

<net id="143"><net_src comp="139" pin="1"/><net_sink comp="76" pin=0"/></net>

<net id="147"><net_src comp="48" pin="2"/><net_sink comp="144" pin=0"/></net>

<net id="148"><net_src comp="144" pin="1"/><net_sink comp="76" pin=0"/></net>

<net id="152"><net_src comp="48" pin="2"/><net_sink comp="149" pin=0"/></net>

<net id="153"><net_src comp="149" pin="1"/><net_sink comp="76" pin=0"/></net>

<net id="157"><net_src comp="48" pin="2"/><net_sink comp="154" pin=0"/></net>

<net id="158"><net_src comp="154" pin="1"/><net_sink comp="76" pin=0"/></net>

<net id="162"><net_src comp="48" pin="2"/><net_sink comp="159" pin=0"/></net>

<net id="163"><net_src comp="159" pin="1"/><net_sink comp="76" pin=0"/></net>

<net id="167"><net_src comp="48" pin="2"/><net_sink comp="164" pin=0"/></net>

<net id="168"><net_src comp="164" pin="1"/><net_sink comp="76" pin=1"/></net>

<net id="172"><net_src comp="48" pin="2"/><net_sink comp="169" pin=0"/></net>

<net id="173"><net_src comp="169" pin="1"/><net_sink comp="76" pin=1"/></net>

<net id="177"><net_src comp="48" pin="2"/><net_sink comp="174" pin=0"/></net>

<net id="178"><net_src comp="174" pin="1"/><net_sink comp="76" pin=1"/></net>

<net id="182"><net_src comp="48" pin="2"/><net_sink comp="179" pin=0"/></net>

<net id="183"><net_src comp="179" pin="1"/><net_sink comp="76" pin=1"/></net>

<net id="187"><net_src comp="48" pin="2"/><net_sink comp="184" pin=0"/></net>

<net id="188"><net_src comp="184" pin="1"/><net_sink comp="76" pin=1"/></net>

<net id="192"><net_src comp="48" pin="2"/><net_sink comp="189" pin=0"/></net>

<net id="193"><net_src comp="189" pin="1"/><net_sink comp="76" pin=1"/></net>

<net id="197"><net_src comp="48" pin="2"/><net_sink comp="194" pin=0"/></net>

<net id="198"><net_src comp="194" pin="1"/><net_sink comp="76" pin=1"/></net>

<net id="202"><net_src comp="48" pin="2"/><net_sink comp="199" pin=0"/></net>

<net id="203"><net_src comp="199" pin="1"/><net_sink comp="76" pin=1"/></net>

<net id="207"><net_src comp="76" pin="2"/><net_sink comp="204" pin=0"/></net>

<net id="208"><net_src comp="204" pin="1"/><net_sink comp="72" pin=1"/></net>

<net id="212"><net_src comp="76" pin="2"/><net_sink comp="209" pin=0"/></net>

<net id="213"><net_src comp="209" pin="1"/><net_sink comp="72" pin=0"/></net>

</net_list>

</model> 
---------------- Datapath Model END ------------------

* FSMD analyzer results:
  - Output states:
	Port: strm_in_V | {}
	Port: strm_out_V | {21 22 24 26 28 30 }
 - Input state : 
	Port: dut_update_off_diag_r : strm_in_V | {3 4 5 6 7 8 9 10 11 12 13 14 15 16 }
	Port: dut_update_off_diag_r : strm_out_V | {}
  - Chain level:
	State 1
	State 2
		exitcond_flatten : 1
		indvar_flatten_next : 1
		stg_38 : 2
	State 3
	State 4
	State 5
	State 6
	State 7
	State 8
	State 9
	State 10
	State 11
	State 12
	State 13
	State 14
	State 15
	State 16
	State 17
	State 18
	State 19
	State 20
	State 21
	State 22
	State 23
	State 24
	State 25
	State 26
	State 27
	State 28
	State 29
	State 30
		empty_10 : 1
	State 31


============================================================
+ Verbose Summary: Datapath Resource usage 
============================================================

* Functional unit list:
|----------|----------------------------|---------|---------|---------|
| Operation|       Functional Unit      |  DSP48E |    FF   |   LUT   |
|----------|----------------------------|---------|---------|---------|
|   fadd   |          grp_fu_72         |    2    |   205   |   390   |
|----------|----------------------------|---------|---------|---------|
|   fmul   |          grp_fu_76         |    3    |   143   |   321   |
|----------|----------------------------|---------|---------|---------|
|    add   | indvar_flatten_next_fu_119 |    0    |    0    |    19   |
|----------|----------------------------|---------|---------|---------|
|   icmp   |   exitcond_flatten_fu_113  |    0    |    0    |    7    |
|----------|----------------------------|---------|---------|---------|
|   read   |       grp_read_fu_48       |    0    |    0    |    0    |
|----------|----------------------------|---------|---------|---------|
|   write  |       grp_write_fu_54      |    0    |    0    |    0    |
|----------|----------------------------|---------|---------|---------|
|   Total  |                            |    5    |   348   |   737   |
|----------|----------------------------|---------|---------|---------|

Memories:
N/A

* Register list:
+---------------------------+--------+
|                           |   FF   |
+---------------------------+--------+
|  exitcond_flatten_reg_125 |    1   |
|indvar_flatten_next_reg_129|   19   |
|   indvar_flatten_reg_61   |   19   |
|          reg_102          |   32   |
|          reg_108          |   32   |
|           reg_80          |   32   |
|           reg_86          |   32   |
|           reg_91          |   32   |
|           reg_96          |   32   |
|       tmp_10_reg_154      |   32   |
|       tmp_11_reg_159      |   32   |
|       tmp_12_reg_164      |   32   |
|       tmp_13_reg_169      |   32   |
|       tmp_14_reg_174      |   32   |
|       tmp_15_reg_179      |   32   |
|       tmp_16_reg_184      |   32   |
|       tmp_17_reg_189      |   32   |
|       tmp_18_reg_194      |   32   |
|       tmp_19_reg_199      |   32   |
|      tmp_3_i2_reg_204     |   32   |
|       tmp_6_reg_134       |   32   |
|       tmp_7_reg_139       |   32   |
|       tmp_8_reg_144       |   32   |
|       tmp_9_reg_149       |   32   |
|       tmp_i3_reg_209      |   32   |
+---------------------------+--------+
|           Total           |   743  |
+---------------------------+--------+

* Multiplexer (MUX) list: 
|-----------|------|------|------|--------||---------||---------|
|    Comp   |  Pin | Size |  BW  | S x BW ||  Delay  ||   LUT   |
|-----------|------|------|------|--------||---------||---------|
| grp_fu_72 |  p0  |   5  |  32  |   160  ||    32   |
| grp_fu_72 |  p1  |   5  |  32  |   160  ||    32   |
| grp_fu_76 |  p0  |   6  |  32  |   192  ||    32   |
| grp_fu_76 |  p1  |   8  |  32  |   256  ||    64   |
|-----------|------|------|------|--------||---------||---------|
|   Total   |      |      |      |   768  ||  7.756  ||   160   |
|-----------|------|------|------|--------||---------||---------|



* Summary:
+-----------+--------+--------+--------+--------+
|           | DSP48E |  Delay |   FF   |   LUT  |
+-----------+--------+--------+--------+--------+
|  Function |    5   |    -   |   348  |   737  |
|   Memory  |    -   |    -   |    -   |    -   |
|Multiplexer|    -   |    7   |    -   |   160  |
|  Register |    -   |    -   |   743  |    -   |
+-----------+--------+--------+--------+--------+
|   Total   |    5   |    7   |  1091  |   897  |
+-----------+--------+--------+--------+--------+
