

================================================================
== Vivado HLS Report for 'dut_matmul'
================================================================
* Date:           Mon Dec  5 02:26:25 2022

* Version:        2016.2 (Build 1577090 on Thu Jun 02 16:59:10 MDT 2016)
* Project:        pca.prj
* Solution:       solution1
* Product family: zynq
* Target device:  xc7z020clg484-1


================================================================
== Performance Estimates
================================================================
+ Timing (ns): 
    * Summary: 
    +--------+-------+----------+------------+
    |  Clock | Target| Estimated| Uncertainty|
    +--------+-------+----------+------------+
    |ap_clk  |  10.00|      8.83|        1.25|
    +--------+-------+----------+------------+

+ Latency (clock cycles): 
    * Summary: 
    +-----------+-----------+-----------+-----------+---------+
    |        Latency        |        Interval       | Pipeline|
    |    min    |    max    |    min    |    max    |   Type  |
    +-----------+-----------+-----------+-----------+---------+
    |  307328010|  307328010|  307328010|  307328010|   none  |
    +-----------+-----------+-----------+-----------+---------+

    + Detail: 
        * Instance: 
        N/A

        * Loop: 
        +-----------------------------------+-----------+-----------+----------+-----------+-----------+----------+----------+
        |                                   |        Latency        | Iteration|  Initiation Interval  |   Trip   |          |
        |             Loop Name             |    min    |    max    |  Latency |  achieved |   target  |   Count  | Pipelined|
        +-----------------------------------+-----------+-----------+----------+-----------+-----------+----------+----------+
        |- LOOP_ROW_LOOP_COL_LOOP_DOT_PROD  |  307328008|  307328008|        14|          5|          1|  61465600|    yes   |
        +-----------------------------------+-----------+-----------+----------+-----------+-----------+----------+----------+

============================================================
+ Verbose Summary: Synthesis Manager
============================================================
InlineROM: 1
ExposeGlobal: 0
============================================================
+ Verbose Summary: CDFG Model
============================================================
IsTopModel: 0
ResetActiveHigh: 1
IsCombinational: 0
IsDatapathOnly: 0
HasWiredReturn: 1
HasMFsm: 0
HasVarLatency: 1
IsPipeline: 0
IsRtlPipelined: 0
IsInstanceOverlapped: 0
IsDontTouch: 0
HasImplIP: 0
IsGatedGlobalClock: 0

+ Individual pipeline summary: 
  * Pipeline-0: initiation interval (II) = 5, depth = 14


============================================================
+ Verbose Summary: Schedule
============================================================
* Number of FSM states: 16
* Pipeline: 1
  Pipeline-0: II = 5, D = 14, States = { 2 3 4 5 6 7 8 9 10 11 12 13 14 15 }
* Dataflow Pipeline: 0

* FSM state transitions: 
1 --> 
	2  / true
2 --> 
	16  / (exitcond_flatten1)
	3  / (!exitcond_flatten1)
3 --> 
	4  / true
4 --> 
	5  / true
5 --> 
	6  / true
6 --> 
	7  / true
7 --> 
	8  / true
8 --> 
	9  / true
9 --> 
	10  / true
10 --> 
	11  / true
11 --> 
	12  / true
12 --> 
	13  / true
13 --> 
	14  / true
14 --> 
	15  / true
15 --> 
	2  / true
16 --> 
* FSM state operations: 

 <State 1>: 2.71ns
ST_1: tmp [1/1] 0.00ns
:0  %tmp = alloca float

ST_1: empty [1/1] 0.00ns
:1  %empty = call i32 (...)* @_ssdm_op_SpecInterface(float* %strm_in_V, [8 x i8]* @ap_fifo_str, i32 0, i32 0, i32 0, i32 0, [1 x i8]* @p_str, [1 x i8]* @p_str, [1 x i8]* @p_str, i32 2, i32 2, i32 16, i32 16, [1 x i8]* @p_str)

ST_1: empty_11 [1/1] 0.00ns
:2  %empty_11 = call i32 (...)* @_ssdm_op_SpecInterface(float* %strm_out_V, [8 x i8]* @ap_fifo_str, i32 0, i32 0, i32 0, i32 0, [1 x i8]* @p_str, [1 x i8]* @p_str, [1 x i8]* @p_str, i32 2, i32 2, i32 16, i32 16, [1 x i8]* @p_str)

ST_1: A [1/1] 2.71ns
:3  %A = alloca [100 x float], align 16

ST_1: A_addr_1 [1/1] 0.00ns
:4  %A_addr_1 = getelementptr inbounds [100 x float]* %A, i64 0, i64 0

ST_1: stg_22 [1/1] 1.57ns
:5  store float 0.000000e+00, float* %tmp

ST_1: stg_23 [1/1] 1.57ns
:6  br label %1


 <State 2>: 7.58ns
ST_2: indvar_flatten1 [1/1] 0.00ns
:0  %indvar_flatten1 = phi i26 [ 0, %0 ], [ %indvar_flatten_next1, %._crit_edge9 ]

ST_2: indvar_flatten [1/1] 0.00ns
:1  %indvar_flatten = phi i17 [ 0, %0 ], [ %indvar_flatten_next, %._crit_edge9 ]

ST_2: j [1/1] 0.00ns
:2  %j = phi i10 [ 0, %0 ], [ %j_mid2, %._crit_edge9 ]

ST_2: k [1/1] 0.00ns
:3  %k = phi i7 [ 0, %0 ], [ %k_1, %._crit_edge9 ]

ST_2: exitcond_flatten1 [1/1] 2.43ns
:4  %exitcond_flatten1 = icmp eq i26 %indvar_flatten1, -5643264

ST_2: indvar_flatten_next1 [1/1] 2.32ns
:5  %indvar_flatten_next1 = add i26 %indvar_flatten1, 1

ST_2: stg_30 [1/1] 0.00ns
:6  br i1 %exitcond_flatten1, label %7, label %.reset6

ST_2: exitcond_flatten [1/1] 2.30ns
.reset6:2  %exitcond_flatten = icmp eq i17 %indvar_flatten, -52672

ST_2: j_mid [1/1] 1.37ns
.reset6:3  %j_mid = select i1 %exitcond_flatten, i10 0, i10 %j

ST_2: tmp20 [1/1] 2.07ns
.reset6:4  %tmp20 = icmp eq i10 %j, 0

ST_2: not_exitcond_flatten [1/1] 0.00ns (grouped into LUT with out node exitcond_mid)
.reset6:6  %not_exitcond_flatten = xor i1 %exitcond_flatten, true

ST_2: exitcond [1/1] 1.97ns
.reset6:7  %exitcond = icmp eq i7 %k, -28

ST_2: exitcond_mid [1/1] 1.37ns (out node of the LUT)
.reset6:8  %exitcond_mid = and i1 %exitcond, %not_exitcond_flatten

ST_2: j_1 [1/1] 1.84ns
.reset6:9  %j_1 = add i10 %j_mid, 1

ST_2: tmp_7 [1/1] 0.00ns (grouped into LUT with out node k_mid2)
.reset6:11  %tmp_7 = or i1 %exitcond_mid, %exitcond_flatten

ST_2: k_mid2 [1/1] 1.37ns (out node of the LUT)
.reset6:12  %k_mid2 = select i1 %tmp_7, i7 0, i7 %k

ST_2: tmp_mid1 [1/1] 2.07ns
.reset6:13  %tmp_mid1 = icmp eq i10 %j_1, 0

ST_2: j_mid2 [1/1] 1.37ns
.reset6:15  %j_mid2 = select i1 %exitcond_mid, i10 %j_1, i10 %j_mid

ST_2: indvar_flatten_op [1/1] 2.08ns
._crit_edge9:2  %indvar_flatten_op = add i17 %indvar_flatten, 1

ST_2: indvar_flatten_next [1/1] 1.37ns
._crit_edge9:3  %indvar_flatten_next = select i1 %exitcond_flatten, i17 1, i17 %indvar_flatten_op


 <State 3>: 1.37ns
ST_3: tmp_mid [1/1] 0.00ns (grouped into LUT with out node tmp_mid2)
.reset6:5  %tmp_mid = or i1 %exitcond_flatten, %tmp20

ST_3: tmp_mid2 [1/1] 1.37ns (out node of the LUT)
.reset6:14  %tmp_mid2 = select i1 %exitcond_mid, i1 %tmp_mid1, i1 %tmp_mid

ST_3: stg_46 [1/1] 0.00ns
.reset6:19  br i1 %tmp_mid2, label %2, label %._crit_edge


 <State 4>: 7.08ns
ST_4: tmp_21 [1/1] 4.38ns
:0  %tmp_21 = call float @_ssdm_op_Read.ap_fifo.volatile.floatP(float* %strm_in_V)

ST_4: tmp_s [1/1] 0.00ns
:1  %tmp_s = zext i7 %k_mid2 to i64

ST_4: A_addr [1/1] 0.00ns
:2  %A_addr = getelementptr inbounds [100 x float]* %A, i64 0, i64 %tmp_s

ST_4: stg_50 [1/1] 2.71ns
:3  store float %tmp_21, float* %A_addr, align 4

ST_4: tmp_2 [1/1] 1.97ns
._crit_edge:0  %tmp_2 = icmp eq i7 %k_mid2, 0

ST_4: stg_52 [1/1] 0.00ns
._crit_edge:1  br i1 %tmp_2, label %3, label %4


 <State 5>: 4.38ns
ST_5: tmp_3 [1/1] 0.00ns
:1  %tmp_3 = zext i7 %k_mid2 to i64

ST_5: A_addr_2 [1/1] 0.00ns
:2  %A_addr_2 = getelementptr inbounds [100 x float]* %A, i64 0, i64 %tmp_3

ST_5: A_load_1 [2/2] 2.71ns
:3  %A_load_1 = load float* %A_addr_2, align 4

ST_5: tmp_23 [1/1] 4.38ns
:4  %tmp_23 = call float @_ssdm_op_Read.ap_fifo.volatile.floatP(float* %strm_in_V)

ST_5: A_load [2/2] 2.71ns
:0  %A_load = load float* %A_addr_1, align 16

ST_5: tmp_22 [1/1] 4.38ns
:1  %tmp_22 = call float @_ssdm_op_Read.ap_fifo.volatile.floatP(float* %strm_in_V)

ST_5: tmp_6 [1/1] 1.97ns
:0  %tmp_6 = icmp eq i7 %k_mid2, -29

ST_5: stg_60 [1/1] 0.00ns
:1  br i1 %tmp_6, label %6, label %._crit_edge9

ST_5: k_1 [1/1] 1.72ns
._crit_edge9:1  %k_1 = add i7 %k_mid2, 1


 <State 6>: 8.41ns
ST_6: A_load_1 [1/2] 2.71ns
:3  %A_load_1 = load float* %A_addr_2, align 4

ST_6: tmp_4 [4/4] 5.70ns
:5  %tmp_4 = fmul float %A_load_1, %tmp_23

ST_6: A_load [1/2] 2.71ns
:0  %A_load = load float* %A_addr_1, align 16

ST_6: result [4/4] 5.70ns
:2  %result = fmul float %A_load, %tmp_22


 <State 7>: 5.70ns
ST_7: tmp_4 [3/4] 5.70ns
:5  %tmp_4 = fmul float %A_load_1, %tmp_23

ST_7: result [3/4] 5.70ns
:2  %result = fmul float %A_load, %tmp_22


 <State 8>: 5.70ns
ST_8: tmp_4 [2/4] 5.70ns
:5  %tmp_4 = fmul float %A_load_1, %tmp_23

ST_8: result [2/4] 5.70ns
:2  %result = fmul float %A_load, %tmp_22


 <State 9>: 5.70ns
ST_9: tmp_4 [1/4] 5.70ns
:5  %tmp_4 = fmul float %A_load_1, %tmp_23

ST_9: result [1/4] 5.70ns
:2  %result = fmul float %A_load, %tmp_22


 <State 10>: 7.26ns
ST_10: p_04_2_load [1/1] 0.00ns
:0  %p_04_2_load = load float* %tmp

ST_10: result_1 [5/5] 7.26ns
:6  %result_1 = fadd float %p_04_2_load, %tmp_4

ST_10: stg_74 [1/1] 1.57ns
:3  store float %result, float* %tmp


 <State 11>: 7.26ns
ST_11: result_1 [4/5] 7.26ns
:6  %result_1 = fadd float %p_04_2_load, %tmp_4


 <State 12>: 7.26ns
ST_12: result_1 [3/5] 7.26ns
:6  %result_1 = fadd float %p_04_2_load, %tmp_4


 <State 13>: 7.26ns
ST_13: result_1 [2/5] 7.26ns
:6  %result_1 = fadd float %p_04_2_load, %tmp_4


 <State 14>: 8.83ns
ST_14: result_1 [1/5] 7.26ns
:6  %result_1 = fadd float %p_04_2_load, %tmp_4

ST_14: stg_79 [1/1] 1.57ns
:7  store float %result_1, float* %tmp


 <State 15>: 4.38ns
ST_15: stg_80 [1/1] 0.00ns
.reset6:0  call void (...)* @_ssdm_op_SpecLoopName([32 x i8]* @LOOP_ROW_LOOP_COL_LOOP_DOT_PRO)

ST_15: empty_13 [1/1] 0.00ns
.reset6:1  %empty_13 = call i32 (...)* @_ssdm_op_SpecLoopTripCount(i64 61465600, i64 61465600, i64 61465600)

ST_15: stg_82 [1/1] 0.00ns
.reset6:10  call void (...)* @_ssdm_op_SpecLoopName([23 x i8]* @LOOP_COL_LOOP_DOT_PROD_str)

ST_15: stg_83 [1/1] 0.00ns
.reset6:16  call void (...)* @_ssdm_op_SpecLoopName([14 x i8]* @p_str1806) nounwind

ST_15: tmp_1 [1/1] 0.00ns
.reset6:17  %tmp_1 = call i32 (...)* @_ssdm_op_SpecRegionBegin([14 x i8]* @p_str1806)

ST_15: stg_85 [1/1] 0.00ns
.reset6:18  call void (...)* @_ssdm_op_SpecPipeline(i32 -1, i32 1, i32 1, i32 0, [1 x i8]* @p_str1807) nounwind

ST_15: stg_86 [1/1] 0.00ns
:4  br label %._crit_edge

ST_15: stg_87 [1/1] 0.00ns
:8  br label %5

ST_15: stg_88 [1/1] 0.00ns
:4  br label %5

ST_15: p_04_2_load39 [1/1] 0.00ns
:0  %p_04_2_load39 = load float* %tmp

ST_15: stg_90 [1/1] 4.38ns
:1  call void @_ssdm_op_Write.ap_fifo.volatile.floatP(float* %strm_out_V, float %p_04_2_load39)

ST_15: stg_91 [1/1] 0.00ns
:2  br label %._crit_edge9

ST_15: empty_12 [1/1] 0.00ns
._crit_edge9:0  %empty_12 = call i32 (...)* @_ssdm_op_SpecRegionEnd([14 x i8]* @p_str1806, i32 %tmp_1)

ST_15: stg_93 [1/1] 0.00ns
._crit_edge9:4  br label %1


 <State 16>: 0.00ns
ST_16: stg_94 [1/1] 0.00ns
:0  ret void



============================================================
+ Verbose Summary: Binding
============================================================
STG Binding: 
---------------- STG Properties BEGIN ----------------
- Is combinational: 0
- Is one-state seq: 0
- Is datapath-only: 0
- Is clock enabled: 0
- Is pipelined: 0
- Is top level: 0
Port [ Return ] is wired: 1; IO mode=ap_ctrl_hs:ce=0
Port [ strm_in_V]:  wired=1; compound=1; hidden=0; nouse=0; global=0; static=0; extern=0; dir=0; type=3; pingpong=0; private_global=0; IO mode=ap_fifo:ce=0
Port [ strm_out_V]:  wired=1; compound=1; hidden=0; nouse=0; global=0; static=0; extern=0; dir=1; type=3; pingpong=0; private_global=0; IO mode=ap_fifo:ce=0
---------------- STG Properties END ------------------

---------------- Datapath Model BEGIN ----------------

<LifeTime>
<method=bitvector/>
tmp                  (alloca           ) [ 01111111111111110]
empty                (specinterface    ) [ 00000000000000000]
empty_11             (specinterface    ) [ 00000000000000000]
A                    (alloca           ) [ 00111111111111110]
A_addr_1             (getelementptr    ) [ 00111111111111110]
stg_22               (store            ) [ 00000000000000000]
stg_23               (br               ) [ 01111111111111110]
indvar_flatten1      (phi              ) [ 00100000000000000]
indvar_flatten       (phi              ) [ 00100000000000000]
j                    (phi              ) [ 00100000000000000]
k                    (phi              ) [ 00100000000000000]
exitcond_flatten1    (icmp             ) [ 00111111111111110]
indvar_flatten_next1 (add              ) [ 01111111111111110]
stg_30               (br               ) [ 00000000000000000]
exitcond_flatten     (icmp             ) [ 00010000000000000]
j_mid                (select           ) [ 00000000000000000]
tmp20                (icmp             ) [ 00010000000000000]
not_exitcond_flatten (xor              ) [ 00000000000000000]
exitcond             (icmp             ) [ 00000000000000000]
exitcond_mid         (and              ) [ 00010000000000000]
j_1                  (add              ) [ 00000000000000000]
tmp_7                (or               ) [ 00000000000000000]
k_mid2               (select           ) [ 00011100000000000]
tmp_mid1             (icmp             ) [ 00010000000000000]
j_mid2               (select           ) [ 01111111111111110]
indvar_flatten_op    (add              ) [ 00000000000000000]
indvar_flatten_next  (select           ) [ 01111111111111110]
tmp_mid              (or               ) [ 00000000000000000]
tmp_mid2             (select           ) [ 00111111111111110]
stg_46               (br               ) [ 00000000000000000]
tmp_21               (read             ) [ 00000000000000000]
tmp_s                (zext             ) [ 00000000000000000]
A_addr               (getelementptr    ) [ 00000000000000000]
stg_50               (store            ) [ 00000000000000000]
tmp_2                (icmp             ) [ 00111111111111110]
stg_52               (br               ) [ 00000000000000000]
tmp_3                (zext             ) [ 00000000000000000]
A_addr_2             (getelementptr    ) [ 00000010000000000]
tmp_23               (read             ) [ 00111011110000000]
tmp_22               (read             ) [ 00111011110000000]
tmp_6                (icmp             ) [ 00111111111111110]
stg_60               (br               ) [ 00000000000000000]
k_1                  (add              ) [ 01111111111111110]
A_load_1             (load             ) [ 00111001110000000]
A_load               (load             ) [ 00111001110000000]
tmp_4                (fmul             ) [ 00111110001111100]
result               (fmul             ) [ 00000100001000000]
p_04_2_load          (load             ) [ 00111010000111100]
stg_74               (store            ) [ 00000000000000000]
result_1             (fadd             ) [ 00000000000000000]
stg_79               (store            ) [ 00000000000000000]
stg_80               (specloopname     ) [ 00000000000000000]
empty_13             (speclooptripcount) [ 00000000000000000]
stg_82               (specloopname     ) [ 00000000000000000]
stg_83               (specloopname     ) [ 00000000000000000]
tmp_1                (specregionbegin  ) [ 00000000000000000]
stg_85               (specpipeline     ) [ 00000000000000000]
stg_86               (br               ) [ 00000000000000000]
stg_87               (br               ) [ 00000000000000000]
stg_88               (br               ) [ 00000000000000000]
p_04_2_load39        (load             ) [ 00000000000000000]
stg_90               (write            ) [ 00000000000000000]
stg_91               (br               ) [ 00000000000000000]
empty_12             (specregionend    ) [ 00000000000000000]
stg_93               (br               ) [ 01111111111111110]
stg_94               (ret              ) [ 00000000000000000]
</LifeTime>

<model>

<comp_list>
<comp id="0" class="1000" name="strm_in_V">
<pin_list>
<pin id="1" dir="1" index="0" bw="1" slack="0"/>
</pin_list>
<bind>
<StgValue><ssdm name="strm_in_V"/></StgValue>
</bind>
</comp>

<comp id="2" class="1000" name="strm_out_V">
<pin_list>
<pin id="3" dir="1" index="0" bw="1" slack="0"/>
</pin_list>
<bind>
<StgValue><ssdm name="strm_out_V"/></StgValue>
</bind>
</comp>

<comp id="4" class="1001" name="const_4">
<pin_list>
<pin id="5" dir="1" index="0" bw="1" slack="0"/>
</pin_list>
<bind>
<StgValue><ssdm name=""/></StgValue>
</bind>
</comp>

<comp id="6" class="1001" name="const_6">
<pin_list>
<pin id="7" dir="1" index="0" bw="1" slack="2147483647"/>
</pin_list>
<bind>
<StgValue><ssdm name="_ssdm_op_SpecInterface"/></StgValue>
</bind>
</comp>

<comp id="8" class="1001" name="const_8">
<pin_list>
<pin id="9" dir="1" index="0" bw="1" slack="2147483647"/>
</pin_list>
<bind>
<StgValue><ssdm name="ap_fifo_str"/></StgValue>
</bind>
</comp>

<comp id="10" class="1001" name="const_10">
<pin_list>
<pin id="11" dir="1" index="0" bw="1" slack="2147483647"/>
</pin_list>
<bind>
<StgValue><ssdm name=""/></StgValue>
</bind>
</comp>

<comp id="12" class="1001" name="const_12">
<pin_list>
<pin id="13" dir="1" index="0" bw="1" slack="2147483647"/>
</pin_list>
<bind>
<StgValue><ssdm name="p_str"/></StgValue>
</bind>
</comp>

<comp id="14" class="1001" name="const_14">
<pin_list>
<pin id="15" dir="1" index="0" bw="1" slack="2147483647"/>
</pin_list>
<bind>
<StgValue><ssdm name=""/></StgValue>
</bind>
</comp>

<comp id="16" class="1001" name="const_16">
<pin_list>
<pin id="17" dir="1" index="0" bw="1" slack="2147483647"/>
</pin_list>
<bind>
<StgValue><ssdm name=""/></StgValue>
</bind>
</comp>

<comp id="18" class="1001" name="const_18">
<pin_list>
<pin id="19" dir="1" index="0" bw="1" slack="0"/>
</pin_list>
<bind>
<StgValue><ssdm name=""/></StgValue>
</bind>
</comp>

<comp id="20" class="1001" name="const_20">
<pin_list>
<pin id="21" dir="1" index="0" bw="1" slack="0"/>
</pin_list>
<bind>
<StgValue><ssdm name=""/></StgValue>
</bind>
</comp>

<comp id="22" class="1001" name="const_22">
<pin_list>
<pin id="23" dir="1" index="0" bw="1" slack="0"/>
</pin_list>
<bind>
<StgValue><ssdm name=""/></StgValue>
</bind>
</comp>

<comp id="24" class="1001" name="const_24">
<pin_list>
<pin id="25" dir="1" index="0" bw="1" slack="1"/>
</pin_list>
<bind>
<StgValue><ssdm name=""/></StgValue>
</bind>
</comp>

<comp id="26" class="1001" name="const_26">
<pin_list>
<pin id="27" dir="1" index="0" bw="1" slack="1"/>
</pin_list>
<bind>
<StgValue><ssdm name=""/></StgValue>
</bind>
</comp>

<comp id="28" class="1001" name="const_28">
<pin_list>
<pin id="29" dir="1" index="0" bw="1" slack="0"/>
</pin_list>
<bind>
<StgValue><ssdm name=""/></StgValue>
</bind>
</comp>

<comp id="30" class="1001" name="const_30">
<pin_list>
<pin id="31" dir="1" index="0" bw="1" slack="0"/>
</pin_list>
<bind>
<StgValue><ssdm name=""/></StgValue>
</bind>
</comp>

<comp id="32" class="1001" name="const_32">
<pin_list>
<pin id="33" dir="1" index="0" bw="1" slack="0"/>
</pin_list>
<bind>
<StgValue><ssdm name=""/></StgValue>
</bind>
</comp>

<comp id="34" class="1001" name="const_34">
<pin_list>
<pin id="35" dir="1" index="0" bw="1" slack="0"/>
</pin_list>
<bind>
<StgValue><ssdm name=""/></StgValue>
</bind>
</comp>

<comp id="36" class="1001" name="const_36">
<pin_list>
<pin id="37" dir="1" index="0" bw="1" slack="0"/>
</pin_list>
<bind>
<StgValue><ssdm name=""/></StgValue>
</bind>
</comp>

<comp id="38" class="1001" name="const_38">
<pin_list>
<pin id="39" dir="1" index="0" bw="1" slack="0"/>
</pin_list>
<bind>
<StgValue><ssdm name=""/></StgValue>
</bind>
</comp>

<comp id="40" class="1001" name="const_40">
<pin_list>
<pin id="41" dir="1" index="0" bw="1" slack="0"/>
</pin_list>
<bind>
<StgValue><ssdm name=""/></StgValue>
</bind>
</comp>

<comp id="42" class="1001" name="const_42">
<pin_list>
<pin id="43" dir="1" index="0" bw="1" slack="0"/>
</pin_list>
<bind>
<StgValue><ssdm name=""/></StgValue>
</bind>
</comp>

<comp id="44" class="1001" name="const_44">
<pin_list>
<pin id="45" dir="1" index="0" bw="1" slack="0"/>
</pin_list>
<bind>
<StgValue><ssdm name=""/></StgValue>
</bind>
</comp>

<comp id="46" class="1001" name="const_46">
<pin_list>
<pin id="47" dir="1" index="0" bw="1" slack="0"/>
</pin_list>
<bind>
<StgValue><ssdm name="_ssdm_op_Read.ap_fifo.volatile.floatP"/></StgValue>
</bind>
</comp>

<comp id="48" class="1001" name="const_48">
<pin_list>
<pin id="49" dir="1" index="0" bw="1" slack="0"/>
</pin_list>
<bind>
<StgValue><ssdm name=""/></StgValue>
</bind>
</comp>

<comp id="50" class="1001" name="const_50">
<pin_list>
<pin id="51" dir="1" index="0" bw="1" slack="0"/>
</pin_list>
<bind>
<StgValue><ssdm name=""/></StgValue>
</bind>
</comp>

<comp id="52" class="1001" name="const_52">
<pin_list>
<pin id="53" dir="1" index="0" bw="1" slack="2147483647"/>
</pin_list>
<bind>
<StgValue><ssdm name="_ssdm_op_SpecLoopName"/></StgValue>
</bind>
</comp>

<comp id="54" class="1001" name="const_54">
<pin_list>
<pin id="55" dir="1" index="0" bw="1" slack="2147483647"/>
</pin_list>
<bind>
<StgValue><ssdm name="LOOP_ROW_LOOP_COL_LOOP_DOT_PRO"/></StgValue>
</bind>
</comp>

<comp id="56" class="1001" name="const_56">
<pin_list>
<pin id="57" dir="1" index="0" bw="1" slack="2147483647"/>
</pin_list>
<bind>
<StgValue><ssdm name="_ssdm_op_SpecLoopTripCount"/></StgValue>
</bind>
</comp>

<comp id="58" class="1001" name="const_58">
<pin_list>
<pin id="59" dir="1" index="0" bw="1" slack="2147483647"/>
</pin_list>
<bind>
<StgValue><ssdm name=""/></StgValue>
</bind>
</comp>

<comp id="60" class="1001" name="const_60">
<pin_list>
<pin id="61" dir="1" index="0" bw="1" slack="2147483647"/>
</pin_list>
<bind>
<StgValue><ssdm name="LOOP_COL_LOOP_DOT_PROD_str"/></StgValue>
</bind>
</comp>

<comp id="62" class="1001" name="const_62">
<pin_list>
<pin id="63" dir="1" index="0" bw="1" slack="2147483647"/>
</pin_list>
<bind>
<StgValue><ssdm name="p_str1806"/></StgValue>
</bind>
</comp>

<comp id="64" class="1001" name="const_64">
<pin_list>
<pin id="65" dir="1" index="0" bw="1" slack="2147483647"/>
</pin_list>
<bind>
<StgValue><ssdm name="_ssdm_op_SpecRegionBegin"/></StgValue>
</bind>
</comp>

<comp id="66" class="1001" name="const_66">
<pin_list>
<pin id="67" dir="1" index="0" bw="1" slack="2147483647"/>
</pin_list>
<bind>
<StgValue><ssdm name="_ssdm_op_SpecPipeline"/></StgValue>
</bind>
</comp>

<comp id="68" class="1001" name="const_68">
<pin_list>
<pin id="69" dir="1" index="0" bw="1" slack="2147483647"/>
</pin_list>
<bind>
<StgValue><ssdm name=""/></StgValue>
</bind>
</comp>

<comp id="70" class="1001" name="const_70">
<pin_list>
<pin id="71" dir="1" index="0" bw="1" slack="2147483647"/>
</pin_list>
<bind>
<StgValue><ssdm name="p_str1807"/></StgValue>
</bind>
</comp>

<comp id="72" class="1001" name="const_72">
<pin_list>
<pin id="73" dir="1" index="0" bw="1" slack="0"/>
</pin_list>
<bind>
<StgValue><ssdm name="_ssdm_op_Write.ap_fifo.volatile.floatP"/></StgValue>
</bind>
</comp>

<comp id="74" class="1001" name="const_74">
<pin_list>
<pin id="75" dir="1" index="0" bw="1" slack="2147483647"/>
</pin_list>
<bind>
<StgValue><ssdm name="_ssdm_op_SpecRegionEnd"/></StgValue>
</bind>
</comp>

<comp id="76" class="1004" name="tmp_fu_76">
<pin_list>
<pin id="77" dir="0" index="0" bw="1" slack="0"/>
<pin id="78" dir="1" index="1" bw="32" slack="0"/>
</pin_list>
<bind>
<opcode="alloca(26) " fcode="alloca"/>
<opset="tmp/1 "/>
</bind>
</comp>

<comp id="80" class="1004" name="A_alloca_fu_80">
<pin_list>
<pin id="81" dir="0" index="0" bw="1" slack="0"/>
<pin id="82" dir="1" index="1" bw="32" slack="0"/>
</pin_list>
<bind>
<opcode="alloca(26) " fcode="alloca"/>
<opset="A/1 "/>
</bind>
</comp>

<comp id="84" class="1004" name="grp_read_fu_84">
<pin_list>
<pin id="85" dir="0" index="0" bw="32" slack="0"/>
<pin id="86" dir="0" index="1" bw="32" slack="0"/>
<pin id="87" dir="1" index="2" bw="32" slack="0"/>
</pin_list>
<bind>
<opcode="read(1150) " fcode="read"/>
<opset="tmp_21/4 tmp_23/5 tmp_22/5 "/>
</bind>
</comp>

<comp id="90" class="1004" name="stg_90_write_fu_90">
<pin_list>
<pin id="91" dir="0" index="0" bw="0" slack="0"/>
<pin id="92" dir="0" index="1" bw="32" slack="0"/>
<pin id="93" dir="0" index="2" bw="32" slack="0"/>
<pin id="94" dir="1" index="3" bw="0" slack="2147483647"/>
</pin_list>
<bind>
<opcode="write(1151) " fcode="write"/>
<opset="stg_90/15 "/>
</bind>
</comp>

<comp id="97" class="1004" name="A_addr_1_gep_fu_97">
<pin_list>
<pin id="98" dir="0" index="0" bw="32" slack="0"/>
<pin id="99" dir="0" index="1" bw="1" slack="0"/>
<pin id="100" dir="0" index="2" bw="1" slack="0"/>
<pin id="101" dir="1" index="3" bw="7" slack="4"/>
</pin_list>
<bind>
<opcode="getelementptr(29) " fcode="getelementptr"/>
<opset="A_addr_1/1 "/>
</bind>
</comp>

<comp id="105" class="1004" name="A_addr_gep_fu_105">
<pin_list>
<pin id="106" dir="0" index="0" bw="32" slack="2147483647"/>
<pin id="107" dir="0" index="1" bw="1" slack="0"/>
<pin id="108" dir="0" index="2" bw="7" slack="0"/>
<pin id="109" dir="1" index="3" bw="7" slack="0"/>
</pin_list>
<bind>
<opcode="getelementptr(29) " fcode="getelementptr"/>
<opset="A_addr/4 "/>
</bind>
</comp>

<comp id="111" class="1004" name="grp_access_fu_111">
<pin_list>
<pin id="112" dir="0" index="0" bw="7" slack="0"/>
<pin id="113" dir="0" index="1" bw="32" slack="0"/>
<pin id="114" dir="1" index="2" bw="32" slack="0"/>
</pin_list>
<bind>
<opcode="load(27) store(28) " fcode="load"/>
<opset="stg_50/4 A_load_1/5 A_load/5 "/>
</bind>
</comp>

<comp id="117" class="1004" name="A_addr_2_gep_fu_117">
<pin_list>
<pin id="118" dir="0" index="0" bw="32" slack="2147483647"/>
<pin id="119" dir="0" index="1" bw="1" slack="0"/>
<pin id="120" dir="0" index="2" bw="7" slack="0"/>
<pin id="121" dir="1" index="3" bw="7" slack="0"/>
</pin_list>
<bind>
<opcode="getelementptr(29) " fcode="getelementptr"/>
<opset="A_addr_2/5 "/>
</bind>
</comp>

<comp id="124" class="1005" name="indvar_flatten1_reg_124">
<pin_list>
<pin id="125" dir="0" index="0" bw="26" slack="1"/>
<pin id="126" dir="1" index="1" bw="26" slack="1"/>
</pin_list>
<bind>
<opset="indvar_flatten1 (phireg) "/>
</bind>
</comp>

<comp id="128" class="1004" name="indvar_flatten1_phi_fu_128">
<pin_list>
<pin id="129" dir="0" index="0" bw="1" slack="1"/>
<pin id="130" dir="0" index="1" bw="0" slack="2147483647"/>
<pin id="131" dir="0" index="2" bw="26" slack="0"/>
<pin id="132" dir="0" index="3" bw="0" slack="2147483647"/>
<pin id="133" dir="1" index="4" bw="26" slack="0"/>
</pin_list>
<bind>
<opcode="phi(47) " fcode="phi"/>
<opset="indvar_flatten1/2 "/>
</bind>
</comp>

<comp id="135" class="1005" name="indvar_flatten_reg_135">
<pin_list>
<pin id="136" dir="0" index="0" bw="17" slack="1"/>
<pin id="137" dir="1" index="1" bw="17" slack="1"/>
</pin_list>
<bind>
<opset="indvar_flatten (phireg) "/>
</bind>
</comp>

<comp id="139" class="1004" name="indvar_flatten_phi_fu_139">
<pin_list>
<pin id="140" dir="0" index="0" bw="1" slack="1"/>
<pin id="141" dir="0" index="1" bw="0" slack="2147483647"/>
<pin id="142" dir="0" index="2" bw="17" slack="0"/>
<pin id="143" dir="0" index="3" bw="0" slack="2147483647"/>
<pin id="144" dir="1" index="4" bw="17" slack="0"/>
</pin_list>
<bind>
<opcode="phi(47) " fcode="phi"/>
<opset="indvar_flatten/2 "/>
</bind>
</comp>

<comp id="146" class="1005" name="j_reg_146">
<pin_list>
<pin id="147" dir="0" index="0" bw="10" slack="1"/>
<pin id="148" dir="1" index="1" bw="10" slack="1"/>
</pin_list>
<bind>
<opset="j (phireg) "/>
</bind>
</comp>

<comp id="150" class="1004" name="j_phi_fu_150">
<pin_list>
<pin id="151" dir="0" index="0" bw="1" slack="1"/>
<pin id="152" dir="0" index="1" bw="0" slack="2147483647"/>
<pin id="153" dir="0" index="2" bw="10" slack="0"/>
<pin id="154" dir="0" index="3" bw="0" slack="2147483647"/>
<pin id="155" dir="1" index="4" bw="10" slack="0"/>
</pin_list>
<bind>
<opcode="phi(47) " fcode="phi"/>
<opset="j/2 "/>
</bind>
</comp>

<comp id="157" class="1005" name="k_reg_157">
<pin_list>
<pin id="158" dir="0" index="0" bw="7" slack="1"/>
<pin id="159" dir="1" index="1" bw="7" slack="1"/>
</pin_list>
<bind>
<opset="k (phireg) "/>
</bind>
</comp>

<comp id="161" class="1004" name="k_phi_fu_161">
<pin_list>
<pin id="162" dir="0" index="0" bw="1" slack="1"/>
<pin id="163" dir="0" index="1" bw="0" slack="2147483647"/>
<pin id="164" dir="0" index="2" bw="7" slack="1"/>
<pin id="165" dir="0" index="3" bw="0" slack="2147483647"/>
<pin id="166" dir="1" index="4" bw="7" slack="0"/>
</pin_list>
<bind>
<opcode="phi(47) " fcode="phi"/>
<opset="k/2 "/>
</bind>
</comp>

<comp id="168" class="1004" name="grp_fu_168">
<pin_list>
<pin id="169" dir="0" index="0" bw="32" slack="0"/>
<pin id="170" dir="0" index="1" bw="32" slack="1"/>
<pin id="171" dir="1" index="2" bw="32" slack="0"/>
</pin_list>
<bind>
<opcode="fadd(9) " fcode="fadd"/>
<opset="result_1/10 "/>
</bind>
</comp>

<comp id="172" class="1004" name="grp_fu_172">
<pin_list>
<pin id="173" dir="0" index="0" bw="32" slack="0"/>
<pin id="174" dir="0" index="1" bw="32" slack="1"/>
<pin id="175" dir="1" index="2" bw="32" slack="1"/>
</pin_list>
<bind>
<opcode="fmul(13) " fcode="fmul"/>
<opset="tmp_4/6 result/6 "/>
</bind>
</comp>

<comp id="177" class="1005" name="reg_177">
<pin_list>
<pin id="178" dir="0" index="0" bw="32" slack="1"/>
<pin id="179" dir="1" index="1" bw="32" slack="1"/>
</pin_list>
<bind>
<opset="tmp_23 tmp_22 "/>
</bind>
</comp>

<comp id="182" class="1005" name="reg_182">
<pin_list>
<pin id="183" dir="0" index="0" bw="32" slack="1"/>
<pin id="184" dir="1" index="1" bw="32" slack="1"/>
</pin_list>
<bind>
<opset="A_load_1 A_load "/>
</bind>
</comp>

<comp id="187" class="1005" name="reg_187">
<pin_list>
<pin id="188" dir="0" index="0" bw="32" slack="1"/>
<pin id="189" dir="1" index="1" bw="32" slack="1"/>
</pin_list>
<bind>
<opset="tmp_4 result "/>
</bind>
</comp>

<comp id="192" class="1004" name="stg_22_store_fu_192">
<pin_list>
<pin id="193" dir="0" index="0" bw="32" slack="0"/>
<pin id="194" dir="0" index="1" bw="32" slack="0"/>
<pin id="195" dir="1" index="2" bw="0" slack="2147483647"/>
</pin_list>
<bind>
<opcode="store(28) " fcode="store"/>
<opset="stg_22/1 "/>
</bind>
</comp>

<comp id="197" class="1004" name="exitcond_flatten1_fu_197">
<pin_list>
<pin id="198" dir="0" index="0" bw="26" slack="0"/>
<pin id="199" dir="0" index="1" bw="24" slack="0"/>
<pin id="200" dir="1" index="2" bw="1" slack="1"/>
</pin_list>
<bind>
<opcode="icmp(45) " fcode="icmp"/>
<opset="exitcond_flatten1/2 "/>
</bind>
</comp>

<comp id="203" class="1004" name="indvar_flatten_next1_fu_203">
<pin_list>
<pin id="204" dir="0" index="0" bw="26" slack="0"/>
<pin id="205" dir="0" index="1" bw="1" slack="0"/>
<pin id="206" dir="1" index="2" bw="26" slack="0"/>
</pin_list>
<bind>
<opcode="add(8) " fcode="add"/>
<opset="indvar_flatten_next1/2 "/>
</bind>
</comp>

<comp id="209" class="1004" name="exitcond_flatten_fu_209">
<pin_list>
<pin id="210" dir="0" index="0" bw="17" slack="0"/>
<pin id="211" dir="0" index="1" bw="17" slack="0"/>
<pin id="212" dir="1" index="2" bw="1" slack="0"/>
</pin_list>
<bind>
<opcode="icmp(45) " fcode="icmp"/>
<opset="exitcond_flatten/2 "/>
</bind>
</comp>

<comp id="215" class="1004" name="j_mid_fu_215">
<pin_list>
<pin id="216" dir="0" index="0" bw="1" slack="0"/>
<pin id="217" dir="0" index="1" bw="1" slack="0"/>
<pin id="218" dir="0" index="2" bw="10" slack="0"/>
<pin id="219" dir="1" index="3" bw="10" slack="0"/>
</pin_list>
<bind>
<opcode="select(49) " fcode="select"/>
<opset="j_mid/2 "/>
</bind>
</comp>

<comp id="223" class="1004" name="tmp20_fu_223">
<pin_list>
<pin id="224" dir="0" index="0" bw="10" slack="0"/>
<pin id="225" dir="0" index="1" bw="1" slack="0"/>
<pin id="226" dir="1" index="2" bw="1" slack="1"/>
</pin_list>
<bind>
<opcode="icmp(45) " fcode="icmp"/>
<opset="tmp20/2 "/>
</bind>
</comp>

<comp id="229" class="1004" name="not_exitcond_flatten_fu_229">
<pin_list>
<pin id="230" dir="0" index="0" bw="1" slack="0"/>
<pin id="231" dir="0" index="1" bw="1" slack="0"/>
<pin id="232" dir="1" index="2" bw="1" slack="0"/>
</pin_list>
<bind>
<opcode="xor(25) " fcode="xor"/>
<opset="not_exitcond_flatten/2 "/>
</bind>
</comp>

<comp id="235" class="1004" name="exitcond_fu_235">
<pin_list>
<pin id="236" dir="0" index="0" bw="7" slack="0"/>
<pin id="237" dir="0" index="1" bw="6" slack="0"/>
<pin id="238" dir="1" index="2" bw="1" slack="0"/>
</pin_list>
<bind>
<opcode="icmp(45) " fcode="icmp"/>
<opset="exitcond/2 "/>
</bind>
</comp>

<comp id="241" class="1004" name="exitcond_mid_fu_241">
<pin_list>
<pin id="242" dir="0" index="0" bw="1" slack="0"/>
<pin id="243" dir="0" index="1" bw="1" slack="0"/>
<pin id="244" dir="1" index="2" bw="1" slack="0"/>
</pin_list>
<bind>
<opcode="and(23) " fcode="and"/>
<opset="exitcond_mid/2 "/>
</bind>
</comp>

<comp id="247" class="1004" name="j_1_fu_247">
<pin_list>
<pin id="248" dir="0" index="0" bw="10" slack="0"/>
<pin id="249" dir="0" index="1" bw="1" slack="0"/>
<pin id="250" dir="1" index="2" bw="10" slack="0"/>
</pin_list>
<bind>
<opcode="add(8) " fcode="add"/>
<opset="j_1/2 "/>
</bind>
</comp>

<comp id="253" class="1004" name="tmp_7_fu_253">
<pin_list>
<pin id="254" dir="0" index="0" bw="1" slack="0"/>
<pin id="255" dir="0" index="1" bw="1" slack="0"/>
<pin id="256" dir="1" index="2" bw="1" slack="0"/>
</pin_list>
<bind>
<opcode="or(24) " fcode="or"/>
<opset="tmp_7/2 "/>
</bind>
</comp>

<comp id="259" class="1004" name="k_mid2_fu_259">
<pin_list>
<pin id="260" dir="0" index="0" bw="1" slack="0"/>
<pin id="261" dir="0" index="1" bw="1" slack="0"/>
<pin id="262" dir="0" index="2" bw="7" slack="0"/>
<pin id="263" dir="1" index="3" bw="7" slack="2"/>
</pin_list>
<bind>
<opcode="select(49) " fcode="select"/>
<opset="k_mid2/2 "/>
</bind>
</comp>

<comp id="267" class="1004" name="tmp_mid1_fu_267">
<pin_list>
<pin id="268" dir="0" index="0" bw="10" slack="0"/>
<pin id="269" dir="0" index="1" bw="1" slack="0"/>
<pin id="270" dir="1" index="2" bw="1" slack="1"/>
</pin_list>
<bind>
<opcode="icmp(45) " fcode="icmp"/>
<opset="tmp_mid1/2 "/>
</bind>
</comp>

<comp id="273" class="1004" name="j_mid2_fu_273">
<pin_list>
<pin id="274" dir="0" index="0" bw="1" slack="0"/>
<pin id="275" dir="0" index="1" bw="10" slack="0"/>
<pin id="276" dir="0" index="2" bw="10" slack="0"/>
<pin id="277" dir="1" index="3" bw="10" slack="0"/>
</pin_list>
<bind>
<opcode="select(49) " fcode="select"/>
<opset="j_mid2/2 "/>
</bind>
</comp>

<comp id="281" class="1004" name="indvar_flatten_op_fu_281">
<pin_list>
<pin id="282" dir="0" index="0" bw="17" slack="0"/>
<pin id="283" dir="0" index="1" bw="1" slack="0"/>
<pin id="284" dir="1" index="2" bw="17" slack="0"/>
</pin_list>
<bind>
<opcode="add(8) " fcode="add"/>
<opset="indvar_flatten_op/2 "/>
</bind>
</comp>

<comp id="287" class="1004" name="indvar_flatten_next_fu_287">
<pin_list>
<pin id="288" dir="0" index="0" bw="1" slack="0"/>
<pin id="289" dir="0" index="1" bw="1" slack="0"/>
<pin id="290" dir="0" index="2" bw="17" slack="0"/>
<pin id="291" dir="1" index="3" bw="17" slack="0"/>
</pin_list>
<bind>
<opcode="select(49) " fcode="select"/>
<opset="indvar_flatten_next/2 "/>
</bind>
</comp>

<comp id="295" class="1004" name="tmp_mid_fu_295">
<pin_list>
<pin id="296" dir="0" index="0" bw="1" slack="1"/>
<pin id="297" dir="0" index="1" bw="1" slack="1"/>
<pin id="298" dir="1" index="2" bw="1" slack="0"/>
</pin_list>
<bind>
<opcode="or(24) " fcode="or"/>
<opset="tmp_mid/3 "/>
</bind>
</comp>

<comp id="299" class="1004" name="tmp_mid2_fu_299">
<pin_list>
<pin id="300" dir="0" index="0" bw="1" slack="1"/>
<pin id="301" dir="0" index="1" bw="1" slack="1"/>
<pin id="302" dir="0" index="2" bw="1" slack="0"/>
<pin id="303" dir="1" index="3" bw="1" slack="1"/>
</pin_list>
<bind>
<opcode="select(49) " fcode="select"/>
<opset="tmp_mid2/3 "/>
</bind>
</comp>

<comp id="305" class="1004" name="tmp_s_fu_305">
<pin_list>
<pin id="306" dir="0" index="0" bw="7" slack="2"/>
<pin id="307" dir="1" index="1" bw="64" slack="0"/>
</pin_list>
<bind>
<opcode="zext(34) " fcode="zext"/>
<opset="tmp_s/4 "/>
</bind>
</comp>

<comp id="309" class="1004" name="tmp_2_fu_309">
<pin_list>
<pin id="310" dir="0" index="0" bw="7" slack="2"/>
<pin id="311" dir="0" index="1" bw="1" slack="0"/>
<pin id="312" dir="1" index="2" bw="1" slack="1"/>
</pin_list>
<bind>
<opcode="icmp(45) " fcode="icmp"/>
<opset="tmp_2/4 "/>
</bind>
</comp>

<comp id="314" class="1004" name="tmp_3_fu_314">
<pin_list>
<pin id="315" dir="0" index="0" bw="7" slack="3"/>
<pin id="316" dir="1" index="1" bw="64" slack="0"/>
</pin_list>
<bind>
<opcode="zext(34) " fcode="zext"/>
<opset="tmp_3/5 "/>
</bind>
</comp>

<comp id="318" class="1004" name="tmp_6_fu_318">
<pin_list>
<pin id="319" dir="0" index="0" bw="7" slack="3"/>
<pin id="320" dir="0" index="1" bw="6" slack="0"/>
<pin id="321" dir="1" index="2" bw="1" slack="10"/>
</pin_list>
<bind>
<opcode="icmp(45) " fcode="icmp"/>
<opset="tmp_6/5 "/>
</bind>
</comp>

<comp id="323" class="1004" name="k_1_fu_323">
<pin_list>
<pin id="324" dir="0" index="0" bw="7" slack="3"/>
<pin id="325" dir="0" index="1" bw="1" slack="0"/>
<pin id="326" dir="1" index="2" bw="7" slack="1"/>
</pin_list>
<bind>
<opcode="add(8) " fcode="add"/>
<opset="k_1/5 "/>
</bind>
</comp>

<comp id="328" class="1004" name="p_04_2_load_load_fu_328">
<pin_list>
<pin id="329" dir="0" index="0" bw="32" slack="9"/>
<pin id="330" dir="1" index="1" bw="32" slack="0"/>
</pin_list>
<bind>
<opcode="load(27) " fcode="load"/>
<opset="p_04_2_load/10 "/>
</bind>
</comp>

<comp id="332" class="1004" name="stg_74_store_fu_332">
<pin_list>
<pin id="333" dir="0" index="0" bw="32" slack="1"/>
<pin id="334" dir="0" index="1" bw="32" slack="9"/>
<pin id="335" dir="1" index="2" bw="0" slack="2147483647"/>
</pin_list>
<bind>
<opcode="store(28) " fcode="store"/>
<opset="stg_74/10 "/>
</bind>
</comp>

<comp id="337" class="1004" name="stg_79_store_fu_337">
<pin_list>
<pin id="338" dir="0" index="0" bw="32" slack="0"/>
<pin id="339" dir="0" index="1" bw="32" slack="13"/>
<pin id="340" dir="1" index="2" bw="0" slack="2147483647"/>
</pin_list>
<bind>
<opcode="store(28) " fcode="store"/>
<opset="stg_79/14 "/>
</bind>
</comp>

<comp id="342" class="1004" name="p_04_2_load39_load_fu_342">
<pin_list>
<pin id="343" dir="0" index="0" bw="32" slack="14"/>
<pin id="344" dir="1" index="1" bw="32" slack="0"/>
</pin_list>
<bind>
<opcode="load(27) " fcode="load"/>
<opset="p_04_2_load39/15 "/>
</bind>
</comp>

<comp id="346" class="1005" name="tmp_reg_346">
<pin_list>
<pin id="347" dir="0" index="0" bw="32" slack="0"/>
<pin id="348" dir="1" index="1" bw="32" slack="0"/>
</pin_list>
<bind>
<opset="tmp "/>
</bind>
</comp>

<comp id="355" class="1005" name="A_addr_1_reg_355">
<pin_list>
<pin id="356" dir="0" index="0" bw="7" slack="4"/>
<pin id="357" dir="1" index="1" bw="7" slack="4"/>
</pin_list>
<bind>
<opset="A_addr_1 "/>
</bind>
</comp>

<comp id="360" class="1005" name="exitcond_flatten1_reg_360">
<pin_list>
<pin id="361" dir="0" index="0" bw="1" slack="1"/>
<pin id="362" dir="1" index="1" bw="1" slack="2147483647"/>
</pin_list>
<bind>
<opset="exitcond_flatten1 "/>
</bind>
</comp>

<comp id="364" class="1005" name="indvar_flatten_next1_reg_364">
<pin_list>
<pin id="365" dir="0" index="0" bw="26" slack="0"/>
<pin id="366" dir="1" index="1" bw="26" slack="0"/>
</pin_list>
<bind>
<opset="indvar_flatten_next1 "/>
</bind>
</comp>

<comp id="369" class="1005" name="exitcond_flatten_reg_369">
<pin_list>
<pin id="370" dir="0" index="0" bw="1" slack="1"/>
<pin id="371" dir="1" index="1" bw="1" slack="1"/>
</pin_list>
<bind>
<opset="exitcond_flatten "/>
</bind>
</comp>

<comp id="374" class="1005" name="tmp20_reg_374">
<pin_list>
<pin id="375" dir="0" index="0" bw="1" slack="1"/>
<pin id="376" dir="1" index="1" bw="1" slack="1"/>
</pin_list>
<bind>
<opset="tmp20 "/>
</bind>
</comp>

<comp id="379" class="1005" name="exitcond_mid_reg_379">
<pin_list>
<pin id="380" dir="0" index="0" bw="1" slack="1"/>
<pin id="381" dir="1" index="1" bw="1" slack="1"/>
</pin_list>
<bind>
<opset="exitcond_mid "/>
</bind>
</comp>

<comp id="384" class="1005" name="k_mid2_reg_384">
<pin_list>
<pin id="385" dir="0" index="0" bw="7" slack="2"/>
<pin id="386" dir="1" index="1" bw="7" slack="2"/>
</pin_list>
<bind>
<opset="k_mid2 "/>
</bind>
</comp>

<comp id="393" class="1005" name="tmp_mid1_reg_393">
<pin_list>
<pin id="394" dir="0" index="0" bw="1" slack="1"/>
<pin id="395" dir="1" index="1" bw="1" slack="1"/>
</pin_list>
<bind>
<opset="tmp_mid1 "/>
</bind>
</comp>

<comp id="398" class="1005" name="j_mid2_reg_398">
<pin_list>
<pin id="399" dir="0" index="0" bw="10" slack="0"/>
<pin id="400" dir="1" index="1" bw="10" slack="0"/>
</pin_list>
<bind>
<opset="j_mid2 "/>
</bind>
</comp>

<comp id="403" class="1005" name="indvar_flatten_next_reg_403">
<pin_list>
<pin id="404" dir="0" index="0" bw="17" slack="0"/>
<pin id="405" dir="1" index="1" bw="17" slack="0"/>
</pin_list>
<bind>
<opset="indvar_flatten_next "/>
</bind>
</comp>

<comp id="408" class="1005" name="tmp_mid2_reg_408">
<pin_list>
<pin id="409" dir="0" index="0" bw="1" slack="1"/>
<pin id="410" dir="1" index="1" bw="1" slack="2147483647"/>
</pin_list>
<bind>
<opset="tmp_mid2 "/>
</bind>
</comp>

<comp id="412" class="1005" name="tmp_2_reg_412">
<pin_list>
<pin id="413" dir="0" index="0" bw="1" slack="1"/>
<pin id="414" dir="1" index="1" bw="1" slack="2147483647"/>
</pin_list>
<bind>
<opset="tmp_2 "/>
</bind>
</comp>

<comp id="416" class="1005" name="A_addr_2_reg_416">
<pin_list>
<pin id="417" dir="0" index="0" bw="7" slack="1"/>
<pin id="418" dir="1" index="1" bw="7" slack="1"/>
</pin_list>
<bind>
<opset="A_addr_2 "/>
</bind>
</comp>

<comp id="421" class="1005" name="tmp_6_reg_421">
<pin_list>
<pin id="422" dir="0" index="0" bw="1" slack="10"/>
<pin id="423" dir="1" index="1" bw="1" slack="2147483647"/>
</pin_list>
<bind>
<opset="tmp_6 "/>
</bind>
</comp>

<comp id="425" class="1005" name="k_1_reg_425">
<pin_list>
<pin id="426" dir="0" index="0" bw="7" slack="1"/>
<pin id="427" dir="1" index="1" bw="7" slack="1"/>
</pin_list>
<bind>
<opset="k_1 "/>
</bind>
</comp>

<comp id="430" class="1005" name="p_04_2_load_reg_430">
<pin_list>
<pin id="431" dir="0" index="0" bw="32" slack="1"/>
<pin id="432" dir="1" index="1" bw="32" slack="1"/>
</pin_list>
<bind>
<opset="p_04_2_load "/>
</bind>
</comp>

</comp_list>

<net_list>
<net id="79"><net_src comp="4" pin="0"/><net_sink comp="76" pin=0"/></net>

<net id="83"><net_src comp="18" pin="0"/><net_sink comp="80" pin=0"/></net>

<net id="88"><net_src comp="46" pin="0"/><net_sink comp="84" pin=0"/></net>

<net id="89"><net_src comp="0" pin="0"/><net_sink comp="84" pin=1"/></net>

<net id="95"><net_src comp="72" pin="0"/><net_sink comp="90" pin=0"/></net>

<net id="96"><net_src comp="2" pin="0"/><net_sink comp="90" pin=1"/></net>

<net id="102"><net_src comp="80" pin="1"/><net_sink comp="97" pin=0"/></net>

<net id="103"><net_src comp="20" pin="0"/><net_sink comp="97" pin=1"/></net>

<net id="104"><net_src comp="20" pin="0"/><net_sink comp="97" pin=2"/></net>

<net id="110"><net_src comp="20" pin="0"/><net_sink comp="105" pin=1"/></net>

<net id="115"><net_src comp="84" pin="2"/><net_sink comp="111" pin=1"/></net>

<net id="116"><net_src comp="105" pin="3"/><net_sink comp="111" pin=0"/></net>

<net id="122"><net_src comp="20" pin="0"/><net_sink comp="117" pin=1"/></net>

<net id="123"><net_src comp="117" pin="3"/><net_sink comp="111" pin=0"/></net>

<net id="127"><net_src comp="24" pin="0"/><net_sink comp="124" pin=0"/></net>

<net id="134"><net_src comp="124" pin="1"/><net_sink comp="128" pin=0"/></net>

<net id="138"><net_src comp="26" pin="0"/><net_sink comp="135" pin=0"/></net>

<net id="145"><net_src comp="135" pin="1"/><net_sink comp="139" pin=0"/></net>

<net id="149"><net_src comp="28" pin="0"/><net_sink comp="146" pin=0"/></net>

<net id="156"><net_src comp="146" pin="1"/><net_sink comp="150" pin=0"/></net>

<net id="160"><net_src comp="30" pin="0"/><net_sink comp="157" pin=0"/></net>

<net id="167"><net_src comp="157" pin="1"/><net_sink comp="161" pin=0"/></net>

<net id="176"><net_src comp="111" pin="2"/><net_sink comp="172" pin=0"/></net>

<net id="180"><net_src comp="84" pin="2"/><net_sink comp="177" pin=0"/></net>

<net id="181"><net_src comp="177" pin="1"/><net_sink comp="172" pin=1"/></net>

<net id="185"><net_src comp="111" pin="2"/><net_sink comp="182" pin=0"/></net>

<net id="186"><net_src comp="182" pin="1"/><net_sink comp="172" pin=0"/></net>

<net id="190"><net_src comp="172" pin="2"/><net_sink comp="187" pin=0"/></net>

<net id="191"><net_src comp="187" pin="1"/><net_sink comp="168" pin=1"/></net>

<net id="196"><net_src comp="22" pin="0"/><net_sink comp="192" pin=0"/></net>

<net id="201"><net_src comp="128" pin="4"/><net_sink comp="197" pin=0"/></net>

<net id="202"><net_src comp="32" pin="0"/><net_sink comp="197" pin=1"/></net>

<net id="207"><net_src comp="128" pin="4"/><net_sink comp="203" pin=0"/></net>

<net id="208"><net_src comp="34" pin="0"/><net_sink comp="203" pin=1"/></net>

<net id="213"><net_src comp="139" pin="4"/><net_sink comp="209" pin=0"/></net>

<net id="214"><net_src comp="36" pin="0"/><net_sink comp="209" pin=1"/></net>

<net id="220"><net_src comp="209" pin="2"/><net_sink comp="215" pin=0"/></net>

<net id="221"><net_src comp="28" pin="0"/><net_sink comp="215" pin=1"/></net>

<net id="222"><net_src comp="150" pin="4"/><net_sink comp="215" pin=2"/></net>

<net id="227"><net_src comp="150" pin="4"/><net_sink comp="223" pin=0"/></net>

<net id="228"><net_src comp="28" pin="0"/><net_sink comp="223" pin=1"/></net>

<net id="233"><net_src comp="209" pin="2"/><net_sink comp="229" pin=0"/></net>

<net id="234"><net_src comp="38" pin="0"/><net_sink comp="229" pin=1"/></net>

<net id="239"><net_src comp="161" pin="4"/><net_sink comp="235" pin=0"/></net>

<net id="240"><net_src comp="40" pin="0"/><net_sink comp="235" pin=1"/></net>

<net id="245"><net_src comp="235" pin="2"/><net_sink comp="241" pin=0"/></net>

<net id="246"><net_src comp="229" pin="2"/><net_sink comp="241" pin=1"/></net>

<net id="251"><net_src comp="215" pin="3"/><net_sink comp="247" pin=0"/></net>

<net id="252"><net_src comp="42" pin="0"/><net_sink comp="247" pin=1"/></net>

<net id="257"><net_src comp="241" pin="2"/><net_sink comp="253" pin=0"/></net>

<net id="258"><net_src comp="209" pin="2"/><net_sink comp="253" pin=1"/></net>

<net id="264"><net_src comp="253" pin="2"/><net_sink comp="259" pin=0"/></net>

<net id="265"><net_src comp="30" pin="0"/><net_sink comp="259" pin=1"/></net>

<net id="266"><net_src comp="161" pin="4"/><net_sink comp="259" pin=2"/></net>

<net id="271"><net_src comp="247" pin="2"/><net_sink comp="267" pin=0"/></net>

<net id="272"><net_src comp="28" pin="0"/><net_sink comp="267" pin=1"/></net>

<net id="278"><net_src comp="241" pin="2"/><net_sink comp="273" pin=0"/></net>

<net id="279"><net_src comp="247" pin="2"/><net_sink comp="273" pin=1"/></net>

<net id="280"><net_src comp="215" pin="3"/><net_sink comp="273" pin=2"/></net>

<net id="285"><net_src comp="139" pin="4"/><net_sink comp="281" pin=0"/></net>

<net id="286"><net_src comp="44" pin="0"/><net_sink comp="281" pin=1"/></net>

<net id="292"><net_src comp="209" pin="2"/><net_sink comp="287" pin=0"/></net>

<net id="293"><net_src comp="44" pin="0"/><net_sink comp="287" pin=1"/></net>

<net id="294"><net_src comp="281" pin="2"/><net_sink comp="287" pin=2"/></net>

<net id="304"><net_src comp="295" pin="2"/><net_sink comp="299" pin=2"/></net>

<net id="308"><net_src comp="305" pin="1"/><net_sink comp="105" pin=2"/></net>

<net id="313"><net_src comp="30" pin="0"/><net_sink comp="309" pin=1"/></net>

<net id="317"><net_src comp="314" pin="1"/><net_sink comp="117" pin=2"/></net>

<net id="322"><net_src comp="48" pin="0"/><net_sink comp="318" pin=1"/></net>

<net id="327"><net_src comp="50" pin="0"/><net_sink comp="323" pin=1"/></net>

<net id="331"><net_src comp="328" pin="1"/><net_sink comp="168" pin=0"/></net>

<net id="336"><net_src comp="187" pin="1"/><net_sink comp="332" pin=0"/></net>

<net id="341"><net_src comp="168" pin="2"/><net_sink comp="337" pin=0"/></net>

<net id="345"><net_src comp="342" pin="1"/><net_sink comp="90" pin=2"/></net>

<net id="349"><net_src comp="76" pin="1"/><net_sink comp="346" pin=0"/></net>

<net id="350"><net_src comp="346" pin="1"/><net_sink comp="192" pin=1"/></net>

<net id="351"><net_src comp="346" pin="1"/><net_sink comp="328" pin=0"/></net>

<net id="352"><net_src comp="346" pin="1"/><net_sink comp="332" pin=1"/></net>

<net id="353"><net_src comp="346" pin="1"/><net_sink comp="337" pin=1"/></net>

<net id="354"><net_src comp="346" pin="1"/><net_sink comp="342" pin=0"/></net>

<net id="358"><net_src comp="97" pin="3"/><net_sink comp="355" pin=0"/></net>

<net id="359"><net_src comp="355" pin="1"/><net_sink comp="111" pin=0"/></net>

<net id="363"><net_src comp="197" pin="2"/><net_sink comp="360" pin=0"/></net>

<net id="367"><net_src comp="203" pin="2"/><net_sink comp="364" pin=0"/></net>

<net id="368"><net_src comp="364" pin="1"/><net_sink comp="128" pin=2"/></net>

<net id="372"><net_src comp="209" pin="2"/><net_sink comp="369" pin=0"/></net>

<net id="373"><net_src comp="369" pin="1"/><net_sink comp="295" pin=0"/></net>

<net id="377"><net_src comp="223" pin="2"/><net_sink comp="374" pin=0"/></net>

<net id="378"><net_src comp="374" pin="1"/><net_sink comp="295" pin=1"/></net>

<net id="382"><net_src comp="241" pin="2"/><net_sink comp="379" pin=0"/></net>

<net id="383"><net_src comp="379" pin="1"/><net_sink comp="299" pin=0"/></net>

<net id="387"><net_src comp="259" pin="3"/><net_sink comp="384" pin=0"/></net>

<net id="388"><net_src comp="384" pin="1"/><net_sink comp="305" pin=0"/></net>

<net id="389"><net_src comp="384" pin="1"/><net_sink comp="309" pin=0"/></net>

<net id="390"><net_src comp="384" pin="1"/><net_sink comp="314" pin=0"/></net>

<net id="391"><net_src comp="384" pin="1"/><net_sink comp="318" pin=0"/></net>

<net id="392"><net_src comp="384" pin="1"/><net_sink comp="323" pin=0"/></net>

<net id="396"><net_src comp="267" pin="2"/><net_sink comp="393" pin=0"/></net>

<net id="397"><net_src comp="393" pin="1"/><net_sink comp="299" pin=1"/></net>

<net id="401"><net_src comp="273" pin="3"/><net_sink comp="398" pin=0"/></net>

<net id="402"><net_src comp="398" pin="1"/><net_sink comp="150" pin=2"/></net>

<net id="406"><net_src comp="287" pin="3"/><net_sink comp="403" pin=0"/></net>

<net id="407"><net_src comp="403" pin="1"/><net_sink comp="139" pin=2"/></net>

<net id="411"><net_src comp="299" pin="3"/><net_sink comp="408" pin=0"/></net>

<net id="415"><net_src comp="309" pin="2"/><net_sink comp="412" pin=0"/></net>

<net id="419"><net_src comp="117" pin="3"/><net_sink comp="416" pin=0"/></net>

<net id="420"><net_src comp="416" pin="1"/><net_sink comp="111" pin=0"/></net>

<net id="424"><net_src comp="318" pin="2"/><net_sink comp="421" pin=0"/></net>

<net id="428"><net_src comp="323" pin="2"/><net_sink comp="425" pin=0"/></net>

<net id="429"><net_src comp="425" pin="1"/><net_sink comp="161" pin=2"/></net>

<net id="433"><net_src comp="328" pin="1"/><net_sink comp="430" pin=0"/></net>

<net id="434"><net_src comp="430" pin="1"/><net_sink comp="168" pin=0"/></net>

</net_list>

</model> 
---------------- Datapath Model END ------------------

* FSMD analyzer results:
  - Output states:
	Port: strm_out_V | {15 }
 - Input state : 
	Port: dut_matmul : strm_in_V | {4 5 }
  - Chain level:
	State 1
		A_addr_1 : 1
		stg_22 : 1
	State 2
		exitcond_flatten1 : 1
		indvar_flatten_next1 : 1
		stg_30 : 2
		exitcond_flatten : 1
		j_mid : 2
		tmp20 : 1
		not_exitcond_flatten : 2
		exitcond : 1
		exitcond_mid : 2
		j_1 : 3
		tmp_7 : 2
		k_mid2 : 2
		tmp_mid1 : 4
		j_mid2 : 2
		indvar_flatten_op : 1
		indvar_flatten_next : 2
	State 3
		stg_46 : 1
	State 4
		A_addr : 1
		stg_50 : 2
		stg_52 : 1
	State 5
		A_addr_2 : 1
		A_load_1 : 2
		stg_60 : 1
	State 6
		tmp_4 : 1
		result : 1
	State 7
	State 8
	State 9
	State 10
		result_1 : 1
	State 11
	State 12
	State 13
	State 14
		stg_79 : 1
	State 15
		stg_90 : 1
		empty_12 : 1
	State 16


============================================================
+ Verbose Summary: Datapath Resource usage 
============================================================

* Functional unit list:
|----------|-----------------------------|---------|---------|---------|
| Operation|       Functional Unit       |  DSP48E |    FF   |   LUT   |
|----------|-----------------------------|---------|---------|---------|
|   fadd   |          grp_fu_168         |    2    |   205   |   390   |
|----------|-----------------------------|---------|---------|---------|
|   fmul   |          grp_fu_172         |    3    |   143   |   321   |
|----------|-----------------------------|---------|---------|---------|
|          | indvar_flatten_next1_fu_203 |    0    |    0    |    26   |
|    add   |          j_1_fu_247         |    0    |    0    |    10   |
|          |   indvar_flatten_op_fu_281  |    0    |    0    |    17   |
|          |          k_1_fu_323         |    0    |    0    |    7    |
|----------|-----------------------------|---------|---------|---------|
|          |         j_mid_fu_215        |    0    |    0    |    10   |
|          |        k_mid2_fu_259        |    0    |    0    |    7    |
|  select  |        j_mid2_fu_273        |    0    |    0    |    10   |
|          |  indvar_flatten_next_fu_287 |    0    |    0    |    17   |
|          |       tmp_mid2_fu_299       |    0    |    0    |    1    |
|----------|-----------------------------|---------|---------|---------|
|          |   exitcond_flatten1_fu_197  |    0    |    0    |    9    |
|          |   exitcond_flatten_fu_209   |    0    |    0    |    6    |
|          |         tmp20_fu_223        |    0    |    0    |    4    |
|   icmp   |       exitcond_fu_235       |    0    |    0    |    3    |
|          |       tmp_mid1_fu_267       |    0    |    0    |    4    |
|          |         tmp_2_fu_309        |    0    |    0    |    3    |
|          |         tmp_6_fu_318        |    0    |    0    |    3    |
|----------|-----------------------------|---------|---------|---------|
|    or    |         tmp_7_fu_253        |    0    |    0    |    1    |
|          |        tmp_mid_fu_295       |    0    |    0    |    1    |
|----------|-----------------------------|---------|---------|---------|
|    xor   | not_exitcond_flatten_fu_229 |    0    |    0    |    1    |
|----------|-----------------------------|---------|---------|---------|
|    and   |     exitcond_mid_fu_241     |    0    |    0    |    1    |
|----------|-----------------------------|---------|---------|---------|
|   read   |        grp_read_fu_84       |    0    |    0    |    0    |
|----------|-----------------------------|---------|---------|---------|
|   write  |      stg_90_write_fu_90     |    0    |    0    |    0    |
|----------|-----------------------------|---------|---------|---------|
|   zext   |         tmp_s_fu_305        |    0    |    0    |    0    |
|          |         tmp_3_fu_314        |    0    |    0    |    0    |
|----------|-----------------------------|---------|---------|---------|
|   Total  |                             |    5    |   348   |   852   |
|----------|-----------------------------|---------|---------|---------|

Memories:
+----+--------+--------+--------+
|    |  BRAM  |   FF   |   LUT  |
+----+--------+--------+--------+
|  A |    1   |    0   |    0   |
+----+--------+--------+--------+
|Total|    1   |    0   |    0   |
+----+--------+--------+--------+

* Register list:
+----------------------------+--------+
|                            |   FF   |
+----------------------------+--------+
|      A_addr_1_reg_355      |    7   |
|      A_addr_2_reg_416      |    7   |
|  exitcond_flatten1_reg_360 |    1   |
|  exitcond_flatten_reg_369  |    1   |
|    exitcond_mid_reg_379    |    1   |
|   indvar_flatten1_reg_124  |   26   |
|indvar_flatten_next1_reg_364|   26   |
| indvar_flatten_next_reg_403|   17   |
|   indvar_flatten_reg_135   |   17   |
|       j_mid2_reg_398       |   10   |
|          j_reg_146         |   10   |
|         k_1_reg_425        |    7   |
|       k_mid2_reg_384       |    7   |
|          k_reg_157         |    7   |
|     p_04_2_load_reg_430    |   32   |
|           reg_177          |   32   |
|           reg_182          |   32   |
|           reg_187          |   32   |
|        tmp20_reg_374       |    1   |
|        tmp_2_reg_412       |    1   |
|        tmp_6_reg_421       |    1   |
|      tmp_mid1_reg_393      |    1   |
|      tmp_mid2_reg_408      |    1   |
|         tmp_reg_346        |   32   |
+----------------------------+--------+
|            Total           |   309  |
+----------------------------+--------+

* Multiplexer (MUX) list: 
|-------------------|------|------|------|--------||---------||---------|
|        Comp       |  Pin | Size |  BW  | S x BW ||  Delay  ||   LUT   |
|-------------------|------|------|------|--------||---------||---------|
| grp_access_fu_111 |  p0  |   4  |   7  |   28   ||    7    |
|     grp_fu_168    |  p0  |   2  |  32  |   64   ||    32   |
|     grp_fu_172    |  p0  |   2  |  32  |   64   ||    32   |
|-------------------|------|------|------|--------||---------||---------|
|       Total       |      |      |      |   156  ||  4.713  ||    71   |
|-------------------|------|------|------|--------||---------||---------|



* Summary:
+-----------+--------+--------+--------+--------+--------+
|           |  BRAM  | DSP48E |  Delay |   FF   |   LUT  |
+-----------+--------+--------+--------+--------+--------+
|  Function |    -   |    5   |    -   |   348  |   852  |
|   Memory  |    1   |    -   |    -   |    0   |    0   |
|Multiplexer|    -   |    -   |    4   |    -   |   71   |
|  Register |    -   |    -   |    -   |   309  |    -   |
+-----------+--------+--------+--------+--------+--------+
|   Total   |    1   |    5   |    4   |   657  |   923  |
+-----------+--------+--------+--------+--------+--------+
